[0.176s] DEBUG:colcon:Command line arguments: ['/usr/bin/colcon', 'build']
[0.176s] DEBUG:colcon:Parsed command line arguments: Namespace(log_base=None, log_level=None, verb_name='build', build_base='build', install_base='install', merge_install=False, symlink_install=False, test_result_base=None, continue_on_error=False, executor='parallel', parallel_workers=8, event_handlers=None, ignore_user_meta=False, metas=['./colcon.meta'], base_paths=['.'], packages_ignore=None, packages_ignore_regex=None, paths=None, packages_up_to=None, packages_up_to_regex=None, packages_above=None, packages_above_and_dependencies=None, packages_above_depth=None, packages_select_by_dep=None, packages_skip_by_dep=None, packages_skip_up_to=None, packages_select_build_failed=False, packages_skip_build_finished=False, packages_select_test_failures=False, packages_skip_test_passed=False, packages_select=None, packages_skip=None, packages_select_regex=None, packages_skip_regex=None, packages_start=None, packages_end=None, allow_overriding=[], cmake_args=None, cmake_target=None, cmake_target_skip_unavailable=False, cmake_clean_cache=False, cmake_clean_first=False, cmake_force_configure=False, ament_cmake_args=None, catkin_cmake_args=None, catkin_skip_building_tests=False, mixin_files=None, mixin=None, verb_parser=<colcon_mixin.mixin.mixin_argument.MixinArgumentDecorator object at 0x721063d9bd70>, verb_extension=<colcon_core.verb.build.BuildVerb object at 0x721063d9ba10>, main=<bound method BuildVerb.main of <colcon_core.verb.build.BuildVerb object at 0x721063d9ba10>>, mixin_verb=('build',))
[0.240s] Level 1:colcon.colcon_core.package_discovery:discover_packages(colcon_meta) check parameters
[0.240s] Level 1:colcon.colcon_core.package_discovery:discover_packages(recursive) check parameters
[0.240s] Level 1:colcon.colcon_core.package_discovery:discover_packages(ignore) check parameters
[0.240s] Level 1:colcon.colcon_core.package_discovery:discover_packages(path) check parameters
[0.240s] Level 1:colcon.colcon_core.package_discovery:discover_packages(colcon_meta) discover
[0.241s] Level 1:colcon.colcon_core.package_discovery:discover_packages(recursive) discover
[0.241s] INFO:colcon.colcon_core.package_discovery:Crawling recursively for packages in '/home/utente/Documenti/Magistrale/SecondoAnno/EXP_RO/EXP_Ws'
[0.241s] Level 1:colcon.colcon_core.package_identification:_identify(.) by extensions ['ignore', 'ignore_ament_install']
[0.241s] Level 1:colcon.colcon_core.package_identification:_identify(.) by extension 'ignore'
[0.241s] Level 1:colcon.colcon_core.package_identification:_identify(.) by extension 'ignore_ament_install'
[0.241s] Level 1:colcon.colcon_core.package_identification:_identify(.) by extensions ['colcon_pkg']
[0.241s] Level 1:colcon.colcon_core.package_identification:_identify(.) by extension 'colcon_pkg'
[0.241s] Level 1:colcon.colcon_core.package_identification:_identify(.) by extensions ['colcon_meta']
[0.241s] Level 1:colcon.colcon_core.package_identification:_identify(.) by extension 'colcon_meta'
[0.241s] Level 1:colcon.colcon_core.package_identification:_identify(.) by extensions ['ros']
[0.241s] Level 1:colcon.colcon_core.package_identification:_identify(.) by extension 'ros'
[0.287s] Level 1:colcon.colcon_core.package_identification:_identify(.) by extensions ['cmake', 'python']
[0.287s] Level 1:colcon.colcon_core.package_identification:_identify(.) by extension 'cmake'
[0.287s] Level 1:colcon.colcon_core.package_identification:_identify(.) by extension 'python'
[0.287s] Level 1:colcon.colcon_core.package_identification:_identify(.) by extensions ['python_setup_py']
[0.287s] Level 1:colcon.colcon_core.package_identification:_identify(.) by extension 'python_setup_py'
[0.288s] Level 1:colcon.colcon_core.package_identification:_identify(build) by extensions ['ignore', 'ignore_ament_install']
[0.288s] Level 1:colcon.colcon_core.package_identification:_identify(build) by extension 'ignore'
[0.288s] Level 1:colcon.colcon_core.package_identification:_identify(build) ignored
[0.288s] Level 1:colcon.colcon_core.package_identification:_identify(install) by extensions ['ignore', 'ignore_ament_install']
[0.288s] Level 1:colcon.colcon_core.package_identification:_identify(install) by extension 'ignore'
[0.288s] Level 1:colcon.colcon_core.package_identification:_identify(install) ignored
[0.288s] Level 1:colcon.colcon_core.package_identification:_identify(log) by extensions ['ignore', 'ignore_ament_install']
[0.288s] Level 1:colcon.colcon_core.package_identification:_identify(log) by extension 'ignore'
[0.288s] Level 1:colcon.colcon_core.package_identification:_identify(log) ignored
[0.289s] Level 1:colcon.colcon_core.package_identification:_identify(ros_aruco_opencv) by extensions ['ignore', 'ignore_ament_install']
[0.289s] Level 1:colcon.colcon_core.package_identification:_identify(ros_aruco_opencv) by extension 'ignore'
[0.289s] Level 1:colcon.colcon_core.package_identification:_identify(ros_aruco_opencv) by extension 'ignore_ament_install'
[0.289s] Level 1:colcon.colcon_core.package_identification:_identify(ros_aruco_opencv) by extensions ['colcon_pkg']
[0.289s] Level 1:colcon.colcon_core.package_identification:_identify(ros_aruco_opencv) by extension 'colcon_pkg'
[0.289s] Level 1:colcon.colcon_core.package_identification:_identify(ros_aruco_opencv) by extensions ['colcon_meta']
[0.289s] Level 1:colcon.colcon_core.package_identification:_identify(ros_aruco_opencv) by extension 'colcon_meta'
[0.289s] Level 1:colcon.colcon_core.package_identification:_identify(ros_aruco_opencv) by extensions ['ros']
[0.289s] Level 1:colcon.colcon_core.package_identification:_identify(ros_aruco_opencv) by extension 'ros'
[0.289s] Level 1:colcon.colcon_core.package_identification:_identify(ros_aruco_opencv) by extensions ['cmake', 'python']
[0.289s] Level 1:colcon.colcon_core.package_identification:_identify(ros_aruco_opencv) by extension 'cmake'
[0.289s] Level 1:colcon.colcon_core.package_identification:_identify(ros_aruco_opencv) by extension 'python'
[0.289s] Level 1:colcon.colcon_core.package_identification:_identify(ros_aruco_opencv) by extensions ['python_setup_py']
[0.289s] Level 1:colcon.colcon_core.package_identification:_identify(ros_aruco_opencv) by extension 'python_setup_py'
[0.290s] Level 1:colcon.colcon_core.package_identification:_identify(ros_aruco_opencv/aruco_opencv) by extensions ['ignore', 'ignore_ament_install']
[0.290s] Level 1:colcon.colcon_core.package_identification:_identify(ros_aruco_opencv/aruco_opencv) by extension 'ignore'
[0.290s] Level 1:colcon.colcon_core.package_identification:_identify(ros_aruco_opencv/aruco_opencv) by extension 'ignore_ament_install'
[0.290s] Level 1:colcon.colcon_core.package_identification:_identify(ros_aruco_opencv/aruco_opencv) by extensions ['colcon_pkg']
[0.290s] Level 1:colcon.colcon_core.package_identification:_identify(ros_aruco_opencv/aruco_opencv) by extension 'colcon_pkg'
[0.290s] Level 1:colcon.colcon_core.package_identification:_identify(ros_aruco_opencv/aruco_opencv) by extensions ['colcon_meta']
[0.290s] Level 1:colcon.colcon_core.package_identification:_identify(ros_aruco_opencv/aruco_opencv) by extension 'colcon_meta'
[0.290s] Level 1:colcon.colcon_core.package_identification:_identify(ros_aruco_opencv/aruco_opencv) by extensions ['ros']
[0.290s] Level 1:colcon.colcon_core.package_identification:_identify(ros_aruco_opencv/aruco_opencv) by extension 'ros'
[0.294s] DEBUG:colcon.colcon_core.package_identification:Package 'ros_aruco_opencv/aruco_opencv' with type 'ros.ament_cmake' and name 'aruco_opencv'
[0.295s] Level 1:colcon.colcon_core.package_identification:_identify(ros_aruco_opencv/aruco_opencv_msgs) by extensions ['ignore', 'ignore_ament_install']
[0.295s] Level 1:colcon.colcon_core.package_identification:_identify(ros_aruco_opencv/aruco_opencv_msgs) by extension 'ignore'
[0.295s] Level 1:colcon.colcon_core.package_identification:_identify(ros_aruco_opencv/aruco_opencv_msgs) by extension 'ignore_ament_install'
[0.295s] Level 1:colcon.colcon_core.package_identification:_identify(ros_aruco_opencv/aruco_opencv_msgs) by extensions ['colcon_pkg']
[0.295s] Level 1:colcon.colcon_core.package_identification:_identify(ros_aruco_opencv/aruco_opencv_msgs) by extension 'colcon_pkg'
[0.295s] Level 1:colcon.colcon_core.package_identification:_identify(ros_aruco_opencv/aruco_opencv_msgs) by extensions ['colcon_meta']
[0.295s] Level 1:colcon.colcon_core.package_identification:_identify(ros_aruco_opencv/aruco_opencv_msgs) by extension 'colcon_meta'
[0.295s] Level 1:colcon.colcon_core.package_identification:_identify(ros_aruco_opencv/aruco_opencv_msgs) by extensions ['ros']
[0.295s] Level 1:colcon.colcon_core.package_identification:_identify(ros_aruco_opencv/aruco_opencv_msgs) by extension 'ros'
[0.297s] DEBUG:colcon.colcon_core.package_identification:Package 'ros_aruco_opencv/aruco_opencv_msgs' with type 'ros.ament_cmake' and name 'aruco_opencv_msgs'
[0.297s] Level 1:colcon.colcon_core.package_identification:_identify(src) by extensions ['ignore', 'ignore_ament_install']
[0.297s] Level 1:colcon.colcon_core.package_identification:_identify(src) by extension 'ignore'
[0.297s] Level 1:colcon.colcon_core.package_identification:_identify(src) by extension 'ignore_ament_install'
[0.297s] Level 1:colcon.colcon_core.package_identification:_identify(src) by extensions ['colcon_pkg']
[0.297s] Level 1:colcon.colcon_core.package_identification:_identify(src) by extension 'colcon_pkg'
[0.297s] Level 1:colcon.colcon_core.package_identification:_identify(src) by extensions ['colcon_meta']
[0.297s] Level 1:colcon.colcon_core.package_identification:_identify(src) by extension 'colcon_meta'
[0.297s] Level 1:colcon.colcon_core.package_identification:_identify(src) by extensions ['ros']
[0.297s] Level 1:colcon.colcon_core.package_identification:_identify(src) by extension 'ros'
[0.298s] Level 1:colcon.colcon_core.package_identification:_identify(src) by extensions ['cmake', 'python']
[0.298s] Level 1:colcon.colcon_core.package_identification:_identify(src) by extension 'cmake'
[0.298s] Level 1:colcon.colcon_core.package_identification:_identify(src) by extension 'python'
[0.298s] Level 1:colcon.colcon_core.package_identification:_identify(src) by extensions ['python_setup_py']
[0.298s] Level 1:colcon.colcon_core.package_identification:_identify(src) by extension 'python_setup_py'
[0.298s] Level 1:colcon.colcon_core.package_identification:_identify(src/brain) by extensions ['ignore', 'ignore_ament_install']
[0.298s] Level 1:colcon.colcon_core.package_identification:_identify(src/brain) by extension 'ignore'
[0.298s] Level 1:colcon.colcon_core.package_identification:_identify(src/brain) by extension 'ignore_ament_install'
[0.298s] Level 1:colcon.colcon_core.package_identification:_identify(src/brain) by extensions ['colcon_pkg']
[0.298s] Level 1:colcon.colcon_core.package_identification:_identify(src/brain) by extension 'colcon_pkg'
[0.298s] Level 1:colcon.colcon_core.package_identification:_identify(src/brain) by extensions ['colcon_meta']
[0.298s] Level 1:colcon.colcon_core.package_identification:_identify(src/brain) by extension 'colcon_meta'
[0.298s] Level 1:colcon.colcon_core.package_identification:_identify(src/brain) by extensions ['ros']
[0.299s] Level 1:colcon.colcon_core.package_identification:_identify(src/brain) by extension 'ros'
[0.300s] DEBUG:colcon.colcon_core.package_identification:Package 'src/brain' with type 'ros.ament_python' and name 'brain'
[0.300s] Level 1:colcon.colcon_core.package_identification:_identify(src/erl1) by extensions ['ignore', 'ignore_ament_install']
[0.300s] Level 1:colcon.colcon_core.package_identification:_identify(src/erl1) by extension 'ignore'
[0.300s] Level 1:colcon.colcon_core.package_identification:_identify(src/erl1) by extension 'ignore_ament_install'
[0.300s] Level 1:colcon.colcon_core.package_identification:_identify(src/erl1) by extensions ['colcon_pkg']
[0.300s] Level 1:colcon.colcon_core.package_identification:_identify(src/erl1) by extension 'colcon_pkg'
[0.300s] Level 1:colcon.colcon_core.package_identification:_identify(src/erl1) by extensions ['colcon_meta']
[0.300s] Level 1:colcon.colcon_core.package_identification:_identify(src/erl1) by extension 'colcon_meta'
[0.300s] Level 1:colcon.colcon_core.package_identification:_identify(src/erl1) by extensions ['ros']
[0.301s] Level 1:colcon.colcon_core.package_identification:_identify(src/erl1) by extension 'ros'
[0.301s] DEBUG:colcon.colcon_core.package_identification:Package 'src/erl1' with type 'ros.ament_cmake' and name 'erl1'
[0.301s] Level 1:colcon.colcon_core.package_identification:_identify(src/erl1_sensors) by extensions ['ignore', 'ignore_ament_install']
[0.302s] Level 1:colcon.colcon_core.package_identification:_identify(src/erl1_sensors) by extension 'ignore'
[0.302s] Level 1:colcon.colcon_core.package_identification:_identify(src/erl1_sensors) by extension 'ignore_ament_install'
[0.302s] Level 1:colcon.colcon_core.package_identification:_identify(src/erl1_sensors) by extensions ['colcon_pkg']
[0.302s] Level 1:colcon.colcon_core.package_identification:_identify(src/erl1_sensors) by extension 'colcon_pkg'
[0.302s] Level 1:colcon.colcon_core.package_identification:_identify(src/erl1_sensors) by extensions ['colcon_meta']
[0.302s] Level 1:colcon.colcon_core.package_identification:_identify(src/erl1_sensors) by extension 'colcon_meta'
[0.302s] Level 1:colcon.colcon_core.package_identification:_identify(src/erl1_sensors) by extensions ['ros']
[0.302s] Level 1:colcon.colcon_core.package_identification:_identify(src/erl1_sensors) by extension 'ros'
[0.302s] Level 1:colcon.colcon_core.package_identification:_identify(src/erl1_sensors) by extensions ['cmake', 'python']
[0.302s] Level 1:colcon.colcon_core.package_identification:_identify(src/erl1_sensors) by extension 'cmake'
[0.302s] Level 1:colcon.colcon_core.package_identification:_identify(src/erl1_sensors) by extension 'python'
[0.302s] Level 1:colcon.colcon_core.package_identification:_identify(src/erl1_sensors) by extensions ['python_setup_py']
[0.302s] Level 1:colcon.colcon_core.package_identification:_identify(src/erl1_sensors) by extension 'python_setup_py'
[0.302s] Level 1:colcon.colcon_core.package_identification:_identify(src/erl1_sensors/bme_gazebo_sensors) by extensions ['ignore', 'ignore_ament_install']
[0.303s] Level 1:colcon.colcon_core.package_identification:_identify(src/erl1_sensors/bme_gazebo_sensors) by extension 'ignore'
[0.303s] Level 1:colcon.colcon_core.package_identification:_identify(src/erl1_sensors/bme_gazebo_sensors) by extension 'ignore_ament_install'
[0.303s] Level 1:colcon.colcon_core.package_identification:_identify(src/erl1_sensors/bme_gazebo_sensors) by extensions ['colcon_pkg']
[0.303s] Level 1:colcon.colcon_core.package_identification:_identify(src/erl1_sensors/bme_gazebo_sensors) by extension 'colcon_pkg'
[0.303s] Level 1:colcon.colcon_core.package_identification:_identify(src/erl1_sensors/bme_gazebo_sensors) by extensions ['colcon_meta']
[0.303s] Level 1:colcon.colcon_core.package_identification:_identify(src/erl1_sensors/bme_gazebo_sensors) by extension 'colcon_meta'
[0.303s] Level 1:colcon.colcon_core.package_identification:_identify(src/erl1_sensors/bme_gazebo_sensors) by extensions ['ros']
[0.303s] Level 1:colcon.colcon_core.package_identification:_identify(src/erl1_sensors/bme_gazebo_sensors) by extension 'ros'
[0.304s] DEBUG:colcon.colcon_core.package_identification:Package 'src/erl1_sensors/bme_gazebo_sensors' with type 'ros.ament_cmake' and name 'bme_gazebo_sensors'
[0.304s] Level 1:colcon.colcon_core.package_identification:_identify(src/my_opencv) by extensions ['ignore', 'ignore_ament_install']
[0.304s] Level 1:colcon.colcon_core.package_identification:_identify(src/my_opencv) by extension 'ignore'
[0.304s] Level 1:colcon.colcon_core.package_identification:_identify(src/my_opencv) by extension 'ignore_ament_install'
[0.305s] Level 1:colcon.colcon_core.package_identification:_identify(src/my_opencv) by extensions ['colcon_pkg']
[0.305s] Level 1:colcon.colcon_core.package_identification:_identify(src/my_opencv) by extension 'colcon_pkg'
[0.305s] Level 1:colcon.colcon_core.package_identification:_identify(src/my_opencv) by extensions ['colcon_meta']
[0.305s] Level 1:colcon.colcon_core.package_identification:_identify(src/my_opencv) by extension 'colcon_meta'
[0.305s] Level 1:colcon.colcon_core.package_identification:_identify(src/my_opencv) by extensions ['ros']
[0.305s] Level 1:colcon.colcon_core.package_identification:_identify(src/my_opencv) by extension 'ros'
[0.306s] DEBUG:colcon.colcon_core.package_identification:Package 'src/my_opencv' with type 'ros.ament_cmake' and name 'my_opencv'
[0.306s] Level 1:colcon.colcon_core.package_discovery:discover_packages(recursive) using defaults
[0.306s] Level 1:colcon.colcon_core.package_discovery:discover_packages(ignore) discover
[0.306s] Level 1:colcon.colcon_core.package_discovery:discover_packages(ignore) using defaults
[0.306s] Level 1:colcon.colcon_core.package_discovery:discover_packages(path) discover
[0.306s] Level 1:colcon.colcon_core.package_discovery:discover_packages(path) using defaults
[0.339s] Level 1:colcon.colcon_core.package_discovery:discover_packages(prefix_path) check parameters
[0.339s] Level 1:colcon.colcon_core.package_discovery:discover_packages(prefix_path) discover
[0.342s] DEBUG:colcon.colcon_installed_package_information.package_discovery:Found 6 installed packages in /home/utente/Documenti/Magistrale/SecondoAnno/EXP_RO/EXP_Ws/install
[0.345s] DEBUG:colcon.colcon_installed_package_information.package_discovery:Found 321 installed packages in /opt/ros/jazzy
[0.348s] Level 1:colcon.colcon_core.package_discovery:discover_packages(prefix_path) using defaults
[0.424s] Level 5:colcon.colcon_core.verb:set package 'aruco_opencv_msgs' build argument 'cmake_args' from command line to 'None'
[0.424s] Level 5:colcon.colcon_core.verb:set package 'aruco_opencv_msgs' build argument 'cmake_target' from command line to 'None'
[0.424s] Level 5:colcon.colcon_core.verb:set package 'aruco_opencv_msgs' build argument 'cmake_target_skip_unavailable' from command line to 'False'
[0.424s] Level 5:colcon.colcon_core.verb:set package 'aruco_opencv_msgs' build argument 'cmake_clean_cache' from command line to 'False'
[0.424s] Level 5:colcon.colcon_core.verb:set package 'aruco_opencv_msgs' build argument 'cmake_clean_first' from command line to 'False'
[0.424s] Level 5:colcon.colcon_core.verb:set package 'aruco_opencv_msgs' build argument 'cmake_force_configure' from command line to 'False'
[0.424s] Level 5:colcon.colcon_core.verb:set package 'aruco_opencv_msgs' build argument 'ament_cmake_args' from command line to 'None'
[0.424s] Level 5:colcon.colcon_core.verb:set package 'aruco_opencv_msgs' build argument 'catkin_cmake_args' from command line to 'None'
[0.424s] Level 5:colcon.colcon_core.verb:set package 'aruco_opencv_msgs' build argument 'catkin_skip_building_tests' from command line to 'False'
[0.424s] DEBUG:colcon.colcon_core.verb:Building package 'aruco_opencv_msgs' with the following arguments: {'ament_cmake_args': None, 'build_base': '/home/utente/Documenti/Magistrale/SecondoAnno/EXP_RO/EXP_Ws/build/aruco_opencv_msgs', 'catkin_cmake_args': None, 'catkin_skip_building_tests': False, 'cmake_args': None, 'cmake_clean_cache': False, 'cmake_clean_first': False, 'cmake_force_configure': False, 'cmake_target': None, 'cmake_target_skip_unavailable': False, 'install_base': '/home/utente/Documenti/Magistrale/SecondoAnno/EXP_RO/EXP_Ws/install/aruco_opencv_msgs', 'merge_install': False, 'path': '/home/utente/Documenti/Magistrale/SecondoAnno/EXP_RO/EXP_Ws/ros_aruco_opencv/aruco_opencv_msgs', 'symlink_install': False, 'test_result_base': None}
[0.425s] Level 5:colcon.colcon_core.verb:set package 'bme_gazebo_sensors' build argument 'cmake_args' from command line to 'None'
[0.425s] Level 5:colcon.colcon_core.verb:set package 'bme_gazebo_sensors' build argument 'cmake_target' from command line to 'None'
[0.425s] Level 5:colcon.colcon_core.verb:set package 'bme_gazebo_sensors' build argument 'cmake_target_skip_unavailable' from command line to 'False'
[0.425s] Level 5:colcon.colcon_core.verb:set package 'bme_gazebo_sensors' build argument 'cmake_clean_cache' from command line to 'False'
[0.425s] Level 5:colcon.colcon_core.verb:set package 'bme_gazebo_sensors' build argument 'cmake_clean_first' from command line to 'False'
[0.425s] Level 5:colcon.colcon_core.verb:set package 'bme_gazebo_sensors' build argument 'cmake_force_configure' from command line to 'False'
[0.425s] Level 5:colcon.colcon_core.verb:set package 'bme_gazebo_sensors' build argument 'ament_cmake_args' from command line to 'None'
[0.425s] Level 5:colcon.colcon_core.verb:set package 'bme_gazebo_sensors' build argument 'catkin_cmake_args' from command line to 'None'
[0.425s] Level 5:colcon.colcon_core.verb:set package 'bme_gazebo_sensors' build argument 'catkin_skip_building_tests' from command line to 'False'
[0.425s] DEBUG:colcon.colcon_core.verb:Building package 'bme_gazebo_sensors' with the following arguments: {'ament_cmake_args': None, 'build_base': '/home/utente/Documenti/Magistrale/SecondoAnno/EXP_RO/EXP_Ws/build/bme_gazebo_sensors', 'catkin_cmake_args': None, 'catkin_skip_building_tests': False, 'cmake_args': None, 'cmake_clean_cache': False, 'cmake_clean_first': False, 'cmake_force_configure': False, 'cmake_target': None, 'cmake_target_skip_unavailable': False, 'install_base': '/home/utente/Documenti/Magistrale/SecondoAnno/EXP_RO/EXP_Ws/install/bme_gazebo_sensors', 'merge_install': False, 'path': '/home/utente/Documenti/Magistrale/SecondoAnno/EXP_RO/EXP_Ws/src/erl1_sensors/bme_gazebo_sensors', 'symlink_install': False, 'test_result_base': None}
[0.425s] Level 5:colcon.colcon_core.verb:set package 'brain' build argument 'cmake_args' from command line to 'None'
[0.425s] Level 5:colcon.colcon_core.verb:set package 'brain' build argument 'cmake_target' from command line to 'None'
[0.425s] Level 5:colcon.colcon_core.verb:set package 'brain' build argument 'cmake_target_skip_unavailable' from command line to 'False'
[0.426s] Level 5:colcon.colcon_core.verb:set package 'brain' build argument 'cmake_clean_cache' from command line to 'False'
[0.426s] Level 5:colcon.colcon_core.verb:set package 'brain' build argument 'cmake_clean_first' from command line to 'False'
[0.426s] Level 5:colcon.colcon_core.verb:set package 'brain' build argument 'cmake_force_configure' from command line to 'False'
[0.426s] Level 5:colcon.colcon_core.verb:set package 'brain' build argument 'ament_cmake_args' from command line to 'None'
[0.426s] Level 5:colcon.colcon_core.verb:set package 'brain' build argument 'catkin_cmake_args' from command line to 'None'
[0.426s] Level 5:colcon.colcon_core.verb:set package 'brain' build argument 'catkin_skip_building_tests' from command line to 'False'
[0.426s] DEBUG:colcon.colcon_core.verb:Building package 'brain' with the following arguments: {'ament_cmake_args': None, 'build_base': '/home/utente/Documenti/Magistrale/SecondoAnno/EXP_RO/EXP_Ws/build/brain', 'catkin_cmake_args': None, 'catkin_skip_building_tests': False, 'cmake_args': None, 'cmake_clean_cache': False, 'cmake_clean_first': False, 'cmake_force_configure': False, 'cmake_target': None, 'cmake_target_skip_unavailable': False, 'install_base': '/home/utente/Documenti/Magistrale/SecondoAnno/EXP_RO/EXP_Ws/install/brain', 'merge_install': False, 'path': '/home/utente/Documenti/Magistrale/SecondoAnno/EXP_RO/EXP_Ws/src/brain', 'symlink_install': False, 'test_result_base': None}
[0.426s] Level 5:colcon.colcon_core.verb:set package 'erl1' build argument 'cmake_args' from command line to 'None'
[0.426s] Level 5:colcon.colcon_core.verb:set package 'erl1' build argument 'cmake_target' from command line to 'None'
[0.426s] Level 5:colcon.colcon_core.verb:set package 'erl1' build argument 'cmake_target_skip_unavailable' from command line to 'False'
[0.426s] Level 5:colcon.colcon_core.verb:set package 'erl1' build argument 'cmake_clean_cache' from command line to 'False'
[0.426s] Level 5:colcon.colcon_core.verb:set package 'erl1' build argument 'cmake_clean_first' from command line to 'False'
[0.426s] Level 5:colcon.colcon_core.verb:set package 'erl1' build argument 'cmake_force_configure' from command line to 'False'
[0.426s] Level 5:colcon.colcon_core.verb:set package 'erl1' build argument 'ament_cmake_args' from command line to 'None'
[0.426s] Level 5:colcon.colcon_core.verb:set package 'erl1' build argument 'catkin_cmake_args' from command line to 'None'
[0.426s] Level 5:colcon.colcon_core.verb:set package 'erl1' build argument 'catkin_skip_building_tests' from command line to 'False'
[0.427s] DEBUG:colcon.colcon_core.verb:Building package 'erl1' with the following arguments: {'ament_cmake_args': None, 'build_base': '/home/utente/Documenti/Magistrale/SecondoAnno/EXP_RO/EXP_Ws/build/erl1', 'catkin_cmake_args': None, 'catkin_skip_building_tests': False, 'cmake_args': None, 'cmake_clean_cache': False, 'cmake_clean_first': False, 'cmake_force_configure': False, 'cmake_target': None, 'cmake_target_skip_unavailable': False, 'install_base': '/home/utente/Documenti/Magistrale/SecondoAnno/EXP_RO/EXP_Ws/install/erl1', 'merge_install': False, 'path': '/home/utente/Documenti/Magistrale/SecondoAnno/EXP_RO/EXP_Ws/src/erl1', 'symlink_install': False, 'test_result_base': None}
[0.427s] Level 5:colcon.colcon_core.verb:set package 'my_opencv' build argument 'cmake_args' from command line to 'None'
[0.427s] Level 5:colcon.colcon_core.verb:set package 'my_opencv' build argument 'cmake_target' from command line to 'None'
[0.427s] Level 5:colcon.colcon_core.verb:set package 'my_opencv' build argument 'cmake_target_skip_unavailable' from command line to 'False'
[0.427s] Level 5:colcon.colcon_core.verb:set package 'my_opencv' build argument 'cmake_clean_cache' from command line to 'False'
[0.427s] Level 5:colcon.colcon_core.verb:set package 'my_opencv' build argument 'cmake_clean_first' from command line to 'False'
[0.427s] Level 5:colcon.colcon_core.verb:set package 'my_opencv' build argument 'cmake_force_configure' from command line to 'False'
[0.427s] Level 5:colcon.colcon_core.verb:set package 'my_opencv' build argument 'ament_cmake_args' from command line to 'None'
[0.427s] Level 5:colcon.colcon_core.verb:set package 'my_opencv' build argument 'catkin_cmake_args' from command line to 'None'
[0.427s] Level 5:colcon.colcon_core.verb:set package 'my_opencv' build argument 'catkin_skip_building_tests' from command line to 'False'
[0.427s] DEBUG:colcon.colcon_core.verb:Building package 'my_opencv' with the following arguments: {'ament_cmake_args': None, 'build_base': '/home/utente/Documenti/Magistrale/SecondoAnno/EXP_RO/EXP_Ws/build/my_opencv', 'catkin_cmake_args': None, 'catkin_skip_building_tests': False, 'cmake_args': None, 'cmake_clean_cache': False, 'cmake_clean_first': False, 'cmake_force_configure': False, 'cmake_target': None, 'cmake_target_skip_unavailable': False, 'install_base': '/home/utente/Documenti/Magistrale/SecondoAnno/EXP_RO/EXP_Ws/install/my_opencv', 'merge_install': False, 'path': '/home/utente/Documenti/Magistrale/SecondoAnno/EXP_RO/EXP_Ws/src/my_opencv', 'symlink_install': False, 'test_result_base': None}
[0.428s] Level 5:colcon.colcon_core.verb:set package 'aruco_opencv' build argument 'cmake_args' from command line to 'None'
[0.428s] Level 5:colcon.colcon_core.verb:set package 'aruco_opencv' build argument 'cmake_target' from command line to 'None'
[0.428s] Level 5:colcon.colcon_core.verb:set package 'aruco_opencv' build argument 'cmake_target_skip_unavailable' from command line to 'False'
[0.428s] Level 5:colcon.colcon_core.verb:set package 'aruco_opencv' build argument 'cmake_clean_cache' from command line to 'False'
[0.428s] Level 5:colcon.colcon_core.verb:set package 'aruco_opencv' build argument 'cmake_clean_first' from command line to 'False'
[0.428s] Level 5:colcon.colcon_core.verb:set package 'aruco_opencv' build argument 'cmake_force_configure' from command line to 'False'
[0.428s] Level 5:colcon.colcon_core.verb:set package 'aruco_opencv' build argument 'ament_cmake_args' from command line to 'None'
[0.428s] Level 5:colcon.colcon_core.verb:set package 'aruco_opencv' build argument 'catkin_cmake_args' from command line to 'None'
[0.428s] Level 5:colcon.colcon_core.verb:set package 'aruco_opencv' build argument 'catkin_skip_building_tests' from command line to 'False'
[0.428s] DEBUG:colcon.colcon_core.verb:Building package 'aruco_opencv' with the following arguments: {'ament_cmake_args': None, 'build_base': '/home/utente/Documenti/Magistrale/SecondoAnno/EXP_RO/EXP_Ws/build/aruco_opencv', 'catkin_cmake_args': None, 'catkin_skip_building_tests': False, 'cmake_args': None, 'cmake_clean_cache': False, 'cmake_clean_first': False, 'cmake_force_configure': False, 'cmake_target': None, 'cmake_target_skip_unavailable': False, 'install_base': '/home/utente/Documenti/Magistrale/SecondoAnno/EXP_RO/EXP_Ws/install/aruco_opencv', 'merge_install': False, 'path': '/home/utente/Documenti/Magistrale/SecondoAnno/EXP_RO/EXP_Ws/ros_aruco_opencv/aruco_opencv', 'symlink_install': False, 'test_result_base': None}
[0.428s] INFO:colcon.colcon_core.executor:Executing jobs using 'parallel' executor
[0.430s] DEBUG:colcon.colcon_parallel_executor.executor.parallel:run_until_complete
[0.431s] INFO:colcon.colcon_ros.task.ament_cmake.build:Building ROS package in '/home/utente/Documenti/Magistrale/SecondoAnno/EXP_RO/EXP_Ws/ros_aruco_opencv/aruco_opencv_msgs' with build type 'ament_cmake'
[0.431s] INFO:colcon.colcon_cmake.task.cmake.build:Building CMake package in '/home/utente/Documenti/Magistrale/SecondoAnno/EXP_RO/EXP_Ws/ros_aruco_opencv/aruco_opencv_msgs'
[0.434s] INFO:colcon.colcon_core.plugin_system:Skipping extension 'colcon_core.shell.bat': Not used on non-Windows systems
[0.435s] INFO:colcon.colcon_core.shell:Skip shell extension 'powershell' for command environment: Not usable outside of PowerShell
[0.435s] DEBUG:colcon.colcon_core.shell:Skip shell extension 'dsv' for command environment
[0.441s] INFO:colcon.colcon_ros.task.ament_cmake.build:Building ROS package in '/home/utente/Documenti/Magistrale/SecondoAnno/EXP_RO/EXP_Ws/src/erl1_sensors/bme_gazebo_sensors' with build type 'ament_cmake'
[0.441s] INFO:colcon.colcon_cmake.task.cmake.build:Building CMake package in '/home/utente/Documenti/Magistrale/SecondoAnno/EXP_RO/EXP_Ws/src/erl1_sensors/bme_gazebo_sensors'
[0.442s] INFO:colcon.colcon_core.shell:Skip shell extension 'powershell' for command environment: Not usable outside of PowerShell
[0.442s] DEBUG:colcon.colcon_core.shell:Skip shell extension 'dsv' for command environment
[0.448s] INFO:colcon.colcon_ros.task.ament_python.build:Building ROS package in '/home/utente/Documenti/Magistrale/SecondoAnno/EXP_RO/EXP_Ws/src/brain' with build type 'ament_python'
[0.448s] Level 1:colcon.colcon_core.shell:create_environment_hook('brain', 'ament_prefix_path')
[0.448s] INFO:colcon.colcon_core.shell:Creating environment hook '/home/utente/Documenti/Magistrale/SecondoAnno/EXP_RO/EXP_Ws/install/brain/share/brain/hook/ament_prefix_path.ps1'
[0.450s] INFO:colcon.colcon_core.shell:Creating environment descriptor '/home/utente/Documenti/Magistrale/SecondoAnno/EXP_RO/EXP_Ws/install/brain/share/brain/hook/ament_prefix_path.dsv'
[0.450s] INFO:colcon.colcon_core.shell:Creating environment hook '/home/utente/Documenti/Magistrale/SecondoAnno/EXP_RO/EXP_Ws/install/brain/share/brain/hook/ament_prefix_path.sh'
[0.452s] INFO:colcon.colcon_core.shell:Skip shell extension 'powershell' for command environment: Not usable outside of PowerShell
[0.452s] DEBUG:colcon.colcon_core.shell:Skip shell extension 'dsv' for command environment
[0.459s] INFO:colcon.colcon_ros.task.ament_cmake.build:Building ROS package in '/home/utente/Documenti/Magistrale/SecondoAnno/EXP_RO/EXP_Ws/src/erl1' with build type 'ament_cmake'
[0.459s] INFO:colcon.colcon_cmake.task.cmake.build:Building CMake package in '/home/utente/Documenti/Magistrale/SecondoAnno/EXP_RO/EXP_Ws/src/erl1'
[0.459s] INFO:colcon.colcon_core.shell:Skip shell extension 'powershell' for command environment: Not usable outside of PowerShell
[0.459s] DEBUG:colcon.colcon_core.shell:Skip shell extension 'dsv' for command environment
[0.466s] INFO:colcon.colcon_ros.task.ament_cmake.build:Building ROS package in '/home/utente/Documenti/Magistrale/SecondoAnno/EXP_RO/EXP_Ws/src/my_opencv' with build type 'ament_cmake'
[0.466s] INFO:colcon.colcon_cmake.task.cmake.build:Building CMake package in '/home/utente/Documenti/Magistrale/SecondoAnno/EXP_RO/EXP_Ws/src/my_opencv'
[0.467s] INFO:colcon.colcon_core.shell:Skip shell extension 'powershell' for command environment: Not usable outside of PowerShell
[0.467s] DEBUG:colcon.colcon_core.shell:Skip shell extension 'dsv' for command environment
[0.483s] DEBUG:colcon.colcon_core.event_handler.log_command:Invoking command in '/home/utente/Documenti/Magistrale/SecondoAnno/EXP_RO/EXP_Ws/build/aruco_opencv_msgs': CMAKE_PREFIX_PATH=${CMAKE_PREFIX_PATH}:/home/utente/Documenti/Magistrale/SecondoAnno/EXP_RO/EXP_Ws/install/brain:/opt/ros/jazzy DEBUGINFOD_URLS=https://debuginfod.ubuntu.com /usr/bin/cmake --build /home/utente/Documenti/Magistrale/SecondoAnno/EXP_RO/EXP_Ws/build/aruco_opencv_msgs -- -j8 -l8
[0.489s] DEBUG:colcon.colcon_core.event_handler.log_command:Invoking command in '/home/utente/Documenti/Magistrale/SecondoAnno/EXP_RO/EXP_Ws/build/bme_gazebo_sensors': CMAKE_PREFIX_PATH=${CMAKE_PREFIX_PATH}:/home/utente/Documenti/Magistrale/SecondoAnno/EXP_RO/EXP_Ws/install/brain:/opt/ros/jazzy DEBUGINFOD_URLS=https://debuginfod.ubuntu.com /usr/bin/cmake --build /home/utente/Documenti/Magistrale/SecondoAnno/EXP_RO/EXP_Ws/build/bme_gazebo_sensors -- -j8 -l8
[0.997s] INFO:colcon.colcon_core.task.python.build:Building Python package in '/home/utente/Documenti/Magistrale/SecondoAnno/EXP_RO/EXP_Ws/src/brain'
[0.998s] INFO:colcon.colcon_core.shell:Skip shell extension 'powershell' for command environment: Not usable outside of PowerShell
[0.998s] DEBUG:colcon.colcon_core.shell:Skip shell extension 'dsv' for command environment
[1.010s] DEBUG:colcon.colcon_core.event_handler.log_command:Invoking command in '/home/utente/Documenti/Magistrale/SecondoAnno/EXP_RO/EXP_Ws/build/erl1': CMAKE_PREFIX_PATH=${CMAKE_PREFIX_PATH}:/home/utente/Documenti/Magistrale/SecondoAnno/EXP_RO/EXP_Ws/install/brain:/opt/ros/jazzy DEBUGINFOD_URLS=https://debuginfod.ubuntu.com /usr/bin/cmake --build /home/utente/Documenti/Magistrale/SecondoAnno/EXP_RO/EXP_Ws/build/erl1 -- -j8 -l8
[1.021s] DEBUG:colcon.colcon_core.event_handler.log_command:Invoked command in '/home/utente/Documenti/Magistrale/SecondoAnno/EXP_RO/EXP_Ws/build/bme_gazebo_sensors' returned '0': CMAKE_PREFIX_PATH=${CMAKE_PREFIX_PATH}:/home/utente/Documenti/Magistrale/SecondoAnno/EXP_RO/EXP_Ws/install/brain:/opt/ros/jazzy DEBUGINFOD_URLS=https://debuginfod.ubuntu.com /usr/bin/cmake --build /home/utente/Documenti/Magistrale/SecondoAnno/EXP_RO/EXP_Ws/build/bme_gazebo_sensors -- -j8 -l8
[1.043s] DEBUG:colcon.colcon_core.event_handler.log_command:Invoking command in '/home/utente/Documenti/Magistrale/SecondoAnno/EXP_RO/EXP_Ws/build/bme_gazebo_sensors': CMAKE_PREFIX_PATH=${CMAKE_PREFIX_PATH}:/home/utente/Documenti/Magistrale/SecondoAnno/EXP_RO/EXP_Ws/install/brain:/opt/ros/jazzy DEBUGINFOD_URLS=https://debuginfod.ubuntu.com /usr/bin/cmake --install /home/utente/Documenti/Magistrale/SecondoAnno/EXP_RO/EXP_Ws/build/bme_gazebo_sensors
[1.048s] DEBUG:colcon.colcon_core.event_handler.log_command:Invoking command in '/home/utente/Documenti/Magistrale/SecondoAnno/EXP_RO/EXP_Ws/build/my_opencv': CMAKE_PREFIX_PATH=${CMAKE_PREFIX_PATH}:/home/utente/Documenti/Magistrale/SecondoAnno/EXP_RO/EXP_Ws/install/brain:/opt/ros/jazzy DEBUGINFOD_URLS=https://debuginfod.ubuntu.com /usr/bin/cmake --build /home/utente/Documenti/Magistrale/SecondoAnno/EXP_RO/EXP_Ws/build/my_opencv -- -j8 -l8
[1.080s] Level 1:colcon.colcon_core.environment:create_environment_scripts_only(bme_gazebo_sensors)
[1.083s] DEBUG:colcon.colcon_core.event_handler.log_command:Invoked command in '/home/utente/Documenti/Magistrale/SecondoAnno/EXP_RO/EXP_Ws/build/bme_gazebo_sensors' returned '0': CMAKE_PREFIX_PATH=${CMAKE_PREFIX_PATH}:/home/utente/Documenti/Magistrale/SecondoAnno/EXP_RO/EXP_Ws/install/brain:/opt/ros/jazzy DEBUGINFOD_URLS=https://debuginfod.ubuntu.com /usr/bin/cmake --install /home/utente/Documenti/Magistrale/SecondoAnno/EXP_RO/EXP_Ws/build/bme_gazebo_sensors
[1.089s] Level 1:colcon.colcon_core.environment:checking '/home/utente/Documenti/Magistrale/SecondoAnno/EXP_RO/EXP_Ws/install/bme_gazebo_sensors' for CMake module files
[1.091s] Level 1:colcon.colcon_core.environment:checking '/home/utente/Documenti/Magistrale/SecondoAnno/EXP_RO/EXP_Ws/install/bme_gazebo_sensors' for CMake config files
[1.092s] Level 1:colcon.colcon_core.shell:create_environment_hook('bme_gazebo_sensors', 'cmake_prefix_path')
[1.092s] INFO:colcon.colcon_core.shell:Creating environment hook '/home/utente/Documenti/Magistrale/SecondoAnno/EXP_RO/EXP_Ws/install/bme_gazebo_sensors/share/bme_gazebo_sensors/hook/cmake_prefix_path.ps1'
[1.100s] INFO:colcon.colcon_core.shell:Creating environment descriptor '/home/utente/Documenti/Magistrale/SecondoAnno/EXP_RO/EXP_Ws/install/bme_gazebo_sensors/share/bme_gazebo_sensors/hook/cmake_prefix_path.dsv'
[1.101s] INFO:colcon.colcon_core.shell:Creating environment hook '/home/utente/Documenti/Magistrale/SecondoAnno/EXP_RO/EXP_Ws/install/bme_gazebo_sensors/share/bme_gazebo_sensors/hook/cmake_prefix_path.sh'
[1.104s] Level 1:colcon.colcon_core.environment:checking '/home/utente/Documenti/Magistrale/SecondoAnno/EXP_RO/EXP_Ws/install/bme_gazebo_sensors/bin'
[1.104s] Level 1:colcon.colcon_core.environment:checking '/home/utente/Documenti/Magistrale/SecondoAnno/EXP_RO/EXP_Ws/install/bme_gazebo_sensors/lib/pkgconfig/bme_gazebo_sensors.pc'
[1.104s] Level 1:colcon.colcon_core.environment:checking '/home/utente/Documenti/Magistrale/SecondoAnno/EXP_RO/EXP_Ws/install/bme_gazebo_sensors/lib/python3.12/site-packages'
[1.106s] Level 1:colcon.colcon_core.environment:checking '/home/utente/Documenti/Magistrale/SecondoAnno/EXP_RO/EXP_Ws/install/bme_gazebo_sensors/bin'
[1.106s] INFO:colcon.colcon_core.shell:Creating package script '/home/utente/Documenti/Magistrale/SecondoAnno/EXP_RO/EXP_Ws/install/bme_gazebo_sensors/share/bme_gazebo_sensors/package.ps1'
[1.109s] INFO:colcon.colcon_core.shell:Creating package descriptor '/home/utente/Documenti/Magistrale/SecondoAnno/EXP_RO/EXP_Ws/install/bme_gazebo_sensors/share/bme_gazebo_sensors/package.dsv'
[1.110s] INFO:colcon.colcon_core.shell:Creating package script '/home/utente/Documenti/Magistrale/SecondoAnno/EXP_RO/EXP_Ws/install/bme_gazebo_sensors/share/bme_gazebo_sensors/package.sh'
[1.112s] INFO:colcon.colcon_core.shell:Creating package script '/home/utente/Documenti/Magistrale/SecondoAnno/EXP_RO/EXP_Ws/install/bme_gazebo_sensors/share/bme_gazebo_sensors/package.bash'
[1.113s] INFO:colcon.colcon_core.shell:Creating package script '/home/utente/Documenti/Magistrale/SecondoAnno/EXP_RO/EXP_Ws/install/bme_gazebo_sensors/share/bme_gazebo_sensors/package.zsh'
[1.116s] Level 1:colcon.colcon_core.environment:create_file_with_runtime_dependencies(/home/utente/Documenti/Magistrale/SecondoAnno/EXP_RO/EXP_Ws/install/bme_gazebo_sensors/share/colcon-core/packages/bme_gazebo_sensors)
[1.117s] Level 1:colcon.colcon_core.environment:create_environment_scripts_only(bme_gazebo_sensors)
[1.117s] Level 1:colcon.colcon_core.environment:checking '/home/utente/Documenti/Magistrale/SecondoAnno/EXP_RO/EXP_Ws/install/bme_gazebo_sensors' for CMake module files
[1.118s] Level 1:colcon.colcon_core.environment:checking '/home/utente/Documenti/Magistrale/SecondoAnno/EXP_RO/EXP_Ws/install/bme_gazebo_sensors' for CMake config files
[1.119s] Level 1:colcon.colcon_core.shell:create_environment_hook('bme_gazebo_sensors', 'cmake_prefix_path')
[1.120s] INFO:colcon.colcon_core.shell:Creating environment hook '/home/utente/Documenti/Magistrale/SecondoAnno/EXP_RO/EXP_Ws/install/bme_gazebo_sensors/share/bme_gazebo_sensors/hook/cmake_prefix_path.ps1'
[1.121s] INFO:colcon.colcon_core.shell:Creating environment descriptor '/home/utente/Documenti/Magistrale/SecondoAnno/EXP_RO/EXP_Ws/install/bme_gazebo_sensors/share/bme_gazebo_sensors/hook/cmake_prefix_path.dsv'
[1.121s] INFO:colcon.colcon_core.shell:Creating environment hook '/home/utente/Documenti/Magistrale/SecondoAnno/EXP_RO/EXP_Ws/install/bme_gazebo_sensors/share/bme_gazebo_sensors/hook/cmake_prefix_path.sh'
[1.123s] Level 1:colcon.colcon_core.environment:checking '/home/utente/Documenti/Magistrale/SecondoAnno/EXP_RO/EXP_Ws/install/bme_gazebo_sensors/bin'
[1.123s] Level 1:colcon.colcon_core.environment:checking '/home/utente/Documenti/Magistrale/SecondoAnno/EXP_RO/EXP_Ws/install/bme_gazebo_sensors/lib/pkgconfig/bme_gazebo_sensors.pc'
[1.124s] Level 1:colcon.colcon_core.environment:checking '/home/utente/Documenti/Magistrale/SecondoAnno/EXP_RO/EXP_Ws/install/bme_gazebo_sensors/lib/python3.12/site-packages'
[1.124s] Level 1:colcon.colcon_core.environment:checking '/home/utente/Documenti/Magistrale/SecondoAnno/EXP_RO/EXP_Ws/install/bme_gazebo_sensors/bin'
[1.125s] INFO:colcon.colcon_core.shell:Creating package script '/home/utente/Documenti/Magistrale/SecondoAnno/EXP_RO/EXP_Ws/install/bme_gazebo_sensors/share/bme_gazebo_sensors/package.ps1'
[1.127s] INFO:colcon.colcon_core.shell:Creating package descriptor '/home/utente/Documenti/Magistrale/SecondoAnno/EXP_RO/EXP_Ws/install/bme_gazebo_sensors/share/bme_gazebo_sensors/package.dsv'
[1.129s] INFO:colcon.colcon_core.shell:Creating package script '/home/utente/Documenti/Magistrale/SecondoAnno/EXP_RO/EXP_Ws/install/bme_gazebo_sensors/share/bme_gazebo_sensors/package.sh'
[1.130s] INFO:colcon.colcon_core.shell:Creating package script '/home/utente/Documenti/Magistrale/SecondoAnno/EXP_RO/EXP_Ws/install/bme_gazebo_sensors/share/bme_gazebo_sensors/package.bash'
[1.131s] INFO:colcon.colcon_core.shell:Creating package script '/home/utente/Documenti/Magistrale/SecondoAnno/EXP_RO/EXP_Ws/install/bme_gazebo_sensors/share/bme_gazebo_sensors/package.zsh'
[1.132s] Level 1:colcon.colcon_core.environment:create_file_with_runtime_dependencies(/home/utente/Documenti/Magistrale/SecondoAnno/EXP_RO/EXP_Ws/install/bme_gazebo_sensors/share/colcon-core/packages/bme_gazebo_sensors)
[1.140s] DEBUG:colcon.colcon_core.event_handler.log_command:Invoked command in '/home/utente/Documenti/Magistrale/SecondoAnno/EXP_RO/EXP_Ws/build/erl1' returned '0': CMAKE_PREFIX_PATH=${CMAKE_PREFIX_PATH}:/home/utente/Documenti/Magistrale/SecondoAnno/EXP_RO/EXP_Ws/install/brain:/opt/ros/jazzy DEBUGINFOD_URLS=https://debuginfod.ubuntu.com /usr/bin/cmake --build /home/utente/Documenti/Magistrale/SecondoAnno/EXP_RO/EXP_Ws/build/erl1 -- -j8 -l8
[1.142s] DEBUG:colcon.colcon_core.event_handler.log_command:Invoking command in '/home/utente/Documenti/Magistrale/SecondoAnno/EXP_RO/EXP_Ws/build/erl1': CMAKE_PREFIX_PATH=${CMAKE_PREFIX_PATH}:/home/utente/Documenti/Magistrale/SecondoAnno/EXP_RO/EXP_Ws/install/brain:/opt/ros/jazzy DEBUGINFOD_URLS=https://debuginfod.ubuntu.com /usr/bin/cmake --install /home/utente/Documenti/Magistrale/SecondoAnno/EXP_RO/EXP_Ws/build/erl1
[1.183s] Level 1:colcon.colcon_core.environment:create_environment_scripts_only(erl1)
[1.185s] Level 1:colcon.colcon_core.environment:checking '/home/utente/Documenti/Magistrale/SecondoAnno/EXP_RO/EXP_Ws/install/erl1' for CMake module files
[1.186s] Level 1:colcon.colcon_core.environment:checking '/home/utente/Documenti/Magistrale/SecondoAnno/EXP_RO/EXP_Ws/install/erl1' for CMake config files
[1.187s] Level 1:colcon.colcon_core.shell:create_environment_hook('erl1', 'cmake_prefix_path')
[1.184s] DEBUG:colcon.colcon_core.event_handler.log_command:Invoked command in '/home/utente/Documenti/Magistrale/SecondoAnno/EXP_RO/EXP_Ws/build/erl1' returned '0': CMAKE_PREFIX_PATH=${CMAKE_PREFIX_PATH}:/home/utente/Documenti/Magistrale/SecondoAnno/EXP_RO/EXP_Ws/install/brain:/opt/ros/jazzy DEBUGINFOD_URLS=https://debuginfod.ubuntu.com /usr/bin/cmake --install /home/utente/Documenti/Magistrale/SecondoAnno/EXP_RO/EXP_Ws/build/erl1
[1.188s] INFO:colcon.colcon_core.shell:Creating environment hook '/home/utente/Documenti/Magistrale/SecondoAnno/EXP_RO/EXP_Ws/install/erl1/share/erl1/hook/cmake_prefix_path.ps1'
[1.190s] INFO:colcon.colcon_core.shell:Creating environment descriptor '/home/utente/Documenti/Magistrale/SecondoAnno/EXP_RO/EXP_Ws/install/erl1/share/erl1/hook/cmake_prefix_path.dsv'
[1.191s] INFO:colcon.colcon_core.shell:Creating environment hook '/home/utente/Documenti/Magistrale/SecondoAnno/EXP_RO/EXP_Ws/install/erl1/share/erl1/hook/cmake_prefix_path.sh'
[1.192s] Level 1:colcon.colcon_core.environment:checking '/home/utente/Documenti/Magistrale/SecondoAnno/EXP_RO/EXP_Ws/install/erl1/bin'
[1.192s] Level 1:colcon.colcon_core.environment:checking '/home/utente/Documenti/Magistrale/SecondoAnno/EXP_RO/EXP_Ws/install/erl1/lib/pkgconfig/erl1.pc'
[1.193s] Level 1:colcon.colcon_core.environment:checking '/home/utente/Documenti/Magistrale/SecondoAnno/EXP_RO/EXP_Ws/install/erl1/lib/python3.12/site-packages'
[1.194s] Level 1:colcon.colcon_core.environment:checking '/home/utente/Documenti/Magistrale/SecondoAnno/EXP_RO/EXP_Ws/install/erl1/bin'
[1.195s] INFO:colcon.colcon_core.shell:Creating package script '/home/utente/Documenti/Magistrale/SecondoAnno/EXP_RO/EXP_Ws/install/erl1/share/erl1/package.ps1'
[1.196s] INFO:colcon.colcon_core.shell:Creating package descriptor '/home/utente/Documenti/Magistrale/SecondoAnno/EXP_RO/EXP_Ws/install/erl1/share/erl1/package.dsv'
[1.197s] INFO:colcon.colcon_core.shell:Creating package script '/home/utente/Documenti/Magistrale/SecondoAnno/EXP_RO/EXP_Ws/install/erl1/share/erl1/package.sh'
[1.198s] INFO:colcon.colcon_core.shell:Creating package script '/home/utente/Documenti/Magistrale/SecondoAnno/EXP_RO/EXP_Ws/install/erl1/share/erl1/package.bash'
[1.198s] INFO:colcon.colcon_core.shell:Creating package script '/home/utente/Documenti/Magistrale/SecondoAnno/EXP_RO/EXP_Ws/install/erl1/share/erl1/package.zsh'
[1.199s] Level 1:colcon.colcon_core.environment:create_file_with_runtime_dependencies(/home/utente/Documenti/Magistrale/SecondoAnno/EXP_RO/EXP_Ws/install/erl1/share/colcon-core/packages/erl1)
[1.200s] Level 1:colcon.colcon_core.environment:create_environment_scripts_only(erl1)
[1.201s] Level 1:colcon.colcon_core.environment:checking '/home/utente/Documenti/Magistrale/SecondoAnno/EXP_RO/EXP_Ws/install/erl1' for CMake module files
[1.202s] Level 1:colcon.colcon_core.environment:checking '/home/utente/Documenti/Magistrale/SecondoAnno/EXP_RO/EXP_Ws/install/erl1' for CMake config files
[1.203s] Level 1:colcon.colcon_core.shell:create_environment_hook('erl1', 'cmake_prefix_path')
[1.204s] INFO:colcon.colcon_core.shell:Creating environment hook '/home/utente/Documenti/Magistrale/SecondoAnno/EXP_RO/EXP_Ws/install/erl1/share/erl1/hook/cmake_prefix_path.ps1'
[1.204s] INFO:colcon.colcon_core.shell:Creating environment descriptor '/home/utente/Documenti/Magistrale/SecondoAnno/EXP_RO/EXP_Ws/install/erl1/share/erl1/hook/cmake_prefix_path.dsv'
[1.206s] INFO:colcon.colcon_core.shell:Creating environment hook '/home/utente/Documenti/Magistrale/SecondoAnno/EXP_RO/EXP_Ws/install/erl1/share/erl1/hook/cmake_prefix_path.sh'
[1.207s] Level 1:colcon.colcon_core.environment:checking '/home/utente/Documenti/Magistrale/SecondoAnno/EXP_RO/EXP_Ws/install/erl1/bin'
[1.207s] Level 1:colcon.colcon_core.environment:checking '/home/utente/Documenti/Magistrale/SecondoAnno/EXP_RO/EXP_Ws/install/erl1/lib/pkgconfig/erl1.pc'
[1.208s] Level 1:colcon.colcon_core.environment:checking '/home/utente/Documenti/Magistrale/SecondoAnno/EXP_RO/EXP_Ws/install/erl1/lib/python3.12/site-packages'
[1.208s] Level 1:colcon.colcon_core.environment:checking '/home/utente/Documenti/Magistrale/SecondoAnno/EXP_RO/EXP_Ws/install/erl1/bin'
[1.209s] INFO:colcon.colcon_core.shell:Creating package script '/home/utente/Documenti/Magistrale/SecondoAnno/EXP_RO/EXP_Ws/install/erl1/share/erl1/package.ps1'
[1.211s] INFO:colcon.colcon_core.shell:Creating package descriptor '/home/utente/Documenti/Magistrale/SecondoAnno/EXP_RO/EXP_Ws/install/erl1/share/erl1/package.dsv'
[1.213s] INFO:colcon.colcon_core.shell:Creating package script '/home/utente/Documenti/Magistrale/SecondoAnno/EXP_RO/EXP_Ws/install/erl1/share/erl1/package.sh'
[1.214s] INFO:colcon.colcon_core.shell:Creating package script '/home/utente/Documenti/Magistrale/SecondoAnno/EXP_RO/EXP_Ws/install/erl1/share/erl1/package.bash'
[1.215s] INFO:colcon.colcon_core.shell:Creating package script '/home/utente/Documenti/Magistrale/SecondoAnno/EXP_RO/EXP_Ws/install/erl1/share/erl1/package.zsh'
[1.216s] Level 1:colcon.colcon_core.environment:create_file_with_runtime_dependencies(/home/utente/Documenti/Magistrale/SecondoAnno/EXP_RO/EXP_Ws/install/erl1/share/colcon-core/packages/erl1)
[1.369s] DEBUG:colcon.colcon_core.event_handler.log_command:Invoked command in '/home/utente/Documenti/Magistrale/SecondoAnno/EXP_RO/EXP_Ws/build/my_opencv' returned '0': CMAKE_PREFIX_PATH=${CMAKE_PREFIX_PATH}:/home/utente/Documenti/Magistrale/SecondoAnno/EXP_RO/EXP_Ws/install/brain:/opt/ros/jazzy DEBUGINFOD_URLS=https://debuginfod.ubuntu.com /usr/bin/cmake --build /home/utente/Documenti/Magistrale/SecondoAnno/EXP_RO/EXP_Ws/build/my_opencv -- -j8 -l8
[1.370s] DEBUG:colcon.colcon_core.event_handler.log_command:Invoking command in '/home/utente/Documenti/Magistrale/SecondoAnno/EXP_RO/EXP_Ws/build/my_opencv': CMAKE_PREFIX_PATH=${CMAKE_PREFIX_PATH}:/home/utente/Documenti/Magistrale/SecondoAnno/EXP_RO/EXP_Ws/install/brain:/opt/ros/jazzy DEBUGINFOD_URLS=https://debuginfod.ubuntu.com /usr/bin/cmake --install /home/utente/Documenti/Magistrale/SecondoAnno/EXP_RO/EXP_Ws/build/my_opencv
[1.396s] Level 1:colcon.colcon_core.environment:create_environment_scripts_only(my_opencv)
[1.397s] Level 1:colcon.colcon_core.environment:checking '/home/utente/Documenti/Magistrale/SecondoAnno/EXP_RO/EXP_Ws/install/my_opencv' for CMake module files
[1.399s] Level 1:colcon.colcon_core.environment:checking '/home/utente/Documenti/Magistrale/SecondoAnno/EXP_RO/EXP_Ws/install/my_opencv' for CMake config files
[1.399s] Level 1:colcon.colcon_core.shell:create_environment_hook('my_opencv', 'cmake_prefix_path')
[1.397s] DEBUG:colcon.colcon_core.event_handler.log_command:Invoked command in '/home/utente/Documenti/Magistrale/SecondoAnno/EXP_RO/EXP_Ws/build/my_opencv' returned '0': CMAKE_PREFIX_PATH=${CMAKE_PREFIX_PATH}:/home/utente/Documenti/Magistrale/SecondoAnno/EXP_RO/EXP_Ws/install/brain:/opt/ros/jazzy DEBUGINFOD_URLS=https://debuginfod.ubuntu.com /usr/bin/cmake --install /home/utente/Documenti/Magistrale/SecondoAnno/EXP_RO/EXP_Ws/build/my_opencv
[1.400s] INFO:colcon.colcon_core.shell:Creating environment hook '/home/utente/Documenti/Magistrale/SecondoAnno/EXP_RO/EXP_Ws/install/my_opencv/share/my_opencv/hook/cmake_prefix_path.ps1'
[1.402s] INFO:colcon.colcon_core.shell:Creating environment descriptor '/home/utente/Documenti/Magistrale/SecondoAnno/EXP_RO/EXP_Ws/install/my_opencv/share/my_opencv/hook/cmake_prefix_path.dsv'
[1.403s] INFO:colcon.colcon_core.shell:Creating environment hook '/home/utente/Documenti/Magistrale/SecondoAnno/EXP_RO/EXP_Ws/install/my_opencv/share/my_opencv/hook/cmake_prefix_path.sh'
[1.405s] Level 1:colcon.colcon_core.environment:checking '/home/utente/Documenti/Magistrale/SecondoAnno/EXP_RO/EXP_Ws/install/my_opencv/lib'
[1.406s] Level 1:colcon.colcon_core.environment:checking '/home/utente/Documenti/Magistrale/SecondoAnno/EXP_RO/EXP_Ws/install/my_opencv/bin'
[1.406s] Level 1:colcon.colcon_core.environment:checking '/home/utente/Documenti/Magistrale/SecondoAnno/EXP_RO/EXP_Ws/install/my_opencv/lib/pkgconfig/my_opencv.pc'
[1.406s] Level 1:colcon.colcon_core.environment:checking '/home/utente/Documenti/Magistrale/SecondoAnno/EXP_RO/EXP_Ws/install/my_opencv/lib/python3.12/site-packages'
[1.407s] Level 1:colcon.colcon_core.environment:checking '/home/utente/Documenti/Magistrale/SecondoAnno/EXP_RO/EXP_Ws/install/my_opencv/bin'
[1.408s] INFO:colcon.colcon_core.shell:Creating package script '/home/utente/Documenti/Magistrale/SecondoAnno/EXP_RO/EXP_Ws/install/my_opencv/share/my_opencv/package.ps1'
[1.410s] INFO:colcon.colcon_core.shell:Creating package descriptor '/home/utente/Documenti/Magistrale/SecondoAnno/EXP_RO/EXP_Ws/install/my_opencv/share/my_opencv/package.dsv'
[1.411s] INFO:colcon.colcon_core.shell:Creating package script '/home/utente/Documenti/Magistrale/SecondoAnno/EXP_RO/EXP_Ws/install/my_opencv/share/my_opencv/package.sh'
[1.412s] INFO:colcon.colcon_core.shell:Creating package script '/home/utente/Documenti/Magistrale/SecondoAnno/EXP_RO/EXP_Ws/install/my_opencv/share/my_opencv/package.bash'
[1.413s] INFO:colcon.colcon_core.shell:Creating package script '/home/utente/Documenti/Magistrale/SecondoAnno/EXP_RO/EXP_Ws/install/my_opencv/share/my_opencv/package.zsh'
[1.413s] Level 1:colcon.colcon_core.environment:create_file_with_runtime_dependencies(/home/utente/Documenti/Magistrale/SecondoAnno/EXP_RO/EXP_Ws/install/my_opencv/share/colcon-core/packages/my_opencv)
[1.415s] Level 1:colcon.colcon_core.environment:create_environment_scripts_only(my_opencv)
[1.416s] Level 1:colcon.colcon_core.environment:checking '/home/utente/Documenti/Magistrale/SecondoAnno/EXP_RO/EXP_Ws/install/my_opencv' for CMake module files
[1.417s] Level 1:colcon.colcon_core.environment:checking '/home/utente/Documenti/Magistrale/SecondoAnno/EXP_RO/EXP_Ws/install/my_opencv' for CMake config files
[1.417s] Level 1:colcon.colcon_core.shell:create_environment_hook('my_opencv', 'cmake_prefix_path')
[1.418s] INFO:colcon.colcon_core.shell:Creating environment hook '/home/utente/Documenti/Magistrale/SecondoAnno/EXP_RO/EXP_Ws/install/my_opencv/share/my_opencv/hook/cmake_prefix_path.ps1'
[1.420s] INFO:colcon.colcon_core.shell:Creating environment descriptor '/home/utente/Documenti/Magistrale/SecondoAnno/EXP_RO/EXP_Ws/install/my_opencv/share/my_opencv/hook/cmake_prefix_path.dsv'
[1.420s] INFO:colcon.colcon_core.shell:Creating environment hook '/home/utente/Documenti/Magistrale/SecondoAnno/EXP_RO/EXP_Ws/install/my_opencv/share/my_opencv/hook/cmake_prefix_path.sh'
[1.421s] Level 1:colcon.colcon_core.environment:checking '/home/utente/Documenti/Magistrale/SecondoAnno/EXP_RO/EXP_Ws/install/my_opencv/lib'
[1.422s] Level 1:colcon.colcon_core.environment:checking '/home/utente/Documenti/Magistrale/SecondoAnno/EXP_RO/EXP_Ws/install/my_opencv/bin'
[1.422s] Level 1:colcon.colcon_core.environment:checking '/home/utente/Documenti/Magistrale/SecondoAnno/EXP_RO/EXP_Ws/install/my_opencv/lib/pkgconfig/my_opencv.pc'
[1.422s] Level 1:colcon.colcon_core.environment:checking '/home/utente/Documenti/Magistrale/SecondoAnno/EXP_RO/EXP_Ws/install/my_opencv/lib/python3.12/site-packages'
[1.423s] Level 1:colcon.colcon_core.environment:checking '/home/utente/Documenti/Magistrale/SecondoAnno/EXP_RO/EXP_Ws/install/my_opencv/bin'
[1.424s] INFO:colcon.colcon_core.shell:Creating package script '/home/utente/Documenti/Magistrale/SecondoAnno/EXP_RO/EXP_Ws/install/my_opencv/share/my_opencv/package.ps1'
[1.425s] INFO:colcon.colcon_core.shell:Creating package descriptor '/home/utente/Documenti/Magistrale/SecondoAnno/EXP_RO/EXP_Ws/install/my_opencv/share/my_opencv/package.dsv'
[1.427s] INFO:colcon.colcon_core.shell:Creating package script '/home/utente/Documenti/Magistrale/SecondoAnno/EXP_RO/EXP_Ws/install/my_opencv/share/my_opencv/package.sh'
[1.429s] INFO:colcon.colcon_core.shell:Creating package script '/home/utente/Documenti/Magistrale/SecondoAnno/EXP_RO/EXP_Ws/install/my_opencv/share/my_opencv/package.bash'
[1.430s] INFO:colcon.colcon_core.shell:Creating package script '/home/utente/Documenti/Magistrale/SecondoAnno/EXP_RO/EXP_Ws/install/my_opencv/share/my_opencv/package.zsh'
[1.432s] Level 1:colcon.colcon_core.environment:create_file_with_runtime_dependencies(/home/utente/Documenti/Magistrale/SecondoAnno/EXP_RO/EXP_Ws/install/my_opencv/share/colcon-core/packages/my_opencv)
[2.285s] DEBUG:colcon.colcon_core.event_handler.log_command:Invoked command in '/home/utente/Documenti/Magistrale/SecondoAnno/EXP_RO/EXP_Ws/build/aruco_opencv_msgs' returned '0': CMAKE_PREFIX_PATH=${CMAKE_PREFIX_PATH}:/home/utente/Documenti/Magistrale/SecondoAnno/EXP_RO/EXP_Ws/install/brain:/opt/ros/jazzy DEBUGINFOD_URLS=https://debuginfod.ubuntu.com /usr/bin/cmake --build /home/utente/Documenti/Magistrale/SecondoAnno/EXP_RO/EXP_Ws/build/aruco_opencv_msgs -- -j8 -l8
[2.286s] DEBUG:colcon.colcon_core.event_handler.log_command:Invoking command in '/home/utente/Documenti/Magistrale/SecondoAnno/EXP_RO/EXP_Ws/build/aruco_opencv_msgs': CMAKE_PREFIX_PATH=${CMAKE_PREFIX_PATH}:/home/utente/Documenti/Magistrale/SecondoAnno/EXP_RO/EXP_Ws/install/brain:/opt/ros/jazzy DEBUGINFOD_URLS=https://debuginfod.ubuntu.com /usr/bin/cmake --install /home/utente/Documenti/Magistrale/SecondoAnno/EXP_RO/EXP_Ws/build/aruco_opencv_msgs
[2.430s] Level 1:colcon.colcon_core.environment:create_environment_scripts_only(aruco_opencv_msgs)
[2.430s] Level 1:colcon.colcon_core.environment:checking '/home/utente/Documenti/Magistrale/SecondoAnno/EXP_RO/EXP_Ws/install/aruco_opencv_msgs' for CMake module files
[2.432s] Level 1:colcon.colcon_core.environment:checking '/home/utente/Documenti/Magistrale/SecondoAnno/EXP_RO/EXP_Ws/install/aruco_opencv_msgs' for CMake config files
[2.432s] Level 1:colcon.colcon_core.shell:create_environment_hook('aruco_opencv_msgs', 'cmake_prefix_path')
[2.436s] INFO:colcon.colcon_core.shell:Creating environment hook '/home/utente/Documenti/Magistrale/SecondoAnno/EXP_RO/EXP_Ws/install/aruco_opencv_msgs/share/aruco_opencv_msgs/hook/cmake_prefix_path.ps1'
[2.440s] INFO:colcon.colcon_core.shell:Creating environment descriptor '/home/utente/Documenti/Magistrale/SecondoAnno/EXP_RO/EXP_Ws/install/aruco_opencv_msgs/share/aruco_opencv_msgs/hook/cmake_prefix_path.dsv'
[2.442s] INFO:colcon.colcon_core.shell:Creating environment hook '/home/utente/Documenti/Magistrale/SecondoAnno/EXP_RO/EXP_Ws/install/aruco_opencv_msgs/share/aruco_opencv_msgs/hook/cmake_prefix_path.sh'
[2.445s] Level 1:colcon.colcon_core.environment:checking '/home/utente/Documenti/Magistrale/SecondoAnno/EXP_RO/EXP_Ws/install/aruco_opencv_msgs/lib'
[2.445s] Level 1:colcon.colcon_core.shell:create_environment_hook('aruco_opencv_msgs', 'ld_library_path_lib')
[2.446s] INFO:colcon.colcon_core.shell:Creating environment hook '/home/utente/Documenti/Magistrale/SecondoAnno/EXP_RO/EXP_Ws/install/aruco_opencv_msgs/share/aruco_opencv_msgs/hook/ld_library_path_lib.ps1'
[2.449s] INFO:colcon.colcon_core.shell:Creating environment descriptor '/home/utente/Documenti/Magistrale/SecondoAnno/EXP_RO/EXP_Ws/install/aruco_opencv_msgs/share/aruco_opencv_msgs/hook/ld_library_path_lib.dsv'
[2.453s] INFO:colcon.colcon_core.shell:Creating environment hook '/home/utente/Documenti/Magistrale/SecondoAnno/EXP_RO/EXP_Ws/install/aruco_opencv_msgs/share/aruco_opencv_msgs/hook/ld_library_path_lib.sh'
[2.455s] DEBUG:colcon.colcon_core.event_handler.log_command:Invoked command in '/home/utente/Documenti/Magistrale/SecondoAnno/EXP_RO/EXP_Ws/build/aruco_opencv_msgs' returned '0': CMAKE_PREFIX_PATH=${CMAKE_PREFIX_PATH}:/home/utente/Documenti/Magistrale/SecondoAnno/EXP_RO/EXP_Ws/install/brain:/opt/ros/jazzy DEBUGINFOD_URLS=https://debuginfod.ubuntu.com /usr/bin/cmake --install /home/utente/Documenti/Magistrale/SecondoAnno/EXP_RO/EXP_Ws/build/aruco_opencv_msgs
[2.456s] Level 1:colcon.colcon_core.environment:checking '/home/utente/Documenti/Magistrale/SecondoAnno/EXP_RO/EXP_Ws/install/aruco_opencv_msgs/bin'
[2.456s] Level 1:colcon.colcon_core.environment:checking '/home/utente/Documenti/Magistrale/SecondoAnno/EXP_RO/EXP_Ws/install/aruco_opencv_msgs/lib/pkgconfig/aruco_opencv_msgs.pc'
[2.456s] Level 1:colcon.colcon_core.environment:checking '/home/utente/Documenti/Magistrale/SecondoAnno/EXP_RO/EXP_Ws/install/aruco_opencv_msgs/lib/python3.12/site-packages'
[2.457s] Level 1:colcon.colcon_core.shell:create_environment_hook('aruco_opencv_msgs', 'pythonpath')
[2.457s] INFO:colcon.colcon_core.shell:Creating environment hook '/home/utente/Documenti/Magistrale/SecondoAnno/EXP_RO/EXP_Ws/install/aruco_opencv_msgs/share/aruco_opencv_msgs/hook/pythonpath.ps1'
[2.459s] INFO:colcon.colcon_core.shell:Creating environment descriptor '/home/utente/Documenti/Magistrale/SecondoAnno/EXP_RO/EXP_Ws/install/aruco_opencv_msgs/share/aruco_opencv_msgs/hook/pythonpath.dsv'
[2.460s] INFO:colcon.colcon_core.shell:Creating environment hook '/home/utente/Documenti/Magistrale/SecondoAnno/EXP_RO/EXP_Ws/install/aruco_opencv_msgs/share/aruco_opencv_msgs/hook/pythonpath.sh'
[2.462s] Level 1:colcon.colcon_core.environment:checking '/home/utente/Documenti/Magistrale/SecondoAnno/EXP_RO/EXP_Ws/install/aruco_opencv_msgs/bin'
[2.463s] INFO:colcon.colcon_core.shell:Creating package script '/home/utente/Documenti/Magistrale/SecondoAnno/EXP_RO/EXP_Ws/install/aruco_opencv_msgs/share/aruco_opencv_msgs/package.ps1'
[2.465s] INFO:colcon.colcon_core.shell:Creating package descriptor '/home/utente/Documenti/Magistrale/SecondoAnno/EXP_RO/EXP_Ws/install/aruco_opencv_msgs/share/aruco_opencv_msgs/package.dsv'
[2.466s] INFO:colcon.colcon_core.shell:Creating package script '/home/utente/Documenti/Magistrale/SecondoAnno/EXP_RO/EXP_Ws/install/aruco_opencv_msgs/share/aruco_opencv_msgs/package.sh'
[2.467s] INFO:colcon.colcon_core.shell:Creating package script '/home/utente/Documenti/Magistrale/SecondoAnno/EXP_RO/EXP_Ws/install/aruco_opencv_msgs/share/aruco_opencv_msgs/package.bash'
[2.469s] INFO:colcon.colcon_core.shell:Creating package script '/home/utente/Documenti/Magistrale/SecondoAnno/EXP_RO/EXP_Ws/install/aruco_opencv_msgs/share/aruco_opencv_msgs/package.zsh'
[2.470s] Level 1:colcon.colcon_core.environment:create_file_with_runtime_dependencies(/home/utente/Documenti/Magistrale/SecondoAnno/EXP_RO/EXP_Ws/install/aruco_opencv_msgs/share/colcon-core/packages/aruco_opencv_msgs)
[2.471s] Level 1:colcon.colcon_core.environment:create_environment_scripts_only(aruco_opencv_msgs)
[2.473s] Level 1:colcon.colcon_core.environment:checking '/home/utente/Documenti/Magistrale/SecondoAnno/EXP_RO/EXP_Ws/install/aruco_opencv_msgs' for CMake module files
[2.475s] Level 1:colcon.colcon_core.environment:checking '/home/utente/Documenti/Magistrale/SecondoAnno/EXP_RO/EXP_Ws/install/aruco_opencv_msgs' for CMake config files
[2.476s] Level 1:colcon.colcon_core.shell:create_environment_hook('aruco_opencv_msgs', 'cmake_prefix_path')
[2.477s] INFO:colcon.colcon_core.shell:Creating environment hook '/home/utente/Documenti/Magistrale/SecondoAnno/EXP_RO/EXP_Ws/install/aruco_opencv_msgs/share/aruco_opencv_msgs/hook/cmake_prefix_path.ps1'
[2.477s] INFO:colcon.colcon_core.shell:Creating environment descriptor '/home/utente/Documenti/Magistrale/SecondoAnno/EXP_RO/EXP_Ws/install/aruco_opencv_msgs/share/aruco_opencv_msgs/hook/cmake_prefix_path.dsv'
[2.478s] INFO:colcon.colcon_core.shell:Creating environment hook '/home/utente/Documenti/Magistrale/SecondoAnno/EXP_RO/EXP_Ws/install/aruco_opencv_msgs/share/aruco_opencv_msgs/hook/cmake_prefix_path.sh'
[2.480s] Level 1:colcon.colcon_core.environment:checking '/home/utente/Documenti/Magistrale/SecondoAnno/EXP_RO/EXP_Ws/install/aruco_opencv_msgs/lib'
[2.481s] Level 1:colcon.colcon_core.shell:create_environment_hook('aruco_opencv_msgs', 'ld_library_path_lib')
[2.482s] INFO:colcon.colcon_core.shell:Creating environment hook '/home/utente/Documenti/Magistrale/SecondoAnno/EXP_RO/EXP_Ws/install/aruco_opencv_msgs/share/aruco_opencv_msgs/hook/ld_library_path_lib.ps1'
[2.484s] INFO:colcon.colcon_core.shell:Creating environment descriptor '/home/utente/Documenti/Magistrale/SecondoAnno/EXP_RO/EXP_Ws/install/aruco_opencv_msgs/share/aruco_opencv_msgs/hook/ld_library_path_lib.dsv'
[2.485s] INFO:colcon.colcon_core.shell:Creating environment hook '/home/utente/Documenti/Magistrale/SecondoAnno/EXP_RO/EXP_Ws/install/aruco_opencv_msgs/share/aruco_opencv_msgs/hook/ld_library_path_lib.sh'
[2.486s] Level 1:colcon.colcon_core.environment:checking '/home/utente/Documenti/Magistrale/SecondoAnno/EXP_RO/EXP_Ws/install/aruco_opencv_msgs/bin'
[2.486s] Level 1:colcon.colcon_core.environment:checking '/home/utente/Documenti/Magistrale/SecondoAnno/EXP_RO/EXP_Ws/install/aruco_opencv_msgs/lib/pkgconfig/aruco_opencv_msgs.pc'
[2.487s] Level 1:colcon.colcon_core.environment:checking '/home/utente/Documenti/Magistrale/SecondoAnno/EXP_RO/EXP_Ws/install/aruco_opencv_msgs/lib/python3.12/site-packages'
[2.487s] Level 1:colcon.colcon_core.shell:create_environment_hook('aruco_opencv_msgs', 'pythonpath')
[2.488s] INFO:colcon.colcon_core.shell:Creating environment hook '/home/utente/Documenti/Magistrale/SecondoAnno/EXP_RO/EXP_Ws/install/aruco_opencv_msgs/share/aruco_opencv_msgs/hook/pythonpath.ps1'
[2.489s] INFO:colcon.colcon_core.shell:Creating environment descriptor '/home/utente/Documenti/Magistrale/SecondoAnno/EXP_RO/EXP_Ws/install/aruco_opencv_msgs/share/aruco_opencv_msgs/hook/pythonpath.dsv'
[2.490s] INFO:colcon.colcon_core.shell:Creating environment hook '/home/utente/Documenti/Magistrale/SecondoAnno/EXP_RO/EXP_Ws/install/aruco_opencv_msgs/share/aruco_opencv_msgs/hook/pythonpath.sh'
[2.492s] Level 1:colcon.colcon_core.environment:checking '/home/utente/Documenti/Magistrale/SecondoAnno/EXP_RO/EXP_Ws/install/aruco_opencv_msgs/bin'
[2.492s] INFO:colcon.colcon_core.shell:Creating package script '/home/utente/Documenti/Magistrale/SecondoAnno/EXP_RO/EXP_Ws/install/aruco_opencv_msgs/share/aruco_opencv_msgs/package.ps1'
[2.494s] INFO:colcon.colcon_core.shell:Creating package descriptor '/home/utente/Documenti/Magistrale/SecondoAnno/EXP_RO/EXP_Ws/install/aruco_opencv_msgs/share/aruco_opencv_msgs/package.dsv'
[2.495s] INFO:colcon.colcon_core.shell:Creating package script '/home/utente/Documenti/Magistrale/SecondoAnno/EXP_RO/EXP_Ws/install/aruco_opencv_msgs/share/aruco_opencv_msgs/package.sh'
[2.496s] INFO:colcon.colcon_core.shell:Creating package script '/home/utente/Documenti/Magistrale/SecondoAnno/EXP_RO/EXP_Ws/install/aruco_opencv_msgs/share/aruco_opencv_msgs/package.bash'
[2.497s] INFO:colcon.colcon_core.shell:Creating package script '/home/utente/Documenti/Magistrale/SecondoAnno/EXP_RO/EXP_Ws/install/aruco_opencv_msgs/share/aruco_opencv_msgs/package.zsh'
[2.498s] Level 1:colcon.colcon_core.environment:create_file_with_runtime_dependencies(/home/utente/Documenti/Magistrale/SecondoAnno/EXP_RO/EXP_Ws/install/aruco_opencv_msgs/share/colcon-core/packages/aruco_opencv_msgs)
[2.499s] INFO:colcon.colcon_ros.task.ament_cmake.build:Building ROS package in '/home/utente/Documenti/Magistrale/SecondoAnno/EXP_RO/EXP_Ws/ros_aruco_opencv/aruco_opencv' with build type 'ament_cmake'
[2.500s] INFO:colcon.colcon_cmake.task.cmake.build:Building CMake package in '/home/utente/Documenti/Magistrale/SecondoAnno/EXP_RO/EXP_Ws/ros_aruco_opencv/aruco_opencv'
[2.500s] INFO:colcon.colcon_core.shell:Skip shell extension 'powershell' for command environment: Not usable outside of PowerShell
[2.500s] DEBUG:colcon.colcon_core.shell:Skip shell extension 'dsv' for command environment
[2.529s] DEBUG:colcon.colcon_core.event_handler.log_command:Invoking command in '/home/utente/Documenti/Magistrale/SecondoAnno/EXP_RO/EXP_Ws/build/aruco_opencv': CMAKE_PREFIX_PATH=/home/utente/Documenti/Magistrale/SecondoAnno/EXP_RO/EXP_Ws/install/aruco_opencv_msgs:/home/utente/Documenti/Magistrale/SecondoAnno/EXP_RO/EXP_Ws/install/my_opencv:/home/utente/Documenti/Magistrale/SecondoAnno/EXP_RO/EXP_Ws/install/erl1:/home/utente/Documenti/Magistrale/SecondoAnno/EXP_RO/EXP_Ws/install/bme_gazebo_sensors:/home/utente/Documenti/Magistrale/SecondoAnno/EXP_RO/EXP_Ws/install/aruco_opencv:/opt/ros/jazzy/opt/gz_sim_vendor:/opt/ros/jazzy/opt/gz_sensors_vendor:/opt/ros/jazzy/opt/gz_physics_vendor:/opt/ros/jazzy/opt/sdformat_vendor:/opt/ros/jazzy/opt/gz_gui_vendor:/opt/ros/jazzy/opt/gz_transport_vendor:/opt/ros/jazzy/opt/gz_rendering_vendor:/opt/ros/jazzy/opt/gz_plugin_vendor:/opt/ros/jazzy/opt/gz_fuel_tools_vendor:/opt/ros/jazzy/opt/gz_msgs_vendor:/opt/ros/jazzy/opt/gz_common_vendor:/opt/ros/jazzy/opt/gz_math_vendor:/opt/ros/jazzy/opt/gz_utils_vendor:/opt/ros/jazzy/opt/gz_tools_vendor:/opt/ros/jazzy/opt/gz_ogre_next_vendor:/opt/ros/jazzy/opt/gz_dartsim_vendor:/opt/ros/jazzy/opt/gz_cmake_vendor:/home/utente/Documenti/Magistrale/SecondoAnno/EXP_RO/EXP_Ws/install/brain:/opt/ros/jazzy DEBUGINFOD_URLS=https://debuginfod.ubuntu.com LD_LIBRARY_PATH=/home/utente/Documenti/Magistrale/SecondoAnno/EXP_RO/EXP_Ws/install/aruco_opencv_msgs/lib:/home/utente/Documenti/Magistrale/SecondoAnno/EXP_RO/EXP_Ws/install/aruco_opencv/lib:/opt/ros/jazzy/opt/gz_sim_vendor/lib:/opt/ros/jazzy/opt/gz_sensors_vendor/lib:/opt/ros/jazzy/opt/gz_physics_vendor/lib:/opt/ros/jazzy/opt/sdformat_vendor/lib:/opt/ros/jazzy/opt/rviz_ogre_vendor/lib:/opt/ros/jazzy/lib/x86_64-linux-gnu:/opt/ros/jazzy/opt/gz_gui_vendor/lib:/opt/ros/jazzy/opt/gz_transport_vendor/lib:/opt/ros/jazzy/opt/gz_rendering_vendor/lib:/opt/ros/jazzy/opt/gz_plugin_vendor/lib:/opt/ros/jazzy/opt/gz_fuel_tools_vendor/lib:/opt/ros/jazzy/opt/gz_msgs_vendor/lib:/opt/ros/jazzy/opt/gz_common_vendor/lib:/opt/ros/jazzy/opt/gz_math_vendor/lib:/opt/ros/jazzy/opt/gz_utils_vendor/lib:/opt/ros/jazzy/opt/gz_tools_vendor/lib:/opt/ros/jazzy/opt/gz_ogre_next_vendor/lib:/opt/ros/jazzy/opt/gz_dartsim_vendor/lib:/opt/ros/jazzy/opt/gz_cmake_vendor/lib:/opt/ros/jazzy/lib PYTHONPATH=/home/utente/Documenti/Magistrale/SecondoAnno/EXP_RO/EXP_Ws/install/aruco_opencv_msgs/lib/python3.12/site-packages:/home/utente/Documenti/Magistrale/SecondoAnno/EXP_RO/EXP_Ws/install/brain/lib/python3.12/site-packages:/opt/ros/jazzy/lib/python3.12/site-packages /usr/bin/cmake --build /home/utente/Documenti/Magistrale/SecondoAnno/EXP_RO/EXP_Ws/build/aruco_opencv -- -j8 -l8
[2.583s] DEBUG:colcon.colcon_core.event_handler.log_command:Invoking command in '/home/utente/Documenti/Magistrale/SecondoAnno/EXP_RO/EXP_Ws/src/brain': DEBUGINFOD_URLS=https://debuginfod.ubuntu.com PYTHONPATH=/home/utente/Documenti/Magistrale/SecondoAnno/EXP_RO/EXP_Ws/build/brain/prefix_override:/usr/lib/python3/dist-packages/colcon_core/task/python/colcon_distutils_commands:/home/utente/Documenti/Magistrale/SecondoAnno/EXP_RO/EXP_Ws/install/brain/lib/python3.12/site-packages:${PYTHONPATH} /usr/bin/python3 -W ignore:setup.py install is deprecated -W ignore:easy_install command is deprecated setup.py egg_info --egg-base ../../build/brain build --build-base /home/utente/Documenti/Magistrale/SecondoAnno/EXP_RO/EXP_Ws/build/brain/build install --record /home/utente/Documenti/Magistrale/SecondoAnno/EXP_RO/EXP_Ws/build/brain/install.log --single-version-externally-managed install_data
[2.887s] DEBUG:colcon.colcon_core.event_handler.log_command:Invoked command in '/home/utente/Documenti/Magistrale/SecondoAnno/EXP_RO/EXP_Ws/build/aruco_opencv' returned '0': CMAKE_PREFIX_PATH=/home/utente/Documenti/Magistrale/SecondoAnno/EXP_RO/EXP_Ws/install/aruco_opencv_msgs:/home/utente/Documenti/Magistrale/SecondoAnno/EXP_RO/EXP_Ws/install/my_opencv:/home/utente/Documenti/Magistrale/SecondoAnno/EXP_RO/EXP_Ws/install/erl1:/home/utente/Documenti/Magistrale/SecondoAnno/EXP_RO/EXP_Ws/install/bme_gazebo_sensors:/home/utente/Documenti/Magistrale/SecondoAnno/EXP_RO/EXP_Ws/install/aruco_opencv:/opt/ros/jazzy/opt/gz_sim_vendor:/opt/ros/jazzy/opt/gz_sensors_vendor:/opt/ros/jazzy/opt/gz_physics_vendor:/opt/ros/jazzy/opt/sdformat_vendor:/opt/ros/jazzy/opt/gz_gui_vendor:/opt/ros/jazzy/opt/gz_transport_vendor:/opt/ros/jazzy/opt/gz_rendering_vendor:/opt/ros/jazzy/opt/gz_plugin_vendor:/opt/ros/jazzy/opt/gz_fuel_tools_vendor:/opt/ros/jazzy/opt/gz_msgs_vendor:/opt/ros/jazzy/opt/gz_common_vendor:/opt/ros/jazzy/opt/gz_math_vendor:/opt/ros/jazzy/opt/gz_utils_vendor:/opt/ros/jazzy/opt/gz_tools_vendor:/opt/ros/jazzy/opt/gz_ogre_next_vendor:/opt/ros/jazzy/opt/gz_dartsim_vendor:/opt/ros/jazzy/opt/gz_cmake_vendor:/home/utente/Documenti/Magistrale/SecondoAnno/EXP_RO/EXP_Ws/install/brain:/opt/ros/jazzy DEBUGINFOD_URLS=https://debuginfod.ubuntu.com LD_LIBRARY_PATH=/home/utente/Documenti/Magistrale/SecondoAnno/EXP_RO/EXP_Ws/install/aruco_opencv_msgs/lib:/home/utente/Documenti/Magistrale/SecondoAnno/EXP_RO/EXP_Ws/install/aruco_opencv/lib:/opt/ros/jazzy/opt/gz_sim_vendor/lib:/opt/ros/jazzy/opt/gz_sensors_vendor/lib:/opt/ros/jazzy/opt/gz_physics_vendor/lib:/opt/ros/jazzy/opt/sdformat_vendor/lib:/opt/ros/jazzy/opt/rviz_ogre_vendor/lib:/opt/ros/jazzy/lib/x86_64-linux-gnu:/opt/ros/jazzy/opt/gz_gui_vendor/lib:/opt/ros/jazzy/opt/gz_transport_vendor/lib:/opt/ros/jazzy/opt/gz_rendering_vendor/lib:/opt/ros/jazzy/opt/gz_plugin_vendor/lib:/opt/ros/jazzy/opt/gz_fuel_tools_vendor/lib:/opt/ros/jazzy/opt/gz_msgs_vendor/lib:/opt/ros/jazzy/opt/gz_common_vendor/lib:/opt/ros/jazzy/opt/gz_math_vendor/lib:/opt/ros/jazzy/opt/gz_utils_vendor/lib:/opt/ros/jazzy/opt/gz_tools_vendor/lib:/opt/ros/jazzy/opt/gz_ogre_next_vendor/lib:/opt/ros/jazzy/opt/gz_dartsim_vendor/lib:/opt/ros/jazzy/opt/gz_cmake_vendor/lib:/opt/ros/jazzy/lib PYTHONPATH=/home/utente/Documenti/Magistrale/SecondoAnno/EXP_RO/EXP_Ws/install/aruco_opencv_msgs/lib/python3.12/site-packages:/home/utente/Documenti/Magistrale/SecondoAnno/EXP_RO/EXP_Ws/install/brain/lib/python3.12/site-packages:/opt/ros/jazzy/lib/python3.12/site-packages /usr/bin/cmake --build /home/utente/Documenti/Magistrale/SecondoAnno/EXP_RO/EXP_Ws/build/aruco_opencv -- -j8 -l8
[2.888s] DEBUG:colcon.colcon_core.event_handler.log_command:Invoking command in '/home/utente/Documenti/Magistrale/SecondoAnno/EXP_RO/EXP_Ws/build/aruco_opencv': CMAKE_PREFIX_PATH=/home/utente/Documenti/Magistrale/SecondoAnno/EXP_RO/EXP_Ws/install/aruco_opencv_msgs:/home/utente/Documenti/Magistrale/SecondoAnno/EXP_RO/EXP_Ws/install/my_opencv:/home/utente/Documenti/Magistrale/SecondoAnno/EXP_RO/EXP_Ws/install/erl1:/home/utente/Documenti/Magistrale/SecondoAnno/EXP_RO/EXP_Ws/install/bme_gazebo_sensors:/home/utente/Documenti/Magistrale/SecondoAnno/EXP_RO/EXP_Ws/install/aruco_opencv:/opt/ros/jazzy/opt/gz_sim_vendor:/opt/ros/jazzy/opt/gz_sensors_vendor:/opt/ros/jazzy/opt/gz_physics_vendor:/opt/ros/jazzy/opt/sdformat_vendor:/opt/ros/jazzy/opt/gz_gui_vendor:/opt/ros/jazzy/opt/gz_transport_vendor:/opt/ros/jazzy/opt/gz_rendering_vendor:/opt/ros/jazzy/opt/gz_plugin_vendor:/opt/ros/jazzy/opt/gz_fuel_tools_vendor:/opt/ros/jazzy/opt/gz_msgs_vendor:/opt/ros/jazzy/opt/gz_common_vendor:/opt/ros/jazzy/opt/gz_math_vendor:/opt/ros/jazzy/opt/gz_utils_vendor:/opt/ros/jazzy/opt/gz_tools_vendor:/opt/ros/jazzy/opt/gz_ogre_next_vendor:/opt/ros/jazzy/opt/gz_dartsim_vendor:/opt/ros/jazzy/opt/gz_cmake_vendor:/home/utente/Documenti/Magistrale/SecondoAnno/EXP_RO/EXP_Ws/install/brain:/opt/ros/jazzy DEBUGINFOD_URLS=https://debuginfod.ubuntu.com LD_LIBRARY_PATH=/home/utente/Documenti/Magistrale/SecondoAnno/EXP_RO/EXP_Ws/install/aruco_opencv_msgs/lib:/home/utente/Documenti/Magistrale/SecondoAnno/EXP_RO/EXP_Ws/install/aruco_opencv/lib:/opt/ros/jazzy/opt/gz_sim_vendor/lib:/opt/ros/jazzy/opt/gz_sensors_vendor/lib:/opt/ros/jazzy/opt/gz_physics_vendor/lib:/opt/ros/jazzy/opt/sdformat_vendor/lib:/opt/ros/jazzy/opt/rviz_ogre_vendor/lib:/opt/ros/jazzy/lib/x86_64-linux-gnu:/opt/ros/jazzy/opt/gz_gui_vendor/lib:/opt/ros/jazzy/opt/gz_transport_vendor/lib:/opt/ros/jazzy/opt/gz_rendering_vendor/lib:/opt/ros/jazzy/opt/gz_plugin_vendor/lib:/opt/ros/jazzy/opt/gz_fuel_tools_vendor/lib:/opt/ros/jazzy/opt/gz_msgs_vendor/lib:/opt/ros/jazzy/opt/gz_common_vendor/lib:/opt/ros/jazzy/opt/gz_math_vendor/lib:/opt/ros/jazzy/opt/gz_utils_vendor/lib:/opt/ros/jazzy/opt/gz_tools_vendor/lib:/opt/ros/jazzy/opt/gz_ogre_next_vendor/lib:/opt/ros/jazzy/opt/gz_dartsim_vendor/lib:/opt/ros/jazzy/opt/gz_cmake_vendor/lib:/opt/ros/jazzy/lib PYTHONPATH=/home/utente/Documenti/Magistrale/SecondoAnno/EXP_RO/EXP_Ws/install/aruco_opencv_msgs/lib/python3.12/site-packages:/home/utente/Documenti/Magistrale/SecondoAnno/EXP_RO/EXP_Ws/install/brain/lib/python3.12/site-packages:/opt/ros/jazzy/lib/python3.12/site-packages /usr/bin/cmake --install /home/utente/Documenti/Magistrale/SecondoAnno/EXP_RO/EXP_Ws/build/aruco_opencv
[2.920s] Level 1:colcon.colcon_core.environment:create_environment_scripts_only(aruco_opencv)
[2.921s] Level 1:colcon.colcon_core.environment:checking '/home/utente/Documenti/Magistrale/SecondoAnno/EXP_RO/EXP_Ws/install/aruco_opencv' for CMake module files
[2.922s] DEBUG:colcon.colcon_core.event_handler.log_command:Invoked command in '/home/utente/Documenti/Magistrale/SecondoAnno/EXP_RO/EXP_Ws/build/aruco_opencv' returned '0': CMAKE_PREFIX_PATH=/home/utente/Documenti/Magistrale/SecondoAnno/EXP_RO/EXP_Ws/install/aruco_opencv_msgs:/home/utente/Documenti/Magistrale/SecondoAnno/EXP_RO/EXP_Ws/install/my_opencv:/home/utente/Documenti/Magistrale/SecondoAnno/EXP_RO/EXP_Ws/install/erl1:/home/utente/Documenti/Magistrale/SecondoAnno/EXP_RO/EXP_Ws/install/bme_gazebo_sensors:/home/utente/Documenti/Magistrale/SecondoAnno/EXP_RO/EXP_Ws/install/aruco_opencv:/opt/ros/jazzy/opt/gz_sim_vendor:/opt/ros/jazzy/opt/gz_sensors_vendor:/opt/ros/jazzy/opt/gz_physics_vendor:/opt/ros/jazzy/opt/sdformat_vendor:/opt/ros/jazzy/opt/gz_gui_vendor:/opt/ros/jazzy/opt/gz_transport_vendor:/opt/ros/jazzy/opt/gz_rendering_vendor:/opt/ros/jazzy/opt/gz_plugin_vendor:/opt/ros/jazzy/opt/gz_fuel_tools_vendor:/opt/ros/jazzy/opt/gz_msgs_vendor:/opt/ros/jazzy/opt/gz_common_vendor:/opt/ros/jazzy/opt/gz_math_vendor:/opt/ros/jazzy/opt/gz_utils_vendor:/opt/ros/jazzy/opt/gz_tools_vendor:/opt/ros/jazzy/opt/gz_ogre_next_vendor:/opt/ros/jazzy/opt/gz_dartsim_vendor:/opt/ros/jazzy/opt/gz_cmake_vendor:/home/utente/Documenti/Magistrale/SecondoAnno/EXP_RO/EXP_Ws/install/brain:/opt/ros/jazzy DEBUGINFOD_URLS=https://debuginfod.ubuntu.com LD_LIBRARY_PATH=/home/utente/Documenti/Magistrale/SecondoAnno/EXP_RO/EXP_Ws/install/aruco_opencv_msgs/lib:/home/utente/Documenti/Magistrale/SecondoAnno/EXP_RO/EXP_Ws/install/aruco_opencv/lib:/opt/ros/jazzy/opt/gz_sim_vendor/lib:/opt/ros/jazzy/opt/gz_sensors_vendor/lib:/opt/ros/jazzy/opt/gz_physics_vendor/lib:/opt/ros/jazzy/opt/sdformat_vendor/lib:/opt/ros/jazzy/opt/rviz_ogre_vendor/lib:/opt/ros/jazzy/lib/x86_64-linux-gnu:/opt/ros/jazzy/opt/gz_gui_vendor/lib:/opt/ros/jazzy/opt/gz_transport_vendor/lib:/opt/ros/jazzy/opt/gz_rendering_vendor/lib:/opt/ros/jazzy/opt/gz_plugin_vendor/lib:/opt/ros/jazzy/opt/gz_fuel_tools_vendor/lib:/opt/ros/jazzy/opt/gz_msgs_vendor/lib:/opt/ros/jazzy/opt/gz_common_vendor/lib:/opt/ros/jazzy/opt/gz_math_vendor/lib:/opt/ros/jazzy/opt/gz_utils_vendor/lib:/opt/ros/jazzy/opt/gz_tools_vendor/lib:/opt/ros/jazzy/opt/gz_ogre_next_vendor/lib:/opt/ros/jazzy/opt/gz_dartsim_vendor/lib:/opt/ros/jazzy/opt/gz_cmake_vendor/lib:/opt/ros/jazzy/lib PYTHONPATH=/home/utente/Documenti/Magistrale/SecondoAnno/EXP_RO/EXP_Ws/install/aruco_opencv_msgs/lib/python3.12/site-packages:/home/utente/Documenti/Magistrale/SecondoAnno/EXP_RO/EXP_Ws/install/brain/lib/python3.12/site-packages:/opt/ros/jazzy/lib/python3.12/site-packages /usr/bin/cmake --install /home/utente/Documenti/Magistrale/SecondoAnno/EXP_RO/EXP_Ws/build/aruco_opencv
[2.924s] Level 1:colcon.colcon_core.environment:checking '/home/utente/Documenti/Magistrale/SecondoAnno/EXP_RO/EXP_Ws/install/aruco_opencv' for CMake config files
[2.924s] Level 1:colcon.colcon_core.shell:create_environment_hook('aruco_opencv', 'cmake_prefix_path')
[2.925s] INFO:colcon.colcon_core.shell:Creating environment hook '/home/utente/Documenti/Magistrale/SecondoAnno/EXP_RO/EXP_Ws/install/aruco_opencv/share/aruco_opencv/hook/cmake_prefix_path.ps1'
[2.926s] INFO:colcon.colcon_core.shell:Creating environment descriptor '/home/utente/Documenti/Magistrale/SecondoAnno/EXP_RO/EXP_Ws/install/aruco_opencv/share/aruco_opencv/hook/cmake_prefix_path.dsv'
[2.927s] INFO:colcon.colcon_core.shell:Creating environment hook '/home/utente/Documenti/Magistrale/SecondoAnno/EXP_RO/EXP_Ws/install/aruco_opencv/share/aruco_opencv/hook/cmake_prefix_path.sh'
[2.928s] Level 1:colcon.colcon_core.environment:checking '/home/utente/Documenti/Magistrale/SecondoAnno/EXP_RO/EXP_Ws/install/aruco_opencv/lib'
[2.928s] Level 1:colcon.colcon_core.shell:create_environment_hook('aruco_opencv', 'ld_library_path_lib')
[2.929s] INFO:colcon.colcon_core.shell:Creating environment hook '/home/utente/Documenti/Magistrale/SecondoAnno/EXP_RO/EXP_Ws/install/aruco_opencv/share/aruco_opencv/hook/ld_library_path_lib.ps1'
[2.929s] INFO:colcon.colcon_core.shell:Creating environment descriptor '/home/utente/Documenti/Magistrale/SecondoAnno/EXP_RO/EXP_Ws/install/aruco_opencv/share/aruco_opencv/hook/ld_library_path_lib.dsv'
[2.930s] INFO:colcon.colcon_core.shell:Creating environment hook '/home/utente/Documenti/Magistrale/SecondoAnno/EXP_RO/EXP_Ws/install/aruco_opencv/share/aruco_opencv/hook/ld_library_path_lib.sh'
[2.931s] Level 1:colcon.colcon_core.environment:checking '/home/utente/Documenti/Magistrale/SecondoAnno/EXP_RO/EXP_Ws/install/aruco_opencv/bin'
[2.933s] Level 1:colcon.colcon_core.environment:checking '/home/utente/Documenti/Magistrale/SecondoAnno/EXP_RO/EXP_Ws/install/aruco_opencv/lib/pkgconfig/aruco_opencv.pc'
[2.934s] Level 1:colcon.colcon_core.environment:checking '/home/utente/Documenti/Magistrale/SecondoAnno/EXP_RO/EXP_Ws/install/aruco_opencv/lib/python3.12/site-packages'
[2.936s] Level 1:colcon.colcon_core.environment:checking '/home/utente/Documenti/Magistrale/SecondoAnno/EXP_RO/EXP_Ws/install/aruco_opencv/bin'
[2.938s] INFO:colcon.colcon_core.shell:Creating package script '/home/utente/Documenti/Magistrale/SecondoAnno/EXP_RO/EXP_Ws/install/aruco_opencv/share/aruco_opencv/package.ps1'
[2.940s] INFO:colcon.colcon_core.shell:Creating package descriptor '/home/utente/Documenti/Magistrale/SecondoAnno/EXP_RO/EXP_Ws/install/aruco_opencv/share/aruco_opencv/package.dsv'
[2.942s] INFO:colcon.colcon_core.shell:Creating package script '/home/utente/Documenti/Magistrale/SecondoAnno/EXP_RO/EXP_Ws/install/aruco_opencv/share/aruco_opencv/package.sh'
[2.943s] INFO:colcon.colcon_core.shell:Creating package script '/home/utente/Documenti/Magistrale/SecondoAnno/EXP_RO/EXP_Ws/install/aruco_opencv/share/aruco_opencv/package.bash'
[2.944s] INFO:colcon.colcon_core.shell:Creating package script '/home/utente/Documenti/Magistrale/SecondoAnno/EXP_RO/EXP_Ws/install/aruco_opencv/share/aruco_opencv/package.zsh'
[2.945s] Level 1:colcon.colcon_core.environment:create_file_with_runtime_dependencies(/home/utente/Documenti/Magistrale/SecondoAnno/EXP_RO/EXP_Ws/install/aruco_opencv/share/colcon-core/packages/aruco_opencv)
[2.948s] Level 1:colcon.colcon_core.environment:create_environment_scripts_only(aruco_opencv)
[2.948s] Level 1:colcon.colcon_core.environment:checking '/home/utente/Documenti/Magistrale/SecondoAnno/EXP_RO/EXP_Ws/install/aruco_opencv' for CMake module files
[2.950s] Level 1:colcon.colcon_core.environment:checking '/home/utente/Documenti/Magistrale/SecondoAnno/EXP_RO/EXP_Ws/install/aruco_opencv' for CMake config files
[2.951s] Level 1:colcon.colcon_core.shell:create_environment_hook('aruco_opencv', 'cmake_prefix_path')
[2.952s] INFO:colcon.colcon_core.shell:Creating environment hook '/home/utente/Documenti/Magistrale/SecondoAnno/EXP_RO/EXP_Ws/install/aruco_opencv/share/aruco_opencv/hook/cmake_prefix_path.ps1'
[2.954s] INFO:colcon.colcon_core.shell:Creating environment descriptor '/home/utente/Documenti/Magistrale/SecondoAnno/EXP_RO/EXP_Ws/install/aruco_opencv/share/aruco_opencv/hook/cmake_prefix_path.dsv'
[2.955s] INFO:colcon.colcon_core.shell:Creating environment hook '/home/utente/Documenti/Magistrale/SecondoAnno/EXP_RO/EXP_Ws/install/aruco_opencv/share/aruco_opencv/hook/cmake_prefix_path.sh'
[2.957s] Level 1:colcon.colcon_core.environment:checking '/home/utente/Documenti/Magistrale/SecondoAnno/EXP_RO/EXP_Ws/install/aruco_opencv/lib'
[2.957s] Level 1:colcon.colcon_core.shell:create_environment_hook('aruco_opencv', 'ld_library_path_lib')
[2.958s] INFO:colcon.colcon_core.shell:Creating environment hook '/home/utente/Documenti/Magistrale/SecondoAnno/EXP_RO/EXP_Ws/install/aruco_opencv/share/aruco_opencv/hook/ld_library_path_lib.ps1'
[2.959s] INFO:colcon.colcon_core.shell:Creating environment descriptor '/home/utente/Documenti/Magistrale/SecondoAnno/EXP_RO/EXP_Ws/install/aruco_opencv/share/aruco_opencv/hook/ld_library_path_lib.dsv'
[2.960s] INFO:colcon.colcon_core.shell:Creating environment hook '/home/utente/Documenti/Magistrale/SecondoAnno/EXP_RO/EXP_Ws/install/aruco_opencv/share/aruco_opencv/hook/ld_library_path_lib.sh'
[2.962s] Level 1:colcon.colcon_core.environment:checking '/home/utente/Documenti/Magistrale/SecondoAnno/EXP_RO/EXP_Ws/install/aruco_opencv/bin'
[2.962s] Level 1:colcon.colcon_core.environment:checking '/home/utente/Documenti/Magistrale/SecondoAnno/EXP_RO/EXP_Ws/install/aruco_opencv/lib/pkgconfig/aruco_opencv.pc'
[2.963s] Level 1:colcon.colcon_core.environment:checking '/home/utente/Documenti/Magistrale/SecondoAnno/EXP_RO/EXP_Ws/install/aruco_opencv/lib/python3.12/site-packages'
[2.964s] Level 1:colcon.colcon_core.environment:checking '/home/utente/Documenti/Magistrale/SecondoAnno/EXP_RO/EXP_Ws/install/aruco_opencv/bin'
[2.965s] INFO:colcon.colcon_core.shell:Creating package script '/home/utente/Documenti/Magistrale/SecondoAnno/EXP_RO/EXP_Ws/install/aruco_opencv/share/aruco_opencv/package.ps1'
[2.966s] INFO:colcon.colcon_core.shell:Creating package descriptor '/home/utente/Documenti/Magistrale/SecondoAnno/EXP_RO/EXP_Ws/install/aruco_opencv/share/aruco_opencv/package.dsv'
[2.968s] INFO:colcon.colcon_core.shell:Creating package script '/home/utente/Documenti/Magistrale/SecondoAnno/EXP_RO/EXP_Ws/install/aruco_opencv/share/aruco_opencv/package.sh'
[2.969s] INFO:colcon.colcon_core.shell:Creating package script '/home/utente/Documenti/Magistrale/SecondoAnno/EXP_RO/EXP_Ws/install/aruco_opencv/share/aruco_opencv/package.bash'
[2.970s] INFO:colcon.colcon_core.shell:Creating package script '/home/utente/Documenti/Magistrale/SecondoAnno/EXP_RO/EXP_Ws/install/aruco_opencv/share/aruco_opencv/package.zsh'
[2.971s] Level 1:colcon.colcon_core.environment:create_file_with_runtime_dependencies(/home/utente/Documenti/Magistrale/SecondoAnno/EXP_RO/EXP_Ws/install/aruco_opencv/share/colcon-core/packages/aruco_opencv)
[4.047s] Level 1:colcon.colcon_core.environment:checking '/home/utente/Documenti/Magistrale/SecondoAnno/EXP_RO/EXP_Ws/install/brain' for CMake module files
[4.048s] DEBUG:colcon.colcon_core.event_handler.log_command:Invoked command in '/home/utente/Documenti/Magistrale/SecondoAnno/EXP_RO/EXP_Ws/src/brain' returned '0': DEBUGINFOD_URLS=https://debuginfod.ubuntu.com PYTHONPATH=/home/utente/Documenti/Magistrale/SecondoAnno/EXP_RO/EXP_Ws/build/brain/prefix_override:/usr/lib/python3/dist-packages/colcon_core/task/python/colcon_distutils_commands:/home/utente/Documenti/Magistrale/SecondoAnno/EXP_RO/EXP_Ws/install/brain/lib/python3.12/site-packages:${PYTHONPATH} /usr/bin/python3 -W ignore:setup.py install is deprecated -W ignore:easy_install command is deprecated setup.py egg_info --egg-base ../../build/brain build --build-base /home/utente/Documenti/Magistrale/SecondoAnno/EXP_RO/EXP_Ws/build/brain/build install --record /home/utente/Documenti/Magistrale/SecondoAnno/EXP_RO/EXP_Ws/build/brain/install.log --single-version-externally-managed install_data
[4.050s] Level 1:colcon.colcon_core.environment:checking '/home/utente/Documenti/Magistrale/SecondoAnno/EXP_RO/EXP_Ws/install/brain' for CMake config files
[4.051s] Level 1:colcon.colcon_core.environment:checking '/home/utente/Documenti/Magistrale/SecondoAnno/EXP_RO/EXP_Ws/install/brain/lib'
[4.051s] Level 1:colcon.colcon_core.environment:checking '/home/utente/Documenti/Magistrale/SecondoAnno/EXP_RO/EXP_Ws/install/brain/bin'
[4.051s] Level 1:colcon.colcon_core.environment:checking '/home/utente/Documenti/Magistrale/SecondoAnno/EXP_RO/EXP_Ws/install/brain/lib/pkgconfig/brain.pc'
[4.052s] Level 1:colcon.colcon_core.environment:checking '/home/utente/Documenti/Magistrale/SecondoAnno/EXP_RO/EXP_Ws/install/brain/lib/python3.12/site-packages'
[4.052s] Level 1:colcon.colcon_core.shell:create_environment_hook('brain', 'pythonpath')
[4.053s] INFO:colcon.colcon_core.shell:Creating environment hook '/home/utente/Documenti/Magistrale/SecondoAnno/EXP_RO/EXP_Ws/install/brain/share/brain/hook/pythonpath.ps1'
[4.054s] INFO:colcon.colcon_core.shell:Creating environment descriptor '/home/utente/Documenti/Magistrale/SecondoAnno/EXP_RO/EXP_Ws/install/brain/share/brain/hook/pythonpath.dsv'
[4.054s] INFO:colcon.colcon_core.shell:Creating environment hook '/home/utente/Documenti/Magistrale/SecondoAnno/EXP_RO/EXP_Ws/install/brain/share/brain/hook/pythonpath.sh'
[4.056s] Level 1:colcon.colcon_core.environment:checking '/home/utente/Documenti/Magistrale/SecondoAnno/EXP_RO/EXP_Ws/install/brain/bin'
[4.056s] Level 1:colcon.colcon_core.environment:create_environment_scripts_only(brain)
[4.057s] INFO:colcon.colcon_core.shell:Creating package script '/home/utente/Documenti/Magistrale/SecondoAnno/EXP_RO/EXP_Ws/install/brain/share/brain/package.ps1'
[4.058s] INFO:colcon.colcon_core.shell:Creating package descriptor '/home/utente/Documenti/Magistrale/SecondoAnno/EXP_RO/EXP_Ws/install/brain/share/brain/package.dsv'
[4.059s] INFO:colcon.colcon_core.shell:Creating package script '/home/utente/Documenti/Magistrale/SecondoAnno/EXP_RO/EXP_Ws/install/brain/share/brain/package.sh'
[4.060s] INFO:colcon.colcon_core.shell:Creating package script '/home/utente/Documenti/Magistrale/SecondoAnno/EXP_RO/EXP_Ws/install/brain/share/brain/package.bash'
[4.060s] INFO:colcon.colcon_core.shell:Creating package script '/home/utente/Documenti/Magistrale/SecondoAnno/EXP_RO/EXP_Ws/install/brain/share/brain/package.zsh'
[4.061s] Level 1:colcon.colcon_core.environment:create_file_with_runtime_dependencies(/home/utente/Documenti/Magistrale/SecondoAnno/EXP_RO/EXP_Ws/install/brain/share/colcon-core/packages/brain)
[4.061s] DEBUG:colcon.colcon_parallel_executor.executor.parallel:closing loop
[4.062s] DEBUG:colcon.colcon_parallel_executor.executor.parallel:loop closed
[4.062s] DEBUG:colcon.colcon_parallel_executor.executor.parallel:run_until_complete finished with '0'
[4.063s] DEBUG:colcon.colcon_core.event_reactor:joining thread
[4.080s] INFO:colcon.colcon_core.plugin_system:Skipping extension 'colcon_notification.desktop_notification.terminal_notifier': Not used on non-Darwin systems
[4.080s] INFO:colcon.colcon_core.plugin_system:Skipping extension 'colcon_notification.desktop_notification.win32': Not used on non-Windows systems
[4.080s] INFO:colcon.colcon_notification.desktop_notification:Sending desktop notification using 'notify2'
[4.117s] DEBUG:colcon.colcon_core.event_reactor:joined thread
[4.118s] INFO:colcon.colcon_core.shell:Creating prefix script '/home/utente/Documenti/Magistrale/SecondoAnno/EXP_RO/EXP_Ws/install/local_setup.ps1'
[4.120s] INFO:colcon.colcon_core.shell:Creating prefix util module '/home/utente/Documenti/Magistrale/SecondoAnno/EXP_RO/EXP_Ws/install/_local_setup_util_ps1.py'
[4.123s] INFO:colcon.colcon_core.shell:Creating prefix chain script '/home/utente/Documenti/Magistrale/SecondoAnno/EXP_RO/EXP_Ws/install/setup.ps1'
[4.125s] INFO:colcon.colcon_core.shell:Creating prefix script '/home/utente/Documenti/Magistrale/SecondoAnno/EXP_RO/EXP_Ws/install/local_setup.sh'
[4.126s] INFO:colcon.colcon_core.shell:Creating prefix util module '/home/utente/Documenti/Magistrale/SecondoAnno/EXP_RO/EXP_Ws/install/_local_setup_util_sh.py'
[4.128s] INFO:colcon.colcon_core.shell:Creating prefix chain script '/home/utente/Documenti/Magistrale/SecondoAnno/EXP_RO/EXP_Ws/install/setup.sh'
[4.132s] INFO:colcon.colcon_core.shell:Creating prefix script '/home/utente/Documenti/Magistrale/SecondoAnno/EXP_RO/EXP_Ws/install/local_setup.bash'
[4.134s] INFO:colcon.colcon_core.shell:Creating prefix chain script '/home/utente/Documenti/Magistrale/SecondoAnno/EXP_RO/EXP_Ws/install/setup.bash'
[4.138s] INFO:colcon.colcon_core.shell:Creating prefix script '/home/utente/Documenti/Magistrale/SecondoAnno/EXP_RO/EXP_Ws/install/local_setup.zsh'
[4.139s] INFO:colcon.colcon_core.shell:Creating prefix chain script '/home/utente/Documenti/Magistrale/SecondoAnno/EXP_RO/EXP_Ws/install/setup.zsh'
