[0.176s] DEBUG:colcon:Command line arguments: ['/usr/bin/colcon', 'build']
[0.176s] DEBUG:colcon:Parsed command line arguments: Namespace(log_base=None, log_level=None, verb_name='build', build_base='build', install_base='install', merge_install=False, symlink_install=False, test_result_base=None, continue_on_error=False, executor='parallel', parallel_workers=8, event_handlers=None, ignore_user_meta=False, metas=['./colcon.meta'], base_paths=['.'], packages_ignore=None, packages_ignore_regex=None, paths=None, packages_up_to=None, packages_up_to_regex=None, packages_above=None, packages_above_and_dependencies=None, packages_above_depth=None, packages_select_by_dep=None, packages_skip_by_dep=None, packages_skip_up_to=None, packages_select_build_failed=False, packages_skip_build_finished=False, packages_select_test_failures=False, packages_skip_test_passed=False, packages_select=None, packages_skip=None, packages_select_regex=None, packages_skip_regex=None, packages_start=None, packages_end=None, allow_overriding=[], cmake_args=None, cmake_target=None, cmake_target_skip_unavailable=False, cmake_clean_cache=False, cmake_clean_first=False, cmake_force_configure=False, ament_cmake_args=None, catkin_cmake_args=None, catkin_skip_building_tests=False, mixin_files=None, mixin=None, verb_parser=<colcon_mixin.mixin.mixin_argument.MixinArgumentDecorator object at 0x71141ac8fda0>, verb_extension=<colcon_core.verb.build.BuildVerb object at 0x71141ac8f9e0>, main=<bound method BuildVerb.main of <colcon_core.verb.build.BuildVerb object at 0x71141ac8f9e0>>, mixin_verb=('build',))
[0.237s] Level 1:colcon.colcon_core.package_discovery:discover_packages(colcon_meta) check parameters
[0.237s] Level 1:colcon.colcon_core.package_discovery:discover_packages(recursive) check parameters
[0.237s] Level 1:colcon.colcon_core.package_discovery:discover_packages(ignore) check parameters
[0.238s] Level 1:colcon.colcon_core.package_discovery:discover_packages(path) check parameters
[0.238s] Level 1:colcon.colcon_core.package_discovery:discover_packages(colcon_meta) discover
[0.238s] Level 1:colcon.colcon_core.package_discovery:discover_packages(recursive) discover
[0.238s] INFO:colcon.colcon_core.package_discovery:Crawling recursively for packages in '/home/utente/Documenti/Magistrale/SecondoAnno/EXP_RO/EXP_Ws'
[0.238s] Level 1:colcon.colcon_core.package_identification:_identify(.) by extensions ['ignore', 'ignore_ament_install']
[0.238s] Level 1:colcon.colcon_core.package_identification:_identify(.) by extension 'ignore'
[0.238s] Level 1:colcon.colcon_core.package_identification:_identify(.) by extension 'ignore_ament_install'
[0.238s] Level 1:colcon.colcon_core.package_identification:_identify(.) by extensions ['colcon_pkg']
[0.238s] Level 1:colcon.colcon_core.package_identification:_identify(.) by extension 'colcon_pkg'
[0.238s] Level 1:colcon.colcon_core.package_identification:_identify(.) by extensions ['colcon_meta']
[0.238s] Level 1:colcon.colcon_core.package_identification:_identify(.) by extension 'colcon_meta'
[0.238s] Level 1:colcon.colcon_core.package_identification:_identify(.) by extensions ['ros']
[0.238s] Level 1:colcon.colcon_core.package_identification:_identify(.) by extension 'ros'
[0.282s] Level 1:colcon.colcon_core.package_identification:_identify(.) by extensions ['cmake', 'python']
[0.283s] Level 1:colcon.colcon_core.package_identification:_identify(.) by extension 'cmake'
[0.283s] Level 1:colcon.colcon_core.package_identification:_identify(.) by extension 'python'
[0.283s] Level 1:colcon.colcon_core.package_identification:_identify(.) by extensions ['python_setup_py']
[0.283s] Level 1:colcon.colcon_core.package_identification:_identify(.) by extension 'python_setup_py'
[0.283s] Level 1:colcon.colcon_core.package_identification:_identify(build) by extensions ['ignore', 'ignore_ament_install']
[0.283s] Level 1:colcon.colcon_core.package_identification:_identify(build) by extension 'ignore'
[0.283s] Level 1:colcon.colcon_core.package_identification:_identify(build) ignored
[0.283s] Level 1:colcon.colcon_core.package_identification:_identify(install) by extensions ['ignore', 'ignore_ament_install']
[0.284s] Level 1:colcon.colcon_core.package_identification:_identify(install) by extension 'ignore'
[0.284s] Level 1:colcon.colcon_core.package_identification:_identify(install) ignored
[0.284s] Level 1:colcon.colcon_core.package_identification:_identify(log) by extensions ['ignore', 'ignore_ament_install']
[0.284s] Level 1:colcon.colcon_core.package_identification:_identify(log) by extension 'ignore'
[0.284s] Level 1:colcon.colcon_core.package_identification:_identify(log) ignored
[0.284s] Level 1:colcon.colcon_core.package_identification:_identify(ros_aruco_opencv) by extensions ['ignore', 'ignore_ament_install']
[0.284s] Level 1:colcon.colcon_core.package_identification:_identify(ros_aruco_opencv) by extension 'ignore'
[0.284s] Level 1:colcon.colcon_core.package_identification:_identify(ros_aruco_opencv) by extension 'ignore_ament_install'
[0.284s] Level 1:colcon.colcon_core.package_identification:_identify(ros_aruco_opencv) by extensions ['colcon_pkg']
[0.284s] Level 1:colcon.colcon_core.package_identification:_identify(ros_aruco_opencv) by extension 'colcon_pkg'
[0.284s] Level 1:colcon.colcon_core.package_identification:_identify(ros_aruco_opencv) by extensions ['colcon_meta']
[0.284s] Level 1:colcon.colcon_core.package_identification:_identify(ros_aruco_opencv) by extension 'colcon_meta'
[0.284s] Level 1:colcon.colcon_core.package_identification:_identify(ros_aruco_opencv) by extensions ['ros']
[0.284s] Level 1:colcon.colcon_core.package_identification:_identify(ros_aruco_opencv) by extension 'ros'
[0.285s] Level 1:colcon.colcon_core.package_identification:_identify(ros_aruco_opencv) by extensions ['cmake', 'python']
[0.285s] Level 1:colcon.colcon_core.package_identification:_identify(ros_aruco_opencv) by extension 'cmake'
[0.285s] Level 1:colcon.colcon_core.package_identification:_identify(ros_aruco_opencv) by extension 'python'
[0.285s] Level 1:colcon.colcon_core.package_identification:_identify(ros_aruco_opencv) by extensions ['python_setup_py']
[0.285s] Level 1:colcon.colcon_core.package_identification:_identify(ros_aruco_opencv) by extension 'python_setup_py'
[0.285s] Level 1:colcon.colcon_core.package_identification:_identify(ros_aruco_opencv/aruco_opencv) by extensions ['ignore', 'ignore_ament_install']
[0.285s] Level 1:colcon.colcon_core.package_identification:_identify(ros_aruco_opencv/aruco_opencv) by extension 'ignore'
[0.285s] Level 1:colcon.colcon_core.package_identification:_identify(ros_aruco_opencv/aruco_opencv) by extension 'ignore_ament_install'
[0.285s] Level 1:colcon.colcon_core.package_identification:_identify(ros_aruco_opencv/aruco_opencv) by extensions ['colcon_pkg']
[0.285s] Level 1:colcon.colcon_core.package_identification:_identify(ros_aruco_opencv/aruco_opencv) by extension 'colcon_pkg'
[0.285s] Level 1:colcon.colcon_core.package_identification:_identify(ros_aruco_opencv/aruco_opencv) by extensions ['colcon_meta']
[0.285s] Level 1:colcon.colcon_core.package_identification:_identify(ros_aruco_opencv/aruco_opencv) by extension 'colcon_meta'
[0.285s] Level 1:colcon.colcon_core.package_identification:_identify(ros_aruco_opencv/aruco_opencv) by extensions ['ros']
[0.285s] Level 1:colcon.colcon_core.package_identification:_identify(ros_aruco_opencv/aruco_opencv) by extension 'ros'
[0.289s] DEBUG:colcon.colcon_core.package_identification:Package 'ros_aruco_opencv/aruco_opencv' with type 'ros.ament_cmake' and name 'aruco_opencv'
[0.289s] Level 1:colcon.colcon_core.package_identification:_identify(ros_aruco_opencv/aruco_opencv_msgs) by extensions ['ignore', 'ignore_ament_install']
[0.289s] Level 1:colcon.colcon_core.package_identification:_identify(ros_aruco_opencv/aruco_opencv_msgs) by extension 'ignore'
[0.289s] Level 1:colcon.colcon_core.package_identification:_identify(ros_aruco_opencv/aruco_opencv_msgs) by extension 'ignore_ament_install'
[0.289s] Level 1:colcon.colcon_core.package_identification:_identify(ros_aruco_opencv/aruco_opencv_msgs) by extensions ['colcon_pkg']
[0.289s] Level 1:colcon.colcon_core.package_identification:_identify(ros_aruco_opencv/aruco_opencv_msgs) by extension 'colcon_pkg'
[0.290s] Level 1:colcon.colcon_core.package_identification:_identify(ros_aruco_opencv/aruco_opencv_msgs) by extensions ['colcon_meta']
[0.290s] Level 1:colcon.colcon_core.package_identification:_identify(ros_aruco_opencv/aruco_opencv_msgs) by extension 'colcon_meta'
[0.290s] Level 1:colcon.colcon_core.package_identification:_identify(ros_aruco_opencv/aruco_opencv_msgs) by extensions ['ros']
[0.290s] Level 1:colcon.colcon_core.package_identification:_identify(ros_aruco_opencv/aruco_opencv_msgs) by extension 'ros'
[0.291s] DEBUG:colcon.colcon_core.package_identification:Package 'ros_aruco_opencv/aruco_opencv_msgs' with type 'ros.ament_cmake' and name 'aruco_opencv_msgs'
[0.291s] Level 1:colcon.colcon_core.package_identification:_identify(src) by extensions ['ignore', 'ignore_ament_install']
[0.291s] Level 1:colcon.colcon_core.package_identification:_identify(src) by extension 'ignore'
[0.291s] Level 1:colcon.colcon_core.package_identification:_identify(src) by extension 'ignore_ament_install'
[0.291s] Level 1:colcon.colcon_core.package_identification:_identify(src) by extensions ['colcon_pkg']
[0.291s] Level 1:colcon.colcon_core.package_identification:_identify(src) by extension 'colcon_pkg'
[0.291s] Level 1:colcon.colcon_core.package_identification:_identify(src) by extensions ['colcon_meta']
[0.291s] Level 1:colcon.colcon_core.package_identification:_identify(src) by extension 'colcon_meta'
[0.291s] Level 1:colcon.colcon_core.package_identification:_identify(src) by extensions ['ros']
[0.291s] Level 1:colcon.colcon_core.package_identification:_identify(src) by extension 'ros'
[0.292s] Level 1:colcon.colcon_core.package_identification:_identify(src) by extensions ['cmake', 'python']
[0.292s] Level 1:colcon.colcon_core.package_identification:_identify(src) by extension 'cmake'
[0.292s] Level 1:colcon.colcon_core.package_identification:_identify(src) by extension 'python'
[0.292s] Level 1:colcon.colcon_core.package_identification:_identify(src) by extensions ['python_setup_py']
[0.292s] Level 1:colcon.colcon_core.package_identification:_identify(src) by extension 'python_setup_py'
[0.292s] Level 1:colcon.colcon_core.package_identification:_identify(src/brain) by extensions ['ignore', 'ignore_ament_install']
[0.292s] Level 1:colcon.colcon_core.package_identification:_identify(src/brain) by extension 'ignore'
[0.292s] Level 1:colcon.colcon_core.package_identification:_identify(src/brain) by extension 'ignore_ament_install'
[0.292s] Level 1:colcon.colcon_core.package_identification:_identify(src/brain) by extensions ['colcon_pkg']
[0.292s] Level 1:colcon.colcon_core.package_identification:_identify(src/brain) by extension 'colcon_pkg'
[0.292s] Level 1:colcon.colcon_core.package_identification:_identify(src/brain) by extensions ['colcon_meta']
[0.292s] Level 1:colcon.colcon_core.package_identification:_identify(src/brain) by extension 'colcon_meta'
[0.292s] Level 1:colcon.colcon_core.package_identification:_identify(src/brain) by extensions ['ros']
[0.292s] Level 1:colcon.colcon_core.package_identification:_identify(src/brain) by extension 'ros'
[0.294s] DEBUG:colcon.colcon_core.package_identification:Package 'src/brain' with type 'ros.ament_python' and name 'brain'
[0.294s] Level 1:colcon.colcon_core.package_identification:_identify(src/erl1) by extensions ['ignore', 'ignore_ament_install']
[0.294s] Level 1:colcon.colcon_core.package_identification:_identify(src/erl1) by extension 'ignore'
[0.294s] Level 1:colcon.colcon_core.package_identification:_identify(src/erl1) by extension 'ignore_ament_install'
[0.294s] Level 1:colcon.colcon_core.package_identification:_identify(src/erl1) by extensions ['colcon_pkg']
[0.294s] Level 1:colcon.colcon_core.package_identification:_identify(src/erl1) by extension 'colcon_pkg'
[0.294s] Level 1:colcon.colcon_core.package_identification:_identify(src/erl1) by extensions ['colcon_meta']
[0.295s] Level 1:colcon.colcon_core.package_identification:_identify(src/erl1) by extension 'colcon_meta'
[0.295s] Level 1:colcon.colcon_core.package_identification:_identify(src/erl1) by extensions ['ros']
[0.295s] Level 1:colcon.colcon_core.package_identification:_identify(src/erl1) by extension 'ros'
[0.295s] DEBUG:colcon.colcon_core.package_identification:Package 'src/erl1' with type 'ros.ament_cmake' and name 'erl1'
[0.296s] Level 1:colcon.colcon_core.package_identification:_identify(src/erl1_sensors) by extensions ['ignore', 'ignore_ament_install']
[0.296s] Level 1:colcon.colcon_core.package_identification:_identify(src/erl1_sensors) by extension 'ignore'
[0.296s] Level 1:colcon.colcon_core.package_identification:_identify(src/erl1_sensors) by extension 'ignore_ament_install'
[0.296s] Level 1:colcon.colcon_core.package_identification:_identify(src/erl1_sensors) by extensions ['colcon_pkg']
[0.296s] Level 1:colcon.colcon_core.package_identification:_identify(src/erl1_sensors) by extension 'colcon_pkg'
[0.296s] Level 1:colcon.colcon_core.package_identification:_identify(src/erl1_sensors) by extensions ['colcon_meta']
[0.296s] Level 1:colcon.colcon_core.package_identification:_identify(src/erl1_sensors) by extension 'colcon_meta'
[0.296s] Level 1:colcon.colcon_core.package_identification:_identify(src/erl1_sensors) by extensions ['ros']
[0.296s] Level 1:colcon.colcon_core.package_identification:_identify(src/erl1_sensors) by extension 'ros'
[0.296s] Level 1:colcon.colcon_core.package_identification:_identify(src/erl1_sensors) by extensions ['cmake', 'python']
[0.296s] Level 1:colcon.colcon_core.package_identification:_identify(src/erl1_sensors) by extension 'cmake'
[0.296s] Level 1:colcon.colcon_core.package_identification:_identify(src/erl1_sensors) by extension 'python'
[0.296s] Level 1:colcon.colcon_core.package_identification:_identify(src/erl1_sensors) by extensions ['python_setup_py']
[0.296s] Level 1:colcon.colcon_core.package_identification:_identify(src/erl1_sensors) by extension 'python_setup_py'
[0.297s] Level 1:colcon.colcon_core.package_identification:_identify(src/erl1_sensors/bme_gazebo_sensors) by extensions ['ignore', 'ignore_ament_install']
[0.297s] Level 1:colcon.colcon_core.package_identification:_identify(src/erl1_sensors/bme_gazebo_sensors) by extension 'ignore'
[0.297s] Level 1:colcon.colcon_core.package_identification:_identify(src/erl1_sensors/bme_gazebo_sensors) by extension 'ignore_ament_install'
[0.297s] Level 1:colcon.colcon_core.package_identification:_identify(src/erl1_sensors/bme_gazebo_sensors) by extensions ['colcon_pkg']
[0.297s] Level 1:colcon.colcon_core.package_identification:_identify(src/erl1_sensors/bme_gazebo_sensors) by extension 'colcon_pkg'
[0.297s] Level 1:colcon.colcon_core.package_identification:_identify(src/erl1_sensors/bme_gazebo_sensors) by extensions ['colcon_meta']
[0.297s] Level 1:colcon.colcon_core.package_identification:_identify(src/erl1_sensors/bme_gazebo_sensors) by extension 'colcon_meta'
[0.297s] Level 1:colcon.colcon_core.package_identification:_identify(src/erl1_sensors/bme_gazebo_sensors) by extensions ['ros']
[0.297s] Level 1:colcon.colcon_core.package_identification:_identify(src/erl1_sensors/bme_gazebo_sensors) by extension 'ros'
[0.298s] DEBUG:colcon.colcon_core.package_identification:Package 'src/erl1_sensors/bme_gazebo_sensors' with type 'ros.ament_cmake' and name 'bme_gazebo_sensors'
[0.299s] Level 1:colcon.colcon_core.package_identification:_identify(src/my_opencv) by extensions ['ignore', 'ignore_ament_install']
[0.299s] Level 1:colcon.colcon_core.package_identification:_identify(src/my_opencv) by extension 'ignore'
[0.299s] Level 1:colcon.colcon_core.package_identification:_identify(src/my_opencv) by extension 'ignore_ament_install'
[0.299s] Level 1:colcon.colcon_core.package_identification:_identify(src/my_opencv) by extensions ['colcon_pkg']
[0.299s] Level 1:colcon.colcon_core.package_identification:_identify(src/my_opencv) by extension 'colcon_pkg'
[0.299s] Level 1:colcon.colcon_core.package_identification:_identify(src/my_opencv) by extensions ['colcon_meta']
[0.299s] Level 1:colcon.colcon_core.package_identification:_identify(src/my_opencv) by extension 'colcon_meta'
[0.299s] Level 1:colcon.colcon_core.package_identification:_identify(src/my_opencv) by extensions ['ros']
[0.299s] Level 1:colcon.colcon_core.package_identification:_identify(src/my_opencv) by extension 'ros'
[0.300s] DEBUG:colcon.colcon_core.package_identification:Package 'src/my_opencv' with type 'ros.ament_cmake' and name 'my_opencv'
[0.300s] Level 1:colcon.colcon_core.package_discovery:discover_packages(recursive) using defaults
[0.300s] Level 1:colcon.colcon_core.package_discovery:discover_packages(ignore) discover
[0.300s] Level 1:colcon.colcon_core.package_discovery:discover_packages(ignore) using defaults
[0.300s] Level 1:colcon.colcon_core.package_discovery:discover_packages(path) discover
[0.300s] Level 1:colcon.colcon_core.package_discovery:discover_packages(path) using defaults
[0.332s] Level 1:colcon.colcon_core.package_discovery:discover_packages(prefix_path) check parameters
[0.332s] Level 1:colcon.colcon_core.package_discovery:discover_packages(prefix_path) discover
[0.335s] DEBUG:colcon.colcon_installed_package_information.package_discovery:Found 6 installed packages in /home/utente/Documenti/Magistrale/SecondoAnno/EXP_RO/EXP_Ws/install
[0.337s] DEBUG:colcon.colcon_installed_package_information.package_discovery:Found 321 installed packages in /opt/ros/jazzy
[0.339s] Level 1:colcon.colcon_core.package_discovery:discover_packages(prefix_path) using defaults
[0.411s] Level 5:colcon.colcon_core.verb:set package 'aruco_opencv_msgs' build argument 'cmake_args' from command line to 'None'
[0.411s] Level 5:colcon.colcon_core.verb:set package 'aruco_opencv_msgs' build argument 'cmake_target' from command line to 'None'
[0.411s] Level 5:colcon.colcon_core.verb:set package 'aruco_opencv_msgs' build argument 'cmake_target_skip_unavailable' from command line to 'False'
[0.411s] Level 5:colcon.colcon_core.verb:set package 'aruco_opencv_msgs' build argument 'cmake_clean_cache' from command line to 'False'
[0.411s] Level 5:colcon.colcon_core.verb:set package 'aruco_opencv_msgs' build argument 'cmake_clean_first' from command line to 'False'
[0.411s] Level 5:colcon.colcon_core.verb:set package 'aruco_opencv_msgs' build argument 'cmake_force_configure' from command line to 'False'
[0.411s] Level 5:colcon.colcon_core.verb:set package 'aruco_opencv_msgs' build argument 'ament_cmake_args' from command line to 'None'
[0.412s] Level 5:colcon.colcon_core.verb:set package 'aruco_opencv_msgs' build argument 'catkin_cmake_args' from command line to 'None'
[0.412s] Level 5:colcon.colcon_core.verb:set package 'aruco_opencv_msgs' build argument 'catkin_skip_building_tests' from command line to 'False'
[0.412s] DEBUG:colcon.colcon_core.verb:Building package 'aruco_opencv_msgs' with the following arguments: {'ament_cmake_args': None, 'build_base': '/home/utente/Documenti/Magistrale/SecondoAnno/EXP_RO/EXP_Ws/build/aruco_opencv_msgs', 'catkin_cmake_args': None, 'catkin_skip_building_tests': False, 'cmake_args': None, 'cmake_clean_cache': False, 'cmake_clean_first': False, 'cmake_force_configure': False, 'cmake_target': None, 'cmake_target_skip_unavailable': False, 'install_base': '/home/utente/Documenti/Magistrale/SecondoAnno/EXP_RO/EXP_Ws/install/aruco_opencv_msgs', 'merge_install': False, 'path': '/home/utente/Documenti/Magistrale/SecondoAnno/EXP_RO/EXP_Ws/ros_aruco_opencv/aruco_opencv_msgs', 'symlink_install': False, 'test_result_base': None}
[0.412s] Level 5:colcon.colcon_core.verb:set package 'bme_gazebo_sensors' build argument 'cmake_args' from command line to 'None'
[0.412s] Level 5:colcon.colcon_core.verb:set package 'bme_gazebo_sensors' build argument 'cmake_target' from command line to 'None'
[0.412s] Level 5:colcon.colcon_core.verb:set package 'bme_gazebo_sensors' build argument 'cmake_target_skip_unavailable' from command line to 'False'
[0.412s] Level 5:colcon.colcon_core.verb:set package 'bme_gazebo_sensors' build argument 'cmake_clean_cache' from command line to 'False'
[0.412s] Level 5:colcon.colcon_core.verb:set package 'bme_gazebo_sensors' build argument 'cmake_clean_first' from command line to 'False'
[0.412s] Level 5:colcon.colcon_core.verb:set package 'bme_gazebo_sensors' build argument 'cmake_force_configure' from command line to 'False'
[0.412s] Level 5:colcon.colcon_core.verb:set package 'bme_gazebo_sensors' build argument 'ament_cmake_args' from command line to 'None'
[0.413s] Level 5:colcon.colcon_core.verb:set package 'bme_gazebo_sensors' build argument 'catkin_cmake_args' from command line to 'None'
[0.413s] Level 5:colcon.colcon_core.verb:set package 'bme_gazebo_sensors' build argument 'catkin_skip_building_tests' from command line to 'False'
[0.413s] DEBUG:colcon.colcon_core.verb:Building package 'bme_gazebo_sensors' with the following arguments: {'ament_cmake_args': None, 'build_base': '/home/utente/Documenti/Magistrale/SecondoAnno/EXP_RO/EXP_Ws/build/bme_gazebo_sensors', 'catkin_cmake_args': None, 'catkin_skip_building_tests': False, 'cmake_args': None, 'cmake_clean_cache': False, 'cmake_clean_first': False, 'cmake_force_configure': False, 'cmake_target': None, 'cmake_target_skip_unavailable': False, 'install_base': '/home/utente/Documenti/Magistrale/SecondoAnno/EXP_RO/EXP_Ws/install/bme_gazebo_sensors', 'merge_install': False, 'path': '/home/utente/Documenti/Magistrale/SecondoAnno/EXP_RO/EXP_Ws/src/erl1_sensors/bme_gazebo_sensors', 'symlink_install': False, 'test_result_base': None}
[0.413s] Level 5:colcon.colcon_core.verb:set package 'brain' build argument 'cmake_args' from command line to 'None'
[0.413s] Level 5:colcon.colcon_core.verb:set package 'brain' build argument 'cmake_target' from command line to 'None'
[0.413s] Level 5:colcon.colcon_core.verb:set package 'brain' build argument 'cmake_target_skip_unavailable' from command line to 'False'
[0.413s] Level 5:colcon.colcon_core.verb:set package 'brain' build argument 'cmake_clean_cache' from command line to 'False'
[0.413s] Level 5:colcon.colcon_core.verb:set package 'brain' build argument 'cmake_clean_first' from command line to 'False'
[0.413s] Level 5:colcon.colcon_core.verb:set package 'brain' build argument 'cmake_force_configure' from command line to 'False'
[0.413s] Level 5:colcon.colcon_core.verb:set package 'brain' build argument 'ament_cmake_args' from command line to 'None'
[0.413s] Level 5:colcon.colcon_core.verb:set package 'brain' build argument 'catkin_cmake_args' from command line to 'None'
[0.413s] Level 5:colcon.colcon_core.verb:set package 'brain' build argument 'catkin_skip_building_tests' from command line to 'False'
[0.413s] DEBUG:colcon.colcon_core.verb:Building package 'brain' with the following arguments: {'ament_cmake_args': None, 'build_base': '/home/utente/Documenti/Magistrale/SecondoAnno/EXP_RO/EXP_Ws/build/brain', 'catkin_cmake_args': None, 'catkin_skip_building_tests': False, 'cmake_args': None, 'cmake_clean_cache': False, 'cmake_clean_first': False, 'cmake_force_configure': False, 'cmake_target': None, 'cmake_target_skip_unavailable': False, 'install_base': '/home/utente/Documenti/Magistrale/SecondoAnno/EXP_RO/EXP_Ws/install/brain', 'merge_install': False, 'path': '/home/utente/Documenti/Magistrale/SecondoAnno/EXP_RO/EXP_Ws/src/brain', 'symlink_install': False, 'test_result_base': None}
[0.414s] Level 5:colcon.colcon_core.verb:set package 'erl1' build argument 'cmake_args' from command line to 'None'
[0.414s] Level 5:colcon.colcon_core.verb:set package 'erl1' build argument 'cmake_target' from command line to 'None'
[0.414s] Level 5:colcon.colcon_core.verb:set package 'erl1' build argument 'cmake_target_skip_unavailable' from command line to 'False'
[0.414s] Level 5:colcon.colcon_core.verb:set package 'erl1' build argument 'cmake_clean_cache' from command line to 'False'
[0.414s] Level 5:colcon.colcon_core.verb:set package 'erl1' build argument 'cmake_clean_first' from command line to 'False'
[0.414s] Level 5:colcon.colcon_core.verb:set package 'erl1' build argument 'cmake_force_configure' from command line to 'False'
[0.414s] Level 5:colcon.colcon_core.verb:set package 'erl1' build argument 'ament_cmake_args' from command line to 'None'
[0.414s] Level 5:colcon.colcon_core.verb:set package 'erl1' build argument 'catkin_cmake_args' from command line to 'None'
[0.414s] Level 5:colcon.colcon_core.verb:set package 'erl1' build argument 'catkin_skip_building_tests' from command line to 'False'
[0.414s] DEBUG:colcon.colcon_core.verb:Building package 'erl1' with the following arguments: {'ament_cmake_args': None, 'build_base': '/home/utente/Documenti/Magistrale/SecondoAnno/EXP_RO/EXP_Ws/build/erl1', 'catkin_cmake_args': None, 'catkin_skip_building_tests': False, 'cmake_args': None, 'cmake_clean_cache': False, 'cmake_clean_first': False, 'cmake_force_configure': False, 'cmake_target': None, 'cmake_target_skip_unavailable': False, 'install_base': '/home/utente/Documenti/Magistrale/SecondoAnno/EXP_RO/EXP_Ws/install/erl1', 'merge_install': False, 'path': '/home/utente/Documenti/Magistrale/SecondoAnno/EXP_RO/EXP_Ws/src/erl1', 'symlink_install': False, 'test_result_base': None}
[0.415s] Level 5:colcon.colcon_core.verb:set package 'my_opencv' build argument 'cmake_args' from command line to 'None'
[0.415s] Level 5:colcon.colcon_core.verb:set package 'my_opencv' build argument 'cmake_target' from command line to 'None'
[0.415s] Level 5:colcon.colcon_core.verb:set package 'my_opencv' build argument 'cmake_target_skip_unavailable' from command line to 'False'
[0.415s] Level 5:colcon.colcon_core.verb:set package 'my_opencv' build argument 'cmake_clean_cache' from command line to 'False'
[0.415s] Level 5:colcon.colcon_core.verb:set package 'my_opencv' build argument 'cmake_clean_first' from command line to 'False'
[0.415s] Level 5:colcon.colcon_core.verb:set package 'my_opencv' build argument 'cmake_force_configure' from command line to 'False'
[0.415s] Level 5:colcon.colcon_core.verb:set package 'my_opencv' build argument 'ament_cmake_args' from command line to 'None'
[0.415s] Level 5:colcon.colcon_core.verb:set package 'my_opencv' build argument 'catkin_cmake_args' from command line to 'None'
[0.415s] Level 5:colcon.colcon_core.verb:set package 'my_opencv' build argument 'catkin_skip_building_tests' from command line to 'False'
[0.415s] DEBUG:colcon.colcon_core.verb:Building package 'my_opencv' with the following arguments: {'ament_cmake_args': None, 'build_base': '/home/utente/Documenti/Magistrale/SecondoAnno/EXP_RO/EXP_Ws/build/my_opencv', 'catkin_cmake_args': None, 'catkin_skip_building_tests': False, 'cmake_args': None, 'cmake_clean_cache': False, 'cmake_clean_first': False, 'cmake_force_configure': False, 'cmake_target': None, 'cmake_target_skip_unavailable': False, 'install_base': '/home/utente/Documenti/Magistrale/SecondoAnno/EXP_RO/EXP_Ws/install/my_opencv', 'merge_install': False, 'path': '/home/utente/Documenti/Magistrale/SecondoAnno/EXP_RO/EXP_Ws/src/my_opencv', 'symlink_install': False, 'test_result_base': None}
[0.415s] Level 5:colcon.colcon_core.verb:set package 'aruco_opencv' build argument 'cmake_args' from command line to 'None'
[0.416s] Level 5:colcon.colcon_core.verb:set package 'aruco_opencv' build argument 'cmake_target' from command line to 'None'
[0.416s] Level 5:colcon.colcon_core.verb:set package 'aruco_opencv' build argument 'cmake_target_skip_unavailable' from command line to 'False'
[0.416s] Level 5:colcon.colcon_core.verb:set package 'aruco_opencv' build argument 'cmake_clean_cache' from command line to 'False'
[0.416s] Level 5:colcon.colcon_core.verb:set package 'aruco_opencv' build argument 'cmake_clean_first' from command line to 'False'
[0.416s] Level 5:colcon.colcon_core.verb:set package 'aruco_opencv' build argument 'cmake_force_configure' from command line to 'False'
[0.416s] Level 5:colcon.colcon_core.verb:set package 'aruco_opencv' build argument 'ament_cmake_args' from command line to 'None'
[0.416s] Level 5:colcon.colcon_core.verb:set package 'aruco_opencv' build argument 'catkin_cmake_args' from command line to 'None'
[0.416s] Level 5:colcon.colcon_core.verb:set package 'aruco_opencv' build argument 'catkin_skip_building_tests' from command line to 'False'
[0.416s] DEBUG:colcon.colcon_core.verb:Building package 'aruco_opencv' with the following arguments: {'ament_cmake_args': None, 'build_base': '/home/utente/Documenti/Magistrale/SecondoAnno/EXP_RO/EXP_Ws/build/aruco_opencv', 'catkin_cmake_args': None, 'catkin_skip_building_tests': False, 'cmake_args': None, 'cmake_clean_cache': False, 'cmake_clean_first': False, 'cmake_force_configure': False, 'cmake_target': None, 'cmake_target_skip_unavailable': False, 'install_base': '/home/utente/Documenti/Magistrale/SecondoAnno/EXP_RO/EXP_Ws/install/aruco_opencv', 'merge_install': False, 'path': '/home/utente/Documenti/Magistrale/SecondoAnno/EXP_RO/EXP_Ws/ros_aruco_opencv/aruco_opencv', 'symlink_install': False, 'test_result_base': None}
[0.416s] INFO:colcon.colcon_core.executor:Executing jobs using 'parallel' executor
[0.417s] DEBUG:colcon.colcon_parallel_executor.executor.parallel:run_until_complete
[0.418s] INFO:colcon.colcon_ros.task.ament_cmake.build:Building ROS package in '/home/utente/Documenti/Magistrale/SecondoAnno/EXP_RO/EXP_Ws/ros_aruco_opencv/aruco_opencv_msgs' with build type 'ament_cmake'
[0.418s] INFO:colcon.colcon_cmake.task.cmake.build:Building CMake package in '/home/utente/Documenti/Magistrale/SecondoAnno/EXP_RO/EXP_Ws/ros_aruco_opencv/aruco_opencv_msgs'
[0.422s] INFO:colcon.colcon_core.plugin_system:Skipping extension 'colcon_core.shell.bat': Not used on non-Windows systems
[0.422s] INFO:colcon.colcon_core.shell:Skip shell extension 'powershell' for command environment: Not usable outside of PowerShell
[0.422s] DEBUG:colcon.colcon_core.shell:Skip shell extension 'dsv' for command environment
[0.430s] INFO:colcon.colcon_ros.task.ament_cmake.build:Building ROS package in '/home/utente/Documenti/Magistrale/SecondoAnno/EXP_RO/EXP_Ws/src/erl1_sensors/bme_gazebo_sensors' with build type 'ament_cmake'
[0.430s] INFO:colcon.colcon_cmake.task.cmake.build:Building CMake package in '/home/utente/Documenti/Magistrale/SecondoAnno/EXP_RO/EXP_Ws/src/erl1_sensors/bme_gazebo_sensors'
[0.430s] INFO:colcon.colcon_core.shell:Skip shell extension 'powershell' for command environment: Not usable outside of PowerShell
[0.430s] DEBUG:colcon.colcon_core.shell:Skip shell extension 'dsv' for command environment
[0.436s] INFO:colcon.colcon_ros.task.ament_python.build:Building ROS package in '/home/utente/Documenti/Magistrale/SecondoAnno/EXP_RO/EXP_Ws/src/brain' with build type 'ament_python'
[0.437s] Level 1:colcon.colcon_core.shell:create_environment_hook('brain', 'ament_prefix_path')
[0.437s] INFO:colcon.colcon_core.shell:Creating environment hook '/home/utente/Documenti/Magistrale/SecondoAnno/EXP_RO/EXP_Ws/install/brain/share/brain/hook/ament_prefix_path.ps1'
[0.438s] INFO:colcon.colcon_core.shell:Creating environment descriptor '/home/utente/Documenti/Magistrale/SecondoAnno/EXP_RO/EXP_Ws/install/brain/share/brain/hook/ament_prefix_path.dsv'
[0.438s] INFO:colcon.colcon_core.shell:Creating environment hook '/home/utente/Documenti/Magistrale/SecondoAnno/EXP_RO/EXP_Ws/install/brain/share/brain/hook/ament_prefix_path.sh'
[0.439s] INFO:colcon.colcon_core.shell:Skip shell extension 'powershell' for command environment: Not usable outside of PowerShell
[0.439s] DEBUG:colcon.colcon_core.shell:Skip shell extension 'dsv' for command environment
[0.445s] INFO:colcon.colcon_ros.task.ament_cmake.build:Building ROS package in '/home/utente/Documenti/Magistrale/SecondoAnno/EXP_RO/EXP_Ws/src/erl1' with build type 'ament_cmake'
[0.446s] INFO:colcon.colcon_cmake.task.cmake.build:Building CMake package in '/home/utente/Documenti/Magistrale/SecondoAnno/EXP_RO/EXP_Ws/src/erl1'
[0.446s] INFO:colcon.colcon_core.shell:Skip shell extension 'powershell' for command environment: Not usable outside of PowerShell
[0.446s] DEBUG:colcon.colcon_core.shell:Skip shell extension 'dsv' for command environment
[0.452s] INFO:colcon.colcon_ros.task.ament_cmake.build:Building ROS package in '/home/utente/Documenti/Magistrale/SecondoAnno/EXP_RO/EXP_Ws/src/my_opencv' with build type 'ament_cmake'
[0.452s] INFO:colcon.colcon_cmake.task.cmake.build:Building CMake package in '/home/utente/Documenti/Magistrale/SecondoAnno/EXP_RO/EXP_Ws/src/my_opencv'
[0.453s] INFO:colcon.colcon_core.shell:Skip shell extension 'powershell' for command environment: Not usable outside of PowerShell
[0.453s] DEBUG:colcon.colcon_core.shell:Skip shell extension 'dsv' for command environment
[0.469s] DEBUG:colcon.colcon_core.event_handler.log_command:Invoking command in '/home/utente/Documenti/Magistrale/SecondoAnno/EXP_RO/EXP_Ws/build/aruco_opencv_msgs': CMAKE_PREFIX_PATH=${CMAKE_PREFIX_PATH}:/home/utente/Documenti/Magistrale/SecondoAnno/EXP_RO/EXP_Ws/install/brain:/opt/ros/jazzy DEBUGINFOD_URLS=https://debuginfod.ubuntu.com /usr/bin/cmake --build /home/utente/Documenti/Magistrale/SecondoAnno/EXP_RO/EXP_Ws/build/aruco_opencv_msgs -- -j8 -l8
[0.474s] DEBUG:colcon.colcon_core.event_handler.log_command:Invoking command in '/home/utente/Documenti/Magistrale/SecondoAnno/EXP_RO/EXP_Ws/build/bme_gazebo_sensors': CMAKE_PREFIX_PATH=${CMAKE_PREFIX_PATH}:/home/utente/Documenti/Magistrale/SecondoAnno/EXP_RO/EXP_Ws/install/brain:/opt/ros/jazzy DEBUGINFOD_URLS=https://debuginfod.ubuntu.com /usr/bin/cmake --build /home/utente/Documenti/Magistrale/SecondoAnno/EXP_RO/EXP_Ws/build/bme_gazebo_sensors -- -j8 -l8
[0.961s] INFO:colcon.colcon_core.task.python.build:Building Python package in '/home/utente/Documenti/Magistrale/SecondoAnno/EXP_RO/EXP_Ws/src/brain'
[0.962s] INFO:colcon.colcon_core.shell:Skip shell extension 'powershell' for command environment: Not usable outside of PowerShell
[0.962s] DEBUG:colcon.colcon_core.shell:Skip shell extension 'dsv' for command environment
[0.975s] DEBUG:colcon.colcon_core.event_handler.log_command:Invoking command in '/home/utente/Documenti/Magistrale/SecondoAnno/EXP_RO/EXP_Ws/build/erl1': CMAKE_PREFIX_PATH=${CMAKE_PREFIX_PATH}:/home/utente/Documenti/Magistrale/SecondoAnno/EXP_RO/EXP_Ws/install/brain:/opt/ros/jazzy DEBUGINFOD_URLS=https://debuginfod.ubuntu.com /usr/bin/cmake --build /home/utente/Documenti/Magistrale/SecondoAnno/EXP_RO/EXP_Ws/build/erl1 -- -j8 -l8
[0.982s] DEBUG:colcon.colcon_core.event_handler.log_command:Invoked command in '/home/utente/Documenti/Magistrale/SecondoAnno/EXP_RO/EXP_Ws/build/bme_gazebo_sensors' returned '0': CMAKE_PREFIX_PATH=${CMAKE_PREFIX_PATH}:/home/utente/Documenti/Magistrale/SecondoAnno/EXP_RO/EXP_Ws/install/brain:/opt/ros/jazzy DEBUGINFOD_URLS=https://debuginfod.ubuntu.com /usr/bin/cmake --build /home/utente/Documenti/Magistrale/SecondoAnno/EXP_RO/EXP_Ws/build/bme_gazebo_sensors -- -j8 -l8
[1.000s] DEBUG:colcon.colcon_core.event_handler.log_command:Invoking command in '/home/utente/Documenti/Magistrale/SecondoAnno/EXP_RO/EXP_Ws/build/bme_gazebo_sensors': CMAKE_PREFIX_PATH=${CMAKE_PREFIX_PATH}:/home/utente/Documenti/Magistrale/SecondoAnno/EXP_RO/EXP_Ws/install/brain:/opt/ros/jazzy DEBUGINFOD_URLS=https://debuginfod.ubuntu.com /usr/bin/cmake --install /home/utente/Documenti/Magistrale/SecondoAnno/EXP_RO/EXP_Ws/build/bme_gazebo_sensors
[1.009s] DEBUG:colcon.colcon_core.event_handler.log_command:Invoking command in '/home/utente/Documenti/Magistrale/SecondoAnno/EXP_RO/EXP_Ws/build/my_opencv': CMAKE_PREFIX_PATH=${CMAKE_PREFIX_PATH}:/home/utente/Documenti/Magistrale/SecondoAnno/EXP_RO/EXP_Ws/install/brain:/opt/ros/jazzy DEBUGINFOD_URLS=https://debuginfod.ubuntu.com /usr/bin/cmake --build /home/utente/Documenti/Magistrale/SecondoAnno/EXP_RO/EXP_Ws/build/my_opencv -- -j8 -l8
[1.027s] Level 1:colcon.colcon_core.environment:create_environment_scripts_only(bme_gazebo_sensors)
[1.042s] Level 1:colcon.colcon_core.environment:checking '/home/utente/Documenti/Magistrale/SecondoAnno/EXP_RO/EXP_Ws/install/bme_gazebo_sensors' for CMake module files
[1.045s] Level 1:colcon.colcon_core.environment:checking '/home/utente/Documenti/Magistrale/SecondoAnno/EXP_RO/EXP_Ws/install/bme_gazebo_sensors' for CMake config files
[1.046s] Level 1:colcon.colcon_core.shell:create_environment_hook('bme_gazebo_sensors', 'cmake_prefix_path')
[1.046s] INFO:colcon.colcon_core.shell:Creating environment hook '/home/utente/Documenti/Magistrale/SecondoAnno/EXP_RO/EXP_Ws/install/bme_gazebo_sensors/share/bme_gazebo_sensors/hook/cmake_prefix_path.ps1'
[1.049s] DEBUG:colcon.colcon_core.event_handler.log_command:Invoked command in '/home/utente/Documenti/Magistrale/SecondoAnno/EXP_RO/EXP_Ws/build/bme_gazebo_sensors' returned '0': CMAKE_PREFIX_PATH=${CMAKE_PREFIX_PATH}:/home/utente/Documenti/Magistrale/SecondoAnno/EXP_RO/EXP_Ws/install/brain:/opt/ros/jazzy DEBUGINFOD_URLS=https://debuginfod.ubuntu.com /usr/bin/cmake --install /home/utente/Documenti/Magistrale/SecondoAnno/EXP_RO/EXP_Ws/build/bme_gazebo_sensors
[1.050s] INFO:colcon.colcon_core.shell:Creating environment descriptor '/home/utente/Documenti/Magistrale/SecondoAnno/EXP_RO/EXP_Ws/install/bme_gazebo_sensors/share/bme_gazebo_sensors/hook/cmake_prefix_path.dsv'
[1.050s] INFO:colcon.colcon_core.shell:Creating environment hook '/home/utente/Documenti/Magistrale/SecondoAnno/EXP_RO/EXP_Ws/install/bme_gazebo_sensors/share/bme_gazebo_sensors/hook/cmake_prefix_path.sh'
[1.053s] Level 1:colcon.colcon_core.environment:checking '/home/utente/Documenti/Magistrale/SecondoAnno/EXP_RO/EXP_Ws/install/bme_gazebo_sensors/bin'
[1.056s] Level 1:colcon.colcon_core.environment:checking '/home/utente/Documenti/Magistrale/SecondoAnno/EXP_RO/EXP_Ws/install/bme_gazebo_sensors/lib/pkgconfig/bme_gazebo_sensors.pc'
[1.056s] Level 1:colcon.colcon_core.environment:checking '/home/utente/Documenti/Magistrale/SecondoAnno/EXP_RO/EXP_Ws/install/bme_gazebo_sensors/lib/python3.12/site-packages'
[1.058s] Level 1:colcon.colcon_core.environment:checking '/home/utente/Documenti/Magistrale/SecondoAnno/EXP_RO/EXP_Ws/install/bme_gazebo_sensors/bin'
[1.059s] INFO:colcon.colcon_core.shell:Creating package script '/home/utente/Documenti/Magistrale/SecondoAnno/EXP_RO/EXP_Ws/install/bme_gazebo_sensors/share/bme_gazebo_sensors/package.ps1'
[1.063s] INFO:colcon.colcon_core.shell:Creating package descriptor '/home/utente/Documenti/Magistrale/SecondoAnno/EXP_RO/EXP_Ws/install/bme_gazebo_sensors/share/bme_gazebo_sensors/package.dsv'
[1.065s] INFO:colcon.colcon_core.shell:Creating package script '/home/utente/Documenti/Magistrale/SecondoAnno/EXP_RO/EXP_Ws/install/bme_gazebo_sensors/share/bme_gazebo_sensors/package.sh'
[1.066s] INFO:colcon.colcon_core.shell:Creating package script '/home/utente/Documenti/Magistrale/SecondoAnno/EXP_RO/EXP_Ws/install/bme_gazebo_sensors/share/bme_gazebo_sensors/package.bash'
[1.069s] INFO:colcon.colcon_core.shell:Creating package script '/home/utente/Documenti/Magistrale/SecondoAnno/EXP_RO/EXP_Ws/install/bme_gazebo_sensors/share/bme_gazebo_sensors/package.zsh'
[1.071s] Level 1:colcon.colcon_core.environment:create_file_with_runtime_dependencies(/home/utente/Documenti/Magistrale/SecondoAnno/EXP_RO/EXP_Ws/install/bme_gazebo_sensors/share/colcon-core/packages/bme_gazebo_sensors)
[1.073s] Level 1:colcon.colcon_core.environment:create_environment_scripts_only(bme_gazebo_sensors)
[1.073s] Level 1:colcon.colcon_core.environment:checking '/home/utente/Documenti/Magistrale/SecondoAnno/EXP_RO/EXP_Ws/install/bme_gazebo_sensors' for CMake module files
[1.074s] Level 1:colcon.colcon_core.environment:checking '/home/utente/Documenti/Magistrale/SecondoAnno/EXP_RO/EXP_Ws/install/bme_gazebo_sensors' for CMake config files
[1.075s] Level 1:colcon.colcon_core.shell:create_environment_hook('bme_gazebo_sensors', 'cmake_prefix_path')
[1.076s] INFO:colcon.colcon_core.shell:Creating environment hook '/home/utente/Documenti/Magistrale/SecondoAnno/EXP_RO/EXP_Ws/install/bme_gazebo_sensors/share/bme_gazebo_sensors/hook/cmake_prefix_path.ps1'
[1.078s] INFO:colcon.colcon_core.shell:Creating environment descriptor '/home/utente/Documenti/Magistrale/SecondoAnno/EXP_RO/EXP_Ws/install/bme_gazebo_sensors/share/bme_gazebo_sensors/hook/cmake_prefix_path.dsv'
[1.079s] INFO:colcon.colcon_core.shell:Creating environment hook '/home/utente/Documenti/Magistrale/SecondoAnno/EXP_RO/EXP_Ws/install/bme_gazebo_sensors/share/bme_gazebo_sensors/hook/cmake_prefix_path.sh'
[1.081s] Level 1:colcon.colcon_core.environment:checking '/home/utente/Documenti/Magistrale/SecondoAnno/EXP_RO/EXP_Ws/install/bme_gazebo_sensors/bin'
[1.081s] Level 1:colcon.colcon_core.environment:checking '/home/utente/Documenti/Magistrale/SecondoAnno/EXP_RO/EXP_Ws/install/bme_gazebo_sensors/lib/pkgconfig/bme_gazebo_sensors.pc'
[1.082s] Level 1:colcon.colcon_core.environment:checking '/home/utente/Documenti/Magistrale/SecondoAnno/EXP_RO/EXP_Ws/install/bme_gazebo_sensors/lib/python3.12/site-packages'
[1.083s] Level 1:colcon.colcon_core.environment:checking '/home/utente/Documenti/Magistrale/SecondoAnno/EXP_RO/EXP_Ws/install/bme_gazebo_sensors/bin'
[1.084s] INFO:colcon.colcon_core.shell:Creating package script '/home/utente/Documenti/Magistrale/SecondoAnno/EXP_RO/EXP_Ws/install/bme_gazebo_sensors/share/bme_gazebo_sensors/package.ps1'
[1.085s] INFO:colcon.colcon_core.shell:Creating package descriptor '/home/utente/Documenti/Magistrale/SecondoAnno/EXP_RO/EXP_Ws/install/bme_gazebo_sensors/share/bme_gazebo_sensors/package.dsv'
[1.086s] INFO:colcon.colcon_core.shell:Creating package script '/home/utente/Documenti/Magistrale/SecondoAnno/EXP_RO/EXP_Ws/install/bme_gazebo_sensors/share/bme_gazebo_sensors/package.sh'
[1.088s] INFO:colcon.colcon_core.shell:Creating package script '/home/utente/Documenti/Magistrale/SecondoAnno/EXP_RO/EXP_Ws/install/bme_gazebo_sensors/share/bme_gazebo_sensors/package.bash'
[1.089s] INFO:colcon.colcon_core.shell:Creating package script '/home/utente/Documenti/Magistrale/SecondoAnno/EXP_RO/EXP_Ws/install/bme_gazebo_sensors/share/bme_gazebo_sensors/package.zsh'
[1.090s] Level 1:colcon.colcon_core.environment:create_file_with_runtime_dependencies(/home/utente/Documenti/Magistrale/SecondoAnno/EXP_RO/EXP_Ws/install/bme_gazebo_sensors/share/colcon-core/packages/bme_gazebo_sensors)
[1.094s] DEBUG:colcon.colcon_core.event_handler.log_command:Invoked command in '/home/utente/Documenti/Magistrale/SecondoAnno/EXP_RO/EXP_Ws/build/erl1' returned '0': CMAKE_PREFIX_PATH=${CMAKE_PREFIX_PATH}:/home/utente/Documenti/Magistrale/SecondoAnno/EXP_RO/EXP_Ws/install/brain:/opt/ros/jazzy DEBUGINFOD_URLS=https://debuginfod.ubuntu.com /usr/bin/cmake --build /home/utente/Documenti/Magistrale/SecondoAnno/EXP_RO/EXP_Ws/build/erl1 -- -j8 -l8
[1.096s] DEBUG:colcon.colcon_core.event_handler.log_command:Invoking command in '/home/utente/Documenti/Magistrale/SecondoAnno/EXP_RO/EXP_Ws/build/erl1': CMAKE_PREFIX_PATH=${CMAKE_PREFIX_PATH}:/home/utente/Documenti/Magistrale/SecondoAnno/EXP_RO/EXP_Ws/install/brain:/opt/ros/jazzy DEBUGINFOD_URLS=https://debuginfod.ubuntu.com /usr/bin/cmake --install /home/utente/Documenti/Magistrale/SecondoAnno/EXP_RO/EXP_Ws/build/erl1
[1.120s] Level 1:colcon.colcon_core.environment:create_environment_scripts_only(erl1)
[1.121s] Level 1:colcon.colcon_core.environment:checking '/home/utente/Documenti/Magistrale/SecondoAnno/EXP_RO/EXP_Ws/install/erl1' for CMake module files
[1.125s] Level 1:colcon.colcon_core.environment:checking '/home/utente/Documenti/Magistrale/SecondoAnno/EXP_RO/EXP_Ws/install/erl1' for CMake config files
[1.125s] Level 1:colcon.colcon_core.shell:create_environment_hook('erl1', 'cmake_prefix_path')
[1.126s] INFO:colcon.colcon_core.shell:Creating environment hook '/home/utente/Documenti/Magistrale/SecondoAnno/EXP_RO/EXP_Ws/install/erl1/share/erl1/hook/cmake_prefix_path.ps1'
[1.129s] DEBUG:colcon.colcon_core.event_handler.log_command:Invoked command in '/home/utente/Documenti/Magistrale/SecondoAnno/EXP_RO/EXP_Ws/build/erl1' returned '0': CMAKE_PREFIX_PATH=${CMAKE_PREFIX_PATH}:/home/utente/Documenti/Magistrale/SecondoAnno/EXP_RO/EXP_Ws/install/brain:/opt/ros/jazzy DEBUGINFOD_URLS=https://debuginfod.ubuntu.com /usr/bin/cmake --install /home/utente/Documenti/Magistrale/SecondoAnno/EXP_RO/EXP_Ws/build/erl1
[1.129s] INFO:colcon.colcon_core.shell:Creating environment descriptor '/home/utente/Documenti/Magistrale/SecondoAnno/EXP_RO/EXP_Ws/install/erl1/share/erl1/hook/cmake_prefix_path.dsv'
[1.131s] INFO:colcon.colcon_core.shell:Creating environment hook '/home/utente/Documenti/Magistrale/SecondoAnno/EXP_RO/EXP_Ws/install/erl1/share/erl1/hook/cmake_prefix_path.sh'
[1.134s] Level 1:colcon.colcon_core.environment:checking '/home/utente/Documenti/Magistrale/SecondoAnno/EXP_RO/EXP_Ws/install/erl1/bin'
[1.134s] Level 1:colcon.colcon_core.environment:checking '/home/utente/Documenti/Magistrale/SecondoAnno/EXP_RO/EXP_Ws/install/erl1/lib/pkgconfig/erl1.pc'
[1.135s] Level 1:colcon.colcon_core.environment:checking '/home/utente/Documenti/Magistrale/SecondoAnno/EXP_RO/EXP_Ws/install/erl1/lib/python3.12/site-packages'
[1.136s] Level 1:colcon.colcon_core.environment:checking '/home/utente/Documenti/Magistrale/SecondoAnno/EXP_RO/EXP_Ws/install/erl1/bin'
[1.137s] INFO:colcon.colcon_core.shell:Creating package script '/home/utente/Documenti/Magistrale/SecondoAnno/EXP_RO/EXP_Ws/install/erl1/share/erl1/package.ps1'
[1.138s] INFO:colcon.colcon_core.shell:Creating package descriptor '/home/utente/Documenti/Magistrale/SecondoAnno/EXP_RO/EXP_Ws/install/erl1/share/erl1/package.dsv'
[1.140s] INFO:colcon.colcon_core.shell:Creating package script '/home/utente/Documenti/Magistrale/SecondoAnno/EXP_RO/EXP_Ws/install/erl1/share/erl1/package.sh'
[1.141s] INFO:colcon.colcon_core.shell:Creating package script '/home/utente/Documenti/Magistrale/SecondoAnno/EXP_RO/EXP_Ws/install/erl1/share/erl1/package.bash'
[1.143s] INFO:colcon.colcon_core.shell:Creating package script '/home/utente/Documenti/Magistrale/SecondoAnno/EXP_RO/EXP_Ws/install/erl1/share/erl1/package.zsh'
[1.144s] Level 1:colcon.colcon_core.environment:create_file_with_runtime_dependencies(/home/utente/Documenti/Magistrale/SecondoAnno/EXP_RO/EXP_Ws/install/erl1/share/colcon-core/packages/erl1)
[1.147s] Level 1:colcon.colcon_core.environment:create_environment_scripts_only(erl1)
[1.148s] Level 1:colcon.colcon_core.environment:checking '/home/utente/Documenti/Magistrale/SecondoAnno/EXP_RO/EXP_Ws/install/erl1' for CMake module files
[1.150s] Level 1:colcon.colcon_core.environment:checking '/home/utente/Documenti/Magistrale/SecondoAnno/EXP_RO/EXP_Ws/install/erl1' for CMake config files
[1.151s] Level 1:colcon.colcon_core.shell:create_environment_hook('erl1', 'cmake_prefix_path')
[1.152s] INFO:colcon.colcon_core.shell:Creating environment hook '/home/utente/Documenti/Magistrale/SecondoAnno/EXP_RO/EXP_Ws/install/erl1/share/erl1/hook/cmake_prefix_path.ps1'
[1.153s] INFO:colcon.colcon_core.shell:Creating environment descriptor '/home/utente/Documenti/Magistrale/SecondoAnno/EXP_RO/EXP_Ws/install/erl1/share/erl1/hook/cmake_prefix_path.dsv'
[1.155s] INFO:colcon.colcon_core.shell:Creating environment hook '/home/utente/Documenti/Magistrale/SecondoAnno/EXP_RO/EXP_Ws/install/erl1/share/erl1/hook/cmake_prefix_path.sh'
[1.156s] Level 1:colcon.colcon_core.environment:checking '/home/utente/Documenti/Magistrale/SecondoAnno/EXP_RO/EXP_Ws/install/erl1/bin'
[1.157s] Level 1:colcon.colcon_core.environment:checking '/home/utente/Documenti/Magistrale/SecondoAnno/EXP_RO/EXP_Ws/install/erl1/lib/pkgconfig/erl1.pc'
[1.157s] Level 1:colcon.colcon_core.environment:checking '/home/utente/Documenti/Magistrale/SecondoAnno/EXP_RO/EXP_Ws/install/erl1/lib/python3.12/site-packages'
[1.158s] Level 1:colcon.colcon_core.environment:checking '/home/utente/Documenti/Magistrale/SecondoAnno/EXP_RO/EXP_Ws/install/erl1/bin'
[1.160s] INFO:colcon.colcon_core.shell:Creating package script '/home/utente/Documenti/Magistrale/SecondoAnno/EXP_RO/EXP_Ws/install/erl1/share/erl1/package.ps1'
[1.163s] INFO:colcon.colcon_core.shell:Creating package descriptor '/home/utente/Documenti/Magistrale/SecondoAnno/EXP_RO/EXP_Ws/install/erl1/share/erl1/package.dsv'
[1.165s] INFO:colcon.colcon_core.shell:Creating package script '/home/utente/Documenti/Magistrale/SecondoAnno/EXP_RO/EXP_Ws/install/erl1/share/erl1/package.sh'
[1.168s] INFO:colcon.colcon_core.shell:Creating package script '/home/utente/Documenti/Magistrale/SecondoAnno/EXP_RO/EXP_Ws/install/erl1/share/erl1/package.bash'
[1.168s] INFO:colcon.colcon_core.shell:Creating package script '/home/utente/Documenti/Magistrale/SecondoAnno/EXP_RO/EXP_Ws/install/erl1/share/erl1/package.zsh'
[1.169s] Level 1:colcon.colcon_core.environment:create_file_with_runtime_dependencies(/home/utente/Documenti/Magistrale/SecondoAnno/EXP_RO/EXP_Ws/install/erl1/share/colcon-core/packages/erl1)
[1.328s] DEBUG:colcon.colcon_core.event_handler.log_command:Invoked command in '/home/utente/Documenti/Magistrale/SecondoAnno/EXP_RO/EXP_Ws/build/my_opencv' returned '0': CMAKE_PREFIX_PATH=${CMAKE_PREFIX_PATH}:/home/utente/Documenti/Magistrale/SecondoAnno/EXP_RO/EXP_Ws/install/brain:/opt/ros/jazzy DEBUGINFOD_URLS=https://debuginfod.ubuntu.com /usr/bin/cmake --build /home/utente/Documenti/Magistrale/SecondoAnno/EXP_RO/EXP_Ws/build/my_opencv -- -j8 -l8
[1.329s] DEBUG:colcon.colcon_core.event_handler.log_command:Invoking command in '/home/utente/Documenti/Magistrale/SecondoAnno/EXP_RO/EXP_Ws/build/my_opencv': CMAKE_PREFIX_PATH=${CMAKE_PREFIX_PATH}:/home/utente/Documenti/Magistrale/SecondoAnno/EXP_RO/EXP_Ws/install/brain:/opt/ros/jazzy DEBUGINFOD_URLS=https://debuginfod.ubuntu.com /usr/bin/cmake --install /home/utente/Documenti/Magistrale/SecondoAnno/EXP_RO/EXP_Ws/build/my_opencv
[1.360s] Level 1:colcon.colcon_core.environment:create_environment_scripts_only(my_opencv)
[1.361s] Level 1:colcon.colcon_core.environment:checking '/home/utente/Documenti/Magistrale/SecondoAnno/EXP_RO/EXP_Ws/install/my_opencv' for CMake module files
[1.366s] Level 1:colcon.colcon_core.environment:checking '/home/utente/Documenti/Magistrale/SecondoAnno/EXP_RO/EXP_Ws/install/my_opencv' for CMake config files
[1.367s] Level 1:colcon.colcon_core.shell:create_environment_hook('my_opencv', 'cmake_prefix_path')
[1.368s] INFO:colcon.colcon_core.shell:Creating environment hook '/home/utente/Documenti/Magistrale/SecondoAnno/EXP_RO/EXP_Ws/install/my_opencv/share/my_opencv/hook/cmake_prefix_path.ps1'
[1.374s] DEBUG:colcon.colcon_core.event_handler.log_command:Invoked command in '/home/utente/Documenti/Magistrale/SecondoAnno/EXP_RO/EXP_Ws/build/my_opencv' returned '0': CMAKE_PREFIX_PATH=${CMAKE_PREFIX_PATH}:/home/utente/Documenti/Magistrale/SecondoAnno/EXP_RO/EXP_Ws/install/brain:/opt/ros/jazzy DEBUGINFOD_URLS=https://debuginfod.ubuntu.com /usr/bin/cmake --install /home/utente/Documenti/Magistrale/SecondoAnno/EXP_RO/EXP_Ws/build/my_opencv
[1.374s] INFO:colcon.colcon_core.shell:Creating environment descriptor '/home/utente/Documenti/Magistrale/SecondoAnno/EXP_RO/EXP_Ws/install/my_opencv/share/my_opencv/hook/cmake_prefix_path.dsv'
[1.376s] INFO:colcon.colcon_core.shell:Creating environment hook '/home/utente/Documenti/Magistrale/SecondoAnno/EXP_RO/EXP_Ws/install/my_opencv/share/my_opencv/hook/cmake_prefix_path.sh'
[1.378s] Level 1:colcon.colcon_core.environment:checking '/home/utente/Documenti/Magistrale/SecondoAnno/EXP_RO/EXP_Ws/install/my_opencv/lib'
[1.378s] Level 1:colcon.colcon_core.environment:checking '/home/utente/Documenti/Magistrale/SecondoAnno/EXP_RO/EXP_Ws/install/my_opencv/bin'
[1.378s] Level 1:colcon.colcon_core.environment:checking '/home/utente/Documenti/Magistrale/SecondoAnno/EXP_RO/EXP_Ws/install/my_opencv/lib/pkgconfig/my_opencv.pc'
[1.382s] Level 1:colcon.colcon_core.environment:checking '/home/utente/Documenti/Magistrale/SecondoAnno/EXP_RO/EXP_Ws/install/my_opencv/lib/python3.12/site-packages'
[1.384s] Level 1:colcon.colcon_core.environment:checking '/home/utente/Documenti/Magistrale/SecondoAnno/EXP_RO/EXP_Ws/install/my_opencv/bin'
[1.384s] INFO:colcon.colcon_core.shell:Creating package script '/home/utente/Documenti/Magistrale/SecondoAnno/EXP_RO/EXP_Ws/install/my_opencv/share/my_opencv/package.ps1'
[1.385s] INFO:colcon.colcon_core.shell:Creating package descriptor '/home/utente/Documenti/Magistrale/SecondoAnno/EXP_RO/EXP_Ws/install/my_opencv/share/my_opencv/package.dsv'
[1.387s] INFO:colcon.colcon_core.shell:Creating package script '/home/utente/Documenti/Magistrale/SecondoAnno/EXP_RO/EXP_Ws/install/my_opencv/share/my_opencv/package.sh'
[1.389s] INFO:colcon.colcon_core.shell:Creating package script '/home/utente/Documenti/Magistrale/SecondoAnno/EXP_RO/EXP_Ws/install/my_opencv/share/my_opencv/package.bash'
[1.390s] INFO:colcon.colcon_core.shell:Creating package script '/home/utente/Documenti/Magistrale/SecondoAnno/EXP_RO/EXP_Ws/install/my_opencv/share/my_opencv/package.zsh'
[1.390s] Level 1:colcon.colcon_core.environment:create_file_with_runtime_dependencies(/home/utente/Documenti/Magistrale/SecondoAnno/EXP_RO/EXP_Ws/install/my_opencv/share/colcon-core/packages/my_opencv)
[1.391s] Level 1:colcon.colcon_core.environment:create_environment_scripts_only(my_opencv)
[1.393s] Level 1:colcon.colcon_core.environment:checking '/home/utente/Documenti/Magistrale/SecondoAnno/EXP_RO/EXP_Ws/install/my_opencv' for CMake module files
[1.394s] Level 1:colcon.colcon_core.environment:checking '/home/utente/Documenti/Magistrale/SecondoAnno/EXP_RO/EXP_Ws/install/my_opencv' for CMake config files
[1.394s] Level 1:colcon.colcon_core.shell:create_environment_hook('my_opencv', 'cmake_prefix_path')
[1.395s] INFO:colcon.colcon_core.shell:Creating environment hook '/home/utente/Documenti/Magistrale/SecondoAnno/EXP_RO/EXP_Ws/install/my_opencv/share/my_opencv/hook/cmake_prefix_path.ps1'
[1.396s] INFO:colcon.colcon_core.shell:Creating environment descriptor '/home/utente/Documenti/Magistrale/SecondoAnno/EXP_RO/EXP_Ws/install/my_opencv/share/my_opencv/hook/cmake_prefix_path.dsv'
[1.398s] INFO:colcon.colcon_core.shell:Creating environment hook '/home/utente/Documenti/Magistrale/SecondoAnno/EXP_RO/EXP_Ws/install/my_opencv/share/my_opencv/hook/cmake_prefix_path.sh'
[1.400s] Level 1:colcon.colcon_core.environment:checking '/home/utente/Documenti/Magistrale/SecondoAnno/EXP_RO/EXP_Ws/install/my_opencv/lib'
[1.400s] Level 1:colcon.colcon_core.environment:checking '/home/utente/Documenti/Magistrale/SecondoAnno/EXP_RO/EXP_Ws/install/my_opencv/bin'
[1.400s] Level 1:colcon.colcon_core.environment:checking '/home/utente/Documenti/Magistrale/SecondoAnno/EXP_RO/EXP_Ws/install/my_opencv/lib/pkgconfig/my_opencv.pc'
[1.402s] Level 1:colcon.colcon_core.environment:checking '/home/utente/Documenti/Magistrale/SecondoAnno/EXP_RO/EXP_Ws/install/my_opencv/lib/python3.12/site-packages'
[1.402s] Level 1:colcon.colcon_core.environment:checking '/home/utente/Documenti/Magistrale/SecondoAnno/EXP_RO/EXP_Ws/install/my_opencv/bin'
[1.403s] INFO:colcon.colcon_core.shell:Creating package script '/home/utente/Documenti/Magistrale/SecondoAnno/EXP_RO/EXP_Ws/install/my_opencv/share/my_opencv/package.ps1'
[1.404s] INFO:colcon.colcon_core.shell:Creating package descriptor '/home/utente/Documenti/Magistrale/SecondoAnno/EXP_RO/EXP_Ws/install/my_opencv/share/my_opencv/package.dsv'
[1.406s] INFO:colcon.colcon_core.shell:Creating package script '/home/utente/Documenti/Magistrale/SecondoAnno/EXP_RO/EXP_Ws/install/my_opencv/share/my_opencv/package.sh'
[1.408s] INFO:colcon.colcon_core.shell:Creating package script '/home/utente/Documenti/Magistrale/SecondoAnno/EXP_RO/EXP_Ws/install/my_opencv/share/my_opencv/package.bash'
[1.409s] INFO:colcon.colcon_core.shell:Creating package script '/home/utente/Documenti/Magistrale/SecondoAnno/EXP_RO/EXP_Ws/install/my_opencv/share/my_opencv/package.zsh'
[1.410s] Level 1:colcon.colcon_core.environment:create_file_with_runtime_dependencies(/home/utente/Documenti/Magistrale/SecondoAnno/EXP_RO/EXP_Ws/install/my_opencv/share/colcon-core/packages/my_opencv)
[2.206s] DEBUG:colcon.colcon_core.event_handler.log_command:Invoked command in '/home/utente/Documenti/Magistrale/SecondoAnno/EXP_RO/EXP_Ws/build/aruco_opencv_msgs' returned '0': CMAKE_PREFIX_PATH=${CMAKE_PREFIX_PATH}:/home/utente/Documenti/Magistrale/SecondoAnno/EXP_RO/EXP_Ws/install/brain:/opt/ros/jazzy DEBUGINFOD_URLS=https://debuginfod.ubuntu.com /usr/bin/cmake --build /home/utente/Documenti/Magistrale/SecondoAnno/EXP_RO/EXP_Ws/build/aruco_opencv_msgs -- -j8 -l8
[2.210s] DEBUG:colcon.colcon_core.event_handler.log_command:Invoking command in '/home/utente/Documenti/Magistrale/SecondoAnno/EXP_RO/EXP_Ws/build/aruco_opencv_msgs': CMAKE_PREFIX_PATH=${CMAKE_PREFIX_PATH}:/home/utente/Documenti/Magistrale/SecondoAnno/EXP_RO/EXP_Ws/install/brain:/opt/ros/jazzy DEBUGINFOD_URLS=https://debuginfod.ubuntu.com /usr/bin/cmake --install /home/utente/Documenti/Magistrale/SecondoAnno/EXP_RO/EXP_Ws/build/aruco_opencv_msgs
[2.352s] Level 1:colcon.colcon_core.environment:create_environment_scripts_only(aruco_opencv_msgs)
[2.353s] Level 1:colcon.colcon_core.environment:checking '/home/utente/Documenti/Magistrale/SecondoAnno/EXP_RO/EXP_Ws/install/aruco_opencv_msgs' for CMake module files
[2.357s] Level 1:colcon.colcon_core.environment:checking '/home/utente/Documenti/Magistrale/SecondoAnno/EXP_RO/EXP_Ws/install/aruco_opencv_msgs' for CMake config files
[2.359s] DEBUG:colcon.colcon_core.event_handler.log_command:Invoked command in '/home/utente/Documenti/Magistrale/SecondoAnno/EXP_RO/EXP_Ws/build/aruco_opencv_msgs' returned '0': CMAKE_PREFIX_PATH=${CMAKE_PREFIX_PATH}:/home/utente/Documenti/Magistrale/SecondoAnno/EXP_RO/EXP_Ws/install/brain:/opt/ros/jazzy DEBUGINFOD_URLS=https://debuginfod.ubuntu.com /usr/bin/cmake --install /home/utente/Documenti/Magistrale/SecondoAnno/EXP_RO/EXP_Ws/build/aruco_opencv_msgs
[2.359s] Level 1:colcon.colcon_core.shell:create_environment_hook('aruco_opencv_msgs', 'cmake_prefix_path')
[2.360s] INFO:colcon.colcon_core.shell:Creating environment hook '/home/utente/Documenti/Magistrale/SecondoAnno/EXP_RO/EXP_Ws/install/aruco_opencv_msgs/share/aruco_opencv_msgs/hook/cmake_prefix_path.ps1'
[2.361s] INFO:colcon.colcon_core.shell:Creating environment descriptor '/home/utente/Documenti/Magistrale/SecondoAnno/EXP_RO/EXP_Ws/install/aruco_opencv_msgs/share/aruco_opencv_msgs/hook/cmake_prefix_path.dsv'
[2.362s] INFO:colcon.colcon_core.shell:Creating environment hook '/home/utente/Documenti/Magistrale/SecondoAnno/EXP_RO/EXP_Ws/install/aruco_opencv_msgs/share/aruco_opencv_msgs/hook/cmake_prefix_path.sh'
[2.363s] Level 1:colcon.colcon_core.environment:checking '/home/utente/Documenti/Magistrale/SecondoAnno/EXP_RO/EXP_Ws/install/aruco_opencv_msgs/lib'
[2.363s] Level 1:colcon.colcon_core.shell:create_environment_hook('aruco_opencv_msgs', 'ld_library_path_lib')
[2.364s] INFO:colcon.colcon_core.shell:Creating environment hook '/home/utente/Documenti/Magistrale/SecondoAnno/EXP_RO/EXP_Ws/install/aruco_opencv_msgs/share/aruco_opencv_msgs/hook/ld_library_path_lib.ps1'
[2.365s] INFO:colcon.colcon_core.shell:Creating environment descriptor '/home/utente/Documenti/Magistrale/SecondoAnno/EXP_RO/EXP_Ws/install/aruco_opencv_msgs/share/aruco_opencv_msgs/hook/ld_library_path_lib.dsv'
[2.365s] INFO:colcon.colcon_core.shell:Creating environment hook '/home/utente/Documenti/Magistrale/SecondoAnno/EXP_RO/EXP_Ws/install/aruco_opencv_msgs/share/aruco_opencv_msgs/hook/ld_library_path_lib.sh'
[2.366s] Level 1:colcon.colcon_core.environment:checking '/home/utente/Documenti/Magistrale/SecondoAnno/EXP_RO/EXP_Ws/install/aruco_opencv_msgs/bin'
[2.366s] Level 1:colcon.colcon_core.environment:checking '/home/utente/Documenti/Magistrale/SecondoAnno/EXP_RO/EXP_Ws/install/aruco_opencv_msgs/lib/pkgconfig/aruco_opencv_msgs.pc'
[2.367s] Level 1:colcon.colcon_core.environment:checking '/home/utente/Documenti/Magistrale/SecondoAnno/EXP_RO/EXP_Ws/install/aruco_opencv_msgs/lib/python3.12/site-packages'
[2.367s] Level 1:colcon.colcon_core.shell:create_environment_hook('aruco_opencv_msgs', 'pythonpath')
[2.368s] INFO:colcon.colcon_core.shell:Creating environment hook '/home/utente/Documenti/Magistrale/SecondoAnno/EXP_RO/EXP_Ws/install/aruco_opencv_msgs/share/aruco_opencv_msgs/hook/pythonpath.ps1'
[2.370s] INFO:colcon.colcon_core.shell:Creating environment descriptor '/home/utente/Documenti/Magistrale/SecondoAnno/EXP_RO/EXP_Ws/install/aruco_opencv_msgs/share/aruco_opencv_msgs/hook/pythonpath.dsv'
[2.370s] INFO:colcon.colcon_core.shell:Creating environment hook '/home/utente/Documenti/Magistrale/SecondoAnno/EXP_RO/EXP_Ws/install/aruco_opencv_msgs/share/aruco_opencv_msgs/hook/pythonpath.sh'
[2.372s] Level 1:colcon.colcon_core.environment:checking '/home/utente/Documenti/Magistrale/SecondoAnno/EXP_RO/EXP_Ws/install/aruco_opencv_msgs/bin'
[2.373s] INFO:colcon.colcon_core.shell:Creating package script '/home/utente/Documenti/Magistrale/SecondoAnno/EXP_RO/EXP_Ws/install/aruco_opencv_msgs/share/aruco_opencv_msgs/package.ps1'
[2.374s] INFO:colcon.colcon_core.shell:Creating package descriptor '/home/utente/Documenti/Magistrale/SecondoAnno/EXP_RO/EXP_Ws/install/aruco_opencv_msgs/share/aruco_opencv_msgs/package.dsv'
[2.375s] INFO:colcon.colcon_core.shell:Creating package script '/home/utente/Documenti/Magistrale/SecondoAnno/EXP_RO/EXP_Ws/install/aruco_opencv_msgs/share/aruco_opencv_msgs/package.sh'
[2.377s] INFO:colcon.colcon_core.shell:Creating package script '/home/utente/Documenti/Magistrale/SecondoAnno/EXP_RO/EXP_Ws/install/aruco_opencv_msgs/share/aruco_opencv_msgs/package.bash'
[2.378s] INFO:colcon.colcon_core.shell:Creating package script '/home/utente/Documenti/Magistrale/SecondoAnno/EXP_RO/EXP_Ws/install/aruco_opencv_msgs/share/aruco_opencv_msgs/package.zsh'
[2.379s] Level 1:colcon.colcon_core.environment:create_file_with_runtime_dependencies(/home/utente/Documenti/Magistrale/SecondoAnno/EXP_RO/EXP_Ws/install/aruco_opencv_msgs/share/colcon-core/packages/aruco_opencv_msgs)
[2.380s] Level 1:colcon.colcon_core.environment:create_environment_scripts_only(aruco_opencv_msgs)
[2.381s] Level 1:colcon.colcon_core.environment:checking '/home/utente/Documenti/Magistrale/SecondoAnno/EXP_RO/EXP_Ws/install/aruco_opencv_msgs' for CMake module files
[2.382s] Level 1:colcon.colcon_core.environment:checking '/home/utente/Documenti/Magistrale/SecondoAnno/EXP_RO/EXP_Ws/install/aruco_opencv_msgs' for CMake config files
[2.382s] Level 1:colcon.colcon_core.shell:create_environment_hook('aruco_opencv_msgs', 'cmake_prefix_path')
[2.383s] INFO:colcon.colcon_core.shell:Creating environment hook '/home/utente/Documenti/Magistrale/SecondoAnno/EXP_RO/EXP_Ws/install/aruco_opencv_msgs/share/aruco_opencv_msgs/hook/cmake_prefix_path.ps1'
[2.384s] INFO:colcon.colcon_core.shell:Creating environment descriptor '/home/utente/Documenti/Magistrale/SecondoAnno/EXP_RO/EXP_Ws/install/aruco_opencv_msgs/share/aruco_opencv_msgs/hook/cmake_prefix_path.dsv'
[2.384s] INFO:colcon.colcon_core.shell:Creating environment hook '/home/utente/Documenti/Magistrale/SecondoAnno/EXP_RO/EXP_Ws/install/aruco_opencv_msgs/share/aruco_opencv_msgs/hook/cmake_prefix_path.sh'
[2.386s] Level 1:colcon.colcon_core.environment:checking '/home/utente/Documenti/Magistrale/SecondoAnno/EXP_RO/EXP_Ws/install/aruco_opencv_msgs/lib'
[2.386s] Level 1:colcon.colcon_core.shell:create_environment_hook('aruco_opencv_msgs', 'ld_library_path_lib')
[2.386s] INFO:colcon.colcon_core.shell:Creating environment hook '/home/utente/Documenti/Magistrale/SecondoAnno/EXP_RO/EXP_Ws/install/aruco_opencv_msgs/share/aruco_opencv_msgs/hook/ld_library_path_lib.ps1'
[2.387s] INFO:colcon.colcon_core.shell:Creating environment descriptor '/home/utente/Documenti/Magistrale/SecondoAnno/EXP_RO/EXP_Ws/install/aruco_opencv_msgs/share/aruco_opencv_msgs/hook/ld_library_path_lib.dsv'
[2.388s] INFO:colcon.colcon_core.shell:Creating environment hook '/home/utente/Documenti/Magistrale/SecondoAnno/EXP_RO/EXP_Ws/install/aruco_opencv_msgs/share/aruco_opencv_msgs/hook/ld_library_path_lib.sh'
[2.388s] Level 1:colcon.colcon_core.environment:checking '/home/utente/Documenti/Magistrale/SecondoAnno/EXP_RO/EXP_Ws/install/aruco_opencv_msgs/bin'
[2.389s] Level 1:colcon.colcon_core.environment:checking '/home/utente/Documenti/Magistrale/SecondoAnno/EXP_RO/EXP_Ws/install/aruco_opencv_msgs/lib/pkgconfig/aruco_opencv_msgs.pc'
[2.389s] Level 1:colcon.colcon_core.environment:checking '/home/utente/Documenti/Magistrale/SecondoAnno/EXP_RO/EXP_Ws/install/aruco_opencv_msgs/lib/python3.12/site-packages'
[2.389s] Level 1:colcon.colcon_core.shell:create_environment_hook('aruco_opencv_msgs', 'pythonpath')
[2.390s] INFO:colcon.colcon_core.shell:Creating environment hook '/home/utente/Documenti/Magistrale/SecondoAnno/EXP_RO/EXP_Ws/install/aruco_opencv_msgs/share/aruco_opencv_msgs/hook/pythonpath.ps1'
[2.391s] INFO:colcon.colcon_core.shell:Creating environment descriptor '/home/utente/Documenti/Magistrale/SecondoAnno/EXP_RO/EXP_Ws/install/aruco_opencv_msgs/share/aruco_opencv_msgs/hook/pythonpath.dsv'
[2.393s] INFO:colcon.colcon_core.shell:Creating environment hook '/home/utente/Documenti/Magistrale/SecondoAnno/EXP_RO/EXP_Ws/install/aruco_opencv_msgs/share/aruco_opencv_msgs/hook/pythonpath.sh'
[2.395s] Level 1:colcon.colcon_core.environment:checking '/home/utente/Documenti/Magistrale/SecondoAnno/EXP_RO/EXP_Ws/install/aruco_opencv_msgs/bin'
[2.396s] INFO:colcon.colcon_core.shell:Creating package script '/home/utente/Documenti/Magistrale/SecondoAnno/EXP_RO/EXP_Ws/install/aruco_opencv_msgs/share/aruco_opencv_msgs/package.ps1'
[2.397s] INFO:colcon.colcon_core.shell:Creating package descriptor '/home/utente/Documenti/Magistrale/SecondoAnno/EXP_RO/EXP_Ws/install/aruco_opencv_msgs/share/aruco_opencv_msgs/package.dsv'
[2.398s] INFO:colcon.colcon_core.shell:Creating package script '/home/utente/Documenti/Magistrale/SecondoAnno/EXP_RO/EXP_Ws/install/aruco_opencv_msgs/share/aruco_opencv_msgs/package.sh'
[2.400s] INFO:colcon.colcon_core.shell:Creating package script '/home/utente/Documenti/Magistrale/SecondoAnno/EXP_RO/EXP_Ws/install/aruco_opencv_msgs/share/aruco_opencv_msgs/package.bash'
[2.401s] INFO:colcon.colcon_core.shell:Creating package script '/home/utente/Documenti/Magistrale/SecondoAnno/EXP_RO/EXP_Ws/install/aruco_opencv_msgs/share/aruco_opencv_msgs/package.zsh'
[2.402s] Level 1:colcon.colcon_core.environment:create_file_with_runtime_dependencies(/home/utente/Documenti/Magistrale/SecondoAnno/EXP_RO/EXP_Ws/install/aruco_opencv_msgs/share/colcon-core/packages/aruco_opencv_msgs)
[2.403s] INFO:colcon.colcon_ros.task.ament_cmake.build:Building ROS package in '/home/utente/Documenti/Magistrale/SecondoAnno/EXP_RO/EXP_Ws/ros_aruco_opencv/aruco_opencv' with build type 'ament_cmake'
[2.403s] INFO:colcon.colcon_cmake.task.cmake.build:Building CMake package in '/home/utente/Documenti/Magistrale/SecondoAnno/EXP_RO/EXP_Ws/ros_aruco_opencv/aruco_opencv'
[2.403s] INFO:colcon.colcon_core.shell:Skip shell extension 'powershell' for command environment: Not usable outside of PowerShell
[2.403s] DEBUG:colcon.colcon_core.shell:Skip shell extension 'dsv' for command environment
[2.437s] DEBUG:colcon.colcon_core.event_handler.log_command:Invoking command in '/home/utente/Documenti/Magistrale/SecondoAnno/EXP_RO/EXP_Ws/build/aruco_opencv': CMAKE_PREFIX_PATH=/home/utente/Documenti/Magistrale/SecondoAnno/EXP_RO/EXP_Ws/install/aruco_opencv_msgs:/home/utente/Documenti/Magistrale/SecondoAnno/EXP_RO/EXP_Ws/install/my_opencv:/home/utente/Documenti/Magistrale/SecondoAnno/EXP_RO/EXP_Ws/install/erl1:/home/utente/Documenti/Magistrale/SecondoAnno/EXP_RO/EXP_Ws/install/bme_gazebo_sensors:/home/utente/Documenti/Magistrale/SecondoAnno/EXP_RO/EXP_Ws/install/aruco_opencv:/opt/ros/jazzy/opt/gz_sim_vendor:/opt/ros/jazzy/opt/gz_sensors_vendor:/opt/ros/jazzy/opt/gz_physics_vendor:/opt/ros/jazzy/opt/sdformat_vendor:/opt/ros/jazzy/opt/gz_gui_vendor:/opt/ros/jazzy/opt/gz_transport_vendor:/opt/ros/jazzy/opt/gz_rendering_vendor:/opt/ros/jazzy/opt/gz_plugin_vendor:/opt/ros/jazzy/opt/gz_fuel_tools_vendor:/opt/ros/jazzy/opt/gz_msgs_vendor:/opt/ros/jazzy/opt/gz_common_vendor:/opt/ros/jazzy/opt/gz_math_vendor:/opt/ros/jazzy/opt/gz_utils_vendor:/opt/ros/jazzy/opt/gz_tools_vendor:/opt/ros/jazzy/opt/gz_ogre_next_vendor:/opt/ros/jazzy/opt/gz_dartsim_vendor:/opt/ros/jazzy/opt/gz_cmake_vendor:/home/utente/Documenti/Magistrale/SecondoAnno/EXP_RO/EXP_Ws/install/brain:/opt/ros/jazzy DEBUGINFOD_URLS=https://debuginfod.ubuntu.com LD_LIBRARY_PATH=/home/utente/Documenti/Magistrale/SecondoAnno/EXP_RO/EXP_Ws/install/aruco_opencv_msgs/lib:/home/utente/Documenti/Magistrale/SecondoAnno/EXP_RO/EXP_Ws/install/aruco_opencv/lib:/opt/ros/jazzy/opt/gz_sim_vendor/lib:/opt/ros/jazzy/opt/gz_sensors_vendor/lib:/opt/ros/jazzy/opt/gz_physics_vendor/lib:/opt/ros/jazzy/opt/sdformat_vendor/lib:/opt/ros/jazzy/opt/rviz_ogre_vendor/lib:/opt/ros/jazzy/lib/x86_64-linux-gnu:/opt/ros/jazzy/opt/gz_gui_vendor/lib:/opt/ros/jazzy/opt/gz_transport_vendor/lib:/opt/ros/jazzy/opt/gz_rendering_vendor/lib:/opt/ros/jazzy/opt/gz_plugin_vendor/lib:/opt/ros/jazzy/opt/gz_fuel_tools_vendor/lib:/opt/ros/jazzy/opt/gz_msgs_vendor/lib:/opt/ros/jazzy/opt/gz_common_vendor/lib:/opt/ros/jazzy/opt/gz_math_vendor/lib:/opt/ros/jazzy/opt/gz_utils_vendor/lib:/opt/ros/jazzy/opt/gz_tools_vendor/lib:/opt/ros/jazzy/opt/gz_ogre_next_vendor/lib:/opt/ros/jazzy/opt/gz_dartsim_vendor/lib:/opt/ros/jazzy/opt/gz_cmake_vendor/lib:/opt/ros/jazzy/lib PYTHONPATH=/home/utente/Documenti/Magistrale/SecondoAnno/EXP_RO/EXP_Ws/install/aruco_opencv_msgs/lib/python3.12/site-packages:/home/utente/Documenti/Magistrale/SecondoAnno/EXP_RO/EXP_Ws/install/brain/lib/python3.12/site-packages:/opt/ros/jazzy/lib/python3.12/site-packages /usr/bin/cmake --build /home/utente/Documenti/Magistrale/SecondoAnno/EXP_RO/EXP_Ws/build/aruco_opencv -- -j8 -l8
[2.527s] DEBUG:colcon.colcon_core.event_handler.log_command:Invoking command in '/home/utente/Documenti/Magistrale/SecondoAnno/EXP_RO/EXP_Ws/src/brain': DEBUGINFOD_URLS=https://debuginfod.ubuntu.com PYTHONPATH=/home/utente/Documenti/Magistrale/SecondoAnno/EXP_RO/EXP_Ws/build/brain/prefix_override:/usr/lib/python3/dist-packages/colcon_core/task/python/colcon_distutils_commands:/home/utente/Documenti/Magistrale/SecondoAnno/EXP_RO/EXP_Ws/install/brain/lib/python3.12/site-packages:${PYTHONPATH} /usr/bin/python3 -W ignore:setup.py install is deprecated -W ignore:easy_install command is deprecated setup.py egg_info --egg-base ../../build/brain build --build-base /home/utente/Documenti/Magistrale/SecondoAnno/EXP_RO/EXP_Ws/build/brain/build install --record /home/utente/Documenti/Magistrale/SecondoAnno/EXP_RO/EXP_Ws/build/brain/install.log --single-version-externally-managed install_data
[2.741s] DEBUG:colcon.colcon_core.event_handler.log_command:Invoked command in '/home/utente/Documenti/Magistrale/SecondoAnno/EXP_RO/EXP_Ws/build/aruco_opencv' returned '0': CMAKE_PREFIX_PATH=/home/utente/Documenti/Magistrale/SecondoAnno/EXP_RO/EXP_Ws/install/aruco_opencv_msgs:/home/utente/Documenti/Magistrale/SecondoAnno/EXP_RO/EXP_Ws/install/my_opencv:/home/utente/Documenti/Magistrale/SecondoAnno/EXP_RO/EXP_Ws/install/erl1:/home/utente/Documenti/Magistrale/SecondoAnno/EXP_RO/EXP_Ws/install/bme_gazebo_sensors:/home/utente/Documenti/Magistrale/SecondoAnno/EXP_RO/EXP_Ws/install/aruco_opencv:/opt/ros/jazzy/opt/gz_sim_vendor:/opt/ros/jazzy/opt/gz_sensors_vendor:/opt/ros/jazzy/opt/gz_physics_vendor:/opt/ros/jazzy/opt/sdformat_vendor:/opt/ros/jazzy/opt/gz_gui_vendor:/opt/ros/jazzy/opt/gz_transport_vendor:/opt/ros/jazzy/opt/gz_rendering_vendor:/opt/ros/jazzy/opt/gz_plugin_vendor:/opt/ros/jazzy/opt/gz_fuel_tools_vendor:/opt/ros/jazzy/opt/gz_msgs_vendor:/opt/ros/jazzy/opt/gz_common_vendor:/opt/ros/jazzy/opt/gz_math_vendor:/opt/ros/jazzy/opt/gz_utils_vendor:/opt/ros/jazzy/opt/gz_tools_vendor:/opt/ros/jazzy/opt/gz_ogre_next_vendor:/opt/ros/jazzy/opt/gz_dartsim_vendor:/opt/ros/jazzy/opt/gz_cmake_vendor:/home/utente/Documenti/Magistrale/SecondoAnno/EXP_RO/EXP_Ws/install/brain:/opt/ros/jazzy DEBUGINFOD_URLS=https://debuginfod.ubuntu.com LD_LIBRARY_PATH=/home/utente/Documenti/Magistrale/SecondoAnno/EXP_RO/EXP_Ws/install/aruco_opencv_msgs/lib:/home/utente/Documenti/Magistrale/SecondoAnno/EXP_RO/EXP_Ws/install/aruco_opencv/lib:/opt/ros/jazzy/opt/gz_sim_vendor/lib:/opt/ros/jazzy/opt/gz_sensors_vendor/lib:/opt/ros/jazzy/opt/gz_physics_vendor/lib:/opt/ros/jazzy/opt/sdformat_vendor/lib:/opt/ros/jazzy/opt/rviz_ogre_vendor/lib:/opt/ros/jazzy/lib/x86_64-linux-gnu:/opt/ros/jazzy/opt/gz_gui_vendor/lib:/opt/ros/jazzy/opt/gz_transport_vendor/lib:/opt/ros/jazzy/opt/gz_rendering_vendor/lib:/opt/ros/jazzy/opt/gz_plugin_vendor/lib:/opt/ros/jazzy/opt/gz_fuel_tools_vendor/lib:/opt/ros/jazzy/opt/gz_msgs_vendor/lib:/opt/ros/jazzy/opt/gz_common_vendor/lib:/opt/ros/jazzy/opt/gz_math_vendor/lib:/opt/ros/jazzy/opt/gz_utils_vendor/lib:/opt/ros/jazzy/opt/gz_tools_vendor/lib:/opt/ros/jazzy/opt/gz_ogre_next_vendor/lib:/opt/ros/jazzy/opt/gz_dartsim_vendor/lib:/opt/ros/jazzy/opt/gz_cmake_vendor/lib:/opt/ros/jazzy/lib PYTHONPATH=/home/utente/Documenti/Magistrale/SecondoAnno/EXP_RO/EXP_Ws/install/aruco_opencv_msgs/lib/python3.12/site-packages:/home/utente/Documenti/Magistrale/SecondoAnno/EXP_RO/EXP_Ws/install/brain/lib/python3.12/site-packages:/opt/ros/jazzy/lib/python3.12/site-packages /usr/bin/cmake --build /home/utente/Documenti/Magistrale/SecondoAnno/EXP_RO/EXP_Ws/build/aruco_opencv -- -j8 -l8
[2.744s] DEBUG:colcon.colcon_core.event_handler.log_command:Invoking command in '/home/utente/Documenti/Magistrale/SecondoAnno/EXP_RO/EXP_Ws/build/aruco_opencv': CMAKE_PREFIX_PATH=/home/utente/Documenti/Magistrale/SecondoAnno/EXP_RO/EXP_Ws/install/aruco_opencv_msgs:/home/utente/Documenti/Magistrale/SecondoAnno/EXP_RO/EXP_Ws/install/my_opencv:/home/utente/Documenti/Magistrale/SecondoAnno/EXP_RO/EXP_Ws/install/erl1:/home/utente/Documenti/Magistrale/SecondoAnno/EXP_RO/EXP_Ws/install/bme_gazebo_sensors:/home/utente/Documenti/Magistrale/SecondoAnno/EXP_RO/EXP_Ws/install/aruco_opencv:/opt/ros/jazzy/opt/gz_sim_vendor:/opt/ros/jazzy/opt/gz_sensors_vendor:/opt/ros/jazzy/opt/gz_physics_vendor:/opt/ros/jazzy/opt/sdformat_vendor:/opt/ros/jazzy/opt/gz_gui_vendor:/opt/ros/jazzy/opt/gz_transport_vendor:/opt/ros/jazzy/opt/gz_rendering_vendor:/opt/ros/jazzy/opt/gz_plugin_vendor:/opt/ros/jazzy/opt/gz_fuel_tools_vendor:/opt/ros/jazzy/opt/gz_msgs_vendor:/opt/ros/jazzy/opt/gz_common_vendor:/opt/ros/jazzy/opt/gz_math_vendor:/opt/ros/jazzy/opt/gz_utils_vendor:/opt/ros/jazzy/opt/gz_tools_vendor:/opt/ros/jazzy/opt/gz_ogre_next_vendor:/opt/ros/jazzy/opt/gz_dartsim_vendor:/opt/ros/jazzy/opt/gz_cmake_vendor:/home/utente/Documenti/Magistrale/SecondoAnno/EXP_RO/EXP_Ws/install/brain:/opt/ros/jazzy DEBUGINFOD_URLS=https://debuginfod.ubuntu.com LD_LIBRARY_PATH=/home/utente/Documenti/Magistrale/SecondoAnno/EXP_RO/EXP_Ws/install/aruco_opencv_msgs/lib:/home/utente/Documenti/Magistrale/SecondoAnno/EXP_RO/EXP_Ws/install/aruco_opencv/lib:/opt/ros/jazzy/opt/gz_sim_vendor/lib:/opt/ros/jazzy/opt/gz_sensors_vendor/lib:/opt/ros/jazzy/opt/gz_physics_vendor/lib:/opt/ros/jazzy/opt/sdformat_vendor/lib:/opt/ros/jazzy/opt/rviz_ogre_vendor/lib:/opt/ros/jazzy/lib/x86_64-linux-gnu:/opt/ros/jazzy/opt/gz_gui_vendor/lib:/opt/ros/jazzy/opt/gz_transport_vendor/lib:/opt/ros/jazzy/opt/gz_rendering_vendor/lib:/opt/ros/jazzy/opt/gz_plugin_vendor/lib:/opt/ros/jazzy/opt/gz_fuel_tools_vendor/lib:/opt/ros/jazzy/opt/gz_msgs_vendor/lib:/opt/ros/jazzy/opt/gz_common_vendor/lib:/opt/ros/jazzy/opt/gz_math_vendor/lib:/opt/ros/jazzy/opt/gz_utils_vendor/lib:/opt/ros/jazzy/opt/gz_tools_vendor/lib:/opt/ros/jazzy/opt/gz_ogre_next_vendor/lib:/opt/ros/jazzy/opt/gz_dartsim_vendor/lib:/opt/ros/jazzy/opt/gz_cmake_vendor/lib:/opt/ros/jazzy/lib PYTHONPATH=/home/utente/Documenti/Magistrale/SecondoAnno/EXP_RO/EXP_Ws/install/aruco_opencv_msgs/lib/python3.12/site-packages:/home/utente/Documenti/Magistrale/SecondoAnno/EXP_RO/EXP_Ws/install/brain/lib/python3.12/site-packages:/opt/ros/jazzy/lib/python3.12/site-packages /usr/bin/cmake --install /home/utente/Documenti/Magistrale/SecondoAnno/EXP_RO/EXP_Ws/build/aruco_opencv
[2.772s] Level 1:colcon.colcon_core.environment:create_environment_scripts_only(aruco_opencv)
[2.772s] DEBUG:colcon.colcon_core.event_handler.log_command:Invoked command in '/home/utente/Documenti/Magistrale/SecondoAnno/EXP_RO/EXP_Ws/build/aruco_opencv' returned '0': CMAKE_PREFIX_PATH=/home/utente/Documenti/Magistrale/SecondoAnno/EXP_RO/EXP_Ws/install/aruco_opencv_msgs:/home/utente/Documenti/Magistrale/SecondoAnno/EXP_RO/EXP_Ws/install/my_opencv:/home/utente/Documenti/Magistrale/SecondoAnno/EXP_RO/EXP_Ws/install/erl1:/home/utente/Documenti/Magistrale/SecondoAnno/EXP_RO/EXP_Ws/install/bme_gazebo_sensors:/home/utente/Documenti/Magistrale/SecondoAnno/EXP_RO/EXP_Ws/install/aruco_opencv:/opt/ros/jazzy/opt/gz_sim_vendor:/opt/ros/jazzy/opt/gz_sensors_vendor:/opt/ros/jazzy/opt/gz_physics_vendor:/opt/ros/jazzy/opt/sdformat_vendor:/opt/ros/jazzy/opt/gz_gui_vendor:/opt/ros/jazzy/opt/gz_transport_vendor:/opt/ros/jazzy/opt/gz_rendering_vendor:/opt/ros/jazzy/opt/gz_plugin_vendor:/opt/ros/jazzy/opt/gz_fuel_tools_vendor:/opt/ros/jazzy/opt/gz_msgs_vendor:/opt/ros/jazzy/opt/gz_common_vendor:/opt/ros/jazzy/opt/gz_math_vendor:/opt/ros/jazzy/opt/gz_utils_vendor:/opt/ros/jazzy/opt/gz_tools_vendor:/opt/ros/jazzy/opt/gz_ogre_next_vendor:/opt/ros/jazzy/opt/gz_dartsim_vendor:/opt/ros/jazzy/opt/gz_cmake_vendor:/home/utente/Documenti/Magistrale/SecondoAnno/EXP_RO/EXP_Ws/install/brain:/opt/ros/jazzy DEBUGINFOD_URLS=https://debuginfod.ubuntu.com LD_LIBRARY_PATH=/home/utente/Documenti/Magistrale/SecondoAnno/EXP_RO/EXP_Ws/install/aruco_opencv_msgs/lib:/home/utente/Documenti/Magistrale/SecondoAnno/EXP_RO/EXP_Ws/install/aruco_opencv/lib:/opt/ros/jazzy/opt/gz_sim_vendor/lib:/opt/ros/jazzy/opt/gz_sensors_vendor/lib:/opt/ros/jazzy/opt/gz_physics_vendor/lib:/opt/ros/jazzy/opt/sdformat_vendor/lib:/opt/ros/jazzy/opt/rviz_ogre_vendor/lib:/opt/ros/jazzy/lib/x86_64-linux-gnu:/opt/ros/jazzy/opt/gz_gui_vendor/lib:/opt/ros/jazzy/opt/gz_transport_vendor/lib:/opt/ros/jazzy/opt/gz_rendering_vendor/lib:/opt/ros/jazzy/opt/gz_plugin_vendor/lib:/opt/ros/jazzy/opt/gz_fuel_tools_vendor/lib:/opt/ros/jazzy/opt/gz_msgs_vendor/lib:/opt/ros/jazzy/opt/gz_common_vendor/lib:/opt/ros/jazzy/opt/gz_math_vendor/lib:/opt/ros/jazzy/opt/gz_utils_vendor/lib:/opt/ros/jazzy/opt/gz_tools_vendor/lib:/opt/ros/jazzy/opt/gz_ogre_next_vendor/lib:/opt/ros/jazzy/opt/gz_dartsim_vendor/lib:/opt/ros/jazzy/opt/gz_cmake_vendor/lib:/opt/ros/jazzy/lib PYTHONPATH=/home/utente/Documenti/Magistrale/SecondoAnno/EXP_RO/EXP_Ws/install/aruco_opencv_msgs/lib/python3.12/site-packages:/home/utente/Documenti/Magistrale/SecondoAnno/EXP_RO/EXP_Ws/install/brain/lib/python3.12/site-packages:/opt/ros/jazzy/lib/python3.12/site-packages /usr/bin/cmake --install /home/utente/Documenti/Magistrale/SecondoAnno/EXP_RO/EXP_Ws/build/aruco_opencv
[2.773s] Level 1:colcon.colcon_core.environment:checking '/home/utente/Documenti/Magistrale/SecondoAnno/EXP_RO/EXP_Ws/install/aruco_opencv' for CMake module files
[2.777s] Level 1:colcon.colcon_core.environment:checking '/home/utente/Documenti/Magistrale/SecondoAnno/EXP_RO/EXP_Ws/install/aruco_opencv' for CMake config files
[2.777s] Level 1:colcon.colcon_core.shell:create_environment_hook('aruco_opencv', 'cmake_prefix_path')
[2.778s] INFO:colcon.colcon_core.shell:Creating environment hook '/home/utente/Documenti/Magistrale/SecondoAnno/EXP_RO/EXP_Ws/install/aruco_opencv/share/aruco_opencv/hook/cmake_prefix_path.ps1'
[2.779s] INFO:colcon.colcon_core.shell:Creating environment descriptor '/home/utente/Documenti/Magistrale/SecondoAnno/EXP_RO/EXP_Ws/install/aruco_opencv/share/aruco_opencv/hook/cmake_prefix_path.dsv'
[2.780s] INFO:colcon.colcon_core.shell:Creating environment hook '/home/utente/Documenti/Magistrale/SecondoAnno/EXP_RO/EXP_Ws/install/aruco_opencv/share/aruco_opencv/hook/cmake_prefix_path.sh'
[2.781s] Level 1:colcon.colcon_core.environment:checking '/home/utente/Documenti/Magistrale/SecondoAnno/EXP_RO/EXP_Ws/install/aruco_opencv/lib'
[2.781s] Level 1:colcon.colcon_core.shell:create_environment_hook('aruco_opencv', 'ld_library_path_lib')
[2.782s] INFO:colcon.colcon_core.shell:Creating environment hook '/home/utente/Documenti/Magistrale/SecondoAnno/EXP_RO/EXP_Ws/install/aruco_opencv/share/aruco_opencv/hook/ld_library_path_lib.ps1'
[2.782s] INFO:colcon.colcon_core.shell:Creating environment descriptor '/home/utente/Documenti/Magistrale/SecondoAnno/EXP_RO/EXP_Ws/install/aruco_opencv/share/aruco_opencv/hook/ld_library_path_lib.dsv'
[2.783s] INFO:colcon.colcon_core.shell:Creating environment hook '/home/utente/Documenti/Magistrale/SecondoAnno/EXP_RO/EXP_Ws/install/aruco_opencv/share/aruco_opencv/hook/ld_library_path_lib.sh'
[2.784s] Level 1:colcon.colcon_core.environment:checking '/home/utente/Documenti/Magistrale/SecondoAnno/EXP_RO/EXP_Ws/install/aruco_opencv/bin'
[2.784s] Level 1:colcon.colcon_core.environment:checking '/home/utente/Documenti/Magistrale/SecondoAnno/EXP_RO/EXP_Ws/install/aruco_opencv/lib/pkgconfig/aruco_opencv.pc'
[2.784s] Level 1:colcon.colcon_core.environment:checking '/home/utente/Documenti/Magistrale/SecondoAnno/EXP_RO/EXP_Ws/install/aruco_opencv/lib/python3.12/site-packages'
[2.785s] Level 1:colcon.colcon_core.environment:checking '/home/utente/Documenti/Magistrale/SecondoAnno/EXP_RO/EXP_Ws/install/aruco_opencv/bin'
[2.786s] INFO:colcon.colcon_core.shell:Creating package script '/home/utente/Documenti/Magistrale/SecondoAnno/EXP_RO/EXP_Ws/install/aruco_opencv/share/aruco_opencv/package.ps1'
[2.788s] INFO:colcon.colcon_core.shell:Creating package descriptor '/home/utente/Documenti/Magistrale/SecondoAnno/EXP_RO/EXP_Ws/install/aruco_opencv/share/aruco_opencv/package.dsv'
[2.789s] INFO:colcon.colcon_core.shell:Creating package script '/home/utente/Documenti/Magistrale/SecondoAnno/EXP_RO/EXP_Ws/install/aruco_opencv/share/aruco_opencv/package.sh'
[2.790s] INFO:colcon.colcon_core.shell:Creating package script '/home/utente/Documenti/Magistrale/SecondoAnno/EXP_RO/EXP_Ws/install/aruco_opencv/share/aruco_opencv/package.bash'
[2.791s] INFO:colcon.colcon_core.shell:Creating package script '/home/utente/Documenti/Magistrale/SecondoAnno/EXP_RO/EXP_Ws/install/aruco_opencv/share/aruco_opencv/package.zsh'
[2.792s] Level 1:colcon.colcon_core.environment:create_file_with_runtime_dependencies(/home/utente/Documenti/Magistrale/SecondoAnno/EXP_RO/EXP_Ws/install/aruco_opencv/share/colcon-core/packages/aruco_opencv)
[2.793s] Level 1:colcon.colcon_core.environment:create_environment_scripts_only(aruco_opencv)
[2.794s] Level 1:colcon.colcon_core.environment:checking '/home/utente/Documenti/Magistrale/SecondoAnno/EXP_RO/EXP_Ws/install/aruco_opencv' for CMake module files
[2.796s] Level 1:colcon.colcon_core.environment:checking '/home/utente/Documenti/Magistrale/SecondoAnno/EXP_RO/EXP_Ws/install/aruco_opencv' for CMake config files
[2.796s] Level 1:colcon.colcon_core.shell:create_environment_hook('aruco_opencv', 'cmake_prefix_path')
[2.796s] INFO:colcon.colcon_core.shell:Creating environment hook '/home/utente/Documenti/Magistrale/SecondoAnno/EXP_RO/EXP_Ws/install/aruco_opencv/share/aruco_opencv/hook/cmake_prefix_path.ps1'
[2.797s] INFO:colcon.colcon_core.shell:Creating environment descriptor '/home/utente/Documenti/Magistrale/SecondoAnno/EXP_RO/EXP_Ws/install/aruco_opencv/share/aruco_opencv/hook/cmake_prefix_path.dsv'
[2.798s] INFO:colcon.colcon_core.shell:Creating environment hook '/home/utente/Documenti/Magistrale/SecondoAnno/EXP_RO/EXP_Ws/install/aruco_opencv/share/aruco_opencv/hook/cmake_prefix_path.sh'
[2.799s] Level 1:colcon.colcon_core.environment:checking '/home/utente/Documenti/Magistrale/SecondoAnno/EXP_RO/EXP_Ws/install/aruco_opencv/lib'
[2.799s] Level 1:colcon.colcon_core.shell:create_environment_hook('aruco_opencv', 'ld_library_path_lib')
[2.800s] INFO:colcon.colcon_core.shell:Creating environment hook '/home/utente/Documenti/Magistrale/SecondoAnno/EXP_RO/EXP_Ws/install/aruco_opencv/share/aruco_opencv/hook/ld_library_path_lib.ps1'
[2.801s] INFO:colcon.colcon_core.shell:Creating environment descriptor '/home/utente/Documenti/Magistrale/SecondoAnno/EXP_RO/EXP_Ws/install/aruco_opencv/share/aruco_opencv/hook/ld_library_path_lib.dsv'
[2.801s] INFO:colcon.colcon_core.shell:Creating environment hook '/home/utente/Documenti/Magistrale/SecondoAnno/EXP_RO/EXP_Ws/install/aruco_opencv/share/aruco_opencv/hook/ld_library_path_lib.sh'
[2.802s] Level 1:colcon.colcon_core.environment:checking '/home/utente/Documenti/Magistrale/SecondoAnno/EXP_RO/EXP_Ws/install/aruco_opencv/bin'
[2.802s] Level 1:colcon.colcon_core.environment:checking '/home/utente/Documenti/Magistrale/SecondoAnno/EXP_RO/EXP_Ws/install/aruco_opencv/lib/pkgconfig/aruco_opencv.pc'
[2.803s] Level 1:colcon.colcon_core.environment:checking '/home/utente/Documenti/Magistrale/SecondoAnno/EXP_RO/EXP_Ws/install/aruco_opencv/lib/python3.12/site-packages'
[2.803s] Level 1:colcon.colcon_core.environment:checking '/home/utente/Documenti/Magistrale/SecondoAnno/EXP_RO/EXP_Ws/install/aruco_opencv/bin'
[2.804s] INFO:colcon.colcon_core.shell:Creating package script '/home/utente/Documenti/Magistrale/SecondoAnno/EXP_RO/EXP_Ws/install/aruco_opencv/share/aruco_opencv/package.ps1'
[2.805s] INFO:colcon.colcon_core.shell:Creating package descriptor '/home/utente/Documenti/Magistrale/SecondoAnno/EXP_RO/EXP_Ws/install/aruco_opencv/share/aruco_opencv/package.dsv'
[2.806s] INFO:colcon.colcon_core.shell:Creating package script '/home/utente/Documenti/Magistrale/SecondoAnno/EXP_RO/EXP_Ws/install/aruco_opencv/share/aruco_opencv/package.sh'
[2.807s] INFO:colcon.colcon_core.shell:Creating package script '/home/utente/Documenti/Magistrale/SecondoAnno/EXP_RO/EXP_Ws/install/aruco_opencv/share/aruco_opencv/package.bash'
[2.808s] INFO:colcon.colcon_core.shell:Creating package script '/home/utente/Documenti/Magistrale/SecondoAnno/EXP_RO/EXP_Ws/install/aruco_opencv/share/aruco_opencv/package.zsh'
[2.809s] Level 1:colcon.colcon_core.environment:create_file_with_runtime_dependencies(/home/utente/Documenti/Magistrale/SecondoAnno/EXP_RO/EXP_Ws/install/aruco_opencv/share/colcon-core/packages/aruco_opencv)
[3.970s] Level 1:colcon.colcon_core.environment:checking '/home/utente/Documenti/Magistrale/SecondoAnno/EXP_RO/EXP_Ws/install/brain' for CMake module files
[3.972s] DEBUG:colcon.colcon_core.event_handler.log_command:Invoked command in '/home/utente/Documenti/Magistrale/SecondoAnno/EXP_RO/EXP_Ws/src/brain' returned '0': DEBUGINFOD_URLS=https://debuginfod.ubuntu.com PYTHONPATH=/home/utente/Documenti/Magistrale/SecondoAnno/EXP_RO/EXP_Ws/build/brain/prefix_override:/usr/lib/python3/dist-packages/colcon_core/task/python/colcon_distutils_commands:/home/utente/Documenti/Magistrale/SecondoAnno/EXP_RO/EXP_Ws/install/brain/lib/python3.12/site-packages:${PYTHONPATH} /usr/bin/python3 -W ignore:setup.py install is deprecated -W ignore:easy_install command is deprecated setup.py egg_info --egg-base ../../build/brain build --build-base /home/utente/Documenti/Magistrale/SecondoAnno/EXP_RO/EXP_Ws/build/brain/build install --record /home/utente/Documenti/Magistrale/SecondoAnno/EXP_RO/EXP_Ws/build/brain/install.log --single-version-externally-managed install_data
[3.972s] Level 1:colcon.colcon_core.environment:checking '/home/utente/Documenti/Magistrale/SecondoAnno/EXP_RO/EXP_Ws/install/brain' for CMake config files
[3.973s] Level 1:colcon.colcon_core.environment:checking '/home/utente/Documenti/Magistrale/SecondoAnno/EXP_RO/EXP_Ws/install/brain/lib'
[3.973s] Level 1:colcon.colcon_core.environment:checking '/home/utente/Documenti/Magistrale/SecondoAnno/EXP_RO/EXP_Ws/install/brain/bin'
[3.974s] Level 1:colcon.colcon_core.environment:checking '/home/utente/Documenti/Magistrale/SecondoAnno/EXP_RO/EXP_Ws/install/brain/lib/pkgconfig/brain.pc'
[3.974s] Level 1:colcon.colcon_core.environment:checking '/home/utente/Documenti/Magistrale/SecondoAnno/EXP_RO/EXP_Ws/install/brain/lib/python3.12/site-packages'
[3.974s] Level 1:colcon.colcon_core.shell:create_environment_hook('brain', 'pythonpath')
[3.975s] INFO:colcon.colcon_core.shell:Creating environment hook '/home/utente/Documenti/Magistrale/SecondoAnno/EXP_RO/EXP_Ws/install/brain/share/brain/hook/pythonpath.ps1'
[3.976s] INFO:colcon.colcon_core.shell:Creating environment descriptor '/home/utente/Documenti/Magistrale/SecondoAnno/EXP_RO/EXP_Ws/install/brain/share/brain/hook/pythonpath.dsv'
[3.978s] INFO:colcon.colcon_core.shell:Creating environment hook '/home/utente/Documenti/Magistrale/SecondoAnno/EXP_RO/EXP_Ws/install/brain/share/brain/hook/pythonpath.sh'
[3.979s] Level 1:colcon.colcon_core.environment:checking '/home/utente/Documenti/Magistrale/SecondoAnno/EXP_RO/EXP_Ws/install/brain/bin'
[3.979s] Level 1:colcon.colcon_core.environment:create_environment_scripts_only(brain)
[3.980s] INFO:colcon.colcon_core.shell:Creating package script '/home/utente/Documenti/Magistrale/SecondoAnno/EXP_RO/EXP_Ws/install/brain/share/brain/package.ps1'
[3.981s] INFO:colcon.colcon_core.shell:Creating package descriptor '/home/utente/Documenti/Magistrale/SecondoAnno/EXP_RO/EXP_Ws/install/brain/share/brain/package.dsv'
[3.982s] INFO:colcon.colcon_core.shell:Creating package script '/home/utente/Documenti/Magistrale/SecondoAnno/EXP_RO/EXP_Ws/install/brain/share/brain/package.sh'
[3.983s] INFO:colcon.colcon_core.shell:Creating package script '/home/utente/Documenti/Magistrale/SecondoAnno/EXP_RO/EXP_Ws/install/brain/share/brain/package.bash'
[3.984s] INFO:colcon.colcon_core.shell:Creating package script '/home/utente/Documenti/Magistrale/SecondoAnno/EXP_RO/EXP_Ws/install/brain/share/brain/package.zsh'
[3.984s] Level 1:colcon.colcon_core.environment:create_file_with_runtime_dependencies(/home/utente/Documenti/Magistrale/SecondoAnno/EXP_RO/EXP_Ws/install/brain/share/colcon-core/packages/brain)
[3.985s] DEBUG:colcon.colcon_parallel_executor.executor.parallel:closing loop
[3.986s] DEBUG:colcon.colcon_parallel_executor.executor.parallel:loop closed
[3.987s] DEBUG:colcon.colcon_parallel_executor.executor.parallel:run_until_complete finished with '0'
[3.987s] DEBUG:colcon.colcon_core.event_reactor:joining thread
[4.000s] INFO:colcon.colcon_core.plugin_system:Skipping extension 'colcon_notification.desktop_notification.terminal_notifier': Not used on non-Darwin systems
[4.000s] INFO:colcon.colcon_core.plugin_system:Skipping extension 'colcon_notification.desktop_notification.win32': Not used on non-Windows systems
[4.001s] INFO:colcon.colcon_notification.desktop_notification:Sending desktop notification using 'notify2'
[4.039s] DEBUG:colcon.colcon_core.event_reactor:joined thread
[4.040s] INFO:colcon.colcon_core.shell:Creating prefix script '/home/utente/Documenti/Magistrale/SecondoAnno/EXP_RO/EXP_Ws/install/local_setup.ps1'
[4.043s] INFO:colcon.colcon_core.shell:Creating prefix util module '/home/utente/Documenti/Magistrale/SecondoAnno/EXP_RO/EXP_Ws/install/_local_setup_util_ps1.py'
[4.046s] INFO:colcon.colcon_core.shell:Creating prefix chain script '/home/utente/Documenti/Magistrale/SecondoAnno/EXP_RO/EXP_Ws/install/setup.ps1'
[4.048s] INFO:colcon.colcon_core.shell:Creating prefix script '/home/utente/Documenti/Magistrale/SecondoAnno/EXP_RO/EXP_Ws/install/local_setup.sh'
[4.049s] INFO:colcon.colcon_core.shell:Creating prefix util module '/home/utente/Documenti/Magistrale/SecondoAnno/EXP_RO/EXP_Ws/install/_local_setup_util_sh.py'
[4.050s] INFO:colcon.colcon_core.shell:Creating prefix chain script '/home/utente/Documenti/Magistrale/SecondoAnno/EXP_RO/EXP_Ws/install/setup.sh'
[4.053s] INFO:colcon.colcon_core.shell:Creating prefix script '/home/utente/Documenti/Magistrale/SecondoAnno/EXP_RO/EXP_Ws/install/local_setup.bash'
[4.054s] INFO:colcon.colcon_core.shell:Creating prefix chain script '/home/utente/Documenti/Magistrale/SecondoAnno/EXP_RO/EXP_Ws/install/setup.bash'
[4.056s] INFO:colcon.colcon_core.shell:Creating prefix script '/home/utente/Documenti/Magistrale/SecondoAnno/EXP_RO/EXP_Ws/install/local_setup.zsh'
[4.057s] INFO:colcon.colcon_core.shell:Creating prefix chain script '/home/utente/Documenti/Magistrale/SecondoAnno/EXP_RO/EXP_Ws/install/setup.zsh'
