[0.225s] Invoking command in '/home/utente/Documenti/Magistrale/SecondoAnno/EXP_RO/EXP_Ws/build/my_opencv': CMAKE_PREFIX_PATH=${CMAKE_PREFIX_PATH}:/home/utente/Documenti/Magistrale/SecondoAnno/EXP_RO/EXP_Ws/install/brain:/opt/ros/jazzy DEBUGINFOD_URLS=https://debuginfod.ubuntu.com /usr/bin/cmake /home/utente/Documenti/Magistrale/SecondoAnno/EXP_RO/EXP_Ws/src/my_opencv -DCMAKE_INSTALL_PREFIX=/home/utente/Documenti/Magistrale/SecondoAnno/EXP_RO/EXP_Ws/install/my_opencv
[0.296s] -- The C compiler identification is GNU 13.3.0
[0.375s] -- The CXX compiler identification is GNU 13.3.0
[0.397s] -- Detecting C compiler ABI info
[0.524s] -- Detecting C compiler ABI info - done
[0.543s] -- Check for working C compiler: /usr/bin/cc - skipped
[0.543s] -- Detecting C compile features
[0.544s] -- Detecting C compile features - done
[0.556s] -- Detecting CXX compiler ABI info
[0.675s] -- Detecting CXX compiler ABI info - done
[0.695s] -- Check for working CXX compiler: /usr/bin/c++ - skipped
[0.695s] -- Detecting CXX compile features
[0.696s] -- Detecting CXX compile features - done
[0.702s] -- Found ament_cmake: 2.5.4 (/opt/ros/jazzy/share/ament_cmake/cmake)
[0.992s] -- Found Python3: /usr/bin/python3 (found version "3.12.3") found components: Interpreter 
[1.147s] -- Found rclcpp: 28.1.13 (/opt/ros/jazzy/share/rclcpp/cmake)
[1.244s] -- Found rosidl_generator_c: 4.6.6 (/opt/ros/jazzy/share/rosidl_generator_c/cmake)
[1.279s] -- Found rosidl_generator_cpp: 4.6.6 (/opt/ros/jazzy/share/rosidl_generator_cpp/cmake)
[1.317s] -- Using all available rosidl_typesupport_c: rosidl_typesupport_fastrtps_c;rosidl_typesupport_introspection_c
[1.352s] -- Using all available rosidl_typesupport_cpp: rosidl_typesupport_fastrtps_cpp;rosidl_typesupport_introspection_cpp
[1.521s] -- Found rmw_implementation_cmake: 7.3.2 (/opt/ros/jazzy/share/rmw_implementation_cmake/cmake)
[1.528s] -- Found rmw_fastrtps_cpp: 8.4.3 (/opt/ros/jazzy/share/rmw_fastrtps_cpp/cmake)
[1.678s] -- Found OpenSSL: /usr/lib/x86_64-linux-gnu/libcrypto.so (found version "3.0.13")  
[1.710s] -- Found FastRTPS: /opt/ros/jazzy/include (Required is at least version "2.13") 
[1.742s] -- Using RMW implementation 'rmw_fastrtps_cpp' as default
[1.889s] -- Found sensor_msgs: 5.3.6 (/opt/ros/jazzy/share/sensor_msgs/cmake)
[1.994s] -- Found cv_bridge: 4.1.0 (/opt/ros/jazzy/share/cv_bridge/cmake)
[2.021s] -- Found OpenCV: /usr (found version "4.6.0") 
[2.029s] -- Found image_transport: 5.1.7 (/opt/ros/jazzy/share/image_transport/cmake)
[2.093s] -- Found ament_lint_auto: 0.17.3 (/opt/ros/jazzy/share/ament_lint_auto/cmake)
[2.250s] -- Added test 'cppcheck' to perform static code analysis on C / C++ code
[2.251s] -- Configured cppcheck include dirs: 
[2.251s] -- Configured cppcheck exclude dirs and/or files: 
[2.253s] -- Added test 'lint_cmake' to check CMake code style
[2.257s] -- Added test 'uncrustify' to check C / C++ code style
[2.257s] -- Configured uncrustify additional arguments: 
[2.259s] -- Added test 'xmllint' to check XML markup files
[2.261s] -- Configuring done (2.0s)
[2.297s] -- Generating done (0.0s)
[2.307s] -- Build files have been written to: /home/utente/Documenti/Magistrale/SecondoAnno/EXP_RO/EXP_Ws/build/my_opencv
[2.320s] Invoked command in '/home/utente/Documenti/Magistrale/SecondoAnno/EXP_RO/EXP_Ws/build/my_opencv' returned '0': CMAKE_PREFIX_PATH=${CMAKE_PREFIX_PATH}:/home/utente/Documenti/Magistrale/SecondoAnno/EXP_RO/EXP_Ws/install/brain:/opt/ros/jazzy DEBUGINFOD_URLS=https://debuginfod.ubuntu.com /usr/bin/cmake /home/utente/Documenti/Magistrale/SecondoAnno/EXP_RO/EXP_Ws/src/my_opencv -DCMAKE_INSTALL_PREFIX=/home/utente/Documenti/Magistrale/SecondoAnno/EXP_RO/EXP_Ws/install/my_opencv
[2.321s] Invoking command in '/home/utente/Documenti/Magistrale/SecondoAnno/EXP_RO/EXP_Ws/build/my_opencv': CMAKE_PREFIX_PATH=${CMAKE_PREFIX_PATH}:/home/utente/Documenti/Magistrale/SecondoAnno/EXP_RO/EXP_Ws/install/brain:/opt/ros/jazzy DEBUGINFOD_URLS=https://debuginfod.ubuntu.com /usr/bin/cmake --build /home/utente/Documenti/Magistrale/SecondoAnno/EXP_RO/EXP_Ws/build/my_opencv -- -j8 -l8
[2.383s] [ 16%] [32mBuilding CXX object CMakeFiles/it_modifier.dir/src/modifier_it.cpp.o[0m
[2.387s] [ 33%] [32mBuilding CXX object CMakeFiles/it_subscriber.dir/src/subscriber_it.cpp.o[0m
[2.389s] [ 50%] [32mBuilding CXX object CMakeFiles/image_subscriber.dir/src/subscriber.cpp.o[0m
[10.314s] [ 66%] [32m[1mLinking CXX executable it_modifier[0m
[10.659s] [ 83%] [32m[1mLinking CXX executable it_subscriber[0m
[11.147s] [ 83%] Built target it_modifier
[11.338s] [ 83%] Built target it_subscriber
[14.194s] [100%] [32m[1mLinking CXX executable image_subscriber[0m
[15.002s] [100%] Built target image_subscriber
[15.014s] Invoked command in '/home/utente/Documenti/Magistrale/SecondoAnno/EXP_RO/EXP_Ws/build/my_opencv' returned '0': CMAKE_PREFIX_PATH=${CMAKE_PREFIX_PATH}:/home/utente/Documenti/Magistrale/SecondoAnno/EXP_RO/EXP_Ws/install/brain:/opt/ros/jazzy DEBUGINFOD_URLS=https://debuginfod.ubuntu.com /usr/bin/cmake --build /home/utente/Documenti/Magistrale/SecondoAnno/EXP_RO/EXP_Ws/build/my_opencv -- -j8 -l8
[15.016s] Invoking command in '/home/utente/Documenti/Magistrale/SecondoAnno/EXP_RO/EXP_Ws/build/my_opencv': CMAKE_PREFIX_PATH=${CMAKE_PREFIX_PATH}:/home/utente/Documenti/Magistrale/SecondoAnno/EXP_RO/EXP_Ws/install/brain:/opt/ros/jazzy DEBUGINFOD_URLS=https://debuginfod.ubuntu.com /usr/bin/cmake --install /home/utente/Documenti/Magistrale/SecondoAnno/EXP_RO/EXP_Ws/build/my_opencv
[15.025s] -- Install configuration: ""
[15.025s] -- Installing: /home/utente/Documenti/Magistrale/SecondoAnno/EXP_RO/EXP_Ws/install/my_opencv/lib/my_opencv/image_subscriber
[15.029s] -- Set non-toolchain portion of runtime path of "/home/utente/Documenti/Magistrale/SecondoAnno/EXP_RO/EXP_Ws/install/my_opencv/lib/my_opencv/image_subscriber" to ""
[15.030s] -- Installing: /home/utente/Documenti/Magistrale/SecondoAnno/EXP_RO/EXP_Ws/install/my_opencv/lib/my_opencv/it_subscriber
[15.031s] -- Set non-toolchain portion of runtime path of "/home/utente/Documenti/Magistrale/SecondoAnno/EXP_RO/EXP_Ws/install/my_opencv/lib/my_opencv/it_subscriber" to ""
[15.031s] -- Installing: /home/utente/Documenti/Magistrale/SecondoAnno/EXP_RO/EXP_Ws/install/my_opencv/lib/my_opencv/it_modifier
[15.032s] -- Set non-toolchain portion of runtime path of "/home/utente/Documenti/Magistrale/SecondoAnno/EXP_RO/EXP_Ws/install/my_opencv/lib/my_opencv/it_modifier" to ""
[15.032s] -- Installing: /home/utente/Documenti/Magistrale/SecondoAnno/EXP_RO/EXP_Ws/install/my_opencv/share/ament_index/resource_index/package_run_dependencies/my_opencv
[15.032s] -- Installing: /home/utente/Documenti/Magistrale/SecondoAnno/EXP_RO/EXP_Ws/install/my_opencv/share/ament_index/resource_index/parent_prefix_path/my_opencv
[15.033s] -- Installing: /home/utente/Documenti/Magistrale/SecondoAnno/EXP_RO/EXP_Ws/install/my_opencv/share/my_opencv/environment/ament_prefix_path.sh
[15.033s] -- Installing: /home/utente/Documenti/Magistrale/SecondoAnno/EXP_RO/EXP_Ws/install/my_opencv/share/my_opencv/environment/ament_prefix_path.dsv
[15.033s] -- Installing: /home/utente/Documenti/Magistrale/SecondoAnno/EXP_RO/EXP_Ws/install/my_opencv/share/my_opencv/environment/path.sh
[15.033s] -- Installing: /home/utente/Documenti/Magistrale/SecondoAnno/EXP_RO/EXP_Ws/install/my_opencv/share/my_opencv/environment/path.dsv
[15.034s] -- Installing: /home/utente/Documenti/Magistrale/SecondoAnno/EXP_RO/EXP_Ws/install/my_opencv/share/my_opencv/local_setup.bash
[15.034s] -- Installing: /home/utente/Documenti/Magistrale/SecondoAnno/EXP_RO/EXP_Ws/install/my_opencv/share/my_opencv/local_setup.sh
[15.034s] -- Installing: /home/utente/Documenti/Magistrale/SecondoAnno/EXP_RO/EXP_Ws/install/my_opencv/share/my_opencv/local_setup.zsh
[15.034s] -- Installing: /home/utente/Documenti/Magistrale/SecondoAnno/EXP_RO/EXP_Ws/install/my_opencv/share/my_opencv/local_setup.dsv
[15.034s] -- Installing: /home/utente/Documenti/Magistrale/SecondoAnno/EXP_RO/EXP_Ws/install/my_opencv/share/my_opencv/package.dsv
[15.035s] -- Installing: /home/utente/Documenti/Magistrale/SecondoAnno/EXP_RO/EXP_Ws/install/my_opencv/share/ament_index/resource_index/packages/my_opencv
[15.035s] -- Installing: /home/utente/Documenti/Magistrale/SecondoAnno/EXP_RO/EXP_Ws/install/my_opencv/share/my_opencv/cmake/my_opencvConfig.cmake
[15.035s] -- Installing: /home/utente/Documenti/Magistrale/SecondoAnno/EXP_RO/EXP_Ws/install/my_opencv/share/my_opencv/cmake/my_opencvConfig-version.cmake
[15.035s] -- Installing: /home/utente/Documenti/Magistrale/SecondoAnno/EXP_RO/EXP_Ws/install/my_opencv/share/my_opencv/package.xml
[15.039s] Invoked command in '/home/utente/Documenti/Magistrale/SecondoAnno/EXP_RO/EXP_Ws/build/my_opencv' returned '0': CMAKE_PREFIX_PATH=${CMAKE_PREFIX_PATH}:/home/utente/Documenti/Magistrale/SecondoAnno/EXP_RO/EXP_Ws/install/brain:/opt/ros/jazzy DEBUGINFOD_URLS=https://debuginfod.ubuntu.com /usr/bin/cmake --install /home/utente/Documenti/Magistrale/SecondoAnno/EXP_RO/EXP_Ws/build/my_opencv
