[0.178s] DEBUG:colcon:Command line arguments: ['/usr/bin/colcon', 'build']
[0.178s] DEBUG:colcon:Parsed command line arguments: Namespace(log_base=None, log_level=None, verb_name='build', build_base='build', install_base='install', merge_install=False, symlink_install=False, test_result_base=None, continue_on_error=False, executor='parallel', parallel_workers=8, event_handlers=None, ignore_user_meta=False, metas=['./colcon.meta'], base_paths=['.'], packages_ignore=None, packages_ignore_regex=None, paths=None, packages_up_to=None, packages_up_to_regex=None, packages_above=None, packages_above_and_dependencies=None, packages_above_depth=None, packages_select_by_dep=None, packages_skip_by_dep=None, packages_skip_up_to=None, packages_select_build_failed=False, packages_skip_build_finished=False, packages_select_test_failures=False, packages_skip_test_passed=False, packages_select=None, packages_skip=None, packages_select_regex=None, packages_skip_regex=None, packages_start=None, packages_end=None, allow_overriding=[], cmake_args=None, cmake_target=None, cmake_target_skip_unavailable=False, cmake_clean_cache=False, cmake_clean_first=False, cmake_force_configure=False, ament_cmake_args=None, catkin_cmake_args=None, catkin_skip_building_tests=False, mixin_files=None, mixin=None, verb_parser=<colcon_mixin.mixin.mixin_argument.MixinArgumentDecorator object at 0x77e278787e00>, verb_extension=<colcon_core.verb.build.BuildVerb object at 0x77e278787920>, main=<bound method BuildVerb.main of <colcon_core.verb.build.BuildVerb object at 0x77e278787920>>, mixin_verb=('build',))
[0.233s] Level 1:colcon.colcon_core.package_discovery:discover_packages(colcon_meta) check parameters
[0.233s] Level 1:colcon.colcon_core.package_discovery:discover_packages(recursive) check parameters
[0.233s] Level 1:colcon.colcon_core.package_discovery:discover_packages(ignore) check parameters
[0.233s] Level 1:colcon.colcon_core.package_discovery:discover_packages(path) check parameters
[0.233s] Level 1:colcon.colcon_core.package_discovery:discover_packages(colcon_meta) discover
[0.233s] Level 1:colcon.colcon_core.package_discovery:discover_packages(recursive) discover
[0.233s] INFO:colcon.colcon_core.package_discovery:Crawling recursively for packages in '/home/utente/Documenti/Magistrale/SecondoAnno/EXP_RO/EXP_Ws'
[0.233s] Level 1:colcon.colcon_core.package_identification:_identify(.) by extensions ['ignore', 'ignore_ament_install']
[0.233s] Level 1:colcon.colcon_core.package_identification:_identify(.) by extension 'ignore'
[0.233s] Level 1:colcon.colcon_core.package_identification:_identify(.) by extension 'ignore_ament_install'
[0.233s] Level 1:colcon.colcon_core.package_identification:_identify(.) by extensions ['colcon_pkg']
[0.233s] Level 1:colcon.colcon_core.package_identification:_identify(.) by extension 'colcon_pkg'
[0.234s] Level 1:colcon.colcon_core.package_identification:_identify(.) by extensions ['colcon_meta']
[0.234s] Level 1:colcon.colcon_core.package_identification:_identify(.) by extension 'colcon_meta'
[0.234s] Level 1:colcon.colcon_core.package_identification:_identify(.) by extensions ['ros']
[0.234s] Level 1:colcon.colcon_core.package_identification:_identify(.) by extension 'ros'
[0.260s] Level 1:colcon.colcon_core.package_identification:_identify(.) by extensions ['cmake', 'python']
[0.260s] Level 1:colcon.colcon_core.package_identification:_identify(.) by extension 'cmake'
[0.260s] Level 1:colcon.colcon_core.package_identification:_identify(.) by extension 'python'
[0.260s] Level 1:colcon.colcon_core.package_identification:_identify(.) by extensions ['python_setup_py']
[0.260s] Level 1:colcon.colcon_core.package_identification:_identify(.) by extension 'python_setup_py'
[0.261s] Level 1:colcon.colcon_core.package_identification:_identify(build) by extensions ['ignore', 'ignore_ament_install']
[0.261s] Level 1:colcon.colcon_core.package_identification:_identify(build) by extension 'ignore'
[0.261s] Level 1:colcon.colcon_core.package_identification:_identify(build) ignored
[0.261s] Level 1:colcon.colcon_core.package_identification:_identify(install) by extensions ['ignore', 'ignore_ament_install']
[0.261s] Level 1:colcon.colcon_core.package_identification:_identify(install) by extension 'ignore'
[0.261s] Level 1:colcon.colcon_core.package_identification:_identify(install) ignored
[0.261s] Level 1:colcon.colcon_core.package_identification:_identify(log) by extensions ['ignore', 'ignore_ament_install']
[0.261s] Level 1:colcon.colcon_core.package_identification:_identify(log) by extension 'ignore'
[0.261s] Level 1:colcon.colcon_core.package_identification:_identify(log) ignored
[0.261s] Level 1:colcon.colcon_core.package_identification:_identify(ros_aruco_opencv) by extensions ['ignore', 'ignore_ament_install']
[0.261s] Level 1:colcon.colcon_core.package_identification:_identify(ros_aruco_opencv) by extension 'ignore'
[0.261s] Level 1:colcon.colcon_core.package_identification:_identify(ros_aruco_opencv) by extension 'ignore_ament_install'
[0.261s] Level 1:colcon.colcon_core.package_identification:_identify(ros_aruco_opencv) by extensions ['colcon_pkg']
[0.261s] Level 1:colcon.colcon_core.package_identification:_identify(ros_aruco_opencv) by extension 'colcon_pkg'
[0.261s] Level 1:colcon.colcon_core.package_identification:_identify(ros_aruco_opencv) by extensions ['colcon_meta']
[0.261s] Level 1:colcon.colcon_core.package_identification:_identify(ros_aruco_opencv) by extension 'colcon_meta'
[0.262s] Level 1:colcon.colcon_core.package_identification:_identify(ros_aruco_opencv) by extensions ['ros']
[0.262s] Level 1:colcon.colcon_core.package_identification:_identify(ros_aruco_opencv) by extension 'ros'
[0.262s] Level 1:colcon.colcon_core.package_identification:_identify(ros_aruco_opencv) by extensions ['cmake', 'python']
[0.262s] Level 1:colcon.colcon_core.package_identification:_identify(ros_aruco_opencv) by extension 'cmake'
[0.262s] Level 1:colcon.colcon_core.package_identification:_identify(ros_aruco_opencv) by extension 'python'
[0.262s] Level 1:colcon.colcon_core.package_identification:_identify(ros_aruco_opencv) by extensions ['python_setup_py']
[0.262s] Level 1:colcon.colcon_core.package_identification:_identify(ros_aruco_opencv) by extension 'python_setup_py'
[0.262s] Level 1:colcon.colcon_core.package_identification:_identify(ros_aruco_opencv/aruco_opencv) by extensions ['ignore', 'ignore_ament_install']
[0.262s] Level 1:colcon.colcon_core.package_identification:_identify(ros_aruco_opencv/aruco_opencv) by extension 'ignore'
[0.262s] Level 1:colcon.colcon_core.package_identification:_identify(ros_aruco_opencv/aruco_opencv) by extension 'ignore_ament_install'
[0.262s] Level 1:colcon.colcon_core.package_identification:_identify(ros_aruco_opencv/aruco_opencv) by extensions ['colcon_pkg']
[0.262s] Level 1:colcon.colcon_core.package_identification:_identify(ros_aruco_opencv/aruco_opencv) by extension 'colcon_pkg'
[0.262s] Level 1:colcon.colcon_core.package_identification:_identify(ros_aruco_opencv/aruco_opencv) by extensions ['colcon_meta']
[0.262s] Level 1:colcon.colcon_core.package_identification:_identify(ros_aruco_opencv/aruco_opencv) by extension 'colcon_meta'
[0.262s] Level 1:colcon.colcon_core.package_identification:_identify(ros_aruco_opencv/aruco_opencv) by extensions ['ros']
[0.262s] Level 1:colcon.colcon_core.package_identification:_identify(ros_aruco_opencv/aruco_opencv) by extension 'ros'
[0.265s] DEBUG:colcon.colcon_core.package_identification:Package 'ros_aruco_opencv/aruco_opencv' with type 'ros.ament_cmake' and name 'aruco_opencv'
[0.265s] Level 1:colcon.colcon_core.package_identification:_identify(ros_aruco_opencv/aruco_opencv_msgs) by extensions ['ignore', 'ignore_ament_install']
[0.265s] Level 1:colcon.colcon_core.package_identification:_identify(ros_aruco_opencv/aruco_opencv_msgs) by extension 'ignore'
[0.265s] Level 1:colcon.colcon_core.package_identification:_identify(ros_aruco_opencv/aruco_opencv_msgs) by extension 'ignore_ament_install'
[0.265s] Level 1:colcon.colcon_core.package_identification:_identify(ros_aruco_opencv/aruco_opencv_msgs) by extensions ['colcon_pkg']
[0.265s] Level 1:colcon.colcon_core.package_identification:_identify(ros_aruco_opencv/aruco_opencv_msgs) by extension 'colcon_pkg'
[0.265s] Level 1:colcon.colcon_core.package_identification:_identify(ros_aruco_opencv/aruco_opencv_msgs) by extensions ['colcon_meta']
[0.265s] Level 1:colcon.colcon_core.package_identification:_identify(ros_aruco_opencv/aruco_opencv_msgs) by extension 'colcon_meta'
[0.265s] Level 1:colcon.colcon_core.package_identification:_identify(ros_aruco_opencv/aruco_opencv_msgs) by extensions ['ros']
[0.265s] Level 1:colcon.colcon_core.package_identification:_identify(ros_aruco_opencv/aruco_opencv_msgs) by extension 'ros'
[0.266s] DEBUG:colcon.colcon_core.package_identification:Package 'ros_aruco_opencv/aruco_opencv_msgs' with type 'ros.ament_cmake' and name 'aruco_opencv_msgs'
[0.266s] Level 1:colcon.colcon_core.package_identification:_identify(src) by extensions ['ignore', 'ignore_ament_install']
[0.266s] Level 1:colcon.colcon_core.package_identification:_identify(src) by extension 'ignore'
[0.266s] Level 1:colcon.colcon_core.package_identification:_identify(src) by extension 'ignore_ament_install'
[0.266s] Level 1:colcon.colcon_core.package_identification:_identify(src) by extensions ['colcon_pkg']
[0.266s] Level 1:colcon.colcon_core.package_identification:_identify(src) by extension 'colcon_pkg'
[0.266s] Level 1:colcon.colcon_core.package_identification:_identify(src) by extensions ['colcon_meta']
[0.267s] Level 1:colcon.colcon_core.package_identification:_identify(src) by extension 'colcon_meta'
[0.267s] Level 1:colcon.colcon_core.package_identification:_identify(src) by extensions ['ros']
[0.267s] Level 1:colcon.colcon_core.package_identification:_identify(src) by extension 'ros'
[0.267s] Level 1:colcon.colcon_core.package_identification:_identify(src) by extensions ['cmake', 'python']
[0.267s] Level 1:colcon.colcon_core.package_identification:_identify(src) by extension 'cmake'
[0.267s] Level 1:colcon.colcon_core.package_identification:_identify(src) by extension 'python'
[0.267s] Level 1:colcon.colcon_core.package_identification:_identify(src) by extensions ['python_setup_py']
[0.267s] Level 1:colcon.colcon_core.package_identification:_identify(src) by extension 'python_setup_py'
[0.267s] Level 1:colcon.colcon_core.package_identification:_identify(src/brain) by extensions ['ignore', 'ignore_ament_install']
[0.267s] Level 1:colcon.colcon_core.package_identification:_identify(src/brain) by extension 'ignore'
[0.267s] Level 1:colcon.colcon_core.package_identification:_identify(src/brain) by extension 'ignore_ament_install'
[0.267s] Level 1:colcon.colcon_core.package_identification:_identify(src/brain) by extensions ['colcon_pkg']
[0.267s] Level 1:colcon.colcon_core.package_identification:_identify(src/brain) by extension 'colcon_pkg'
[0.267s] Level 1:colcon.colcon_core.package_identification:_identify(src/brain) by extensions ['colcon_meta']
[0.267s] Level 1:colcon.colcon_core.package_identification:_identify(src/brain) by extension 'colcon_meta'
[0.267s] Level 1:colcon.colcon_core.package_identification:_identify(src/brain) by extensions ['ros']
[0.267s] Level 1:colcon.colcon_core.package_identification:_identify(src/brain) by extension 'ros'
[0.268s] DEBUG:colcon.colcon_core.package_identification:Package 'src/brain' with type 'ros.ament_python' and name 'brain'
[0.268s] Level 1:colcon.colcon_core.package_identification:_identify(src/erl1) by extensions ['ignore', 'ignore_ament_install']
[0.268s] Level 1:colcon.colcon_core.package_identification:_identify(src/erl1) by extension 'ignore'
[0.268s] Level 1:colcon.colcon_core.package_identification:_identify(src/erl1) by extension 'ignore_ament_install'
[0.268s] Level 1:colcon.colcon_core.package_identification:_identify(src/erl1) by extensions ['colcon_pkg']
[0.268s] Level 1:colcon.colcon_core.package_identification:_identify(src/erl1) by extension 'colcon_pkg'
[0.268s] Level 1:colcon.colcon_core.package_identification:_identify(src/erl1) by extensions ['colcon_meta']
[0.268s] Level 1:colcon.colcon_core.package_identification:_identify(src/erl1) by extension 'colcon_meta'
[0.268s] Level 1:colcon.colcon_core.package_identification:_identify(src/erl1) by extensions ['ros']
[0.268s] Level 1:colcon.colcon_core.package_identification:_identify(src/erl1) by extension 'ros'
[0.269s] DEBUG:colcon.colcon_core.package_identification:Package 'src/erl1' with type 'ros.ament_cmake' and name 'erl1'
[0.269s] Level 1:colcon.colcon_core.package_identification:_identify(src/erl1_sensors) by extensions ['ignore', 'ignore_ament_install']
[0.269s] Level 1:colcon.colcon_core.package_identification:_identify(src/erl1_sensors) by extension 'ignore'
[0.269s] Level 1:colcon.colcon_core.package_identification:_identify(src/erl1_sensors) by extension 'ignore_ament_install'
[0.269s] Level 1:colcon.colcon_core.package_identification:_identify(src/erl1_sensors) by extensions ['colcon_pkg']
[0.269s] Level 1:colcon.colcon_core.package_identification:_identify(src/erl1_sensors) by extension 'colcon_pkg'
[0.269s] Level 1:colcon.colcon_core.package_identification:_identify(src/erl1_sensors) by extensions ['colcon_meta']
[0.269s] Level 1:colcon.colcon_core.package_identification:_identify(src/erl1_sensors) by extension 'colcon_meta'
[0.269s] Level 1:colcon.colcon_core.package_identification:_identify(src/erl1_sensors) by extensions ['ros']
[0.269s] Level 1:colcon.colcon_core.package_identification:_identify(src/erl1_sensors) by extension 'ros'
[0.269s] Level 1:colcon.colcon_core.package_identification:_identify(src/erl1_sensors) by extensions ['cmake', 'python']
[0.269s] Level 1:colcon.colcon_core.package_identification:_identify(src/erl1_sensors) by extension 'cmake'
[0.269s] Level 1:colcon.colcon_core.package_identification:_identify(src/erl1_sensors) by extension 'python'
[0.269s] Level 1:colcon.colcon_core.package_identification:_identify(src/erl1_sensors) by extensions ['python_setup_py']
[0.269s] Level 1:colcon.colcon_core.package_identification:_identify(src/erl1_sensors) by extension 'python_setup_py'
[0.270s] Level 1:colcon.colcon_core.package_identification:_identify(src/erl1_sensors/bme_gazebo_sensors) by extensions ['ignore', 'ignore_ament_install']
[0.270s] Level 1:colcon.colcon_core.package_identification:_identify(src/erl1_sensors/bme_gazebo_sensors) by extension 'ignore'
[0.270s] Level 1:colcon.colcon_core.package_identification:_identify(src/erl1_sensors/bme_gazebo_sensors) by extension 'ignore_ament_install'
[0.270s] Level 1:colcon.colcon_core.package_identification:_identify(src/erl1_sensors/bme_gazebo_sensors) by extensions ['colcon_pkg']
[0.270s] Level 1:colcon.colcon_core.package_identification:_identify(src/erl1_sensors/bme_gazebo_sensors) by extension 'colcon_pkg'
[0.270s] Level 1:colcon.colcon_core.package_identification:_identify(src/erl1_sensors/bme_gazebo_sensors) by extensions ['colcon_meta']
[0.270s] Level 1:colcon.colcon_core.package_identification:_identify(src/erl1_sensors/bme_gazebo_sensors) by extension 'colcon_meta'
[0.270s] Level 1:colcon.colcon_core.package_identification:_identify(src/erl1_sensors/bme_gazebo_sensors) by extensions ['ros']
[0.270s] Level 1:colcon.colcon_core.package_identification:_identify(src/erl1_sensors/bme_gazebo_sensors) by extension 'ros'
[0.270s] DEBUG:colcon.colcon_core.package_identification:Package 'src/erl1_sensors/bme_gazebo_sensors' with type 'ros.ament_cmake' and name 'bme_gazebo_sensors'
[0.270s] Level 1:colcon.colcon_core.package_identification:_identify(src/my_opencv) by extensions ['ignore', 'ignore_ament_install']
[0.270s] Level 1:colcon.colcon_core.package_identification:_identify(src/my_opencv) by extension 'ignore'
[0.270s] Level 1:colcon.colcon_core.package_identification:_identify(src/my_opencv) by extension 'ignore_ament_install'
[0.270s] Level 1:colcon.colcon_core.package_identification:_identify(src/my_opencv) by extensions ['colcon_pkg']
[0.271s] Level 1:colcon.colcon_core.package_identification:_identify(src/my_opencv) by extension 'colcon_pkg'
[0.271s] Level 1:colcon.colcon_core.package_identification:_identify(src/my_opencv) by extensions ['colcon_meta']
[0.271s] Level 1:colcon.colcon_core.package_identification:_identify(src/my_opencv) by extension 'colcon_meta'
[0.271s] Level 1:colcon.colcon_core.package_identification:_identify(src/my_opencv) by extensions ['ros']
[0.271s] Level 1:colcon.colcon_core.package_identification:_identify(src/my_opencv) by extension 'ros'
[0.271s] DEBUG:colcon.colcon_core.package_identification:Package 'src/my_opencv' with type 'ros.ament_cmake' and name 'my_opencv'
[0.271s] Level 1:colcon.colcon_core.package_discovery:discover_packages(recursive) using defaults
[0.271s] Level 1:colcon.colcon_core.package_discovery:discover_packages(ignore) discover
[0.271s] Level 1:colcon.colcon_core.package_discovery:discover_packages(ignore) using defaults
[0.271s] Level 1:colcon.colcon_core.package_discovery:discover_packages(path) discover
[0.271s] Level 1:colcon.colcon_core.package_discovery:discover_packages(path) using defaults
[0.297s] Level 1:colcon.colcon_core.package_discovery:discover_packages(prefix_path) check parameters
[0.297s] Level 1:colcon.colcon_core.package_discovery:discover_packages(prefix_path) discover
[0.300s] DEBUG:colcon.colcon_installed_package_information.package_discovery:Found 6 installed packages in /home/utente/Documenti/Magistrale/SecondoAnno/EXP_RO/EXP_Ws/install
[0.302s] DEBUG:colcon.colcon_installed_package_information.package_discovery:Found 321 installed packages in /opt/ros/jazzy
[0.303s] Level 1:colcon.colcon_core.package_discovery:discover_packages(prefix_path) using defaults
[0.414s] Level 5:colcon.colcon_core.verb:set package 'aruco_opencv_msgs' build argument 'cmake_args' from command line to 'None'
[0.414s] Level 5:colcon.colcon_core.verb:set package 'aruco_opencv_msgs' build argument 'cmake_target' from command line to 'None'
[0.414s] Level 5:colcon.colcon_core.verb:set package 'aruco_opencv_msgs' build argument 'cmake_target_skip_unavailable' from command line to 'False'
[0.414s] Level 5:colcon.colcon_core.verb:set package 'aruco_opencv_msgs' build argument 'cmake_clean_cache' from command line to 'False'
[0.414s] Level 5:colcon.colcon_core.verb:set package 'aruco_opencv_msgs' build argument 'cmake_clean_first' from command line to 'False'
[0.414s] Level 5:colcon.colcon_core.verb:set package 'aruco_opencv_msgs' build argument 'cmake_force_configure' from command line to 'False'
[0.414s] Level 5:colcon.colcon_core.verb:set package 'aruco_opencv_msgs' build argument 'ament_cmake_args' from command line to 'None'
[0.415s] Level 5:colcon.colcon_core.verb:set package 'aruco_opencv_msgs' build argument 'catkin_cmake_args' from command line to 'None'
[0.415s] Level 5:colcon.colcon_core.verb:set package 'aruco_opencv_msgs' build argument 'catkin_skip_building_tests' from command line to 'False'
[0.415s] DEBUG:colcon.colcon_core.verb:Building package 'aruco_opencv_msgs' with the following arguments: {'ament_cmake_args': None, 'build_base': '/home/utente/Documenti/Magistrale/SecondoAnno/EXP_RO/EXP_Ws/build/aruco_opencv_msgs', 'catkin_cmake_args': None, 'catkin_skip_building_tests': False, 'cmake_args': None, 'cmake_clean_cache': False, 'cmake_clean_first': False, 'cmake_force_configure': False, 'cmake_target': None, 'cmake_target_skip_unavailable': False, 'install_base': '/home/utente/Documenti/Magistrale/SecondoAnno/EXP_RO/EXP_Ws/install/aruco_opencv_msgs', 'merge_install': False, 'path': '/home/utente/Documenti/Magistrale/SecondoAnno/EXP_RO/EXP_Ws/ros_aruco_opencv/aruco_opencv_msgs', 'symlink_install': False, 'test_result_base': None}
[0.415s] Level 5:colcon.colcon_core.verb:set package 'bme_gazebo_sensors' build argument 'cmake_args' from command line to 'None'
[0.415s] Level 5:colcon.colcon_core.verb:set package 'bme_gazebo_sensors' build argument 'cmake_target' from command line to 'None'
[0.415s] Level 5:colcon.colcon_core.verb:set package 'bme_gazebo_sensors' build argument 'cmake_target_skip_unavailable' from command line to 'False'
[0.415s] Level 5:colcon.colcon_core.verb:set package 'bme_gazebo_sensors' build argument 'cmake_clean_cache' from command line to 'False'
[0.416s] Level 5:colcon.colcon_core.verb:set package 'bme_gazebo_sensors' build argument 'cmake_clean_first' from command line to 'False'
[0.416s] Level 5:colcon.colcon_core.verb:set package 'bme_gazebo_sensors' build argument 'cmake_force_configure' from command line to 'False'
[0.416s] Level 5:colcon.colcon_core.verb:set package 'bme_gazebo_sensors' build argument 'ament_cmake_args' from command line to 'None'
[0.416s] Level 5:colcon.colcon_core.verb:set package 'bme_gazebo_sensors' build argument 'catkin_cmake_args' from command line to 'None'
[0.416s] Level 5:colcon.colcon_core.verb:set package 'bme_gazebo_sensors' build argument 'catkin_skip_building_tests' from command line to 'False'
[0.416s] DEBUG:colcon.colcon_core.verb:Building package 'bme_gazebo_sensors' with the following arguments: {'ament_cmake_args': None, 'build_base': '/home/utente/Documenti/Magistrale/SecondoAnno/EXP_RO/EXP_Ws/build/bme_gazebo_sensors', 'catkin_cmake_args': None, 'catkin_skip_building_tests': False, 'cmake_args': None, 'cmake_clean_cache': False, 'cmake_clean_first': False, 'cmake_force_configure': False, 'cmake_target': None, 'cmake_target_skip_unavailable': False, 'install_base': '/home/utente/Documenti/Magistrale/SecondoAnno/EXP_RO/EXP_Ws/install/bme_gazebo_sensors', 'merge_install': False, 'path': '/home/utente/Documenti/Magistrale/SecondoAnno/EXP_RO/EXP_Ws/src/erl1_sensors/bme_gazebo_sensors', 'symlink_install': False, 'test_result_base': None}
[0.416s] Level 5:colcon.colcon_core.verb:set package 'brain' build argument 'cmake_args' from command line to 'None'
[0.416s] Level 5:colcon.colcon_core.verb:set package 'brain' build argument 'cmake_target' from command line to 'None'
[0.416s] Level 5:colcon.colcon_core.verb:set package 'brain' build argument 'cmake_target_skip_unavailable' from command line to 'False'
[0.417s] Level 5:colcon.colcon_core.verb:set package 'brain' build argument 'cmake_clean_cache' from command line to 'False'
[0.417s] Level 5:colcon.colcon_core.verb:set package 'brain' build argument 'cmake_clean_first' from command line to 'False'
[0.417s] Level 5:colcon.colcon_core.verb:set package 'brain' build argument 'cmake_force_configure' from command line to 'False'
[0.417s] Level 5:colcon.colcon_core.verb:set package 'brain' build argument 'ament_cmake_args' from command line to 'None'
[0.417s] Level 5:colcon.colcon_core.verb:set package 'brain' build argument 'catkin_cmake_args' from command line to 'None'
[0.417s] Level 5:colcon.colcon_core.verb:set package 'brain' build argument 'catkin_skip_building_tests' from command line to 'False'
[0.417s] DEBUG:colcon.colcon_core.verb:Building package 'brain' with the following arguments: {'ament_cmake_args': None, 'build_base': '/home/utente/Documenti/Magistrale/SecondoAnno/EXP_RO/EXP_Ws/build/brain', 'catkin_cmake_args': None, 'catkin_skip_building_tests': False, 'cmake_args': None, 'cmake_clean_cache': False, 'cmake_clean_first': False, 'cmake_force_configure': False, 'cmake_target': None, 'cmake_target_skip_unavailable': False, 'install_base': '/home/utente/Documenti/Magistrale/SecondoAnno/EXP_RO/EXP_Ws/install/brain', 'merge_install': False, 'path': '/home/utente/Documenti/Magistrale/SecondoAnno/EXP_RO/EXP_Ws/src/brain', 'symlink_install': False, 'test_result_base': None}
[0.417s] Level 5:colcon.colcon_core.verb:set package 'erl1' build argument 'cmake_args' from command line to 'None'
[0.417s] Level 5:colcon.colcon_core.verb:set package 'erl1' build argument 'cmake_target' from command line to 'None'
[0.418s] Level 5:colcon.colcon_core.verb:set package 'erl1' build argument 'cmake_target_skip_unavailable' from command line to 'False'
[0.418s] Level 5:colcon.colcon_core.verb:set package 'erl1' build argument 'cmake_clean_cache' from command line to 'False'
[0.418s] Level 5:colcon.colcon_core.verb:set package 'erl1' build argument 'cmake_clean_first' from command line to 'False'
[0.418s] Level 5:colcon.colcon_core.verb:set package 'erl1' build argument 'cmake_force_configure' from command line to 'False'
[0.418s] Level 5:colcon.colcon_core.verb:set package 'erl1' build argument 'ament_cmake_args' from command line to 'None'
[0.418s] Level 5:colcon.colcon_core.verb:set package 'erl1' build argument 'catkin_cmake_args' from command line to 'None'
[0.418s] Level 5:colcon.colcon_core.verb:set package 'erl1' build argument 'catkin_skip_building_tests' from command line to 'False'
[0.418s] DEBUG:colcon.colcon_core.verb:Building package 'erl1' with the following arguments: {'ament_cmake_args': None, 'build_base': '/home/utente/Documenti/Magistrale/SecondoAnno/EXP_RO/EXP_Ws/build/erl1', 'catkin_cmake_args': None, 'catkin_skip_building_tests': False, 'cmake_args': None, 'cmake_clean_cache': False, 'cmake_clean_first': False, 'cmake_force_configure': False, 'cmake_target': None, 'cmake_target_skip_unavailable': False, 'install_base': '/home/utente/Documenti/Magistrale/SecondoAnno/EXP_RO/EXP_Ws/install/erl1', 'merge_install': False, 'path': '/home/utente/Documenti/Magistrale/SecondoAnno/EXP_RO/EXP_Ws/src/erl1', 'symlink_install': False, 'test_result_base': None}
[0.418s] Level 5:colcon.colcon_core.verb:set package 'my_opencv' build argument 'cmake_args' from command line to 'None'
[0.418s] Level 5:colcon.colcon_core.verb:set package 'my_opencv' build argument 'cmake_target' from command line to 'None'
[0.418s] Level 5:colcon.colcon_core.verb:set package 'my_opencv' build argument 'cmake_target_skip_unavailable' from command line to 'False'
[0.419s] Level 5:colcon.colcon_core.verb:set package 'my_opencv' build argument 'cmake_clean_cache' from command line to 'False'
[0.419s] Level 5:colcon.colcon_core.verb:set package 'my_opencv' build argument 'cmake_clean_first' from command line to 'False'
[0.419s] Level 5:colcon.colcon_core.verb:set package 'my_opencv' build argument 'cmake_force_configure' from command line to 'False'
[0.419s] Level 5:colcon.colcon_core.verb:set package 'my_opencv' build argument 'ament_cmake_args' from command line to 'None'
[0.419s] Level 5:colcon.colcon_core.verb:set package 'my_opencv' build argument 'catkin_cmake_args' from command line to 'None'
[0.419s] Level 5:colcon.colcon_core.verb:set package 'my_opencv' build argument 'catkin_skip_building_tests' from command line to 'False'
[0.419s] DEBUG:colcon.colcon_core.verb:Building package 'my_opencv' with the following arguments: {'ament_cmake_args': None, 'build_base': '/home/utente/Documenti/Magistrale/SecondoAnno/EXP_RO/EXP_Ws/build/my_opencv', 'catkin_cmake_args': None, 'catkin_skip_building_tests': False, 'cmake_args': None, 'cmake_clean_cache': False, 'cmake_clean_first': False, 'cmake_force_configure': False, 'cmake_target': None, 'cmake_target_skip_unavailable': False, 'install_base': '/home/utente/Documenti/Magistrale/SecondoAnno/EXP_RO/EXP_Ws/install/my_opencv', 'merge_install': False, 'path': '/home/utente/Documenti/Magistrale/SecondoAnno/EXP_RO/EXP_Ws/src/my_opencv', 'symlink_install': False, 'test_result_base': None}
[0.419s] Level 5:colcon.colcon_core.verb:set package 'aruco_opencv' build argument 'cmake_args' from command line to 'None'
[0.419s] Level 5:colcon.colcon_core.verb:set package 'aruco_opencv' build argument 'cmake_target' from command line to 'None'
[0.419s] Level 5:colcon.colcon_core.verb:set package 'aruco_opencv' build argument 'cmake_target_skip_unavailable' from command line to 'False'
[0.419s] Level 5:colcon.colcon_core.verb:set package 'aruco_opencv' build argument 'cmake_clean_cache' from command line to 'False'
[0.419s] Level 5:colcon.colcon_core.verb:set package 'aruco_opencv' build argument 'cmake_clean_first' from command line to 'False'
[0.420s] Level 5:colcon.colcon_core.verb:set package 'aruco_opencv' build argument 'cmake_force_configure' from command line to 'False'
[0.420s] Level 5:colcon.colcon_core.verb:set package 'aruco_opencv' build argument 'ament_cmake_args' from command line to 'None'
[0.420s] Level 5:colcon.colcon_core.verb:set package 'aruco_opencv' build argument 'catkin_cmake_args' from command line to 'None'
[0.420s] Level 5:colcon.colcon_core.verb:set package 'aruco_opencv' build argument 'catkin_skip_building_tests' from command line to 'False'
[0.420s] DEBUG:colcon.colcon_core.verb:Building package 'aruco_opencv' with the following arguments: {'ament_cmake_args': None, 'build_base': '/home/utente/Documenti/Magistrale/SecondoAnno/EXP_RO/EXP_Ws/build/aruco_opencv', 'catkin_cmake_args': None, 'catkin_skip_building_tests': False, 'cmake_args': None, 'cmake_clean_cache': False, 'cmake_clean_first': False, 'cmake_force_configure': False, 'cmake_target': None, 'cmake_target_skip_unavailable': False, 'install_base': '/home/utente/Documenti/Magistrale/SecondoAnno/EXP_RO/EXP_Ws/install/aruco_opencv', 'merge_install': False, 'path': '/home/utente/Documenti/Magistrale/SecondoAnno/EXP_RO/EXP_Ws/ros_aruco_opencv/aruco_opencv', 'symlink_install': False, 'test_result_base': None}
[0.420s] INFO:colcon.colcon_core.executor:Executing jobs using 'parallel' executor
[0.421s] DEBUG:colcon.colcon_parallel_executor.executor.parallel:run_until_complete
[0.422s] INFO:colcon.colcon_ros.task.ament_cmake.build:Building ROS package in '/home/utente/Documenti/Magistrale/SecondoAnno/EXP_RO/EXP_Ws/ros_aruco_opencv/aruco_opencv_msgs' with build type 'ament_cmake'
[0.422s] INFO:colcon.colcon_cmake.task.cmake.build:Building CMake package in '/home/utente/Documenti/Magistrale/SecondoAnno/EXP_RO/EXP_Ws/ros_aruco_opencv/aruco_opencv_msgs'
[0.427s] INFO:colcon.colcon_core.plugin_system:Skipping extension 'colcon_core.shell.bat': Not used on non-Windows systems
[0.428s] INFO:colcon.colcon_core.shell:Skip shell extension 'powershell' for command environment: Not usable outside of PowerShell
[0.428s] DEBUG:colcon.colcon_core.shell:Skip shell extension 'dsv' for command environment
[0.433s] INFO:colcon.colcon_ros.task.ament_cmake.build:Building ROS package in '/home/utente/Documenti/Magistrale/SecondoAnno/EXP_RO/EXP_Ws/src/erl1_sensors/bme_gazebo_sensors' with build type 'ament_cmake'
[0.434s] INFO:colcon.colcon_cmake.task.cmake.build:Building CMake package in '/home/utente/Documenti/Magistrale/SecondoAnno/EXP_RO/EXP_Ws/src/erl1_sensors/bme_gazebo_sensors'
[0.434s] INFO:colcon.colcon_core.shell:Skip shell extension 'powershell' for command environment: Not usable outside of PowerShell
[0.434s] DEBUG:colcon.colcon_core.shell:Skip shell extension 'dsv' for command environment
[0.438s] INFO:colcon.colcon_ros.task.ament_python.build:Building ROS package in '/home/utente/Documenti/Magistrale/SecondoAnno/EXP_RO/EXP_Ws/src/brain' with build type 'ament_python'
[0.438s] Level 1:colcon.colcon_core.shell:create_environment_hook('brain', 'ament_prefix_path')
[0.439s] INFO:colcon.colcon_core.shell:Creating environment hook '/home/utente/Documenti/Magistrale/SecondoAnno/EXP_RO/EXP_Ws/install/brain/share/brain/hook/ament_prefix_path.ps1'
[0.439s] INFO:colcon.colcon_core.shell:Creating environment descriptor '/home/utente/Documenti/Magistrale/SecondoAnno/EXP_RO/EXP_Ws/install/brain/share/brain/hook/ament_prefix_path.dsv'
[0.440s] INFO:colcon.colcon_core.shell:Creating environment hook '/home/utente/Documenti/Magistrale/SecondoAnno/EXP_RO/EXP_Ws/install/brain/share/brain/hook/ament_prefix_path.sh'
[0.440s] INFO:colcon.colcon_core.shell:Skip shell extension 'powershell' for command environment: Not usable outside of PowerShell
[0.441s] DEBUG:colcon.colcon_core.shell:Skip shell extension 'dsv' for command environment
[0.444s] INFO:colcon.colcon_ros.task.ament_cmake.build:Building ROS package in '/home/utente/Documenti/Magistrale/SecondoAnno/EXP_RO/EXP_Ws/src/erl1' with build type 'ament_cmake'
[0.444s] INFO:colcon.colcon_cmake.task.cmake.build:Building CMake package in '/home/utente/Documenti/Magistrale/SecondoAnno/EXP_RO/EXP_Ws/src/erl1'
[0.444s] INFO:colcon.colcon_core.shell:Skip shell extension 'powershell' for command environment: Not usable outside of PowerShell
[0.444s] DEBUG:colcon.colcon_core.shell:Skip shell extension 'dsv' for command environment
[0.448s] INFO:colcon.colcon_ros.task.ament_cmake.build:Building ROS package in '/home/utente/Documenti/Magistrale/SecondoAnno/EXP_RO/EXP_Ws/src/my_opencv' with build type 'ament_cmake'
[0.448s] INFO:colcon.colcon_cmake.task.cmake.build:Building CMake package in '/home/utente/Documenti/Magistrale/SecondoAnno/EXP_RO/EXP_Ws/src/my_opencv'
[0.448s] INFO:colcon.colcon_core.shell:Skip shell extension 'powershell' for command environment: Not usable outside of PowerShell
[0.448s] DEBUG:colcon.colcon_core.shell:Skip shell extension 'dsv' for command environment
[0.456s] DEBUG:colcon.colcon_core.event_handler.log_command:Invoking command in '/home/utente/Documenti/Magistrale/SecondoAnno/EXP_RO/EXP_Ws/build/aruco_opencv_msgs': CMAKE_PREFIX_PATH=${CMAKE_PREFIX_PATH}:/home/utente/Documenti/Magistrale/SecondoAnno/EXP_RO/EXP_Ws/install/brain:/opt/ros/jazzy DEBUGINFOD_URLS=https://debuginfod.ubuntu.com /usr/bin/cmake --build /home/utente/Documenti/Magistrale/SecondoAnno/EXP_RO/EXP_Ws/build/aruco_opencv_msgs -- -j8 -l8
[0.459s] DEBUG:colcon.colcon_core.event_handler.log_command:Invoking command in '/home/utente/Documenti/Magistrale/SecondoAnno/EXP_RO/EXP_Ws/build/bme_gazebo_sensors': CMAKE_PREFIX_PATH=${CMAKE_PREFIX_PATH}:/home/utente/Documenti/Magistrale/SecondoAnno/EXP_RO/EXP_Ws/install/brain:/opt/ros/jazzy DEBUGINFOD_URLS=https://debuginfod.ubuntu.com /usr/bin/cmake --build /home/utente/Documenti/Magistrale/SecondoAnno/EXP_RO/EXP_Ws/build/bme_gazebo_sensors -- -j8 -l8
[0.724s] INFO:colcon.colcon_core.task.python.build:Building Python package in '/home/utente/Documenti/Magistrale/SecondoAnno/EXP_RO/EXP_Ws/src/brain'
[0.724s] INFO:colcon.colcon_core.shell:Skip shell extension 'powershell' for command environment: Not usable outside of PowerShell
[0.724s] DEBUG:colcon.colcon_core.shell:Skip shell extension 'dsv' for command environment
[0.734s] DEBUG:colcon.colcon_core.event_handler.log_command:Invoking command in '/home/utente/Documenti/Magistrale/SecondoAnno/EXP_RO/EXP_Ws/build/erl1': CMAKE_PREFIX_PATH=${CMAKE_PREFIX_PATH}:/home/utente/Documenti/Magistrale/SecondoAnno/EXP_RO/EXP_Ws/install/brain:/opt/ros/jazzy DEBUGINFOD_URLS=https://debuginfod.ubuntu.com /usr/bin/cmake --build /home/utente/Documenti/Magistrale/SecondoAnno/EXP_RO/EXP_Ws/build/erl1 -- -j8 -l8
[0.738s] DEBUG:colcon.colcon_core.event_handler.log_command:Invoked command in '/home/utente/Documenti/Magistrale/SecondoAnno/EXP_RO/EXP_Ws/build/bme_gazebo_sensors' returned '0': CMAKE_PREFIX_PATH=${CMAKE_PREFIX_PATH}:/home/utente/Documenti/Magistrale/SecondoAnno/EXP_RO/EXP_Ws/install/brain:/opt/ros/jazzy DEBUGINFOD_URLS=https://debuginfod.ubuntu.com /usr/bin/cmake --build /home/utente/Documenti/Magistrale/SecondoAnno/EXP_RO/EXP_Ws/build/bme_gazebo_sensors -- -j8 -l8
[0.749s] DEBUG:colcon.colcon_core.event_handler.log_command:Invoking command in '/home/utente/Documenti/Magistrale/SecondoAnno/EXP_RO/EXP_Ws/build/bme_gazebo_sensors': CMAKE_PREFIX_PATH=${CMAKE_PREFIX_PATH}:/home/utente/Documenti/Magistrale/SecondoAnno/EXP_RO/EXP_Ws/install/brain:/opt/ros/jazzy DEBUGINFOD_URLS=https://debuginfod.ubuntu.com /usr/bin/cmake --install /home/utente/Documenti/Magistrale/SecondoAnno/EXP_RO/EXP_Ws/build/bme_gazebo_sensors
[0.754s] DEBUG:colcon.colcon_core.event_handler.log_command:Invoking command in '/home/utente/Documenti/Magistrale/SecondoAnno/EXP_RO/EXP_Ws/build/my_opencv': CMAKE_PREFIX_PATH=${CMAKE_PREFIX_PATH}:/home/utente/Documenti/Magistrale/SecondoAnno/EXP_RO/EXP_Ws/install/brain:/opt/ros/jazzy DEBUGINFOD_URLS=https://debuginfod.ubuntu.com /usr/bin/cmake --build /home/utente/Documenti/Magistrale/SecondoAnno/EXP_RO/EXP_Ws/build/my_opencv -- -j8 -l8
[0.767s] Level 1:colcon.colcon_core.environment:create_environment_scripts_only(bme_gazebo_sensors)
[0.769s] DEBUG:colcon.colcon_core.event_handler.log_command:Invoked command in '/home/utente/Documenti/Magistrale/SecondoAnno/EXP_RO/EXP_Ws/build/bme_gazebo_sensors' returned '0': CMAKE_PREFIX_PATH=${CMAKE_PREFIX_PATH}:/home/utente/Documenti/Magistrale/SecondoAnno/EXP_RO/EXP_Ws/install/brain:/opt/ros/jazzy DEBUGINFOD_URLS=https://debuginfod.ubuntu.com /usr/bin/cmake --install /home/utente/Documenti/Magistrale/SecondoAnno/EXP_RO/EXP_Ws/build/bme_gazebo_sensors
[0.776s] Level 1:colcon.colcon_core.environment:checking '/home/utente/Documenti/Magistrale/SecondoAnno/EXP_RO/EXP_Ws/install/bme_gazebo_sensors' for CMake module files
[0.777s] Level 1:colcon.colcon_core.environment:checking '/home/utente/Documenti/Magistrale/SecondoAnno/EXP_RO/EXP_Ws/install/bme_gazebo_sensors' for CMake config files
[0.777s] Level 1:colcon.colcon_core.shell:create_environment_hook('bme_gazebo_sensors', 'cmake_prefix_path')
[0.777s] INFO:colcon.colcon_core.shell:Creating environment hook '/home/utente/Documenti/Magistrale/SecondoAnno/EXP_RO/EXP_Ws/install/bme_gazebo_sensors/share/bme_gazebo_sensors/hook/cmake_prefix_path.ps1'
[0.778s] INFO:colcon.colcon_core.shell:Creating environment descriptor '/home/utente/Documenti/Magistrale/SecondoAnno/EXP_RO/EXP_Ws/install/bme_gazebo_sensors/share/bme_gazebo_sensors/hook/cmake_prefix_path.dsv'
[0.778s] INFO:colcon.colcon_core.shell:Creating environment hook '/home/utente/Documenti/Magistrale/SecondoAnno/EXP_RO/EXP_Ws/install/bme_gazebo_sensors/share/bme_gazebo_sensors/hook/cmake_prefix_path.sh'
[0.779s] Level 1:colcon.colcon_core.environment:checking '/home/utente/Documenti/Magistrale/SecondoAnno/EXP_RO/EXP_Ws/install/bme_gazebo_sensors/bin'
[0.779s] Level 1:colcon.colcon_core.environment:checking '/home/utente/Documenti/Magistrale/SecondoAnno/EXP_RO/EXP_Ws/install/bme_gazebo_sensors/lib/pkgconfig/bme_gazebo_sensors.pc'
[0.780s] Level 1:colcon.colcon_core.environment:checking '/home/utente/Documenti/Magistrale/SecondoAnno/EXP_RO/EXP_Ws/install/bme_gazebo_sensors/lib/python3.12/site-packages'
[0.780s] Level 1:colcon.colcon_core.environment:checking '/home/utente/Documenti/Magistrale/SecondoAnno/EXP_RO/EXP_Ws/install/bme_gazebo_sensors/bin'
[0.780s] INFO:colcon.colcon_core.shell:Creating package script '/home/utente/Documenti/Magistrale/SecondoAnno/EXP_RO/EXP_Ws/install/bme_gazebo_sensors/share/bme_gazebo_sensors/package.ps1'
[0.781s] INFO:colcon.colcon_core.shell:Creating package descriptor '/home/utente/Documenti/Magistrale/SecondoAnno/EXP_RO/EXP_Ws/install/bme_gazebo_sensors/share/bme_gazebo_sensors/package.dsv'
[0.781s] INFO:colcon.colcon_core.shell:Creating package script '/home/utente/Documenti/Magistrale/SecondoAnno/EXP_RO/EXP_Ws/install/bme_gazebo_sensors/share/bme_gazebo_sensors/package.sh'
[0.782s] INFO:colcon.colcon_core.shell:Creating package script '/home/utente/Documenti/Magistrale/SecondoAnno/EXP_RO/EXP_Ws/install/bme_gazebo_sensors/share/bme_gazebo_sensors/package.bash'
[0.783s] INFO:colcon.colcon_core.shell:Creating package script '/home/utente/Documenti/Magistrale/SecondoAnno/EXP_RO/EXP_Ws/install/bme_gazebo_sensors/share/bme_gazebo_sensors/package.zsh'
[0.783s] Level 1:colcon.colcon_core.environment:create_file_with_runtime_dependencies(/home/utente/Documenti/Magistrale/SecondoAnno/EXP_RO/EXP_Ws/install/bme_gazebo_sensors/share/colcon-core/packages/bme_gazebo_sensors)
[0.784s] Level 1:colcon.colcon_core.environment:create_environment_scripts_only(bme_gazebo_sensors)
[0.784s] Level 1:colcon.colcon_core.environment:checking '/home/utente/Documenti/Magistrale/SecondoAnno/EXP_RO/EXP_Ws/install/bme_gazebo_sensors' for CMake module files
[0.785s] Level 1:colcon.colcon_core.environment:checking '/home/utente/Documenti/Magistrale/SecondoAnno/EXP_RO/EXP_Ws/install/bme_gazebo_sensors' for CMake config files
[0.785s] Level 1:colcon.colcon_core.shell:create_environment_hook('bme_gazebo_sensors', 'cmake_prefix_path')
[0.785s] INFO:colcon.colcon_core.shell:Creating environment hook '/home/utente/Documenti/Magistrale/SecondoAnno/EXP_RO/EXP_Ws/install/bme_gazebo_sensors/share/bme_gazebo_sensors/hook/cmake_prefix_path.ps1'
[0.785s] INFO:colcon.colcon_core.shell:Creating environment descriptor '/home/utente/Documenti/Magistrale/SecondoAnno/EXP_RO/EXP_Ws/install/bme_gazebo_sensors/share/bme_gazebo_sensors/hook/cmake_prefix_path.dsv'
[0.786s] INFO:colcon.colcon_core.shell:Creating environment hook '/home/utente/Documenti/Magistrale/SecondoAnno/EXP_RO/EXP_Ws/install/bme_gazebo_sensors/share/bme_gazebo_sensors/hook/cmake_prefix_path.sh'
[0.786s] Level 1:colcon.colcon_core.environment:checking '/home/utente/Documenti/Magistrale/SecondoAnno/EXP_RO/EXP_Ws/install/bme_gazebo_sensors/bin'
[0.787s] Level 1:colcon.colcon_core.environment:checking '/home/utente/Documenti/Magistrale/SecondoAnno/EXP_RO/EXP_Ws/install/bme_gazebo_sensors/lib/pkgconfig/bme_gazebo_sensors.pc'
[0.787s] Level 1:colcon.colcon_core.environment:checking '/home/utente/Documenti/Magistrale/SecondoAnno/EXP_RO/EXP_Ws/install/bme_gazebo_sensors/lib/python3.12/site-packages'
[0.787s] Level 1:colcon.colcon_core.environment:checking '/home/utente/Documenti/Magistrale/SecondoAnno/EXP_RO/EXP_Ws/install/bme_gazebo_sensors/bin'
[0.788s] INFO:colcon.colcon_core.shell:Creating package script '/home/utente/Documenti/Magistrale/SecondoAnno/EXP_RO/EXP_Ws/install/bme_gazebo_sensors/share/bme_gazebo_sensors/package.ps1'
[0.789s] INFO:colcon.colcon_core.shell:Creating package descriptor '/home/utente/Documenti/Magistrale/SecondoAnno/EXP_RO/EXP_Ws/install/bme_gazebo_sensors/share/bme_gazebo_sensors/package.dsv'
[0.789s] INFO:colcon.colcon_core.shell:Creating package script '/home/utente/Documenti/Magistrale/SecondoAnno/EXP_RO/EXP_Ws/install/bme_gazebo_sensors/share/bme_gazebo_sensors/package.sh'
[0.790s] INFO:colcon.colcon_core.shell:Creating package script '/home/utente/Documenti/Magistrale/SecondoAnno/EXP_RO/EXP_Ws/install/bme_gazebo_sensors/share/bme_gazebo_sensors/package.bash'
[0.790s] INFO:colcon.colcon_core.shell:Creating package script '/home/utente/Documenti/Magistrale/SecondoAnno/EXP_RO/EXP_Ws/install/bme_gazebo_sensors/share/bme_gazebo_sensors/package.zsh'
[0.791s] Level 1:colcon.colcon_core.environment:create_file_with_runtime_dependencies(/home/utente/Documenti/Magistrale/SecondoAnno/EXP_RO/EXP_Ws/install/bme_gazebo_sensors/share/colcon-core/packages/bme_gazebo_sensors)
[0.793s] DEBUG:colcon.colcon_core.event_handler.log_command:Invoked command in '/home/utente/Documenti/Magistrale/SecondoAnno/EXP_RO/EXP_Ws/build/erl1' returned '0': CMAKE_PREFIX_PATH=${CMAKE_PREFIX_PATH}:/home/utente/Documenti/Magistrale/SecondoAnno/EXP_RO/EXP_Ws/install/brain:/opt/ros/jazzy DEBUGINFOD_URLS=https://debuginfod.ubuntu.com /usr/bin/cmake --build /home/utente/Documenti/Magistrale/SecondoAnno/EXP_RO/EXP_Ws/build/erl1 -- -j8 -l8
[0.794s] DEBUG:colcon.colcon_core.event_handler.log_command:Invoking command in '/home/utente/Documenti/Magistrale/SecondoAnno/EXP_RO/EXP_Ws/build/erl1': CMAKE_PREFIX_PATH=${CMAKE_PREFIX_PATH}:/home/utente/Documenti/Magistrale/SecondoAnno/EXP_RO/EXP_Ws/install/brain:/opt/ros/jazzy DEBUGINFOD_URLS=https://debuginfod.ubuntu.com /usr/bin/cmake --install /home/utente/Documenti/Magistrale/SecondoAnno/EXP_RO/EXP_Ws/build/erl1
[0.816s] Level 1:colcon.colcon_core.environment:create_environment_scripts_only(erl1)
[0.816s] Level 1:colcon.colcon_core.environment:checking '/home/utente/Documenti/Magistrale/SecondoAnno/EXP_RO/EXP_Ws/install/erl1' for CMake module files
[0.817s] DEBUG:colcon.colcon_core.event_handler.log_command:Invoked command in '/home/utente/Documenti/Magistrale/SecondoAnno/EXP_RO/EXP_Ws/build/erl1' returned '0': CMAKE_PREFIX_PATH=${CMAKE_PREFIX_PATH}:/home/utente/Documenti/Magistrale/SecondoAnno/EXP_RO/EXP_Ws/install/brain:/opt/ros/jazzy DEBUGINFOD_URLS=https://debuginfod.ubuntu.com /usr/bin/cmake --install /home/utente/Documenti/Magistrale/SecondoAnno/EXP_RO/EXP_Ws/build/erl1
[0.817s] Level 1:colcon.colcon_core.environment:checking '/home/utente/Documenti/Magistrale/SecondoAnno/EXP_RO/EXP_Ws/install/erl1' for CMake config files
[0.817s] Level 1:colcon.colcon_core.shell:create_environment_hook('erl1', 'cmake_prefix_path')
[0.818s] INFO:colcon.colcon_core.shell:Creating environment hook '/home/utente/Documenti/Magistrale/SecondoAnno/EXP_RO/EXP_Ws/install/erl1/share/erl1/hook/cmake_prefix_path.ps1'
[0.818s] INFO:colcon.colcon_core.shell:Creating environment descriptor '/home/utente/Documenti/Magistrale/SecondoAnno/EXP_RO/EXP_Ws/install/erl1/share/erl1/hook/cmake_prefix_path.dsv'
[0.819s] INFO:colcon.colcon_core.shell:Creating environment hook '/home/utente/Documenti/Magistrale/SecondoAnno/EXP_RO/EXP_Ws/install/erl1/share/erl1/hook/cmake_prefix_path.sh'
[0.819s] Level 1:colcon.colcon_core.environment:checking '/home/utente/Documenti/Magistrale/SecondoAnno/EXP_RO/EXP_Ws/install/erl1/bin'
[0.820s] Level 1:colcon.colcon_core.environment:checking '/home/utente/Documenti/Magistrale/SecondoAnno/EXP_RO/EXP_Ws/install/erl1/lib/pkgconfig/erl1.pc'
[0.820s] Level 1:colcon.colcon_core.environment:checking '/home/utente/Documenti/Magistrale/SecondoAnno/EXP_RO/EXP_Ws/install/erl1/lib/python3.12/site-packages'
[0.820s] Level 1:colcon.colcon_core.environment:checking '/home/utente/Documenti/Magistrale/SecondoAnno/EXP_RO/EXP_Ws/install/erl1/bin'
[0.821s] INFO:colcon.colcon_core.shell:Creating package script '/home/utente/Documenti/Magistrale/SecondoAnno/EXP_RO/EXP_Ws/install/erl1/share/erl1/package.ps1'
[0.821s] INFO:colcon.colcon_core.shell:Creating package descriptor '/home/utente/Documenti/Magistrale/SecondoAnno/EXP_RO/EXP_Ws/install/erl1/share/erl1/package.dsv'
[0.822s] INFO:colcon.colcon_core.shell:Creating package script '/home/utente/Documenti/Magistrale/SecondoAnno/EXP_RO/EXP_Ws/install/erl1/share/erl1/package.sh'
[0.822s] INFO:colcon.colcon_core.shell:Creating package script '/home/utente/Documenti/Magistrale/SecondoAnno/EXP_RO/EXP_Ws/install/erl1/share/erl1/package.bash'
[0.823s] INFO:colcon.colcon_core.shell:Creating package script '/home/utente/Documenti/Magistrale/SecondoAnno/EXP_RO/EXP_Ws/install/erl1/share/erl1/package.zsh'
[0.823s] Level 1:colcon.colcon_core.environment:create_file_with_runtime_dependencies(/home/utente/Documenti/Magistrale/SecondoAnno/EXP_RO/EXP_Ws/install/erl1/share/colcon-core/packages/erl1)
[0.824s] Level 1:colcon.colcon_core.environment:create_environment_scripts_only(erl1)
[0.824s] Level 1:colcon.colcon_core.environment:checking '/home/utente/Documenti/Magistrale/SecondoAnno/EXP_RO/EXP_Ws/install/erl1' for CMake module files
[0.825s] Level 1:colcon.colcon_core.environment:checking '/home/utente/Documenti/Magistrale/SecondoAnno/EXP_RO/EXP_Ws/install/erl1' for CMake config files
[0.825s] Level 1:colcon.colcon_core.shell:create_environment_hook('erl1', 'cmake_prefix_path')
[0.825s] INFO:colcon.colcon_core.shell:Creating environment hook '/home/utente/Documenti/Magistrale/SecondoAnno/EXP_RO/EXP_Ws/install/erl1/share/erl1/hook/cmake_prefix_path.ps1'
[0.826s] INFO:colcon.colcon_core.shell:Creating environment descriptor '/home/utente/Documenti/Magistrale/SecondoAnno/EXP_RO/EXP_Ws/install/erl1/share/erl1/hook/cmake_prefix_path.dsv'
[0.826s] INFO:colcon.colcon_core.shell:Creating environment hook '/home/utente/Documenti/Magistrale/SecondoAnno/EXP_RO/EXP_Ws/install/erl1/share/erl1/hook/cmake_prefix_path.sh'
[0.827s] Level 1:colcon.colcon_core.environment:checking '/home/utente/Documenti/Magistrale/SecondoAnno/EXP_RO/EXP_Ws/install/erl1/bin'
[0.827s] Level 1:colcon.colcon_core.environment:checking '/home/utente/Documenti/Magistrale/SecondoAnno/EXP_RO/EXP_Ws/install/erl1/lib/pkgconfig/erl1.pc'
[0.827s] Level 1:colcon.colcon_core.environment:checking '/home/utente/Documenti/Magistrale/SecondoAnno/EXP_RO/EXP_Ws/install/erl1/lib/python3.12/site-packages'
[0.827s] Level 1:colcon.colcon_core.environment:checking '/home/utente/Documenti/Magistrale/SecondoAnno/EXP_RO/EXP_Ws/install/erl1/bin'
[0.828s] INFO:colcon.colcon_core.shell:Creating package script '/home/utente/Documenti/Magistrale/SecondoAnno/EXP_RO/EXP_Ws/install/erl1/share/erl1/package.ps1'
[0.829s] INFO:colcon.colcon_core.shell:Creating package descriptor '/home/utente/Documenti/Magistrale/SecondoAnno/EXP_RO/EXP_Ws/install/erl1/share/erl1/package.dsv'
[0.829s] INFO:colcon.colcon_core.shell:Creating package script '/home/utente/Documenti/Magistrale/SecondoAnno/EXP_RO/EXP_Ws/install/erl1/share/erl1/package.sh'
[0.830s] INFO:colcon.colcon_core.shell:Creating package script '/home/utente/Documenti/Magistrale/SecondoAnno/EXP_RO/EXP_Ws/install/erl1/share/erl1/package.bash'
[0.830s] INFO:colcon.colcon_core.shell:Creating package script '/home/utente/Documenti/Magistrale/SecondoAnno/EXP_RO/EXP_Ws/install/erl1/share/erl1/package.zsh'
[0.830s] Level 1:colcon.colcon_core.environment:create_file_with_runtime_dependencies(/home/utente/Documenti/Magistrale/SecondoAnno/EXP_RO/EXP_Ws/install/erl1/share/colcon-core/packages/erl1)
[0.866s] DEBUG:colcon.colcon_core.event_handler.log_command:Invoked command in '/home/utente/Documenti/Magistrale/SecondoAnno/EXP_RO/EXP_Ws/build/my_opencv' returned '0': CMAKE_PREFIX_PATH=${CMAKE_PREFIX_PATH}:/home/utente/Documenti/Magistrale/SecondoAnno/EXP_RO/EXP_Ws/install/brain:/opt/ros/jazzy DEBUGINFOD_URLS=https://debuginfod.ubuntu.com /usr/bin/cmake --build /home/utente/Documenti/Magistrale/SecondoAnno/EXP_RO/EXP_Ws/build/my_opencv -- -j8 -l8
[0.867s] DEBUG:colcon.colcon_core.event_handler.log_command:Invoking command in '/home/utente/Documenti/Magistrale/SecondoAnno/EXP_RO/EXP_Ws/build/my_opencv': CMAKE_PREFIX_PATH=${CMAKE_PREFIX_PATH}:/home/utente/Documenti/Magistrale/SecondoAnno/EXP_RO/EXP_Ws/install/brain:/opt/ros/jazzy DEBUGINFOD_URLS=https://debuginfod.ubuntu.com /usr/bin/cmake --install /home/utente/Documenti/Magistrale/SecondoAnno/EXP_RO/EXP_Ws/build/my_opencv
[0.880s] Level 1:colcon.colcon_core.environment:create_environment_scripts_only(my_opencv)
[0.880s] Level 1:colcon.colcon_core.environment:checking '/home/utente/Documenti/Magistrale/SecondoAnno/EXP_RO/EXP_Ws/install/my_opencv' for CMake module files
[0.880s] DEBUG:colcon.colcon_core.event_handler.log_command:Invoked command in '/home/utente/Documenti/Magistrale/SecondoAnno/EXP_RO/EXP_Ws/build/my_opencv' returned '0': CMAKE_PREFIX_PATH=${CMAKE_PREFIX_PATH}:/home/utente/Documenti/Magistrale/SecondoAnno/EXP_RO/EXP_Ws/install/brain:/opt/ros/jazzy DEBUGINFOD_URLS=https://debuginfod.ubuntu.com /usr/bin/cmake --install /home/utente/Documenti/Magistrale/SecondoAnno/EXP_RO/EXP_Ws/build/my_opencv
[0.881s] Level 1:colcon.colcon_core.environment:checking '/home/utente/Documenti/Magistrale/SecondoAnno/EXP_RO/EXP_Ws/install/my_opencv' for CMake config files
[0.881s] Level 1:colcon.colcon_core.shell:create_environment_hook('my_opencv', 'cmake_prefix_path')
[0.881s] INFO:colcon.colcon_core.shell:Creating environment hook '/home/utente/Documenti/Magistrale/SecondoAnno/EXP_RO/EXP_Ws/install/my_opencv/share/my_opencv/hook/cmake_prefix_path.ps1'
[0.882s] INFO:colcon.colcon_core.shell:Creating environment descriptor '/home/utente/Documenti/Magistrale/SecondoAnno/EXP_RO/EXP_Ws/install/my_opencv/share/my_opencv/hook/cmake_prefix_path.dsv'
[0.882s] INFO:colcon.colcon_core.shell:Creating environment hook '/home/utente/Documenti/Magistrale/SecondoAnno/EXP_RO/EXP_Ws/install/my_opencv/share/my_opencv/hook/cmake_prefix_path.sh'
[0.882s] Level 1:colcon.colcon_core.environment:checking '/home/utente/Documenti/Magistrale/SecondoAnno/EXP_RO/EXP_Ws/install/my_opencv/lib'
[0.883s] Level 1:colcon.colcon_core.environment:checking '/home/utente/Documenti/Magistrale/SecondoAnno/EXP_RO/EXP_Ws/install/my_opencv/bin'
[0.883s] Level 1:colcon.colcon_core.environment:checking '/home/utente/Documenti/Magistrale/SecondoAnno/EXP_RO/EXP_Ws/install/my_opencv/lib/pkgconfig/my_opencv.pc'
[0.883s] Level 1:colcon.colcon_core.environment:checking '/home/utente/Documenti/Magistrale/SecondoAnno/EXP_RO/EXP_Ws/install/my_opencv/lib/python3.12/site-packages'
[0.883s] Level 1:colcon.colcon_core.environment:checking '/home/utente/Documenti/Magistrale/SecondoAnno/EXP_RO/EXP_Ws/install/my_opencv/bin'
[0.883s] INFO:colcon.colcon_core.shell:Creating package script '/home/utente/Documenti/Magistrale/SecondoAnno/EXP_RO/EXP_Ws/install/my_opencv/share/my_opencv/package.ps1'
[0.884s] INFO:colcon.colcon_core.shell:Creating package descriptor '/home/utente/Documenti/Magistrale/SecondoAnno/EXP_RO/EXP_Ws/install/my_opencv/share/my_opencv/package.dsv'
[0.884s] INFO:colcon.colcon_core.shell:Creating package script '/home/utente/Documenti/Magistrale/SecondoAnno/EXP_RO/EXP_Ws/install/my_opencv/share/my_opencv/package.sh'
[0.884s] INFO:colcon.colcon_core.shell:Creating package script '/home/utente/Documenti/Magistrale/SecondoAnno/EXP_RO/EXP_Ws/install/my_opencv/share/my_opencv/package.bash'
[0.885s] INFO:colcon.colcon_core.shell:Creating package script '/home/utente/Documenti/Magistrale/SecondoAnno/EXP_RO/EXP_Ws/install/my_opencv/share/my_opencv/package.zsh'
[0.885s] Level 1:colcon.colcon_core.environment:create_file_with_runtime_dependencies(/home/utente/Documenti/Magistrale/SecondoAnno/EXP_RO/EXP_Ws/install/my_opencv/share/colcon-core/packages/my_opencv)
[0.885s] Level 1:colcon.colcon_core.environment:create_environment_scripts_only(my_opencv)
[0.886s] Level 1:colcon.colcon_core.environment:checking '/home/utente/Documenti/Magistrale/SecondoAnno/EXP_RO/EXP_Ws/install/my_opencv' for CMake module files
[0.886s] Level 1:colcon.colcon_core.environment:checking '/home/utente/Documenti/Magistrale/SecondoAnno/EXP_RO/EXP_Ws/install/my_opencv' for CMake config files
[0.886s] Level 1:colcon.colcon_core.shell:create_environment_hook('my_opencv', 'cmake_prefix_path')
[0.886s] INFO:colcon.colcon_core.shell:Creating environment hook '/home/utente/Documenti/Magistrale/SecondoAnno/EXP_RO/EXP_Ws/install/my_opencv/share/my_opencv/hook/cmake_prefix_path.ps1'
[0.887s] INFO:colcon.colcon_core.shell:Creating environment descriptor '/home/utente/Documenti/Magistrale/SecondoAnno/EXP_RO/EXP_Ws/install/my_opencv/share/my_opencv/hook/cmake_prefix_path.dsv'
[0.887s] INFO:colcon.colcon_core.shell:Creating environment hook '/home/utente/Documenti/Magistrale/SecondoAnno/EXP_RO/EXP_Ws/install/my_opencv/share/my_opencv/hook/cmake_prefix_path.sh'
[0.887s] Level 1:colcon.colcon_core.environment:checking '/home/utente/Documenti/Magistrale/SecondoAnno/EXP_RO/EXP_Ws/install/my_opencv/lib'
[0.887s] Level 1:colcon.colcon_core.environment:checking '/home/utente/Documenti/Magistrale/SecondoAnno/EXP_RO/EXP_Ws/install/my_opencv/bin'
[0.887s] Level 1:colcon.colcon_core.environment:checking '/home/utente/Documenti/Magistrale/SecondoAnno/EXP_RO/EXP_Ws/install/my_opencv/lib/pkgconfig/my_opencv.pc'
[0.888s] Level 1:colcon.colcon_core.environment:checking '/home/utente/Documenti/Magistrale/SecondoAnno/EXP_RO/EXP_Ws/install/my_opencv/lib/python3.12/site-packages'
[0.888s] Level 1:colcon.colcon_core.environment:checking '/home/utente/Documenti/Magistrale/SecondoAnno/EXP_RO/EXP_Ws/install/my_opencv/bin'
[0.888s] INFO:colcon.colcon_core.shell:Creating package script '/home/utente/Documenti/Magistrale/SecondoAnno/EXP_RO/EXP_Ws/install/my_opencv/share/my_opencv/package.ps1'
[0.889s] INFO:colcon.colcon_core.shell:Creating package descriptor '/home/utente/Documenti/Magistrale/SecondoAnno/EXP_RO/EXP_Ws/install/my_opencv/share/my_opencv/package.dsv'
[0.889s] INFO:colcon.colcon_core.shell:Creating package script '/home/utente/Documenti/Magistrale/SecondoAnno/EXP_RO/EXP_Ws/install/my_opencv/share/my_opencv/package.sh'
[0.889s] INFO:colcon.colcon_core.shell:Creating package script '/home/utente/Documenti/Magistrale/SecondoAnno/EXP_RO/EXP_Ws/install/my_opencv/share/my_opencv/package.bash'
[0.890s] INFO:colcon.colcon_core.shell:Creating package script '/home/utente/Documenti/Magistrale/SecondoAnno/EXP_RO/EXP_Ws/install/my_opencv/share/my_opencv/package.zsh'
[0.890s] Level 1:colcon.colcon_core.environment:create_file_with_runtime_dependencies(/home/utente/Documenti/Magistrale/SecondoAnno/EXP_RO/EXP_Ws/install/my_opencv/share/colcon-core/packages/my_opencv)
[0.989s] DEBUG:colcon.colcon_core.event_handler.log_command:Invoked command in '/home/utente/Documenti/Magistrale/SecondoAnno/EXP_RO/EXP_Ws/build/aruco_opencv_msgs' returned '0': CMAKE_PREFIX_PATH=${CMAKE_PREFIX_PATH}:/home/utente/Documenti/Magistrale/SecondoAnno/EXP_RO/EXP_Ws/install/brain:/opt/ros/jazzy DEBUGINFOD_URLS=https://debuginfod.ubuntu.com /usr/bin/cmake --build /home/utente/Documenti/Magistrale/SecondoAnno/EXP_RO/EXP_Ws/build/aruco_opencv_msgs -- -j8 -l8
[0.990s] DEBUG:colcon.colcon_core.event_handler.log_command:Invoking command in '/home/utente/Documenti/Magistrale/SecondoAnno/EXP_RO/EXP_Ws/build/aruco_opencv_msgs': CMAKE_PREFIX_PATH=${CMAKE_PREFIX_PATH}:/home/utente/Documenti/Magistrale/SecondoAnno/EXP_RO/EXP_Ws/install/brain:/opt/ros/jazzy DEBUGINFOD_URLS=https://debuginfod.ubuntu.com /usr/bin/cmake --install /home/utente/Documenti/Magistrale/SecondoAnno/EXP_RO/EXP_Ws/build/aruco_opencv_msgs
[1.069s] Level 1:colcon.colcon_core.environment:create_environment_scripts_only(aruco_opencv_msgs)
[1.069s] Level 1:colcon.colcon_core.environment:checking '/home/utente/Documenti/Magistrale/SecondoAnno/EXP_RO/EXP_Ws/install/aruco_opencv_msgs' for CMake module files
[1.070s] DEBUG:colcon.colcon_core.event_handler.log_command:Invoked command in '/home/utente/Documenti/Magistrale/SecondoAnno/EXP_RO/EXP_Ws/build/aruco_opencv_msgs' returned '0': CMAKE_PREFIX_PATH=${CMAKE_PREFIX_PATH}:/home/utente/Documenti/Magistrale/SecondoAnno/EXP_RO/EXP_Ws/install/brain:/opt/ros/jazzy DEBUGINFOD_URLS=https://debuginfod.ubuntu.com /usr/bin/cmake --install /home/utente/Documenti/Magistrale/SecondoAnno/EXP_RO/EXP_Ws/build/aruco_opencv_msgs
[1.070s] Level 1:colcon.colcon_core.environment:checking '/home/utente/Documenti/Magistrale/SecondoAnno/EXP_RO/EXP_Ws/install/aruco_opencv_msgs' for CMake config files
[1.070s] Level 1:colcon.colcon_core.shell:create_environment_hook('aruco_opencv_msgs', 'cmake_prefix_path')
[1.071s] INFO:colcon.colcon_core.shell:Creating environment hook '/home/utente/Documenti/Magistrale/SecondoAnno/EXP_RO/EXP_Ws/install/aruco_opencv_msgs/share/aruco_opencv_msgs/hook/cmake_prefix_path.ps1'
[1.071s] INFO:colcon.colcon_core.shell:Creating environment descriptor '/home/utente/Documenti/Magistrale/SecondoAnno/EXP_RO/EXP_Ws/install/aruco_opencv_msgs/share/aruco_opencv_msgs/hook/cmake_prefix_path.dsv'
[1.071s] INFO:colcon.colcon_core.shell:Creating environment hook '/home/utente/Documenti/Magistrale/SecondoAnno/EXP_RO/EXP_Ws/install/aruco_opencv_msgs/share/aruco_opencv_msgs/hook/cmake_prefix_path.sh'
[1.072s] Level 1:colcon.colcon_core.environment:checking '/home/utente/Documenti/Magistrale/SecondoAnno/EXP_RO/EXP_Ws/install/aruco_opencv_msgs/lib'
[1.072s] Level 1:colcon.colcon_core.shell:create_environment_hook('aruco_opencv_msgs', 'ld_library_path_lib')
[1.072s] INFO:colcon.colcon_core.shell:Creating environment hook '/home/utente/Documenti/Magistrale/SecondoAnno/EXP_RO/EXP_Ws/install/aruco_opencv_msgs/share/aruco_opencv_msgs/hook/ld_library_path_lib.ps1'
[1.073s] INFO:colcon.colcon_core.shell:Creating environment descriptor '/home/utente/Documenti/Magistrale/SecondoAnno/EXP_RO/EXP_Ws/install/aruco_opencv_msgs/share/aruco_opencv_msgs/hook/ld_library_path_lib.dsv'
[1.073s] INFO:colcon.colcon_core.shell:Creating environment hook '/home/utente/Documenti/Magistrale/SecondoAnno/EXP_RO/EXP_Ws/install/aruco_opencv_msgs/share/aruco_opencv_msgs/hook/ld_library_path_lib.sh'
[1.073s] Level 1:colcon.colcon_core.environment:checking '/home/utente/Documenti/Magistrale/SecondoAnno/EXP_RO/EXP_Ws/install/aruco_opencv_msgs/bin'
[1.073s] Level 1:colcon.colcon_core.environment:checking '/home/utente/Documenti/Magistrale/SecondoAnno/EXP_RO/EXP_Ws/install/aruco_opencv_msgs/lib/pkgconfig/aruco_opencv_msgs.pc'
[1.073s] Level 1:colcon.colcon_core.environment:checking '/home/utente/Documenti/Magistrale/SecondoAnno/EXP_RO/EXP_Ws/install/aruco_opencv_msgs/lib/python3.12/site-packages'
[1.074s] Level 1:colcon.colcon_core.shell:create_environment_hook('aruco_opencv_msgs', 'pythonpath')
[1.074s] INFO:colcon.colcon_core.shell:Creating environment hook '/home/utente/Documenti/Magistrale/SecondoAnno/EXP_RO/EXP_Ws/install/aruco_opencv_msgs/share/aruco_opencv_msgs/hook/pythonpath.ps1'
[1.074s] INFO:colcon.colcon_core.shell:Creating environment descriptor '/home/utente/Documenti/Magistrale/SecondoAnno/EXP_RO/EXP_Ws/install/aruco_opencv_msgs/share/aruco_opencv_msgs/hook/pythonpath.dsv'
[1.074s] INFO:colcon.colcon_core.shell:Creating environment hook '/home/utente/Documenti/Magistrale/SecondoAnno/EXP_RO/EXP_Ws/install/aruco_opencv_msgs/share/aruco_opencv_msgs/hook/pythonpath.sh'
[1.075s] Level 1:colcon.colcon_core.environment:checking '/home/utente/Documenti/Magistrale/SecondoAnno/EXP_RO/EXP_Ws/install/aruco_opencv_msgs/bin'
[1.075s] INFO:colcon.colcon_core.shell:Creating package script '/home/utente/Documenti/Magistrale/SecondoAnno/EXP_RO/EXP_Ws/install/aruco_opencv_msgs/share/aruco_opencv_msgs/package.ps1'
[1.076s] INFO:colcon.colcon_core.shell:Creating package descriptor '/home/utente/Documenti/Magistrale/SecondoAnno/EXP_RO/EXP_Ws/install/aruco_opencv_msgs/share/aruco_opencv_msgs/package.dsv'
[1.076s] INFO:colcon.colcon_core.shell:Creating package script '/home/utente/Documenti/Magistrale/SecondoAnno/EXP_RO/EXP_Ws/install/aruco_opencv_msgs/share/aruco_opencv_msgs/package.sh'
[1.076s] INFO:colcon.colcon_core.shell:Creating package script '/home/utente/Documenti/Magistrale/SecondoAnno/EXP_RO/EXP_Ws/install/aruco_opencv_msgs/share/aruco_opencv_msgs/package.bash'
[1.077s] INFO:colcon.colcon_core.shell:Creating package script '/home/utente/Documenti/Magistrale/SecondoAnno/EXP_RO/EXP_Ws/install/aruco_opencv_msgs/share/aruco_opencv_msgs/package.zsh'
[1.077s] Level 1:colcon.colcon_core.environment:create_file_with_runtime_dependencies(/home/utente/Documenti/Magistrale/SecondoAnno/EXP_RO/EXP_Ws/install/aruco_opencv_msgs/share/colcon-core/packages/aruco_opencv_msgs)
[1.077s] Level 1:colcon.colcon_core.environment:create_environment_scripts_only(aruco_opencv_msgs)
[1.078s] Level 1:colcon.colcon_core.environment:checking '/home/utente/Documenti/Magistrale/SecondoAnno/EXP_RO/EXP_Ws/install/aruco_opencv_msgs' for CMake module files
[1.078s] Level 1:colcon.colcon_core.environment:checking '/home/utente/Documenti/Magistrale/SecondoAnno/EXP_RO/EXP_Ws/install/aruco_opencv_msgs' for CMake config files
[1.078s] Level 1:colcon.colcon_core.shell:create_environment_hook('aruco_opencv_msgs', 'cmake_prefix_path')
[1.079s] INFO:colcon.colcon_core.shell:Creating environment hook '/home/utente/Documenti/Magistrale/SecondoAnno/EXP_RO/EXP_Ws/install/aruco_opencv_msgs/share/aruco_opencv_msgs/hook/cmake_prefix_path.ps1'
[1.079s] INFO:colcon.colcon_core.shell:Creating environment descriptor '/home/utente/Documenti/Magistrale/SecondoAnno/EXP_RO/EXP_Ws/install/aruco_opencv_msgs/share/aruco_opencv_msgs/hook/cmake_prefix_path.dsv'
[1.079s] INFO:colcon.colcon_core.shell:Creating environment hook '/home/utente/Documenti/Magistrale/SecondoAnno/EXP_RO/EXP_Ws/install/aruco_opencv_msgs/share/aruco_opencv_msgs/hook/cmake_prefix_path.sh'
[1.080s] Level 1:colcon.colcon_core.environment:checking '/home/utente/Documenti/Magistrale/SecondoAnno/EXP_RO/EXP_Ws/install/aruco_opencv_msgs/lib'
[1.080s] Level 1:colcon.colcon_core.shell:create_environment_hook('aruco_opencv_msgs', 'ld_library_path_lib')
[1.080s] INFO:colcon.colcon_core.shell:Creating environment hook '/home/utente/Documenti/Magistrale/SecondoAnno/EXP_RO/EXP_Ws/install/aruco_opencv_msgs/share/aruco_opencv_msgs/hook/ld_library_path_lib.ps1'
[1.080s] INFO:colcon.colcon_core.shell:Creating environment descriptor '/home/utente/Documenti/Magistrale/SecondoAnno/EXP_RO/EXP_Ws/install/aruco_opencv_msgs/share/aruco_opencv_msgs/hook/ld_library_path_lib.dsv'
[1.081s] INFO:colcon.colcon_core.shell:Creating environment hook '/home/utente/Documenti/Magistrale/SecondoAnno/EXP_RO/EXP_Ws/install/aruco_opencv_msgs/share/aruco_opencv_msgs/hook/ld_library_path_lib.sh'
[1.081s] Level 1:colcon.colcon_core.environment:checking '/home/utente/Documenti/Magistrale/SecondoAnno/EXP_RO/EXP_Ws/install/aruco_opencv_msgs/bin'
[1.081s] Level 1:colcon.colcon_core.environment:checking '/home/utente/Documenti/Magistrale/SecondoAnno/EXP_RO/EXP_Ws/install/aruco_opencv_msgs/lib/pkgconfig/aruco_opencv_msgs.pc'
[1.081s] Level 1:colcon.colcon_core.environment:checking '/home/utente/Documenti/Magistrale/SecondoAnno/EXP_RO/EXP_Ws/install/aruco_opencv_msgs/lib/python3.12/site-packages'
[1.081s] Level 1:colcon.colcon_core.shell:create_environment_hook('aruco_opencv_msgs', 'pythonpath')
[1.081s] INFO:colcon.colcon_core.shell:Creating environment hook '/home/utente/Documenti/Magistrale/SecondoAnno/EXP_RO/EXP_Ws/install/aruco_opencv_msgs/share/aruco_opencv_msgs/hook/pythonpath.ps1'
[1.082s] INFO:colcon.colcon_core.shell:Creating environment descriptor '/home/utente/Documenti/Magistrale/SecondoAnno/EXP_RO/EXP_Ws/install/aruco_opencv_msgs/share/aruco_opencv_msgs/hook/pythonpath.dsv'
[1.082s] INFO:colcon.colcon_core.shell:Creating environment hook '/home/utente/Documenti/Magistrale/SecondoAnno/EXP_RO/EXP_Ws/install/aruco_opencv_msgs/share/aruco_opencv_msgs/hook/pythonpath.sh'
[1.083s] Level 1:colcon.colcon_core.environment:checking '/home/utente/Documenti/Magistrale/SecondoAnno/EXP_RO/EXP_Ws/install/aruco_opencv_msgs/bin'
[1.083s] INFO:colcon.colcon_core.shell:Creating package script '/home/utente/Documenti/Magistrale/SecondoAnno/EXP_RO/EXP_Ws/install/aruco_opencv_msgs/share/aruco_opencv_msgs/package.ps1'
[1.084s] INFO:colcon.colcon_core.shell:Creating package descriptor '/home/utente/Documenti/Magistrale/SecondoAnno/EXP_RO/EXP_Ws/install/aruco_opencv_msgs/share/aruco_opencv_msgs/package.dsv'
[1.084s] INFO:colcon.colcon_core.shell:Creating package script '/home/utente/Documenti/Magistrale/SecondoAnno/EXP_RO/EXP_Ws/install/aruco_opencv_msgs/share/aruco_opencv_msgs/package.sh'
[1.085s] INFO:colcon.colcon_core.shell:Creating package script '/home/utente/Documenti/Magistrale/SecondoAnno/EXP_RO/EXP_Ws/install/aruco_opencv_msgs/share/aruco_opencv_msgs/package.bash'
[1.085s] INFO:colcon.colcon_core.shell:Creating package script '/home/utente/Documenti/Magistrale/SecondoAnno/EXP_RO/EXP_Ws/install/aruco_opencv_msgs/share/aruco_opencv_msgs/package.zsh'
[1.085s] Level 1:colcon.colcon_core.environment:create_file_with_runtime_dependencies(/home/utente/Documenti/Magistrale/SecondoAnno/EXP_RO/EXP_Ws/install/aruco_opencv_msgs/share/colcon-core/packages/aruco_opencv_msgs)
[1.085s] INFO:colcon.colcon_ros.task.ament_cmake.build:Building ROS package in '/home/utente/Documenti/Magistrale/SecondoAnno/EXP_RO/EXP_Ws/ros_aruco_opencv/aruco_opencv' with build type 'ament_cmake'
[1.086s] INFO:colcon.colcon_cmake.task.cmake.build:Building CMake package in '/home/utente/Documenti/Magistrale/SecondoAnno/EXP_RO/EXP_Ws/ros_aruco_opencv/aruco_opencv'
[1.086s] INFO:colcon.colcon_core.shell:Skip shell extension 'powershell' for command environment: Not usable outside of PowerShell
[1.086s] DEBUG:colcon.colcon_core.shell:Skip shell extension 'dsv' for command environment
[1.099s] DEBUG:colcon.colcon_core.event_handler.log_command:Invoking command in '/home/utente/Documenti/Magistrale/SecondoAnno/EXP_RO/EXP_Ws/build/aruco_opencv': CMAKE_PREFIX_PATH=/home/utente/Documenti/Magistrale/SecondoAnno/EXP_RO/EXP_Ws/install/aruco_opencv_msgs:/home/utente/Documenti/Magistrale/SecondoAnno/EXP_RO/EXP_Ws/install/my_opencv:/home/utente/Documenti/Magistrale/SecondoAnno/EXP_RO/EXP_Ws/install/erl1:/home/utente/Documenti/Magistrale/SecondoAnno/EXP_RO/EXP_Ws/install/bme_gazebo_sensors:/home/utente/Documenti/Magistrale/SecondoAnno/EXP_RO/EXP_Ws/install/aruco_opencv:/opt/ros/jazzy/opt/gz_sim_vendor:/opt/ros/jazzy/opt/gz_sensors_vendor:/opt/ros/jazzy/opt/gz_physics_vendor:/opt/ros/jazzy/opt/sdformat_vendor:/opt/ros/jazzy/opt/gz_gui_vendor:/opt/ros/jazzy/opt/gz_transport_vendor:/opt/ros/jazzy/opt/gz_rendering_vendor:/opt/ros/jazzy/opt/gz_plugin_vendor:/opt/ros/jazzy/opt/gz_fuel_tools_vendor:/opt/ros/jazzy/opt/gz_msgs_vendor:/opt/ros/jazzy/opt/gz_common_vendor:/opt/ros/jazzy/opt/gz_math_vendor:/opt/ros/jazzy/opt/gz_utils_vendor:/opt/ros/jazzy/opt/gz_tools_vendor:/opt/ros/jazzy/opt/gz_ogre_next_vendor:/opt/ros/jazzy/opt/gz_dartsim_vendor:/opt/ros/jazzy/opt/gz_cmake_vendor:/home/utente/Documenti/Magistrale/SecondoAnno/EXP_RO/EXP_Ws/install/brain:/opt/ros/jazzy DEBUGINFOD_URLS=https://debuginfod.ubuntu.com LD_LIBRARY_PATH=/home/utente/Documenti/Magistrale/SecondoAnno/EXP_RO/EXP_Ws/install/aruco_opencv_msgs/lib:/home/utente/Documenti/Magistrale/SecondoAnno/EXP_RO/EXP_Ws/install/aruco_opencv/lib:/opt/ros/jazzy/opt/gz_sim_vendor/lib:/opt/ros/jazzy/opt/gz_sensors_vendor/lib:/opt/ros/jazzy/opt/gz_physics_vendor/lib:/opt/ros/jazzy/opt/sdformat_vendor/lib:/opt/ros/jazzy/opt/rviz_ogre_vendor/lib:/opt/ros/jazzy/lib/x86_64-linux-gnu:/opt/ros/jazzy/opt/gz_gui_vendor/lib:/opt/ros/jazzy/opt/gz_transport_vendor/lib:/opt/ros/jazzy/opt/gz_rendering_vendor/lib:/opt/ros/jazzy/opt/gz_plugin_vendor/lib:/opt/ros/jazzy/opt/gz_fuel_tools_vendor/lib:/opt/ros/jazzy/opt/gz_msgs_vendor/lib:/opt/ros/jazzy/opt/gz_common_vendor/lib:/opt/ros/jazzy/opt/gz_math_vendor/lib:/opt/ros/jazzy/opt/gz_utils_vendor/lib:/opt/ros/jazzy/opt/gz_tools_vendor/lib:/opt/ros/jazzy/opt/gz_ogre_next_vendor/lib:/opt/ros/jazzy/opt/gz_dartsim_vendor/lib:/opt/ros/jazzy/opt/gz_cmake_vendor/lib:/opt/ros/jazzy/lib PYTHONPATH=/home/utente/Documenti/Magistrale/SecondoAnno/EXP_RO/EXP_Ws/install/aruco_opencv_msgs/lib/python3.12/site-packages:/home/utente/Documenti/Magistrale/SecondoAnno/EXP_RO/EXP_Ws/install/brain/lib/python3.12/site-packages:/opt/ros/jazzy/lib/python3.12/site-packages /usr/bin/cmake --build /home/utente/Documenti/Magistrale/SecondoAnno/EXP_RO/EXP_Ws/build/aruco_opencv -- -j8 -l8
[1.227s] DEBUG:colcon.colcon_core.event_handler.log_command:Invoked command in '/home/utente/Documenti/Magistrale/SecondoAnno/EXP_RO/EXP_Ws/build/aruco_opencv' returned '0': CMAKE_PREFIX_PATH=/home/utente/Documenti/Magistrale/SecondoAnno/EXP_RO/EXP_Ws/install/aruco_opencv_msgs:/home/utente/Documenti/Magistrale/SecondoAnno/EXP_RO/EXP_Ws/install/my_opencv:/home/utente/Documenti/Magistrale/SecondoAnno/EXP_RO/EXP_Ws/install/erl1:/home/utente/Documenti/Magistrale/SecondoAnno/EXP_RO/EXP_Ws/install/bme_gazebo_sensors:/home/utente/Documenti/Magistrale/SecondoAnno/EXP_RO/EXP_Ws/install/aruco_opencv:/opt/ros/jazzy/opt/gz_sim_vendor:/opt/ros/jazzy/opt/gz_sensors_vendor:/opt/ros/jazzy/opt/gz_physics_vendor:/opt/ros/jazzy/opt/sdformat_vendor:/opt/ros/jazzy/opt/gz_gui_vendor:/opt/ros/jazzy/opt/gz_transport_vendor:/opt/ros/jazzy/opt/gz_rendering_vendor:/opt/ros/jazzy/opt/gz_plugin_vendor:/opt/ros/jazzy/opt/gz_fuel_tools_vendor:/opt/ros/jazzy/opt/gz_msgs_vendor:/opt/ros/jazzy/opt/gz_common_vendor:/opt/ros/jazzy/opt/gz_math_vendor:/opt/ros/jazzy/opt/gz_utils_vendor:/opt/ros/jazzy/opt/gz_tools_vendor:/opt/ros/jazzy/opt/gz_ogre_next_vendor:/opt/ros/jazzy/opt/gz_dartsim_vendor:/opt/ros/jazzy/opt/gz_cmake_vendor:/home/utente/Documenti/Magistrale/SecondoAnno/EXP_RO/EXP_Ws/install/brain:/opt/ros/jazzy DEBUGINFOD_URLS=https://debuginfod.ubuntu.com LD_LIBRARY_PATH=/home/utente/Documenti/Magistrale/SecondoAnno/EXP_RO/EXP_Ws/install/aruco_opencv_msgs/lib:/home/utente/Documenti/Magistrale/SecondoAnno/EXP_RO/EXP_Ws/install/aruco_opencv/lib:/opt/ros/jazzy/opt/gz_sim_vendor/lib:/opt/ros/jazzy/opt/gz_sensors_vendor/lib:/opt/ros/jazzy/opt/gz_physics_vendor/lib:/opt/ros/jazzy/opt/sdformat_vendor/lib:/opt/ros/jazzy/opt/rviz_ogre_vendor/lib:/opt/ros/jazzy/lib/x86_64-linux-gnu:/opt/ros/jazzy/opt/gz_gui_vendor/lib:/opt/ros/jazzy/opt/gz_transport_vendor/lib:/opt/ros/jazzy/opt/gz_rendering_vendor/lib:/opt/ros/jazzy/opt/gz_plugin_vendor/lib:/opt/ros/jazzy/opt/gz_fuel_tools_vendor/lib:/opt/ros/jazzy/opt/gz_msgs_vendor/lib:/opt/ros/jazzy/opt/gz_common_vendor/lib:/opt/ros/jazzy/opt/gz_math_vendor/lib:/opt/ros/jazzy/opt/gz_utils_vendor/lib:/opt/ros/jazzy/opt/gz_tools_vendor/lib:/opt/ros/jazzy/opt/gz_ogre_next_vendor/lib:/opt/ros/jazzy/opt/gz_dartsim_vendor/lib:/opt/ros/jazzy/opt/gz_cmake_vendor/lib:/opt/ros/jazzy/lib PYTHONPATH=/home/utente/Documenti/Magistrale/SecondoAnno/EXP_RO/EXP_Ws/install/aruco_opencv_msgs/lib/python3.12/site-packages:/home/utente/Documenti/Magistrale/SecondoAnno/EXP_RO/EXP_Ws/install/brain/lib/python3.12/site-packages:/opt/ros/jazzy/lib/python3.12/site-packages /usr/bin/cmake --build /home/utente/Documenti/Magistrale/SecondoAnno/EXP_RO/EXP_Ws/build/aruco_opencv -- -j8 -l8
[1.228s] DEBUG:colcon.colcon_core.event_handler.log_command:Invoking command in '/home/utente/Documenti/Magistrale/SecondoAnno/EXP_RO/EXP_Ws/build/aruco_opencv': CMAKE_PREFIX_PATH=/home/utente/Documenti/Magistrale/SecondoAnno/EXP_RO/EXP_Ws/install/aruco_opencv_msgs:/home/utente/Documenti/Magistrale/SecondoAnno/EXP_RO/EXP_Ws/install/my_opencv:/home/utente/Documenti/Magistrale/SecondoAnno/EXP_RO/EXP_Ws/install/erl1:/home/utente/Documenti/Magistrale/SecondoAnno/EXP_RO/EXP_Ws/install/bme_gazebo_sensors:/home/utente/Documenti/Magistrale/SecondoAnno/EXP_RO/EXP_Ws/install/aruco_opencv:/opt/ros/jazzy/opt/gz_sim_vendor:/opt/ros/jazzy/opt/gz_sensors_vendor:/opt/ros/jazzy/opt/gz_physics_vendor:/opt/ros/jazzy/opt/sdformat_vendor:/opt/ros/jazzy/opt/gz_gui_vendor:/opt/ros/jazzy/opt/gz_transport_vendor:/opt/ros/jazzy/opt/gz_rendering_vendor:/opt/ros/jazzy/opt/gz_plugin_vendor:/opt/ros/jazzy/opt/gz_fuel_tools_vendor:/opt/ros/jazzy/opt/gz_msgs_vendor:/opt/ros/jazzy/opt/gz_common_vendor:/opt/ros/jazzy/opt/gz_math_vendor:/opt/ros/jazzy/opt/gz_utils_vendor:/opt/ros/jazzy/opt/gz_tools_vendor:/opt/ros/jazzy/opt/gz_ogre_next_vendor:/opt/ros/jazzy/opt/gz_dartsim_vendor:/opt/ros/jazzy/opt/gz_cmake_vendor:/home/utente/Documenti/Magistrale/SecondoAnno/EXP_RO/EXP_Ws/install/brain:/opt/ros/jazzy DEBUGINFOD_URLS=https://debuginfod.ubuntu.com LD_LIBRARY_PATH=/home/utente/Documenti/Magistrale/SecondoAnno/EXP_RO/EXP_Ws/install/aruco_opencv_msgs/lib:/home/utente/Documenti/Magistrale/SecondoAnno/EXP_RO/EXP_Ws/install/aruco_opencv/lib:/opt/ros/jazzy/opt/gz_sim_vendor/lib:/opt/ros/jazzy/opt/gz_sensors_vendor/lib:/opt/ros/jazzy/opt/gz_physics_vendor/lib:/opt/ros/jazzy/opt/sdformat_vendor/lib:/opt/ros/jazzy/opt/rviz_ogre_vendor/lib:/opt/ros/jazzy/lib/x86_64-linux-gnu:/opt/ros/jazzy/opt/gz_gui_vendor/lib:/opt/ros/jazzy/opt/gz_transport_vendor/lib:/opt/ros/jazzy/opt/gz_rendering_vendor/lib:/opt/ros/jazzy/opt/gz_plugin_vendor/lib:/opt/ros/jazzy/opt/gz_fuel_tools_vendor/lib:/opt/ros/jazzy/opt/gz_msgs_vendor/lib:/opt/ros/jazzy/opt/gz_common_vendor/lib:/opt/ros/jazzy/opt/gz_math_vendor/lib:/opt/ros/jazzy/opt/gz_utils_vendor/lib:/opt/ros/jazzy/opt/gz_tools_vendor/lib:/opt/ros/jazzy/opt/gz_ogre_next_vendor/lib:/opt/ros/jazzy/opt/gz_dartsim_vendor/lib:/opt/ros/jazzy/opt/gz_cmake_vendor/lib:/opt/ros/jazzy/lib PYTHONPATH=/home/utente/Documenti/Magistrale/SecondoAnno/EXP_RO/EXP_Ws/install/aruco_opencv_msgs/lib/python3.12/site-packages:/home/utente/Documenti/Magistrale/SecondoAnno/EXP_RO/EXP_Ws/install/brain/lib/python3.12/site-packages:/opt/ros/jazzy/lib/python3.12/site-packages /usr/bin/cmake --install /home/utente/Documenti/Magistrale/SecondoAnno/EXP_RO/EXP_Ws/build/aruco_opencv
[1.245s] Level 1:colcon.colcon_core.environment:create_environment_scripts_only(aruco_opencv)
[1.246s] Level 1:colcon.colcon_core.environment:checking '/home/utente/Documenti/Magistrale/SecondoAnno/EXP_RO/EXP_Ws/install/aruco_opencv' for CMake module files
[1.247s] DEBUG:colcon.colcon_core.event_handler.log_command:Invoked command in '/home/utente/Documenti/Magistrale/SecondoAnno/EXP_RO/EXP_Ws/build/aruco_opencv' returned '0': CMAKE_PREFIX_PATH=/home/utente/Documenti/Magistrale/SecondoAnno/EXP_RO/EXP_Ws/install/aruco_opencv_msgs:/home/utente/Documenti/Magistrale/SecondoAnno/EXP_RO/EXP_Ws/install/my_opencv:/home/utente/Documenti/Magistrale/SecondoAnno/EXP_RO/EXP_Ws/install/erl1:/home/utente/Documenti/Magistrale/SecondoAnno/EXP_RO/EXP_Ws/install/bme_gazebo_sensors:/home/utente/Documenti/Magistrale/SecondoAnno/EXP_RO/EXP_Ws/install/aruco_opencv:/opt/ros/jazzy/opt/gz_sim_vendor:/opt/ros/jazzy/opt/gz_sensors_vendor:/opt/ros/jazzy/opt/gz_physics_vendor:/opt/ros/jazzy/opt/sdformat_vendor:/opt/ros/jazzy/opt/gz_gui_vendor:/opt/ros/jazzy/opt/gz_transport_vendor:/opt/ros/jazzy/opt/gz_rendering_vendor:/opt/ros/jazzy/opt/gz_plugin_vendor:/opt/ros/jazzy/opt/gz_fuel_tools_vendor:/opt/ros/jazzy/opt/gz_msgs_vendor:/opt/ros/jazzy/opt/gz_common_vendor:/opt/ros/jazzy/opt/gz_math_vendor:/opt/ros/jazzy/opt/gz_utils_vendor:/opt/ros/jazzy/opt/gz_tools_vendor:/opt/ros/jazzy/opt/gz_ogre_next_vendor:/opt/ros/jazzy/opt/gz_dartsim_vendor:/opt/ros/jazzy/opt/gz_cmake_vendor:/home/utente/Documenti/Magistrale/SecondoAnno/EXP_RO/EXP_Ws/install/brain:/opt/ros/jazzy DEBUGINFOD_URLS=https://debuginfod.ubuntu.com LD_LIBRARY_PATH=/home/utente/Documenti/Magistrale/SecondoAnno/EXP_RO/EXP_Ws/install/aruco_opencv_msgs/lib:/home/utente/Documenti/Magistrale/SecondoAnno/EXP_RO/EXP_Ws/install/aruco_opencv/lib:/opt/ros/jazzy/opt/gz_sim_vendor/lib:/opt/ros/jazzy/opt/gz_sensors_vendor/lib:/opt/ros/jazzy/opt/gz_physics_vendor/lib:/opt/ros/jazzy/opt/sdformat_vendor/lib:/opt/ros/jazzy/opt/rviz_ogre_vendor/lib:/opt/ros/jazzy/lib/x86_64-linux-gnu:/opt/ros/jazzy/opt/gz_gui_vendor/lib:/opt/ros/jazzy/opt/gz_transport_vendor/lib:/opt/ros/jazzy/opt/gz_rendering_vendor/lib:/opt/ros/jazzy/opt/gz_plugin_vendor/lib:/opt/ros/jazzy/opt/gz_fuel_tools_vendor/lib:/opt/ros/jazzy/opt/gz_msgs_vendor/lib:/opt/ros/jazzy/opt/gz_common_vendor/lib:/opt/ros/jazzy/opt/gz_math_vendor/lib:/opt/ros/jazzy/opt/gz_utils_vendor/lib:/opt/ros/jazzy/opt/gz_tools_vendor/lib:/opt/ros/jazzy/opt/gz_ogre_next_vendor/lib:/opt/ros/jazzy/opt/gz_dartsim_vendor/lib:/opt/ros/jazzy/opt/gz_cmake_vendor/lib:/opt/ros/jazzy/lib PYTHONPATH=/home/utente/Documenti/Magistrale/SecondoAnno/EXP_RO/EXP_Ws/install/aruco_opencv_msgs/lib/python3.12/site-packages:/home/utente/Documenti/Magistrale/SecondoAnno/EXP_RO/EXP_Ws/install/brain/lib/python3.12/site-packages:/opt/ros/jazzy/lib/python3.12/site-packages /usr/bin/cmake --install /home/utente/Documenti/Magistrale/SecondoAnno/EXP_RO/EXP_Ws/build/aruco_opencv
[1.247s] Level 1:colcon.colcon_core.environment:checking '/home/utente/Documenti/Magistrale/SecondoAnno/EXP_RO/EXP_Ws/install/aruco_opencv' for CMake config files
[1.248s] Level 1:colcon.colcon_core.shell:create_environment_hook('aruco_opencv', 'cmake_prefix_path')
[1.248s] INFO:colcon.colcon_core.shell:Creating environment hook '/home/utente/Documenti/Magistrale/SecondoAnno/EXP_RO/EXP_Ws/install/aruco_opencv/share/aruco_opencv/hook/cmake_prefix_path.ps1'
[1.249s] INFO:colcon.colcon_core.shell:Creating environment descriptor '/home/utente/Documenti/Magistrale/SecondoAnno/EXP_RO/EXP_Ws/install/aruco_opencv/share/aruco_opencv/hook/cmake_prefix_path.dsv'
[1.249s] INFO:colcon.colcon_core.shell:Creating environment hook '/home/utente/Documenti/Magistrale/SecondoAnno/EXP_RO/EXP_Ws/install/aruco_opencv/share/aruco_opencv/hook/cmake_prefix_path.sh'
[1.250s] Level 1:colcon.colcon_core.environment:checking '/home/utente/Documenti/Magistrale/SecondoAnno/EXP_RO/EXP_Ws/install/aruco_opencv/lib'
[1.250s] Level 1:colcon.colcon_core.shell:create_environment_hook('aruco_opencv', 'ld_library_path_lib')
[1.251s] INFO:colcon.colcon_core.shell:Creating environment hook '/home/utente/Documenti/Magistrale/SecondoAnno/EXP_RO/EXP_Ws/install/aruco_opencv/share/aruco_opencv/hook/ld_library_path_lib.ps1'
[1.251s] INFO:colcon.colcon_core.shell:Creating environment descriptor '/home/utente/Documenti/Magistrale/SecondoAnno/EXP_RO/EXP_Ws/install/aruco_opencv/share/aruco_opencv/hook/ld_library_path_lib.dsv'
[1.252s] INFO:colcon.colcon_core.shell:Creating environment hook '/home/utente/Documenti/Magistrale/SecondoAnno/EXP_RO/EXP_Ws/install/aruco_opencv/share/aruco_opencv/hook/ld_library_path_lib.sh'
[1.252s] Level 1:colcon.colcon_core.environment:checking '/home/utente/Documenti/Magistrale/SecondoAnno/EXP_RO/EXP_Ws/install/aruco_opencv/bin'
[1.253s] Level 1:colcon.colcon_core.environment:checking '/home/utente/Documenti/Magistrale/SecondoAnno/EXP_RO/EXP_Ws/install/aruco_opencv/lib/pkgconfig/aruco_opencv.pc'
[1.253s] Level 1:colcon.colcon_core.environment:checking '/home/utente/Documenti/Magistrale/SecondoAnno/EXP_RO/EXP_Ws/install/aruco_opencv/lib/python3.12/site-packages'
[1.254s] Level 1:colcon.colcon_core.environment:checking '/home/utente/Documenti/Magistrale/SecondoAnno/EXP_RO/EXP_Ws/install/aruco_opencv/bin'
[1.254s] INFO:colcon.colcon_core.shell:Creating package script '/home/utente/Documenti/Magistrale/SecondoAnno/EXP_RO/EXP_Ws/install/aruco_opencv/share/aruco_opencv/package.ps1'
[1.255s] INFO:colcon.colcon_core.shell:Creating package descriptor '/home/utente/Documenti/Magistrale/SecondoAnno/EXP_RO/EXP_Ws/install/aruco_opencv/share/aruco_opencv/package.dsv'
[1.256s] INFO:colcon.colcon_core.shell:Creating package script '/home/utente/Documenti/Magistrale/SecondoAnno/EXP_RO/EXP_Ws/install/aruco_opencv/share/aruco_opencv/package.sh'
[1.256s] INFO:colcon.colcon_core.shell:Creating package script '/home/utente/Documenti/Magistrale/SecondoAnno/EXP_RO/EXP_Ws/install/aruco_opencv/share/aruco_opencv/package.bash'
[1.257s] INFO:colcon.colcon_core.shell:Creating package script '/home/utente/Documenti/Magistrale/SecondoAnno/EXP_RO/EXP_Ws/install/aruco_opencv/share/aruco_opencv/package.zsh'
[1.257s] Level 1:colcon.colcon_core.environment:create_file_with_runtime_dependencies(/home/utente/Documenti/Magistrale/SecondoAnno/EXP_RO/EXP_Ws/install/aruco_opencv/share/colcon-core/packages/aruco_opencv)
[1.258s] Level 1:colcon.colcon_core.environment:create_environment_scripts_only(aruco_opencv)
[1.258s] Level 1:colcon.colcon_core.environment:checking '/home/utente/Documenti/Magistrale/SecondoAnno/EXP_RO/EXP_Ws/install/aruco_opencv' for CMake module files
[1.259s] Level 1:colcon.colcon_core.environment:checking '/home/utente/Documenti/Magistrale/SecondoAnno/EXP_RO/EXP_Ws/install/aruco_opencv' for CMake config files
[1.260s] Level 1:colcon.colcon_core.shell:create_environment_hook('aruco_opencv', 'cmake_prefix_path')
[1.260s] INFO:colcon.colcon_core.shell:Creating environment hook '/home/utente/Documenti/Magistrale/SecondoAnno/EXP_RO/EXP_Ws/install/aruco_opencv/share/aruco_opencv/hook/cmake_prefix_path.ps1'
[1.261s] INFO:colcon.colcon_core.shell:Creating environment descriptor '/home/utente/Documenti/Magistrale/SecondoAnno/EXP_RO/EXP_Ws/install/aruco_opencv/share/aruco_opencv/hook/cmake_prefix_path.dsv'
[1.261s] INFO:colcon.colcon_core.shell:Creating environment hook '/home/utente/Documenti/Magistrale/SecondoAnno/EXP_RO/EXP_Ws/install/aruco_opencv/share/aruco_opencv/hook/cmake_prefix_path.sh'
[1.263s] Level 1:colcon.colcon_core.environment:checking '/home/utente/Documenti/Magistrale/SecondoAnno/EXP_RO/EXP_Ws/install/aruco_opencv/lib'
[1.263s] Level 1:colcon.colcon_core.shell:create_environment_hook('aruco_opencv', 'ld_library_path_lib')
[1.263s] INFO:colcon.colcon_core.shell:Creating environment hook '/home/utente/Documenti/Magistrale/SecondoAnno/EXP_RO/EXP_Ws/install/aruco_opencv/share/aruco_opencv/hook/ld_library_path_lib.ps1'
[1.264s] INFO:colcon.colcon_core.shell:Creating environment descriptor '/home/utente/Documenti/Magistrale/SecondoAnno/EXP_RO/EXP_Ws/install/aruco_opencv/share/aruco_opencv/hook/ld_library_path_lib.dsv'
[1.265s] INFO:colcon.colcon_core.shell:Creating environment hook '/home/utente/Documenti/Magistrale/SecondoAnno/EXP_RO/EXP_Ws/install/aruco_opencv/share/aruco_opencv/hook/ld_library_path_lib.sh'
[1.266s] Level 1:colcon.colcon_core.environment:checking '/home/utente/Documenti/Magistrale/SecondoAnno/EXP_RO/EXP_Ws/install/aruco_opencv/bin'
[1.266s] Level 1:colcon.colcon_core.environment:checking '/home/utente/Documenti/Magistrale/SecondoAnno/EXP_RO/EXP_Ws/install/aruco_opencv/lib/pkgconfig/aruco_opencv.pc'
[1.266s] Level 1:colcon.colcon_core.environment:checking '/home/utente/Documenti/Magistrale/SecondoAnno/EXP_RO/EXP_Ws/install/aruco_opencv/lib/python3.12/site-packages'
[1.267s] Level 1:colcon.colcon_core.environment:checking '/home/utente/Documenti/Magistrale/SecondoAnno/EXP_RO/EXP_Ws/install/aruco_opencv/bin'
[1.268s] INFO:colcon.colcon_core.shell:Creating package script '/home/utente/Documenti/Magistrale/SecondoAnno/EXP_RO/EXP_Ws/install/aruco_opencv/share/aruco_opencv/package.ps1'
[1.269s] INFO:colcon.colcon_core.shell:Creating package descriptor '/home/utente/Documenti/Magistrale/SecondoAnno/EXP_RO/EXP_Ws/install/aruco_opencv/share/aruco_opencv/package.dsv'
[1.270s] INFO:colcon.colcon_core.shell:Creating package script '/home/utente/Documenti/Magistrale/SecondoAnno/EXP_RO/EXP_Ws/install/aruco_opencv/share/aruco_opencv/package.sh'
[1.271s] INFO:colcon.colcon_core.shell:Creating package script '/home/utente/Documenti/Magistrale/SecondoAnno/EXP_RO/EXP_Ws/install/aruco_opencv/share/aruco_opencv/package.bash'
[1.272s] INFO:colcon.colcon_core.shell:Creating package script '/home/utente/Documenti/Magistrale/SecondoAnno/EXP_RO/EXP_Ws/install/aruco_opencv/share/aruco_opencv/package.zsh'
[1.272s] Level 1:colcon.colcon_core.environment:create_file_with_runtime_dependencies(/home/utente/Documenti/Magistrale/SecondoAnno/EXP_RO/EXP_Ws/install/aruco_opencv/share/colcon-core/packages/aruco_opencv)
[1.667s] DEBUG:colcon.colcon_core.event_handler.log_command:Invoking command in '/home/utente/Documenti/Magistrale/SecondoAnno/EXP_RO/EXP_Ws/src/brain': DEBUGINFOD_URLS=https://debuginfod.ubuntu.com PYTHONPATH=/home/utente/Documenti/Magistrale/SecondoAnno/EXP_RO/EXP_Ws/build/brain/prefix_override:/usr/lib/python3/dist-packages/colcon_core/task/python/colcon_distutils_commands:/home/utente/Documenti/Magistrale/SecondoAnno/EXP_RO/EXP_Ws/install/brain/lib/python3.12/site-packages:${PYTHONPATH} /usr/bin/python3 -W ignore:setup.py install is deprecated -W ignore:easy_install command is deprecated setup.py egg_info --egg-base ../../build/brain build --build-base /home/utente/Documenti/Magistrale/SecondoAnno/EXP_RO/EXP_Ws/build/brain/build install --record /home/utente/Documenti/Magistrale/SecondoAnno/EXP_RO/EXP_Ws/build/brain/install.log --single-version-externally-managed install_data
[2.253s] Level 1:colcon.colcon_core.environment:checking '/home/utente/Documenti/Magistrale/SecondoAnno/EXP_RO/EXP_Ws/install/brain' for CMake module files
[2.254s] DEBUG:colcon.colcon_core.event_handler.log_command:Invoked command in '/home/utente/Documenti/Magistrale/SecondoAnno/EXP_RO/EXP_Ws/src/brain' returned '0': DEBUGINFOD_URLS=https://debuginfod.ubuntu.com PYTHONPATH=/home/utente/Documenti/Magistrale/SecondoAnno/EXP_RO/EXP_Ws/build/brain/prefix_override:/usr/lib/python3/dist-packages/colcon_core/task/python/colcon_distutils_commands:/home/utente/Documenti/Magistrale/SecondoAnno/EXP_RO/EXP_Ws/install/brain/lib/python3.12/site-packages:${PYTHONPATH} /usr/bin/python3 -W ignore:setup.py install is deprecated -W ignore:easy_install command is deprecated setup.py egg_info --egg-base ../../build/brain build --build-base /home/utente/Documenti/Magistrale/SecondoAnno/EXP_RO/EXP_Ws/build/brain/build install --record /home/utente/Documenti/Magistrale/SecondoAnno/EXP_RO/EXP_Ws/build/brain/install.log --single-version-externally-managed install_data
[2.254s] Level 1:colcon.colcon_core.environment:checking '/home/utente/Documenti/Magistrale/SecondoAnno/EXP_RO/EXP_Ws/install/brain' for CMake config files
[2.255s] Level 1:colcon.colcon_core.environment:checking '/home/utente/Documenti/Magistrale/SecondoAnno/EXP_RO/EXP_Ws/install/brain/lib'
[2.255s] Level 1:colcon.colcon_core.environment:checking '/home/utente/Documenti/Magistrale/SecondoAnno/EXP_RO/EXP_Ws/install/brain/bin'
[2.255s] Level 1:colcon.colcon_core.environment:checking '/home/utente/Documenti/Magistrale/SecondoAnno/EXP_RO/EXP_Ws/install/brain/lib/pkgconfig/brain.pc'
[2.255s] Level 1:colcon.colcon_core.environment:checking '/home/utente/Documenti/Magistrale/SecondoAnno/EXP_RO/EXP_Ws/install/brain/lib/python3.12/site-packages'
[2.255s] Level 1:colcon.colcon_core.shell:create_environment_hook('brain', 'pythonpath')
[2.256s] INFO:colcon.colcon_core.shell:Creating environment hook '/home/utente/Documenti/Magistrale/SecondoAnno/EXP_RO/EXP_Ws/install/brain/share/brain/hook/pythonpath.ps1'
[2.256s] INFO:colcon.colcon_core.shell:Creating environment descriptor '/home/utente/Documenti/Magistrale/SecondoAnno/EXP_RO/EXP_Ws/install/brain/share/brain/hook/pythonpath.dsv'
[2.256s] INFO:colcon.colcon_core.shell:Creating environment hook '/home/utente/Documenti/Magistrale/SecondoAnno/EXP_RO/EXP_Ws/install/brain/share/brain/hook/pythonpath.sh'
[2.257s] Level 1:colcon.colcon_core.environment:checking '/home/utente/Documenti/Magistrale/SecondoAnno/EXP_RO/EXP_Ws/install/brain/bin'
[2.257s] Level 1:colcon.colcon_core.environment:create_environment_scripts_only(brain)
[2.257s] INFO:colcon.colcon_core.shell:Creating package script '/home/utente/Documenti/Magistrale/SecondoAnno/EXP_RO/EXP_Ws/install/brain/share/brain/package.ps1'
[2.258s] INFO:colcon.colcon_core.shell:Creating package descriptor '/home/utente/Documenti/Magistrale/SecondoAnno/EXP_RO/EXP_Ws/install/brain/share/brain/package.dsv'
[2.258s] INFO:colcon.colcon_core.shell:Creating package script '/home/utente/Documenti/Magistrale/SecondoAnno/EXP_RO/EXP_Ws/install/brain/share/brain/package.sh'
[2.258s] INFO:colcon.colcon_core.shell:Creating package script '/home/utente/Documenti/Magistrale/SecondoAnno/EXP_RO/EXP_Ws/install/brain/share/brain/package.bash'
[2.259s] INFO:colcon.colcon_core.shell:Creating package script '/home/utente/Documenti/Magistrale/SecondoAnno/EXP_RO/EXP_Ws/install/brain/share/brain/package.zsh'
[2.259s] Level 1:colcon.colcon_core.environment:create_file_with_runtime_dependencies(/home/utente/Documenti/Magistrale/SecondoAnno/EXP_RO/EXP_Ws/install/brain/share/colcon-core/packages/brain)
[2.259s] DEBUG:colcon.colcon_parallel_executor.executor.parallel:closing loop
[2.259s] DEBUG:colcon.colcon_parallel_executor.executor.parallel:loop closed
[2.260s] DEBUG:colcon.colcon_parallel_executor.executor.parallel:run_until_complete finished with '0'
[2.260s] DEBUG:colcon.colcon_core.event_reactor:joining thread
[2.272s] INFO:colcon.colcon_core.plugin_system:Skipping extension 'colcon_notification.desktop_notification.terminal_notifier': Not used on non-Darwin systems
[2.272s] INFO:colcon.colcon_core.plugin_system:Skipping extension 'colcon_notification.desktop_notification.win32': Not used on non-Windows systems
[2.272s] INFO:colcon.colcon_notification.desktop_notification:Sending desktop notification using 'notify2'
[2.285s] DEBUG:colcon.colcon_core.event_reactor:joined thread
[2.285s] INFO:colcon.colcon_core.shell:Creating prefix script '/home/utente/Documenti/Magistrale/SecondoAnno/EXP_RO/EXP_Ws/install/local_setup.ps1'
[2.286s] INFO:colcon.colcon_core.shell:Creating prefix util module '/home/utente/Documenti/Magistrale/SecondoAnno/EXP_RO/EXP_Ws/install/_local_setup_util_ps1.py'
[2.287s] INFO:colcon.colcon_core.shell:Creating prefix chain script '/home/utente/Documenti/Magistrale/SecondoAnno/EXP_RO/EXP_Ws/install/setup.ps1'
[2.289s] INFO:colcon.colcon_core.shell:Creating prefix script '/home/utente/Documenti/Magistrale/SecondoAnno/EXP_RO/EXP_Ws/install/local_setup.sh'
[2.290s] INFO:colcon.colcon_core.shell:Creating prefix util module '/home/utente/Documenti/Magistrale/SecondoAnno/EXP_RO/EXP_Ws/install/_local_setup_util_sh.py'
[2.290s] INFO:colcon.colcon_core.shell:Creating prefix chain script '/home/utente/Documenti/Magistrale/SecondoAnno/EXP_RO/EXP_Ws/install/setup.sh'
[2.292s] INFO:colcon.colcon_core.shell:Creating prefix script '/home/utente/Documenti/Magistrale/SecondoAnno/EXP_RO/EXP_Ws/install/local_setup.bash'
[2.292s] INFO:colcon.colcon_core.shell:Creating prefix chain script '/home/utente/Documenti/Magistrale/SecondoAnno/EXP_RO/EXP_Ws/install/setup.bash'
[2.294s] INFO:colcon.colcon_core.shell:Creating prefix script '/home/utente/Documenti/Magistrale/SecondoAnno/EXP_RO/EXP_Ws/install/local_setup.zsh'
[2.294s] INFO:colcon.colcon_core.shell:Creating prefix chain script '/home/utente/Documenti/Magistrale/SecondoAnno/EXP_RO/EXP_Ws/install/setup.zsh'
