[0.497s] Invoking command in '/home/utente/Documenti/Magistrale/SecondoAnno/EXP_RO/EXP_Ws/build/my_opencv': CMAKE_PREFIX_PATH=${CMAKE_PREFIX_PATH}:/home/utente/Documenti/Magistrale/SecondoAnno/EXP_RO/EXP_Ws/install/brain:/opt/ros/jazzy DEBUGINFOD_URLS=https://debuginfod.ubuntu.com /usr/bin/cmake --build /home/utente/Documenti/Magistrale/SecondoAnno/EXP_RO/EXP_Ws/build/my_opencv -- -j8 -l8
[0.648s] [ 33%] Built target image_subscriber
[0.651s] [100%] Built target it_modifier
[0.651s] [100%] Built target it_subscriber
[0.670s] Invoked command in '/home/utente/Documenti/Magistrale/SecondoAnno/EXP_RO/EXP_Ws/build/my_opencv' returned '0': CMAKE_PREFIX_PATH=${CMAKE_PREFIX_PATH}:/home/utente/Documenti/Magistrale/SecondoAnno/EXP_RO/EXP_Ws/install/brain:/opt/ros/jazzy DEBUGINFOD_URLS=https://debuginfod.ubuntu.com /usr/bin/cmake --build /home/utente/Documenti/Magistrale/SecondoAnno/EXP_RO/EXP_Ws/build/my_opencv -- -j8 -l8
[0.673s] Invoking command in '/home/utente/Documenti/Magistrale/SecondoAnno/EXP_RO/EXP_Ws/build/my_opencv': CMAKE_PREFIX_PATH=${CMAKE_PREFIX_PATH}:/home/utente/Documenti/Magistrale/SecondoAnno/EXP_RO/EXP_Ws/install/brain:/opt/ros/jazzy DEBUGINFOD_URLS=https://debuginfod.ubuntu.com /usr/bin/cmake --install /home/utente/Documenti/Magistrale/SecondoAnno/EXP_RO/EXP_Ws/build/my_opencv
[0.686s] -- Install configuration: ""
[0.686s] -- Up-to-date: /home/utente/Documenti/Magistrale/SecondoAnno/EXP_RO/EXP_Ws/install/my_opencv/lib/my_opencv/image_subscriber
[0.687s] -- Up-to-date: /home/utente/Documenti/Magistrale/SecondoAnno/EXP_RO/EXP_Ws/install/my_opencv/lib/my_opencv/it_subscriber
[0.688s] -- Up-to-date: /home/utente/Documenti/Magistrale/SecondoAnno/EXP_RO/EXP_Ws/install/my_opencv/lib/my_opencv/it_modifier
[0.688s] -- Up-to-date: /home/utente/Documenti/Magistrale/SecondoAnno/EXP_RO/EXP_Ws/install/my_opencv/share/ament_index/resource_index/package_run_dependencies/my_opencv
[0.689s] -- Up-to-date: /home/utente/Documenti/Magistrale/SecondoAnno/EXP_RO/EXP_Ws/install/my_opencv/share/ament_index/resource_index/parent_prefix_path/my_opencv
[0.689s] -- Up-to-date: /home/utente/Documenti/Magistrale/SecondoAnno/EXP_RO/EXP_Ws/install/my_opencv/share/my_opencv/environment/ament_prefix_path.sh
[0.689s] -- Up-to-date: /home/utente/Documenti/Magistrale/SecondoAnno/EXP_RO/EXP_Ws/install/my_opencv/share/my_opencv/environment/ament_prefix_path.dsv
[0.690s] -- Up-to-date: /home/utente/Documenti/Magistrale/SecondoAnno/EXP_RO/EXP_Ws/install/my_opencv/share/my_opencv/environment/path.sh
[0.690s] -- Up-to-date: /home/utente/Documenti/Magistrale/SecondoAnno/EXP_RO/EXP_Ws/install/my_opencv/share/my_opencv/environment/path.dsv
[0.690s] -- Up-to-date: /home/utente/Documenti/Magistrale/SecondoAnno/EXP_RO/EXP_Ws/install/my_opencv/share/my_opencv/local_setup.bash
[0.690s] -- Up-to-date: /home/utente/Documenti/Magistrale/SecondoAnno/EXP_RO/EXP_Ws/install/my_opencv/share/my_opencv/local_setup.sh
[0.690s] -- Up-to-date: /home/utente/Documenti/Magistrale/SecondoAnno/EXP_RO/EXP_Ws/install/my_opencv/share/my_opencv/local_setup.zsh
[0.690s] -- Up-to-date: /home/utente/Documenti/Magistrale/SecondoAnno/EXP_RO/EXP_Ws/install/my_opencv/share/my_opencv/local_setup.dsv
[0.690s] -- Installing: /home/utente/Documenti/Magistrale/SecondoAnno/EXP_RO/EXP_Ws/install/my_opencv/share/my_opencv/package.dsv
[0.691s] -- Up-to-date: /home/utente/Documenti/Magistrale/SecondoAnno/EXP_RO/EXP_Ws/install/my_opencv/share/ament_index/resource_index/packages/my_opencv
[0.691s] -- Up-to-date: /home/utente/Documenti/Magistrale/SecondoAnno/EXP_RO/EXP_Ws/install/my_opencv/share/my_opencv/cmake/my_opencvConfig.cmake
[0.691s] -- Up-to-date: /home/utente/Documenti/Magistrale/SecondoAnno/EXP_RO/EXP_Ws/install/my_opencv/share/my_opencv/cmake/my_opencvConfig-version.cmake
[0.691s] -- Up-to-date: /home/utente/Documenti/Magistrale/SecondoAnno/EXP_RO/EXP_Ws/install/my_opencv/share/my_opencv/package.xml
[0.693s] Invoked command in '/home/utente/Documenti/Magistrale/SecondoAnno/EXP_RO/EXP_Ws/build/my_opencv' returned '0': CMAKE_PREFIX_PATH=${CMAKE_PREFIX_PATH}:/home/utente/Documenti/Magistrale/SecondoAnno/EXP_RO/EXP_Ws/install/brain:/opt/ros/jazzy DEBUGINFOD_URLS=https://debuginfod.ubuntu.com /usr/bin/cmake --install /home/utente/Documenti/Magistrale/SecondoAnno/EXP_RO/EXP_Ws/build/my_opencv
