[0.104s] DEBUG:colcon:Command line arguments: ['/usr/bin/colcon', 'build']
[0.104s] DEBUG:colcon:Parsed command line arguments: Namespace(log_base=None, log_level=None, verb_name='build', build_base='build', install_base='install', merge_install=False, symlink_install=False, test_result_base=None, continue_on_error=False, executor='parallel', parallel_workers=8, event_handlers=None, ignore_user_meta=False, metas=['./colcon.meta'], base_paths=['.'], packages_ignore=None, packages_ignore_regex=None, paths=None, packages_up_to=None, packages_up_to_regex=None, packages_above=None, packages_above_and_dependencies=None, packages_above_depth=None, packages_select_by_dep=None, packages_skip_by_dep=None, packages_skip_up_to=None, packages_select_build_failed=False, packages_skip_build_finished=False, packages_select_test_failures=False, packages_skip_test_passed=False, packages_select=None, packages_skip=None, packages_select_regex=None, packages_skip_regex=None, packages_start=None, packages_end=None, allow_overriding=[], cmake_args=None, cmake_target=None, cmake_target_skip_unavailable=False, cmake_clean_cache=False, cmake_clean_first=False, cmake_force_configure=False, ament_cmake_args=None, catkin_cmake_args=None, catkin_skip_building_tests=False, mixin_files=None, mixin=None, verb_parser=<colcon_mixin.mixin.mixin_argument.MixinArgumentDecorator object at 0x735b783bc0b0>, verb_extension=<colcon_core.verb.build.BuildVerb object at 0x735b78397ce0>, main=<bound method BuildVerb.main of <colcon_core.verb.build.BuildVerb object at 0x735b78397ce0>>, mixin_verb=('build',))
[0.141s] Level 1:colcon.colcon_core.package_discovery:discover_packages(colcon_meta) check parameters
[0.141s] Level 1:colcon.colcon_core.package_discovery:discover_packages(recursive) check parameters
[0.141s] Level 1:colcon.colcon_core.package_discovery:discover_packages(ignore) check parameters
[0.141s] Level 1:colcon.colcon_core.package_discovery:discover_packages(path) check parameters
[0.141s] Level 1:colcon.colcon_core.package_discovery:discover_packages(colcon_meta) discover
[0.141s] Level 1:colcon.colcon_core.package_discovery:discover_packages(recursive) discover
[0.142s] INFO:colcon.colcon_core.package_discovery:Crawling recursively for packages in '/home/utente/Documenti/Magistrale/SecondoAnno/EXP_RO/EXP_Ws'
[0.142s] Level 1:colcon.colcon_core.package_identification:_identify(.) by extensions ['ignore', 'ignore_ament_install']
[0.142s] Level 1:colcon.colcon_core.package_identification:_identify(.) by extension 'ignore'
[0.142s] Level 1:colcon.colcon_core.package_identification:_identify(.) by extension 'ignore_ament_install'
[0.142s] Level 1:colcon.colcon_core.package_identification:_identify(.) by extensions ['colcon_pkg']
[0.142s] Level 1:colcon.colcon_core.package_identification:_identify(.) by extension 'colcon_pkg'
[0.142s] Level 1:colcon.colcon_core.package_identification:_identify(.) by extensions ['colcon_meta']
[0.142s] Level 1:colcon.colcon_core.package_identification:_identify(.) by extension 'colcon_meta'
[0.142s] Level 1:colcon.colcon_core.package_identification:_identify(.) by extensions ['ros']
[0.142s] Level 1:colcon.colcon_core.package_identification:_identify(.) by extension 'ros'
[0.168s] Level 1:colcon.colcon_core.package_identification:_identify(.) by extensions ['cmake', 'python']
[0.168s] Level 1:colcon.colcon_core.package_identification:_identify(.) by extension 'cmake'
[0.168s] Level 1:colcon.colcon_core.package_identification:_identify(.) by extension 'python'
[0.168s] Level 1:colcon.colcon_core.package_identification:_identify(.) by extensions ['python_setup_py']
[0.168s] Level 1:colcon.colcon_core.package_identification:_identify(.) by extension 'python_setup_py'
[0.168s] Level 1:colcon.colcon_core.package_identification:_identify(build) by extensions ['ignore', 'ignore_ament_install']
[0.169s] Level 1:colcon.colcon_core.package_identification:_identify(build) by extension 'ignore'
[0.169s] Level 1:colcon.colcon_core.package_identification:_identify(build) ignored
[0.169s] Level 1:colcon.colcon_core.package_identification:_identify(install) by extensions ['ignore', 'ignore_ament_install']
[0.169s] Level 1:colcon.colcon_core.package_identification:_identify(install) by extension 'ignore'
[0.169s] Level 1:colcon.colcon_core.package_identification:_identify(install) ignored
[0.169s] Level 1:colcon.colcon_core.package_identification:_identify(log) by extensions ['ignore', 'ignore_ament_install']
[0.169s] Level 1:colcon.colcon_core.package_identification:_identify(log) by extension 'ignore'
[0.169s] Level 1:colcon.colcon_core.package_identification:_identify(log) ignored
[0.169s] Level 1:colcon.colcon_core.package_identification:_identify(ros_aruco_opencv) by extensions ['ignore', 'ignore_ament_install']
[0.169s] Level 1:colcon.colcon_core.package_identification:_identify(ros_aruco_opencv) by extension 'ignore'
[0.169s] Level 1:colcon.colcon_core.package_identification:_identify(ros_aruco_opencv) by extension 'ignore_ament_install'
[0.169s] Level 1:colcon.colcon_core.package_identification:_identify(ros_aruco_opencv) by extensions ['colcon_pkg']
[0.169s] Level 1:colcon.colcon_core.package_identification:_identify(ros_aruco_opencv) by extension 'colcon_pkg'
[0.169s] Level 1:colcon.colcon_core.package_identification:_identify(ros_aruco_opencv) by extensions ['colcon_meta']
[0.169s] Level 1:colcon.colcon_core.package_identification:_identify(ros_aruco_opencv) by extension 'colcon_meta'
[0.169s] Level 1:colcon.colcon_core.package_identification:_identify(ros_aruco_opencv) by extensions ['ros']
[0.169s] Level 1:colcon.colcon_core.package_identification:_identify(ros_aruco_opencv) by extension 'ros'
[0.170s] Level 1:colcon.colcon_core.package_identification:_identify(ros_aruco_opencv) by extensions ['cmake', 'python']
[0.170s] Level 1:colcon.colcon_core.package_identification:_identify(ros_aruco_opencv) by extension 'cmake'
[0.170s] Level 1:colcon.colcon_core.package_identification:_identify(ros_aruco_opencv) by extension 'python'
[0.170s] Level 1:colcon.colcon_core.package_identification:_identify(ros_aruco_opencv) by extensions ['python_setup_py']
[0.170s] Level 1:colcon.colcon_core.package_identification:_identify(ros_aruco_opencv) by extension 'python_setup_py'
[0.170s] Level 1:colcon.colcon_core.package_identification:_identify(ros_aruco_opencv/aruco_opencv) by extensions ['ignore', 'ignore_ament_install']
[0.170s] Level 1:colcon.colcon_core.package_identification:_identify(ros_aruco_opencv/aruco_opencv) by extension 'ignore'
[0.170s] Level 1:colcon.colcon_core.package_identification:_identify(ros_aruco_opencv/aruco_opencv) by extension 'ignore_ament_install'
[0.170s] Level 1:colcon.colcon_core.package_identification:_identify(ros_aruco_opencv/aruco_opencv) by extensions ['colcon_pkg']
[0.170s] Level 1:colcon.colcon_core.package_identification:_identify(ros_aruco_opencv/aruco_opencv) by extension 'colcon_pkg'
[0.170s] Level 1:colcon.colcon_core.package_identification:_identify(ros_aruco_opencv/aruco_opencv) by extensions ['colcon_meta']
[0.170s] Level 1:colcon.colcon_core.package_identification:_identify(ros_aruco_opencv/aruco_opencv) by extension 'colcon_meta'
[0.170s] Level 1:colcon.colcon_core.package_identification:_identify(ros_aruco_opencv/aruco_opencv) by extensions ['ros']
[0.170s] Level 1:colcon.colcon_core.package_identification:_identify(ros_aruco_opencv/aruco_opencv) by extension 'ros'
[0.173s] DEBUG:colcon.colcon_core.package_identification:Package 'ros_aruco_opencv/aruco_opencv' with type 'ros.ament_cmake' and name 'aruco_opencv'
[0.173s] Level 1:colcon.colcon_core.package_identification:_identify(ros_aruco_opencv/aruco_opencv_msgs) by extensions ['ignore', 'ignore_ament_install']
[0.173s] Level 1:colcon.colcon_core.package_identification:_identify(ros_aruco_opencv/aruco_opencv_msgs) by extension 'ignore'
[0.173s] Level 1:colcon.colcon_core.package_identification:_identify(ros_aruco_opencv/aruco_opencv_msgs) by extension 'ignore_ament_install'
[0.173s] Level 1:colcon.colcon_core.package_identification:_identify(ros_aruco_opencv/aruco_opencv_msgs) by extensions ['colcon_pkg']
[0.173s] Level 1:colcon.colcon_core.package_identification:_identify(ros_aruco_opencv/aruco_opencv_msgs) by extension 'colcon_pkg'
[0.173s] Level 1:colcon.colcon_core.package_identification:_identify(ros_aruco_opencv/aruco_opencv_msgs) by extensions ['colcon_meta']
[0.173s] Level 1:colcon.colcon_core.package_identification:_identify(ros_aruco_opencv/aruco_opencv_msgs) by extension 'colcon_meta'
[0.173s] Level 1:colcon.colcon_core.package_identification:_identify(ros_aruco_opencv/aruco_opencv_msgs) by extensions ['ros']
[0.173s] Level 1:colcon.colcon_core.package_identification:_identify(ros_aruco_opencv/aruco_opencv_msgs) by extension 'ros'
[0.174s] DEBUG:colcon.colcon_core.package_identification:Package 'ros_aruco_opencv/aruco_opencv_msgs' with type 'ros.ament_cmake' and name 'aruco_opencv_msgs'
[0.174s] Level 1:colcon.colcon_core.package_identification:_identify(src) by extensions ['ignore', 'ignore_ament_install']
[0.174s] Level 1:colcon.colcon_core.package_identification:_identify(src) by extension 'ignore'
[0.174s] Level 1:colcon.colcon_core.package_identification:_identify(src) by extension 'ignore_ament_install'
[0.174s] Level 1:colcon.colcon_core.package_identification:_identify(src) by extensions ['colcon_pkg']
[0.174s] Level 1:colcon.colcon_core.package_identification:_identify(src) by extension 'colcon_pkg'
[0.174s] Level 1:colcon.colcon_core.package_identification:_identify(src) by extensions ['colcon_meta']
[0.174s] Level 1:colcon.colcon_core.package_identification:_identify(src) by extension 'colcon_meta'
[0.174s] Level 1:colcon.colcon_core.package_identification:_identify(src) by extensions ['ros']
[0.174s] Level 1:colcon.colcon_core.package_identification:_identify(src) by extension 'ros'
[0.174s] Level 1:colcon.colcon_core.package_identification:_identify(src) by extensions ['cmake', 'python']
[0.174s] Level 1:colcon.colcon_core.package_identification:_identify(src) by extension 'cmake'
[0.174s] Level 1:colcon.colcon_core.package_identification:_identify(src) by extension 'python'
[0.174s] Level 1:colcon.colcon_core.package_identification:_identify(src) by extensions ['python_setup_py']
[0.174s] Level 1:colcon.colcon_core.package_identification:_identify(src) by extension 'python_setup_py'
[0.174s] Level 1:colcon.colcon_core.package_identification:_identify(src/brain) by extensions ['ignore', 'ignore_ament_install']
[0.174s] Level 1:colcon.colcon_core.package_identification:_identify(src/brain) by extension 'ignore'
[0.174s] Level 1:colcon.colcon_core.package_identification:_identify(src/brain) by extension 'ignore_ament_install'
[0.175s] Level 1:colcon.colcon_core.package_identification:_identify(src/brain) by extensions ['colcon_pkg']
[0.175s] Level 1:colcon.colcon_core.package_identification:_identify(src/brain) by extension 'colcon_pkg'
[0.175s] Level 1:colcon.colcon_core.package_identification:_identify(src/brain) by extensions ['colcon_meta']
[0.175s] Level 1:colcon.colcon_core.package_identification:_identify(src/brain) by extension 'colcon_meta'
[0.175s] Level 1:colcon.colcon_core.package_identification:_identify(src/brain) by extensions ['ros']
[0.175s] Level 1:colcon.colcon_core.package_identification:_identify(src/brain) by extension 'ros'
[0.175s] DEBUG:colcon.colcon_core.package_identification:Package 'src/brain' with type 'ros.ament_python' and name 'brain'
[0.175s] Level 1:colcon.colcon_core.package_identification:_identify(src/erl1) by extensions ['ignore', 'ignore_ament_install']
[0.175s] Level 1:colcon.colcon_core.package_identification:_identify(src/erl1) by extension 'ignore'
[0.176s] Level 1:colcon.colcon_core.package_identification:_identify(src/erl1) by extension 'ignore_ament_install'
[0.176s] Level 1:colcon.colcon_core.package_identification:_identify(src/erl1) by extensions ['colcon_pkg']
[0.176s] Level 1:colcon.colcon_core.package_identification:_identify(src/erl1) by extension 'colcon_pkg'
[0.176s] Level 1:colcon.colcon_core.package_identification:_identify(src/erl1) by extensions ['colcon_meta']
[0.176s] Level 1:colcon.colcon_core.package_identification:_identify(src/erl1) by extension 'colcon_meta'
[0.176s] Level 1:colcon.colcon_core.package_identification:_identify(src/erl1) by extensions ['ros']
[0.176s] Level 1:colcon.colcon_core.package_identification:_identify(src/erl1) by extension 'ros'
[0.176s] DEBUG:colcon.colcon_core.package_identification:Package 'src/erl1' with type 'ros.ament_cmake' and name 'erl1'
[0.176s] Level 1:colcon.colcon_core.package_identification:_identify(src/erl1_sensors) by extensions ['ignore', 'ignore_ament_install']
[0.176s] Level 1:colcon.colcon_core.package_identification:_identify(src/erl1_sensors) by extension 'ignore'
[0.176s] Level 1:colcon.colcon_core.package_identification:_identify(src/erl1_sensors) by extension 'ignore_ament_install'
[0.176s] Level 1:colcon.colcon_core.package_identification:_identify(src/erl1_sensors) by extensions ['colcon_pkg']
[0.176s] Level 1:colcon.colcon_core.package_identification:_identify(src/erl1_sensors) by extension 'colcon_pkg'
[0.176s] Level 1:colcon.colcon_core.package_identification:_identify(src/erl1_sensors) by extensions ['colcon_meta']
[0.176s] Level 1:colcon.colcon_core.package_identification:_identify(src/erl1_sensors) by extension 'colcon_meta'
[0.176s] Level 1:colcon.colcon_core.package_identification:_identify(src/erl1_sensors) by extensions ['ros']
[0.177s] Level 1:colcon.colcon_core.package_identification:_identify(src/erl1_sensors) by extension 'ros'
[0.177s] Level 1:colcon.colcon_core.package_identification:_identify(src/erl1_sensors) by extensions ['cmake', 'python']
[0.177s] Level 1:colcon.colcon_core.package_identification:_identify(src/erl1_sensors) by extension 'cmake'
[0.177s] Level 1:colcon.colcon_core.package_identification:_identify(src/erl1_sensors) by extension 'python'
[0.177s] Level 1:colcon.colcon_core.package_identification:_identify(src/erl1_sensors) by extensions ['python_setup_py']
[0.177s] Level 1:colcon.colcon_core.package_identification:_identify(src/erl1_sensors) by extension 'python_setup_py'
[0.177s] Level 1:colcon.colcon_core.package_identification:_identify(src/erl1_sensors/bme_gazebo_sensors) by extensions ['ignore', 'ignore_ament_install']
[0.177s] Level 1:colcon.colcon_core.package_identification:_identify(src/erl1_sensors/bme_gazebo_sensors) by extension 'ignore'
[0.177s] Level 1:colcon.colcon_core.package_identification:_identify(src/erl1_sensors/bme_gazebo_sensors) by extension 'ignore_ament_install'
[0.177s] Level 1:colcon.colcon_core.package_identification:_identify(src/erl1_sensors/bme_gazebo_sensors) by extensions ['colcon_pkg']
[0.177s] Level 1:colcon.colcon_core.package_identification:_identify(src/erl1_sensors/bme_gazebo_sensors) by extension 'colcon_pkg'
[0.177s] Level 1:colcon.colcon_core.package_identification:_identify(src/erl1_sensors/bme_gazebo_sensors) by extensions ['colcon_meta']
[0.177s] Level 1:colcon.colcon_core.package_identification:_identify(src/erl1_sensors/bme_gazebo_sensors) by extension 'colcon_meta'
[0.177s] Level 1:colcon.colcon_core.package_identification:_identify(src/erl1_sensors/bme_gazebo_sensors) by extensions ['ros']
[0.177s] Level 1:colcon.colcon_core.package_identification:_identify(src/erl1_sensors/bme_gazebo_sensors) by extension 'ros'
[0.177s] DEBUG:colcon.colcon_core.package_identification:Package 'src/erl1_sensors/bme_gazebo_sensors' with type 'ros.ament_cmake' and name 'bme_gazebo_sensors'
[0.178s] Level 1:colcon.colcon_core.package_identification:_identify(src/my_opencv) by extensions ['ignore', 'ignore_ament_install']
[0.178s] Level 1:colcon.colcon_core.package_identification:_identify(src/my_opencv) by extension 'ignore'
[0.178s] Level 1:colcon.colcon_core.package_identification:_identify(src/my_opencv) by extension 'ignore_ament_install'
[0.178s] Level 1:colcon.colcon_core.package_identification:_identify(src/my_opencv) by extensions ['colcon_pkg']
[0.178s] Level 1:colcon.colcon_core.package_identification:_identify(src/my_opencv) by extension 'colcon_pkg'
[0.178s] Level 1:colcon.colcon_core.package_identification:_identify(src/my_opencv) by extensions ['colcon_meta']
[0.178s] Level 1:colcon.colcon_core.package_identification:_identify(src/my_opencv) by extension 'colcon_meta'
[0.178s] Level 1:colcon.colcon_core.package_identification:_identify(src/my_opencv) by extensions ['ros']
[0.178s] Level 1:colcon.colcon_core.package_identification:_identify(src/my_opencv) by extension 'ros'
[0.178s] DEBUG:colcon.colcon_core.package_identification:Package 'src/my_opencv' with type 'ros.ament_cmake' and name 'my_opencv'
[0.178s] Level 1:colcon.colcon_core.package_discovery:discover_packages(recursive) using defaults
[0.178s] Level 1:colcon.colcon_core.package_discovery:discover_packages(ignore) discover
[0.178s] Level 1:colcon.colcon_core.package_discovery:discover_packages(ignore) using defaults
[0.178s] Level 1:colcon.colcon_core.package_discovery:discover_packages(path) discover
[0.178s] Level 1:colcon.colcon_core.package_discovery:discover_packages(path) using defaults
[0.197s] Level 1:colcon.colcon_core.package_discovery:discover_packages(prefix_path) check parameters
[0.197s] Level 1:colcon.colcon_core.package_discovery:discover_packages(prefix_path) discover
[0.198s] DEBUG:colcon.colcon_installed_package_information.package_discovery:Found 6 installed packages in /home/utente/Documenti/Magistrale/SecondoAnno/EXP_RO/EXP_Ws/install
[0.200s] DEBUG:colcon.colcon_installed_package_information.package_discovery:Found 321 installed packages in /opt/ros/jazzy
[0.201s] Level 1:colcon.colcon_core.package_discovery:discover_packages(prefix_path) using defaults
[0.243s] Level 5:colcon.colcon_core.verb:set package 'aruco_opencv_msgs' build argument 'cmake_args' from command line to 'None'
[0.243s] Level 5:colcon.colcon_core.verb:set package 'aruco_opencv_msgs' build argument 'cmake_target' from command line to 'None'
[0.243s] Level 5:colcon.colcon_core.verb:set package 'aruco_opencv_msgs' build argument 'cmake_target_skip_unavailable' from command line to 'False'
[0.243s] Level 5:colcon.colcon_core.verb:set package 'aruco_opencv_msgs' build argument 'cmake_clean_cache' from command line to 'False'
[0.243s] Level 5:colcon.colcon_core.verb:set package 'aruco_opencv_msgs' build argument 'cmake_clean_first' from command line to 'False'
[0.243s] Level 5:colcon.colcon_core.verb:set package 'aruco_opencv_msgs' build argument 'cmake_force_configure' from command line to 'False'
[0.243s] Level 5:colcon.colcon_core.verb:set package 'aruco_opencv_msgs' build argument 'ament_cmake_args' from command line to 'None'
[0.243s] Level 5:colcon.colcon_core.verb:set package 'aruco_opencv_msgs' build argument 'catkin_cmake_args' from command line to 'None'
[0.243s] Level 5:colcon.colcon_core.verb:set package 'aruco_opencv_msgs' build argument 'catkin_skip_building_tests' from command line to 'False'
[0.243s] DEBUG:colcon.colcon_core.verb:Building package 'aruco_opencv_msgs' with the following arguments: {'ament_cmake_args': None, 'build_base': '/home/utente/Documenti/Magistrale/SecondoAnno/EXP_RO/EXP_Ws/build/aruco_opencv_msgs', 'catkin_cmake_args': None, 'catkin_skip_building_tests': False, 'cmake_args': None, 'cmake_clean_cache': False, 'cmake_clean_first': False, 'cmake_force_configure': False, 'cmake_target': None, 'cmake_target_skip_unavailable': False, 'install_base': '/home/utente/Documenti/Magistrale/SecondoAnno/EXP_RO/EXP_Ws/install/aruco_opencv_msgs', 'merge_install': False, 'path': '/home/utente/Documenti/Magistrale/SecondoAnno/EXP_RO/EXP_Ws/ros_aruco_opencv/aruco_opencv_msgs', 'symlink_install': False, 'test_result_base': None}
[0.243s] Level 5:colcon.colcon_core.verb:set package 'bme_gazebo_sensors' build argument 'cmake_args' from command line to 'None'
[0.243s] Level 5:colcon.colcon_core.verb:set package 'bme_gazebo_sensors' build argument 'cmake_target' from command line to 'None'
[0.243s] Level 5:colcon.colcon_core.verb:set package 'bme_gazebo_sensors' build argument 'cmake_target_skip_unavailable' from command line to 'False'
[0.243s] Level 5:colcon.colcon_core.verb:set package 'bme_gazebo_sensors' build argument 'cmake_clean_cache' from command line to 'False'
[0.244s] Level 5:colcon.colcon_core.verb:set package 'bme_gazebo_sensors' build argument 'cmake_clean_first' from command line to 'False'
[0.244s] Level 5:colcon.colcon_core.verb:set package 'bme_gazebo_sensors' build argument 'cmake_force_configure' from command line to 'False'
[0.244s] Level 5:colcon.colcon_core.verb:set package 'bme_gazebo_sensors' build argument 'ament_cmake_args' from command line to 'None'
[0.244s] Level 5:colcon.colcon_core.verb:set package 'bme_gazebo_sensors' build argument 'catkin_cmake_args' from command line to 'None'
[0.244s] Level 5:colcon.colcon_core.verb:set package 'bme_gazebo_sensors' build argument 'catkin_skip_building_tests' from command line to 'False'
[0.244s] DEBUG:colcon.colcon_core.verb:Building package 'bme_gazebo_sensors' with the following arguments: {'ament_cmake_args': None, 'build_base': '/home/utente/Documenti/Magistrale/SecondoAnno/EXP_RO/EXP_Ws/build/bme_gazebo_sensors', 'catkin_cmake_args': None, 'catkin_skip_building_tests': False, 'cmake_args': None, 'cmake_clean_cache': False, 'cmake_clean_first': False, 'cmake_force_configure': False, 'cmake_target': None, 'cmake_target_skip_unavailable': False, 'install_base': '/home/utente/Documenti/Magistrale/SecondoAnno/EXP_RO/EXP_Ws/install/bme_gazebo_sensors', 'merge_install': False, 'path': '/home/utente/Documenti/Magistrale/SecondoAnno/EXP_RO/EXP_Ws/src/erl1_sensors/bme_gazebo_sensors', 'symlink_install': False, 'test_result_base': None}
[0.244s] Level 5:colcon.colcon_core.verb:set package 'brain' build argument 'cmake_args' from command line to 'None'
[0.244s] Level 5:colcon.colcon_core.verb:set package 'brain' build argument 'cmake_target' from command line to 'None'
[0.244s] Level 5:colcon.colcon_core.verb:set package 'brain' build argument 'cmake_target_skip_unavailable' from command line to 'False'
[0.244s] Level 5:colcon.colcon_core.verb:set package 'brain' build argument 'cmake_clean_cache' from command line to 'False'
[0.244s] Level 5:colcon.colcon_core.verb:set package 'brain' build argument 'cmake_clean_first' from command line to 'False'
[0.244s] Level 5:colcon.colcon_core.verb:set package 'brain' build argument 'cmake_force_configure' from command line to 'False'
[0.244s] Level 5:colcon.colcon_core.verb:set package 'brain' build argument 'ament_cmake_args' from command line to 'None'
[0.244s] Level 5:colcon.colcon_core.verb:set package 'brain' build argument 'catkin_cmake_args' from command line to 'None'
[0.244s] Level 5:colcon.colcon_core.verb:set package 'brain' build argument 'catkin_skip_building_tests' from command line to 'False'
[0.244s] DEBUG:colcon.colcon_core.verb:Building package 'brain' with the following arguments: {'ament_cmake_args': None, 'build_base': '/home/utente/Documenti/Magistrale/SecondoAnno/EXP_RO/EXP_Ws/build/brain', 'catkin_cmake_args': None, 'catkin_skip_building_tests': False, 'cmake_args': None, 'cmake_clean_cache': False, 'cmake_clean_first': False, 'cmake_force_configure': False, 'cmake_target': None, 'cmake_target_skip_unavailable': False, 'install_base': '/home/utente/Documenti/Magistrale/SecondoAnno/EXP_RO/EXP_Ws/install/brain', 'merge_install': False, 'path': '/home/utente/Documenti/Magistrale/SecondoAnno/EXP_RO/EXP_Ws/src/brain', 'symlink_install': False, 'test_result_base': None}
[0.244s] Level 5:colcon.colcon_core.verb:set package 'erl1' build argument 'cmake_args' from command line to 'None'
[0.244s] Level 5:colcon.colcon_core.verb:set package 'erl1' build argument 'cmake_target' from command line to 'None'
[0.244s] Level 5:colcon.colcon_core.verb:set package 'erl1' build argument 'cmake_target_skip_unavailable' from command line to 'False'
[0.244s] Level 5:colcon.colcon_core.verb:set package 'erl1' build argument 'cmake_clean_cache' from command line to 'False'
[0.244s] Level 5:colcon.colcon_core.verb:set package 'erl1' build argument 'cmake_clean_first' from command line to 'False'
[0.244s] Level 5:colcon.colcon_core.verb:set package 'erl1' build argument 'cmake_force_configure' from command line to 'False'
[0.244s] Level 5:colcon.colcon_core.verb:set package 'erl1' build argument 'ament_cmake_args' from command line to 'None'
[0.244s] Level 5:colcon.colcon_core.verb:set package 'erl1' build argument 'catkin_cmake_args' from command line to 'None'
[0.244s] Level 5:colcon.colcon_core.verb:set package 'erl1' build argument 'catkin_skip_building_tests' from command line to 'False'
[0.244s] DEBUG:colcon.colcon_core.verb:Building package 'erl1' with the following arguments: {'ament_cmake_args': None, 'build_base': '/home/utente/Documenti/Magistrale/SecondoAnno/EXP_RO/EXP_Ws/build/erl1', 'catkin_cmake_args': None, 'catkin_skip_building_tests': False, 'cmake_args': None, 'cmake_clean_cache': False, 'cmake_clean_first': False, 'cmake_force_configure': False, 'cmake_target': None, 'cmake_target_skip_unavailable': False, 'install_base': '/home/utente/Documenti/Magistrale/SecondoAnno/EXP_RO/EXP_Ws/install/erl1', 'merge_install': False, 'path': '/home/utente/Documenti/Magistrale/SecondoAnno/EXP_RO/EXP_Ws/src/erl1', 'symlink_install': False, 'test_result_base': None}
[0.245s] Level 5:colcon.colcon_core.verb:set package 'my_opencv' build argument 'cmake_args' from command line to 'None'
[0.245s] Level 5:colcon.colcon_core.verb:set package 'my_opencv' build argument 'cmake_target' from command line to 'None'
[0.245s] Level 5:colcon.colcon_core.verb:set package 'my_opencv' build argument 'cmake_target_skip_unavailable' from command line to 'False'
[0.245s] Level 5:colcon.colcon_core.verb:set package 'my_opencv' build argument 'cmake_clean_cache' from command line to 'False'
[0.245s] Level 5:colcon.colcon_core.verb:set package 'my_opencv' build argument 'cmake_clean_first' from command line to 'False'
[0.245s] Level 5:colcon.colcon_core.verb:set package 'my_opencv' build argument 'cmake_force_configure' from command line to 'False'
[0.245s] Level 5:colcon.colcon_core.verb:set package 'my_opencv' build argument 'ament_cmake_args' from command line to 'None'
[0.245s] Level 5:colcon.colcon_core.verb:set package 'my_opencv' build argument 'catkin_cmake_args' from command line to 'None'
[0.245s] Level 5:colcon.colcon_core.verb:set package 'my_opencv' build argument 'catkin_skip_building_tests' from command line to 'False'
[0.245s] DEBUG:colcon.colcon_core.verb:Building package 'my_opencv' with the following arguments: {'ament_cmake_args': None, 'build_base': '/home/utente/Documenti/Magistrale/SecondoAnno/EXP_RO/EXP_Ws/build/my_opencv', 'catkin_cmake_args': None, 'catkin_skip_building_tests': False, 'cmake_args': None, 'cmake_clean_cache': False, 'cmake_clean_first': False, 'cmake_force_configure': False, 'cmake_target': None, 'cmake_target_skip_unavailable': False, 'install_base': '/home/utente/Documenti/Magistrale/SecondoAnno/EXP_RO/EXP_Ws/install/my_opencv', 'merge_install': False, 'path': '/home/utente/Documenti/Magistrale/SecondoAnno/EXP_RO/EXP_Ws/src/my_opencv', 'symlink_install': False, 'test_result_base': None}
[0.245s] Level 5:colcon.colcon_core.verb:set package 'aruco_opencv' build argument 'cmake_args' from command line to 'None'
[0.245s] Level 5:colcon.colcon_core.verb:set package 'aruco_opencv' build argument 'cmake_target' from command line to 'None'
[0.245s] Level 5:colcon.colcon_core.verb:set package 'aruco_opencv' build argument 'cmake_target_skip_unavailable' from command line to 'False'
[0.245s] Level 5:colcon.colcon_core.verb:set package 'aruco_opencv' build argument 'cmake_clean_cache' from command line to 'False'
[0.245s] Level 5:colcon.colcon_core.verb:set package 'aruco_opencv' build argument 'cmake_clean_first' from command line to 'False'
[0.245s] Level 5:colcon.colcon_core.verb:set package 'aruco_opencv' build argument 'cmake_force_configure' from command line to 'False'
[0.245s] Level 5:colcon.colcon_core.verb:set package 'aruco_opencv' build argument 'ament_cmake_args' from command line to 'None'
[0.245s] Level 5:colcon.colcon_core.verb:set package 'aruco_opencv' build argument 'catkin_cmake_args' from command line to 'None'
[0.245s] Level 5:colcon.colcon_core.verb:set package 'aruco_opencv' build argument 'catkin_skip_building_tests' from command line to 'False'
[0.245s] DEBUG:colcon.colcon_core.verb:Building package 'aruco_opencv' with the following arguments: {'ament_cmake_args': None, 'build_base': '/home/utente/Documenti/Magistrale/SecondoAnno/EXP_RO/EXP_Ws/build/aruco_opencv', 'catkin_cmake_args': None, 'catkin_skip_building_tests': False, 'cmake_args': None, 'cmake_clean_cache': False, 'cmake_clean_first': False, 'cmake_force_configure': False, 'cmake_target': None, 'cmake_target_skip_unavailable': False, 'install_base': '/home/utente/Documenti/Magistrale/SecondoAnno/EXP_RO/EXP_Ws/install/aruco_opencv', 'merge_install': False, 'path': '/home/utente/Documenti/Magistrale/SecondoAnno/EXP_RO/EXP_Ws/ros_aruco_opencv/aruco_opencv', 'symlink_install': False, 'test_result_base': None}
[0.245s] INFO:colcon.colcon_core.executor:Executing jobs using 'parallel' executor
[0.246s] DEBUG:colcon.colcon_parallel_executor.executor.parallel:run_until_complete
[0.246s] INFO:colcon.colcon_ros.task.ament_cmake.build:Building ROS package in '/home/utente/Documenti/Magistrale/SecondoAnno/EXP_RO/EXP_Ws/ros_aruco_opencv/aruco_opencv_msgs' with build type 'ament_cmake'
[0.247s] INFO:colcon.colcon_cmake.task.cmake.build:Building CMake package in '/home/utente/Documenti/Magistrale/SecondoAnno/EXP_RO/EXP_Ws/ros_aruco_opencv/aruco_opencv_msgs'
[0.248s] INFO:colcon.colcon_core.plugin_system:Skipping extension 'colcon_core.shell.bat': Not used on non-Windows systems
[0.249s] INFO:colcon.colcon_core.shell:Skip shell extension 'powershell' for command environment: Not usable outside of PowerShell
[0.249s] DEBUG:colcon.colcon_core.shell:Skip shell extension 'dsv' for command environment
[0.252s] INFO:colcon.colcon_ros.task.ament_cmake.build:Building ROS package in '/home/utente/Documenti/Magistrale/SecondoAnno/EXP_RO/EXP_Ws/src/erl1_sensors/bme_gazebo_sensors' with build type 'ament_cmake'
[0.252s] INFO:colcon.colcon_cmake.task.cmake.build:Building CMake package in '/home/utente/Documenti/Magistrale/SecondoAnno/EXP_RO/EXP_Ws/src/erl1_sensors/bme_gazebo_sensors'
[0.253s] INFO:colcon.colcon_core.shell:Skip shell extension 'powershell' for command environment: Not usable outside of PowerShell
[0.253s] DEBUG:colcon.colcon_core.shell:Skip shell extension 'dsv' for command environment
[0.256s] INFO:colcon.colcon_ros.task.ament_python.build:Building ROS package in '/home/utente/Documenti/Magistrale/SecondoAnno/EXP_RO/EXP_Ws/src/brain' with build type 'ament_python'
[0.256s] Level 1:colcon.colcon_core.shell:create_environment_hook('brain', 'ament_prefix_path')
[0.256s] INFO:colcon.colcon_core.shell:Creating environment hook '/home/utente/Documenti/Magistrale/SecondoAnno/EXP_RO/EXP_Ws/install/brain/share/brain/hook/ament_prefix_path.ps1'
[0.257s] INFO:colcon.colcon_core.shell:Creating environment descriptor '/home/utente/Documenti/Magistrale/SecondoAnno/EXP_RO/EXP_Ws/install/brain/share/brain/hook/ament_prefix_path.dsv'
[0.257s] INFO:colcon.colcon_core.shell:Creating environment hook '/home/utente/Documenti/Magistrale/SecondoAnno/EXP_RO/EXP_Ws/install/brain/share/brain/hook/ament_prefix_path.sh'
[0.257s] INFO:colcon.colcon_core.shell:Skip shell extension 'powershell' for command environment: Not usable outside of PowerShell
[0.257s] DEBUG:colcon.colcon_core.shell:Skip shell extension 'dsv' for command environment
[0.260s] INFO:colcon.colcon_ros.task.ament_cmake.build:Building ROS package in '/home/utente/Documenti/Magistrale/SecondoAnno/EXP_RO/EXP_Ws/src/erl1' with build type 'ament_cmake'
[0.261s] INFO:colcon.colcon_cmake.task.cmake.build:Building CMake package in '/home/utente/Documenti/Magistrale/SecondoAnno/EXP_RO/EXP_Ws/src/erl1'
[0.261s] INFO:colcon.colcon_core.shell:Skip shell extension 'powershell' for command environment: Not usable outside of PowerShell
[0.261s] DEBUG:colcon.colcon_core.shell:Skip shell extension 'dsv' for command environment
[0.264s] INFO:colcon.colcon_ros.task.ament_cmake.build:Building ROS package in '/home/utente/Documenti/Magistrale/SecondoAnno/EXP_RO/EXP_Ws/src/my_opencv' with build type 'ament_cmake'
[0.264s] INFO:colcon.colcon_cmake.task.cmake.build:Building CMake package in '/home/utente/Documenti/Magistrale/SecondoAnno/EXP_RO/EXP_Ws/src/my_opencv'
[0.264s] INFO:colcon.colcon_core.shell:Skip shell extension 'powershell' for command environment: Not usable outside of PowerShell
[0.264s] DEBUG:colcon.colcon_core.shell:Skip shell extension 'dsv' for command environment
[0.272s] DEBUG:colcon.colcon_core.event_handler.log_command:Invoking command in '/home/utente/Documenti/Magistrale/SecondoAnno/EXP_RO/EXP_Ws/build/aruco_opencv_msgs': CMAKE_PREFIX_PATH=${CMAKE_PREFIX_PATH}:/home/utente/Documenti/Magistrale/SecondoAnno/EXP_RO/EXP_Ws/install/brain:/opt/ros/jazzy DEBUGINFOD_URLS=https://debuginfod.ubuntu.com /usr/bin/cmake --build /home/utente/Documenti/Magistrale/SecondoAnno/EXP_RO/EXP_Ws/build/aruco_opencv_msgs -- -j8 -l8
[0.275s] DEBUG:colcon.colcon_core.event_handler.log_command:Invoking command in '/home/utente/Documenti/Magistrale/SecondoAnno/EXP_RO/EXP_Ws/build/bme_gazebo_sensors': CMAKE_PREFIX_PATH=${CMAKE_PREFIX_PATH}:/home/utente/Documenti/Magistrale/SecondoAnno/EXP_RO/EXP_Ws/install/brain:/opt/ros/jazzy DEBUGINFOD_URLS=https://debuginfod.ubuntu.com /usr/bin/cmake --build /home/utente/Documenti/Magistrale/SecondoAnno/EXP_RO/EXP_Ws/build/bme_gazebo_sensors -- -j8 -l8
[0.537s] INFO:colcon.colcon_core.task.python.build:Building Python package in '/home/utente/Documenti/Magistrale/SecondoAnno/EXP_RO/EXP_Ws/src/brain'
[0.537s] INFO:colcon.colcon_core.shell:Skip shell extension 'powershell' for command environment: Not usable outside of PowerShell
[0.537s] DEBUG:colcon.colcon_core.shell:Skip shell extension 'dsv' for command environment
[0.546s] DEBUG:colcon.colcon_core.event_handler.log_command:Invoking command in '/home/utente/Documenti/Magistrale/SecondoAnno/EXP_RO/EXP_Ws/build/erl1': CMAKE_PREFIX_PATH=${CMAKE_PREFIX_PATH}:/home/utente/Documenti/Magistrale/SecondoAnno/EXP_RO/EXP_Ws/install/brain:/opt/ros/jazzy DEBUGINFOD_URLS=https://debuginfod.ubuntu.com /usr/bin/cmake --build /home/utente/Documenti/Magistrale/SecondoAnno/EXP_RO/EXP_Ws/build/erl1 -- -j8 -l8
[0.556s] DEBUG:colcon.colcon_core.event_handler.log_command:Invoking command in '/home/utente/Documenti/Magistrale/SecondoAnno/EXP_RO/EXP_Ws/build/my_opencv': CMAKE_PREFIX_PATH=${CMAKE_PREFIX_PATH}:/home/utente/Documenti/Magistrale/SecondoAnno/EXP_RO/EXP_Ws/install/brain:/opt/ros/jazzy DEBUGINFOD_URLS=https://debuginfod.ubuntu.com /usr/bin/cmake --build /home/utente/Documenti/Magistrale/SecondoAnno/EXP_RO/EXP_Ws/build/my_opencv -- -j8 -l8
[0.556s] DEBUG:colcon.colcon_core.event_handler.log_command:Invoked command in '/home/utente/Documenti/Magistrale/SecondoAnno/EXP_RO/EXP_Ws/build/bme_gazebo_sensors' returned '0': CMAKE_PREFIX_PATH=${CMAKE_PREFIX_PATH}:/home/utente/Documenti/Magistrale/SecondoAnno/EXP_RO/EXP_Ws/install/brain:/opt/ros/jazzy DEBUGINFOD_URLS=https://debuginfod.ubuntu.com /usr/bin/cmake --build /home/utente/Documenti/Magistrale/SecondoAnno/EXP_RO/EXP_Ws/build/bme_gazebo_sensors -- -j8 -l8
[0.569s] DEBUG:colcon.colcon_core.event_handler.log_command:Invoking command in '/home/utente/Documenti/Magistrale/SecondoAnno/EXP_RO/EXP_Ws/build/bme_gazebo_sensors': CMAKE_PREFIX_PATH=${CMAKE_PREFIX_PATH}:/home/utente/Documenti/Magistrale/SecondoAnno/EXP_RO/EXP_Ws/install/brain:/opt/ros/jazzy DEBUGINFOD_URLS=https://debuginfod.ubuntu.com /usr/bin/cmake --install /home/utente/Documenti/Magistrale/SecondoAnno/EXP_RO/EXP_Ws/build/bme_gazebo_sensors
[0.599s] Level 1:colcon.colcon_core.environment:create_environment_scripts_only(bme_gazebo_sensors)
[0.611s] Level 1:colcon.colcon_core.environment:checking '/home/utente/Documenti/Magistrale/SecondoAnno/EXP_RO/EXP_Ws/install/bme_gazebo_sensors' for CMake module files
[0.612s] Level 1:colcon.colcon_core.environment:checking '/home/utente/Documenti/Magistrale/SecondoAnno/EXP_RO/EXP_Ws/install/bme_gazebo_sensors' for CMake config files
[0.612s] Level 1:colcon.colcon_core.shell:create_environment_hook('bme_gazebo_sensors', 'cmake_prefix_path')
[0.613s] INFO:colcon.colcon_core.shell:Creating environment hook '/home/utente/Documenti/Magistrale/SecondoAnno/EXP_RO/EXP_Ws/install/bme_gazebo_sensors/share/bme_gazebo_sensors/hook/cmake_prefix_path.ps1'
[0.613s] INFO:colcon.colcon_core.shell:Creating environment descriptor '/home/utente/Documenti/Magistrale/SecondoAnno/EXP_RO/EXP_Ws/install/bme_gazebo_sensors/share/bme_gazebo_sensors/hook/cmake_prefix_path.dsv'
[0.619s] DEBUG:colcon.colcon_core.event_handler.log_command:Invoked command in '/home/utente/Documenti/Magistrale/SecondoAnno/EXP_RO/EXP_Ws/build/bme_gazebo_sensors' returned '0': CMAKE_PREFIX_PATH=${CMAKE_PREFIX_PATH}:/home/utente/Documenti/Magistrale/SecondoAnno/EXP_RO/EXP_Ws/install/brain:/opt/ros/jazzy DEBUGINFOD_URLS=https://debuginfod.ubuntu.com /usr/bin/cmake --install /home/utente/Documenti/Magistrale/SecondoAnno/EXP_RO/EXP_Ws/build/bme_gazebo_sensors
[0.623s] INFO:colcon.colcon_core.shell:Creating environment hook '/home/utente/Documenti/Magistrale/SecondoAnno/EXP_RO/EXP_Ws/install/bme_gazebo_sensors/share/bme_gazebo_sensors/hook/cmake_prefix_path.sh'
[0.624s] Level 1:colcon.colcon_core.environment:checking '/home/utente/Documenti/Magistrale/SecondoAnno/EXP_RO/EXP_Ws/install/bme_gazebo_sensors/bin'
[0.624s] Level 1:colcon.colcon_core.environment:checking '/home/utente/Documenti/Magistrale/SecondoAnno/EXP_RO/EXP_Ws/install/bme_gazebo_sensors/lib/pkgconfig/bme_gazebo_sensors.pc'
[0.624s] Level 1:colcon.colcon_core.environment:checking '/home/utente/Documenti/Magistrale/SecondoAnno/EXP_RO/EXP_Ws/install/bme_gazebo_sensors/lib/python3.12/site-packages'
[0.625s] Level 1:colcon.colcon_core.environment:checking '/home/utente/Documenti/Magistrale/SecondoAnno/EXP_RO/EXP_Ws/install/bme_gazebo_sensors/bin'
[0.625s] INFO:colcon.colcon_core.shell:Creating package script '/home/utente/Documenti/Magistrale/SecondoAnno/EXP_RO/EXP_Ws/install/bme_gazebo_sensors/share/bme_gazebo_sensors/package.ps1'
[0.631s] INFO:colcon.colcon_core.shell:Creating package descriptor '/home/utente/Documenti/Magistrale/SecondoAnno/EXP_RO/EXP_Ws/install/bme_gazebo_sensors/share/bme_gazebo_sensors/package.dsv'
[0.632s] INFO:colcon.colcon_core.shell:Creating package script '/home/utente/Documenti/Magistrale/SecondoAnno/EXP_RO/EXP_Ws/install/bme_gazebo_sensors/share/bme_gazebo_sensors/package.sh'
[0.633s] INFO:colcon.colcon_core.shell:Creating package script '/home/utente/Documenti/Magistrale/SecondoAnno/EXP_RO/EXP_Ws/install/bme_gazebo_sensors/share/bme_gazebo_sensors/package.bash'
[0.641s] INFO:colcon.colcon_core.shell:Creating package script '/home/utente/Documenti/Magistrale/SecondoAnno/EXP_RO/EXP_Ws/install/bme_gazebo_sensors/share/bme_gazebo_sensors/package.zsh'
[0.643s] Level 1:colcon.colcon_core.environment:create_file_with_runtime_dependencies(/home/utente/Documenti/Magistrale/SecondoAnno/EXP_RO/EXP_Ws/install/bme_gazebo_sensors/share/colcon-core/packages/bme_gazebo_sensors)
[0.644s] Level 1:colcon.colcon_core.environment:create_environment_scripts_only(bme_gazebo_sensors)
[0.644s] Level 1:colcon.colcon_core.environment:checking '/home/utente/Documenti/Magistrale/SecondoAnno/EXP_RO/EXP_Ws/install/bme_gazebo_sensors' for CMake module files
[0.652s] Level 1:colcon.colcon_core.environment:checking '/home/utente/Documenti/Magistrale/SecondoAnno/EXP_RO/EXP_Ws/install/bme_gazebo_sensors' for CMake config files
[0.652s] Level 1:colcon.colcon_core.shell:create_environment_hook('bme_gazebo_sensors', 'cmake_prefix_path')
[0.653s] INFO:colcon.colcon_core.shell:Creating environment hook '/home/utente/Documenti/Magistrale/SecondoAnno/EXP_RO/EXP_Ws/install/bme_gazebo_sensors/share/bme_gazebo_sensors/hook/cmake_prefix_path.ps1'
[0.653s] INFO:colcon.colcon_core.shell:Creating environment descriptor '/home/utente/Documenti/Magistrale/SecondoAnno/EXP_RO/EXP_Ws/install/bme_gazebo_sensors/share/bme_gazebo_sensors/hook/cmake_prefix_path.dsv'
[0.654s] INFO:colcon.colcon_core.shell:Creating environment hook '/home/utente/Documenti/Magistrale/SecondoAnno/EXP_RO/EXP_Ws/install/bme_gazebo_sensors/share/bme_gazebo_sensors/hook/cmake_prefix_path.sh'
[0.662s] Level 1:colcon.colcon_core.environment:checking '/home/utente/Documenti/Magistrale/SecondoAnno/EXP_RO/EXP_Ws/install/bme_gazebo_sensors/bin'
[0.662s] Level 1:colcon.colcon_core.environment:checking '/home/utente/Documenti/Magistrale/SecondoAnno/EXP_RO/EXP_Ws/install/bme_gazebo_sensors/lib/pkgconfig/bme_gazebo_sensors.pc'
[0.662s] Level 1:colcon.colcon_core.environment:checking '/home/utente/Documenti/Magistrale/SecondoAnno/EXP_RO/EXP_Ws/install/bme_gazebo_sensors/lib/python3.12/site-packages'
[0.663s] Level 1:colcon.colcon_core.environment:checking '/home/utente/Documenti/Magistrale/SecondoAnno/EXP_RO/EXP_Ws/install/bme_gazebo_sensors/bin'
[0.663s] INFO:colcon.colcon_core.shell:Creating package script '/home/utente/Documenti/Magistrale/SecondoAnno/EXP_RO/EXP_Ws/install/bme_gazebo_sensors/share/bme_gazebo_sensors/package.ps1'
[0.664s] INFO:colcon.colcon_core.shell:Creating package descriptor '/home/utente/Documenti/Magistrale/SecondoAnno/EXP_RO/EXP_Ws/install/bme_gazebo_sensors/share/bme_gazebo_sensors/package.dsv'
[0.672s] INFO:colcon.colcon_core.shell:Creating package script '/home/utente/Documenti/Magistrale/SecondoAnno/EXP_RO/EXP_Ws/install/bme_gazebo_sensors/share/bme_gazebo_sensors/package.sh'
[0.673s] INFO:colcon.colcon_core.shell:Creating package script '/home/utente/Documenti/Magistrale/SecondoAnno/EXP_RO/EXP_Ws/install/bme_gazebo_sensors/share/bme_gazebo_sensors/package.bash'
[0.673s] INFO:colcon.colcon_core.shell:Creating package script '/home/utente/Documenti/Magistrale/SecondoAnno/EXP_RO/EXP_Ws/install/bme_gazebo_sensors/share/bme_gazebo_sensors/package.zsh'
[0.674s] Level 1:colcon.colcon_core.environment:create_file_with_runtime_dependencies(/home/utente/Documenti/Magistrale/SecondoAnno/EXP_RO/EXP_Ws/install/bme_gazebo_sensors/share/colcon-core/packages/bme_gazebo_sensors)
[0.680s] DEBUG:colcon.colcon_core.event_handler.log_command:Invoked command in '/home/utente/Documenti/Magistrale/SecondoAnno/EXP_RO/EXP_Ws/build/erl1' returned '0': CMAKE_PREFIX_PATH=${CMAKE_PREFIX_PATH}:/home/utente/Documenti/Magistrale/SecondoAnno/EXP_RO/EXP_Ws/install/brain:/opt/ros/jazzy DEBUGINFOD_URLS=https://debuginfod.ubuntu.com /usr/bin/cmake --build /home/utente/Documenti/Magistrale/SecondoAnno/EXP_RO/EXP_Ws/build/erl1 -- -j8 -l8
[0.687s] DEBUG:colcon.colcon_core.event_handler.log_command:Invoking command in '/home/utente/Documenti/Magistrale/SecondoAnno/EXP_RO/EXP_Ws/build/erl1': CMAKE_PREFIX_PATH=${CMAKE_PREFIX_PATH}:/home/utente/Documenti/Magistrale/SecondoAnno/EXP_RO/EXP_Ws/install/brain:/opt/ros/jazzy DEBUGINFOD_URLS=https://debuginfod.ubuntu.com /usr/bin/cmake --install /home/utente/Documenti/Magistrale/SecondoAnno/EXP_RO/EXP_Ws/build/erl1
[0.717s] Level 1:colcon.colcon_core.environment:create_environment_scripts_only(erl1)
[0.717s] Level 1:colcon.colcon_core.environment:checking '/home/utente/Documenti/Magistrale/SecondoAnno/EXP_RO/EXP_Ws/install/erl1' for CMake module files
[0.719s] DEBUG:colcon.colcon_core.event_handler.log_command:Invoked command in '/home/utente/Documenti/Magistrale/SecondoAnno/EXP_RO/EXP_Ws/build/erl1' returned '0': CMAKE_PREFIX_PATH=${CMAKE_PREFIX_PATH}:/home/utente/Documenti/Magistrale/SecondoAnno/EXP_RO/EXP_Ws/install/brain:/opt/ros/jazzy DEBUGINFOD_URLS=https://debuginfod.ubuntu.com /usr/bin/cmake --install /home/utente/Documenti/Magistrale/SecondoAnno/EXP_RO/EXP_Ws/build/erl1
[0.719s] Level 1:colcon.colcon_core.environment:checking '/home/utente/Documenti/Magistrale/SecondoAnno/EXP_RO/EXP_Ws/install/erl1' for CMake config files
[0.719s] Level 1:colcon.colcon_core.shell:create_environment_hook('erl1', 'cmake_prefix_path')
[0.720s] INFO:colcon.colcon_core.shell:Creating environment hook '/home/utente/Documenti/Magistrale/SecondoAnno/EXP_RO/EXP_Ws/install/erl1/share/erl1/hook/cmake_prefix_path.ps1'
[0.721s] INFO:colcon.colcon_core.shell:Creating environment descriptor '/home/utente/Documenti/Magistrale/SecondoAnno/EXP_RO/EXP_Ws/install/erl1/share/erl1/hook/cmake_prefix_path.dsv'
[0.721s] INFO:colcon.colcon_core.shell:Creating environment hook '/home/utente/Documenti/Magistrale/SecondoAnno/EXP_RO/EXP_Ws/install/erl1/share/erl1/hook/cmake_prefix_path.sh'
[0.722s] Level 1:colcon.colcon_core.environment:checking '/home/utente/Documenti/Magistrale/SecondoAnno/EXP_RO/EXP_Ws/install/erl1/bin'
[0.722s] Level 1:colcon.colcon_core.environment:checking '/home/utente/Documenti/Magistrale/SecondoAnno/EXP_RO/EXP_Ws/install/erl1/lib/pkgconfig/erl1.pc'
[0.722s] Level 1:colcon.colcon_core.environment:checking '/home/utente/Documenti/Magistrale/SecondoAnno/EXP_RO/EXP_Ws/install/erl1/lib/python3.12/site-packages'
[0.723s] Level 1:colcon.colcon_core.environment:checking '/home/utente/Documenti/Magistrale/SecondoAnno/EXP_RO/EXP_Ws/install/erl1/bin'
[0.723s] INFO:colcon.colcon_core.shell:Creating package script '/home/utente/Documenti/Magistrale/SecondoAnno/EXP_RO/EXP_Ws/install/erl1/share/erl1/package.ps1'
[0.724s] INFO:colcon.colcon_core.shell:Creating package descriptor '/home/utente/Documenti/Magistrale/SecondoAnno/EXP_RO/EXP_Ws/install/erl1/share/erl1/package.dsv'
[0.725s] INFO:colcon.colcon_core.shell:Creating package script '/home/utente/Documenti/Magistrale/SecondoAnno/EXP_RO/EXP_Ws/install/erl1/share/erl1/package.sh'
[0.726s] INFO:colcon.colcon_core.shell:Creating package script '/home/utente/Documenti/Magistrale/SecondoAnno/EXP_RO/EXP_Ws/install/erl1/share/erl1/package.bash'
[0.727s] INFO:colcon.colcon_core.shell:Creating package script '/home/utente/Documenti/Magistrale/SecondoAnno/EXP_RO/EXP_Ws/install/erl1/share/erl1/package.zsh'
[0.727s] Level 1:colcon.colcon_core.environment:create_file_with_runtime_dependencies(/home/utente/Documenti/Magistrale/SecondoAnno/EXP_RO/EXP_Ws/install/erl1/share/colcon-core/packages/erl1)
[0.728s] Level 1:colcon.colcon_core.environment:create_environment_scripts_only(erl1)
[0.729s] Level 1:colcon.colcon_core.environment:checking '/home/utente/Documenti/Magistrale/SecondoAnno/EXP_RO/EXP_Ws/install/erl1' for CMake module files
[0.734s] Level 1:colcon.colcon_core.environment:checking '/home/utente/Documenti/Magistrale/SecondoAnno/EXP_RO/EXP_Ws/install/erl1' for CMake config files
[0.734s] Level 1:colcon.colcon_core.shell:create_environment_hook('erl1', 'cmake_prefix_path')
[0.735s] INFO:colcon.colcon_core.shell:Creating environment hook '/home/utente/Documenti/Magistrale/SecondoAnno/EXP_RO/EXP_Ws/install/erl1/share/erl1/hook/cmake_prefix_path.ps1'
[0.735s] INFO:colcon.colcon_core.shell:Creating environment descriptor '/home/utente/Documenti/Magistrale/SecondoAnno/EXP_RO/EXP_Ws/install/erl1/share/erl1/hook/cmake_prefix_path.dsv'
[0.736s] INFO:colcon.colcon_core.shell:Creating environment hook '/home/utente/Documenti/Magistrale/SecondoAnno/EXP_RO/EXP_Ws/install/erl1/share/erl1/hook/cmake_prefix_path.sh'
[0.737s] Level 1:colcon.colcon_core.environment:checking '/home/utente/Documenti/Magistrale/SecondoAnno/EXP_RO/EXP_Ws/install/erl1/bin'
[0.737s] Level 1:colcon.colcon_core.environment:checking '/home/utente/Documenti/Magistrale/SecondoAnno/EXP_RO/EXP_Ws/install/erl1/lib/pkgconfig/erl1.pc'
[0.737s] Level 1:colcon.colcon_core.environment:checking '/home/utente/Documenti/Magistrale/SecondoAnno/EXP_RO/EXP_Ws/install/erl1/lib/python3.12/site-packages'
[0.738s] Level 1:colcon.colcon_core.environment:checking '/home/utente/Documenti/Magistrale/SecondoAnno/EXP_RO/EXP_Ws/install/erl1/bin'
[0.738s] INFO:colcon.colcon_core.shell:Creating package script '/home/utente/Documenti/Magistrale/SecondoAnno/EXP_RO/EXP_Ws/install/erl1/share/erl1/package.ps1'
[0.739s] INFO:colcon.colcon_core.shell:Creating package descriptor '/home/utente/Documenti/Magistrale/SecondoAnno/EXP_RO/EXP_Ws/install/erl1/share/erl1/package.dsv'
[0.740s] INFO:colcon.colcon_core.shell:Creating package script '/home/utente/Documenti/Magistrale/SecondoAnno/EXP_RO/EXP_Ws/install/erl1/share/erl1/package.sh'
[0.740s] INFO:colcon.colcon_core.shell:Creating package script '/home/utente/Documenti/Magistrale/SecondoAnno/EXP_RO/EXP_Ws/install/erl1/share/erl1/package.bash'
[0.741s] INFO:colcon.colcon_core.shell:Creating package script '/home/utente/Documenti/Magistrale/SecondoAnno/EXP_RO/EXP_Ws/install/erl1/share/erl1/package.zsh'
[0.741s] Level 1:colcon.colcon_core.environment:create_file_with_runtime_dependencies(/home/utente/Documenti/Magistrale/SecondoAnno/EXP_RO/EXP_Ws/install/erl1/share/colcon-core/packages/erl1)
[0.746s] DEBUG:colcon.colcon_core.event_handler.log_command:Invoked command in '/home/utente/Documenti/Magistrale/SecondoAnno/EXP_RO/EXP_Ws/build/my_opencv' returned '0': CMAKE_PREFIX_PATH=${CMAKE_PREFIX_PATH}:/home/utente/Documenti/Magistrale/SecondoAnno/EXP_RO/EXP_Ws/install/brain:/opt/ros/jazzy DEBUGINFOD_URLS=https://debuginfod.ubuntu.com /usr/bin/cmake --build /home/utente/Documenti/Magistrale/SecondoAnno/EXP_RO/EXP_Ws/build/my_opencv -- -j8 -l8
[0.746s] DEBUG:colcon.colcon_core.event_handler.log_command:Invoking command in '/home/utente/Documenti/Magistrale/SecondoAnno/EXP_RO/EXP_Ws/build/my_opencv': CMAKE_PREFIX_PATH=${CMAKE_PREFIX_PATH}:/home/utente/Documenti/Magistrale/SecondoAnno/EXP_RO/EXP_Ws/install/brain:/opt/ros/jazzy DEBUGINFOD_URLS=https://debuginfod.ubuntu.com /usr/bin/cmake --install /home/utente/Documenti/Magistrale/SecondoAnno/EXP_RO/EXP_Ws/build/my_opencv
[0.783s] Level 1:colcon.colcon_core.environment:create_environment_scripts_only(my_opencv)
[0.783s] Level 1:colcon.colcon_core.environment:checking '/home/utente/Documenti/Magistrale/SecondoAnno/EXP_RO/EXP_Ws/install/my_opencv' for CMake module files
[0.784s] Level 1:colcon.colcon_core.environment:checking '/home/utente/Documenti/Magistrale/SecondoAnno/EXP_RO/EXP_Ws/install/my_opencv' for CMake config files
[0.785s] Level 1:colcon.colcon_core.shell:create_environment_hook('my_opencv', 'cmake_prefix_path')
[0.785s] INFO:colcon.colcon_core.shell:Creating environment hook '/home/utente/Documenti/Magistrale/SecondoAnno/EXP_RO/EXP_Ws/install/my_opencv/share/my_opencv/hook/cmake_prefix_path.ps1'
[0.787s] DEBUG:colcon.colcon_core.event_handler.log_command:Invoked command in '/home/utente/Documenti/Magistrale/SecondoAnno/EXP_RO/EXP_Ws/build/my_opencv' returned '0': CMAKE_PREFIX_PATH=${CMAKE_PREFIX_PATH}:/home/utente/Documenti/Magistrale/SecondoAnno/EXP_RO/EXP_Ws/install/brain:/opt/ros/jazzy DEBUGINFOD_URLS=https://debuginfod.ubuntu.com /usr/bin/cmake --install /home/utente/Documenti/Magistrale/SecondoAnno/EXP_RO/EXP_Ws/build/my_opencv
[0.787s] INFO:colcon.colcon_core.shell:Creating environment descriptor '/home/utente/Documenti/Magistrale/SecondoAnno/EXP_RO/EXP_Ws/install/my_opencv/share/my_opencv/hook/cmake_prefix_path.dsv'
[0.787s] INFO:colcon.colcon_core.shell:Creating environment hook '/home/utente/Documenti/Magistrale/SecondoAnno/EXP_RO/EXP_Ws/install/my_opencv/share/my_opencv/hook/cmake_prefix_path.sh'
[0.788s] Level 1:colcon.colcon_core.environment:checking '/home/utente/Documenti/Magistrale/SecondoAnno/EXP_RO/EXP_Ws/install/my_opencv/lib'
[0.788s] Level 1:colcon.colcon_core.environment:checking '/home/utente/Documenti/Magistrale/SecondoAnno/EXP_RO/EXP_Ws/install/my_opencv/bin'
[0.789s] Level 1:colcon.colcon_core.environment:checking '/home/utente/Documenti/Magistrale/SecondoAnno/EXP_RO/EXP_Ws/install/my_opencv/lib/pkgconfig/my_opencv.pc'
[0.789s] Level 1:colcon.colcon_core.environment:checking '/home/utente/Documenti/Magistrale/SecondoAnno/EXP_RO/EXP_Ws/install/my_opencv/lib/python3.12/site-packages'
[0.789s] Level 1:colcon.colcon_core.environment:checking '/home/utente/Documenti/Magistrale/SecondoAnno/EXP_RO/EXP_Ws/install/my_opencv/bin'
[0.790s] INFO:colcon.colcon_core.shell:Creating package script '/home/utente/Documenti/Magistrale/SecondoAnno/EXP_RO/EXP_Ws/install/my_opencv/share/my_opencv/package.ps1'
[0.791s] INFO:colcon.colcon_core.shell:Creating package descriptor '/home/utente/Documenti/Magistrale/SecondoAnno/EXP_RO/EXP_Ws/install/my_opencv/share/my_opencv/package.dsv'
[0.791s] INFO:colcon.colcon_core.shell:Creating package script '/home/utente/Documenti/Magistrale/SecondoAnno/EXP_RO/EXP_Ws/install/my_opencv/share/my_opencv/package.sh'
[0.792s] INFO:colcon.colcon_core.shell:Creating package script '/home/utente/Documenti/Magistrale/SecondoAnno/EXP_RO/EXP_Ws/install/my_opencv/share/my_opencv/package.bash'
[0.792s] INFO:colcon.colcon_core.shell:Creating package script '/home/utente/Documenti/Magistrale/SecondoAnno/EXP_RO/EXP_Ws/install/my_opencv/share/my_opencv/package.zsh'
[0.792s] Level 1:colcon.colcon_core.environment:create_file_with_runtime_dependencies(/home/utente/Documenti/Magistrale/SecondoAnno/EXP_RO/EXP_Ws/install/my_opencv/share/colcon-core/packages/my_opencv)
[0.793s] Level 1:colcon.colcon_core.environment:create_environment_scripts_only(my_opencv)
[0.793s] Level 1:colcon.colcon_core.environment:checking '/home/utente/Documenti/Magistrale/SecondoAnno/EXP_RO/EXP_Ws/install/my_opencv' for CMake module files
[0.794s] Level 1:colcon.colcon_core.environment:checking '/home/utente/Documenti/Magistrale/SecondoAnno/EXP_RO/EXP_Ws/install/my_opencv' for CMake config files
[0.795s] Level 1:colcon.colcon_core.shell:create_environment_hook('my_opencv', 'cmake_prefix_path')
[0.795s] INFO:colcon.colcon_core.shell:Creating environment hook '/home/utente/Documenti/Magistrale/SecondoAnno/EXP_RO/EXP_Ws/install/my_opencv/share/my_opencv/hook/cmake_prefix_path.ps1'
[0.796s] INFO:colcon.colcon_core.shell:Creating environment descriptor '/home/utente/Documenti/Magistrale/SecondoAnno/EXP_RO/EXP_Ws/install/my_opencv/share/my_opencv/hook/cmake_prefix_path.dsv'
[0.796s] INFO:colcon.colcon_core.shell:Creating environment hook '/home/utente/Documenti/Magistrale/SecondoAnno/EXP_RO/EXP_Ws/install/my_opencv/share/my_opencv/hook/cmake_prefix_path.sh'
[0.797s] Level 1:colcon.colcon_core.environment:checking '/home/utente/Documenti/Magistrale/SecondoAnno/EXP_RO/EXP_Ws/install/my_opencv/lib'
[0.797s] Level 1:colcon.colcon_core.environment:checking '/home/utente/Documenti/Magistrale/SecondoAnno/EXP_RO/EXP_Ws/install/my_opencv/bin'
[0.797s] Level 1:colcon.colcon_core.environment:checking '/home/utente/Documenti/Magistrale/SecondoAnno/EXP_RO/EXP_Ws/install/my_opencv/lib/pkgconfig/my_opencv.pc'
[0.798s] Level 1:colcon.colcon_core.environment:checking '/home/utente/Documenti/Magistrale/SecondoAnno/EXP_RO/EXP_Ws/install/my_opencv/lib/python3.12/site-packages'
[0.798s] Level 1:colcon.colcon_core.environment:checking '/home/utente/Documenti/Magistrale/SecondoAnno/EXP_RO/EXP_Ws/install/my_opencv/bin'
[0.799s] INFO:colcon.colcon_core.shell:Creating package script '/home/utente/Documenti/Magistrale/SecondoAnno/EXP_RO/EXP_Ws/install/my_opencv/share/my_opencv/package.ps1'
[0.799s] INFO:colcon.colcon_core.shell:Creating package descriptor '/home/utente/Documenti/Magistrale/SecondoAnno/EXP_RO/EXP_Ws/install/my_opencv/share/my_opencv/package.dsv'
[0.800s] INFO:colcon.colcon_core.shell:Creating package script '/home/utente/Documenti/Magistrale/SecondoAnno/EXP_RO/EXP_Ws/install/my_opencv/share/my_opencv/package.sh'
[0.800s] INFO:colcon.colcon_core.shell:Creating package script '/home/utente/Documenti/Magistrale/SecondoAnno/EXP_RO/EXP_Ws/install/my_opencv/share/my_opencv/package.bash'
[0.801s] INFO:colcon.colcon_core.shell:Creating package script '/home/utente/Documenti/Magistrale/SecondoAnno/EXP_RO/EXP_Ws/install/my_opencv/share/my_opencv/package.zsh'
[0.801s] Level 1:colcon.colcon_core.environment:create_file_with_runtime_dependencies(/home/utente/Documenti/Magistrale/SecondoAnno/EXP_RO/EXP_Ws/install/my_opencv/share/colcon-core/packages/my_opencv)
[0.874s] DEBUG:colcon.colcon_core.event_handler.log_command:Invoked command in '/home/utente/Documenti/Magistrale/SecondoAnno/EXP_RO/EXP_Ws/build/aruco_opencv_msgs' returned '0': CMAKE_PREFIX_PATH=${CMAKE_PREFIX_PATH}:/home/utente/Documenti/Magistrale/SecondoAnno/EXP_RO/EXP_Ws/install/brain:/opt/ros/jazzy DEBUGINFOD_URLS=https://debuginfod.ubuntu.com /usr/bin/cmake --build /home/utente/Documenti/Magistrale/SecondoAnno/EXP_RO/EXP_Ws/build/aruco_opencv_msgs -- -j8 -l8
[0.875s] DEBUG:colcon.colcon_core.event_handler.log_command:Invoking command in '/home/utente/Documenti/Magistrale/SecondoAnno/EXP_RO/EXP_Ws/build/aruco_opencv_msgs': CMAKE_PREFIX_PATH=${CMAKE_PREFIX_PATH}:/home/utente/Documenti/Magistrale/SecondoAnno/EXP_RO/EXP_Ws/install/brain:/opt/ros/jazzy DEBUGINFOD_URLS=https://debuginfod.ubuntu.com /usr/bin/cmake --install /home/utente/Documenti/Magistrale/SecondoAnno/EXP_RO/EXP_Ws/build/aruco_opencv_msgs
[0.959s] Level 1:colcon.colcon_core.environment:create_environment_scripts_only(aruco_opencv_msgs)
[0.960s] Level 1:colcon.colcon_core.environment:checking '/home/utente/Documenti/Magistrale/SecondoAnno/EXP_RO/EXP_Ws/install/aruco_opencv_msgs' for CMake module files
[0.961s] DEBUG:colcon.colcon_core.event_handler.log_command:Invoked command in '/home/utente/Documenti/Magistrale/SecondoAnno/EXP_RO/EXP_Ws/build/aruco_opencv_msgs' returned '0': CMAKE_PREFIX_PATH=${CMAKE_PREFIX_PATH}:/home/utente/Documenti/Magistrale/SecondoAnno/EXP_RO/EXP_Ws/install/brain:/opt/ros/jazzy DEBUGINFOD_URLS=https://debuginfod.ubuntu.com /usr/bin/cmake --install /home/utente/Documenti/Magistrale/SecondoAnno/EXP_RO/EXP_Ws/build/aruco_opencv_msgs
[0.961s] Level 1:colcon.colcon_core.environment:checking '/home/utente/Documenti/Magistrale/SecondoAnno/EXP_RO/EXP_Ws/install/aruco_opencv_msgs' for CMake config files
[0.962s] Level 1:colcon.colcon_core.shell:create_environment_hook('aruco_opencv_msgs', 'cmake_prefix_path')
[0.962s] INFO:colcon.colcon_core.shell:Creating environment hook '/home/utente/Documenti/Magistrale/SecondoAnno/EXP_RO/EXP_Ws/install/aruco_opencv_msgs/share/aruco_opencv_msgs/hook/cmake_prefix_path.ps1'
[0.963s] INFO:colcon.colcon_core.shell:Creating environment descriptor '/home/utente/Documenti/Magistrale/SecondoAnno/EXP_RO/EXP_Ws/install/aruco_opencv_msgs/share/aruco_opencv_msgs/hook/cmake_prefix_path.dsv'
[0.963s] INFO:colcon.colcon_core.shell:Creating environment hook '/home/utente/Documenti/Magistrale/SecondoAnno/EXP_RO/EXP_Ws/install/aruco_opencv_msgs/share/aruco_opencv_msgs/hook/cmake_prefix_path.sh'
[0.964s] Level 1:colcon.colcon_core.environment:checking '/home/utente/Documenti/Magistrale/SecondoAnno/EXP_RO/EXP_Ws/install/aruco_opencv_msgs/lib'
[0.964s] Level 1:colcon.colcon_core.shell:create_environment_hook('aruco_opencv_msgs', 'ld_library_path_lib')
[0.964s] INFO:colcon.colcon_core.shell:Creating environment hook '/home/utente/Documenti/Magistrale/SecondoAnno/EXP_RO/EXP_Ws/install/aruco_opencv_msgs/share/aruco_opencv_msgs/hook/ld_library_path_lib.ps1'
[0.965s] INFO:colcon.colcon_core.shell:Creating environment descriptor '/home/utente/Documenti/Magistrale/SecondoAnno/EXP_RO/EXP_Ws/install/aruco_opencv_msgs/share/aruco_opencv_msgs/hook/ld_library_path_lib.dsv'
[0.965s] INFO:colcon.colcon_core.shell:Creating environment hook '/home/utente/Documenti/Magistrale/SecondoAnno/EXP_RO/EXP_Ws/install/aruco_opencv_msgs/share/aruco_opencv_msgs/hook/ld_library_path_lib.sh'
[0.966s] Level 1:colcon.colcon_core.environment:checking '/home/utente/Documenti/Magistrale/SecondoAnno/EXP_RO/EXP_Ws/install/aruco_opencv_msgs/bin'
[0.966s] Level 1:colcon.colcon_core.environment:checking '/home/utente/Documenti/Magistrale/SecondoAnno/EXP_RO/EXP_Ws/install/aruco_opencv_msgs/lib/pkgconfig/aruco_opencv_msgs.pc'
[0.966s] Level 1:colcon.colcon_core.environment:checking '/home/utente/Documenti/Magistrale/SecondoAnno/EXP_RO/EXP_Ws/install/aruco_opencv_msgs/lib/python3.12/site-packages'
[0.966s] Level 1:colcon.colcon_core.shell:create_environment_hook('aruco_opencv_msgs', 'pythonpath')
[0.966s] INFO:colcon.colcon_core.shell:Creating environment hook '/home/utente/Documenti/Magistrale/SecondoAnno/EXP_RO/EXP_Ws/install/aruco_opencv_msgs/share/aruco_opencv_msgs/hook/pythonpath.ps1'
[0.967s] INFO:colcon.colcon_core.shell:Creating environment descriptor '/home/utente/Documenti/Magistrale/SecondoAnno/EXP_RO/EXP_Ws/install/aruco_opencv_msgs/share/aruco_opencv_msgs/hook/pythonpath.dsv'
[0.967s] INFO:colcon.colcon_core.shell:Creating environment hook '/home/utente/Documenti/Magistrale/SecondoAnno/EXP_RO/EXP_Ws/install/aruco_opencv_msgs/share/aruco_opencv_msgs/hook/pythonpath.sh'
[0.968s] Level 1:colcon.colcon_core.environment:checking '/home/utente/Documenti/Magistrale/SecondoAnno/EXP_RO/EXP_Ws/install/aruco_opencv_msgs/bin'
[0.969s] INFO:colcon.colcon_core.shell:Creating package script '/home/utente/Documenti/Magistrale/SecondoAnno/EXP_RO/EXP_Ws/install/aruco_opencv_msgs/share/aruco_opencv_msgs/package.ps1'
[0.969s] INFO:colcon.colcon_core.shell:Creating package descriptor '/home/utente/Documenti/Magistrale/SecondoAnno/EXP_RO/EXP_Ws/install/aruco_opencv_msgs/share/aruco_opencv_msgs/package.dsv'
[0.970s] INFO:colcon.colcon_core.shell:Creating package script '/home/utente/Documenti/Magistrale/SecondoAnno/EXP_RO/EXP_Ws/install/aruco_opencv_msgs/share/aruco_opencv_msgs/package.sh'
[0.971s] INFO:colcon.colcon_core.shell:Creating package script '/home/utente/Documenti/Magistrale/SecondoAnno/EXP_RO/EXP_Ws/install/aruco_opencv_msgs/share/aruco_opencv_msgs/package.bash'
[0.971s] INFO:colcon.colcon_core.shell:Creating package script '/home/utente/Documenti/Magistrale/SecondoAnno/EXP_RO/EXP_Ws/install/aruco_opencv_msgs/share/aruco_opencv_msgs/package.zsh'
[0.971s] Level 1:colcon.colcon_core.environment:create_file_with_runtime_dependencies(/home/utente/Documenti/Magistrale/SecondoAnno/EXP_RO/EXP_Ws/install/aruco_opencv_msgs/share/colcon-core/packages/aruco_opencv_msgs)
[0.972s] Level 1:colcon.colcon_core.environment:create_environment_scripts_only(aruco_opencv_msgs)
[0.972s] Level 1:colcon.colcon_core.environment:checking '/home/utente/Documenti/Magistrale/SecondoAnno/EXP_RO/EXP_Ws/install/aruco_opencv_msgs' for CMake module files
[0.973s] Level 1:colcon.colcon_core.environment:checking '/home/utente/Documenti/Magistrale/SecondoAnno/EXP_RO/EXP_Ws/install/aruco_opencv_msgs' for CMake config files
[0.974s] Level 1:colcon.colcon_core.shell:create_environment_hook('aruco_opencv_msgs', 'cmake_prefix_path')
[0.974s] INFO:colcon.colcon_core.shell:Creating environment hook '/home/utente/Documenti/Magistrale/SecondoAnno/EXP_RO/EXP_Ws/install/aruco_opencv_msgs/share/aruco_opencv_msgs/hook/cmake_prefix_path.ps1'
[0.974s] INFO:colcon.colcon_core.shell:Creating environment descriptor '/home/utente/Documenti/Magistrale/SecondoAnno/EXP_RO/EXP_Ws/install/aruco_opencv_msgs/share/aruco_opencv_msgs/hook/cmake_prefix_path.dsv'
[0.975s] INFO:colcon.colcon_core.shell:Creating environment hook '/home/utente/Documenti/Magistrale/SecondoAnno/EXP_RO/EXP_Ws/install/aruco_opencv_msgs/share/aruco_opencv_msgs/hook/cmake_prefix_path.sh'
[0.975s] Level 1:colcon.colcon_core.environment:checking '/home/utente/Documenti/Magistrale/SecondoAnno/EXP_RO/EXP_Ws/install/aruco_opencv_msgs/lib'
[0.976s] Level 1:colcon.colcon_core.shell:create_environment_hook('aruco_opencv_msgs', 'ld_library_path_lib')
[0.976s] INFO:colcon.colcon_core.shell:Creating environment hook '/home/utente/Documenti/Magistrale/SecondoAnno/EXP_RO/EXP_Ws/install/aruco_opencv_msgs/share/aruco_opencv_msgs/hook/ld_library_path_lib.ps1'
[0.976s] INFO:colcon.colcon_core.shell:Creating environment descriptor '/home/utente/Documenti/Magistrale/SecondoAnno/EXP_RO/EXP_Ws/install/aruco_opencv_msgs/share/aruco_opencv_msgs/hook/ld_library_path_lib.dsv'
[0.977s] INFO:colcon.colcon_core.shell:Creating environment hook '/home/utente/Documenti/Magistrale/SecondoAnno/EXP_RO/EXP_Ws/install/aruco_opencv_msgs/share/aruco_opencv_msgs/hook/ld_library_path_lib.sh'
[0.977s] Level 1:colcon.colcon_core.environment:checking '/home/utente/Documenti/Magistrale/SecondoAnno/EXP_RO/EXP_Ws/install/aruco_opencv_msgs/bin'
[0.977s] Level 1:colcon.colcon_core.environment:checking '/home/utente/Documenti/Magistrale/SecondoAnno/EXP_RO/EXP_Ws/install/aruco_opencv_msgs/lib/pkgconfig/aruco_opencv_msgs.pc'
[0.978s] Level 1:colcon.colcon_core.environment:checking '/home/utente/Documenti/Magistrale/SecondoAnno/EXP_RO/EXP_Ws/install/aruco_opencv_msgs/lib/python3.12/site-packages'
[0.978s] Level 1:colcon.colcon_core.shell:create_environment_hook('aruco_opencv_msgs', 'pythonpath')
[0.978s] INFO:colcon.colcon_core.shell:Creating environment hook '/home/utente/Documenti/Magistrale/SecondoAnno/EXP_RO/EXP_Ws/install/aruco_opencv_msgs/share/aruco_opencv_msgs/hook/pythonpath.ps1'
[0.978s] INFO:colcon.colcon_core.shell:Creating environment descriptor '/home/utente/Documenti/Magistrale/SecondoAnno/EXP_RO/EXP_Ws/install/aruco_opencv_msgs/share/aruco_opencv_msgs/hook/pythonpath.dsv'
[0.979s] INFO:colcon.colcon_core.shell:Creating environment hook '/home/utente/Documenti/Magistrale/SecondoAnno/EXP_RO/EXP_Ws/install/aruco_opencv_msgs/share/aruco_opencv_msgs/hook/pythonpath.sh'
[0.980s] Level 1:colcon.colcon_core.environment:checking '/home/utente/Documenti/Magistrale/SecondoAnno/EXP_RO/EXP_Ws/install/aruco_opencv_msgs/bin'
[0.980s] INFO:colcon.colcon_core.shell:Creating package script '/home/utente/Documenti/Magistrale/SecondoAnno/EXP_RO/EXP_Ws/install/aruco_opencv_msgs/share/aruco_opencv_msgs/package.ps1'
[0.981s] INFO:colcon.colcon_core.shell:Creating package descriptor '/home/utente/Documenti/Magistrale/SecondoAnno/EXP_RO/EXP_Ws/install/aruco_opencv_msgs/share/aruco_opencv_msgs/package.dsv'
[0.982s] INFO:colcon.colcon_core.shell:Creating package script '/home/utente/Documenti/Magistrale/SecondoAnno/EXP_RO/EXP_Ws/install/aruco_opencv_msgs/share/aruco_opencv_msgs/package.sh'
[0.982s] INFO:colcon.colcon_core.shell:Creating package script '/home/utente/Documenti/Magistrale/SecondoAnno/EXP_RO/EXP_Ws/install/aruco_opencv_msgs/share/aruco_opencv_msgs/package.bash'
[0.983s] INFO:colcon.colcon_core.shell:Creating package script '/home/utente/Documenti/Magistrale/SecondoAnno/EXP_RO/EXP_Ws/install/aruco_opencv_msgs/share/aruco_opencv_msgs/package.zsh'
[0.983s] Level 1:colcon.colcon_core.environment:create_file_with_runtime_dependencies(/home/utente/Documenti/Magistrale/SecondoAnno/EXP_RO/EXP_Ws/install/aruco_opencv_msgs/share/colcon-core/packages/aruco_opencv_msgs)
[0.984s] INFO:colcon.colcon_ros.task.ament_cmake.build:Building ROS package in '/home/utente/Documenti/Magistrale/SecondoAnno/EXP_RO/EXP_Ws/ros_aruco_opencv/aruco_opencv' with build type 'ament_cmake'
[0.984s] INFO:colcon.colcon_cmake.task.cmake.build:Building CMake package in '/home/utente/Documenti/Magistrale/SecondoAnno/EXP_RO/EXP_Ws/ros_aruco_opencv/aruco_opencv'
[0.984s] INFO:colcon.colcon_core.shell:Skip shell extension 'powershell' for command environment: Not usable outside of PowerShell
[0.984s] DEBUG:colcon.colcon_core.shell:Skip shell extension 'dsv' for command environment
[1.000s] DEBUG:colcon.colcon_core.event_handler.log_command:Invoking command in '/home/utente/Documenti/Magistrale/SecondoAnno/EXP_RO/EXP_Ws/build/aruco_opencv': CMAKE_PREFIX_PATH=/home/utente/Documenti/Magistrale/SecondoAnno/EXP_RO/EXP_Ws/install/aruco_opencv_msgs:/home/utente/Documenti/Magistrale/SecondoAnno/EXP_RO/EXP_Ws/install/my_opencv:/home/utente/Documenti/Magistrale/SecondoAnno/EXP_RO/EXP_Ws/install/erl1:/home/utente/Documenti/Magistrale/SecondoAnno/EXP_RO/EXP_Ws/install/bme_gazebo_sensors:/home/utente/Documenti/Magistrale/SecondoAnno/EXP_RO/EXP_Ws/install/aruco_opencv:/opt/ros/jazzy/opt/gz_sim_vendor:/opt/ros/jazzy/opt/gz_sensors_vendor:/opt/ros/jazzy/opt/gz_physics_vendor:/opt/ros/jazzy/opt/sdformat_vendor:/opt/ros/jazzy/opt/gz_gui_vendor:/opt/ros/jazzy/opt/gz_transport_vendor:/opt/ros/jazzy/opt/gz_rendering_vendor:/opt/ros/jazzy/opt/gz_plugin_vendor:/opt/ros/jazzy/opt/gz_fuel_tools_vendor:/opt/ros/jazzy/opt/gz_msgs_vendor:/opt/ros/jazzy/opt/gz_common_vendor:/opt/ros/jazzy/opt/gz_math_vendor:/opt/ros/jazzy/opt/gz_utils_vendor:/opt/ros/jazzy/opt/gz_tools_vendor:/opt/ros/jazzy/opt/gz_ogre_next_vendor:/opt/ros/jazzy/opt/gz_dartsim_vendor:/opt/ros/jazzy/opt/gz_cmake_vendor:/home/utente/Documenti/Magistrale/SecondoAnno/EXP_RO/EXP_Ws/install/brain:/opt/ros/jazzy DEBUGINFOD_URLS=https://debuginfod.ubuntu.com LD_LIBRARY_PATH=/home/utente/Documenti/Magistrale/SecondoAnno/EXP_RO/EXP_Ws/install/aruco_opencv_msgs/lib:/home/utente/Documenti/Magistrale/SecondoAnno/EXP_RO/EXP_Ws/install/aruco_opencv/lib:/opt/ros/jazzy/opt/gz_sim_vendor/lib:/opt/ros/jazzy/opt/gz_sensors_vendor/lib:/opt/ros/jazzy/opt/gz_physics_vendor/lib:/opt/ros/jazzy/opt/sdformat_vendor/lib:/opt/ros/jazzy/opt/rviz_ogre_vendor/lib:/opt/ros/jazzy/lib/x86_64-linux-gnu:/opt/ros/jazzy/opt/gz_gui_vendor/lib:/opt/ros/jazzy/opt/gz_transport_vendor/lib:/opt/ros/jazzy/opt/gz_rendering_vendor/lib:/opt/ros/jazzy/opt/gz_plugin_vendor/lib:/opt/ros/jazzy/opt/gz_fuel_tools_vendor/lib:/opt/ros/jazzy/opt/gz_msgs_vendor/lib:/opt/ros/jazzy/opt/gz_common_vendor/lib:/opt/ros/jazzy/opt/gz_math_vendor/lib:/opt/ros/jazzy/opt/gz_utils_vendor/lib:/opt/ros/jazzy/opt/gz_tools_vendor/lib:/opt/ros/jazzy/opt/gz_ogre_next_vendor/lib:/opt/ros/jazzy/opt/gz_dartsim_vendor/lib:/opt/ros/jazzy/opt/gz_cmake_vendor/lib:/opt/ros/jazzy/lib PYTHONPATH=/home/utente/Documenti/Magistrale/SecondoAnno/EXP_RO/EXP_Ws/install/aruco_opencv_msgs/lib/python3.12/site-packages:/home/utente/Documenti/Magistrale/SecondoAnno/EXP_RO/EXP_Ws/install/brain/lib/python3.12/site-packages:/opt/ros/jazzy/lib/python3.12/site-packages /usr/bin/cmake --build /home/utente/Documenti/Magistrale/SecondoAnno/EXP_RO/EXP_Ws/build/aruco_opencv -- -j8 -l8
[1.114s] DEBUG:colcon.colcon_core.event_handler.log_command:Invoked command in '/home/utente/Documenti/Magistrale/SecondoAnno/EXP_RO/EXP_Ws/build/aruco_opencv' returned '0': CMAKE_PREFIX_PATH=/home/utente/Documenti/Magistrale/SecondoAnno/EXP_RO/EXP_Ws/install/aruco_opencv_msgs:/home/utente/Documenti/Magistrale/SecondoAnno/EXP_RO/EXP_Ws/install/my_opencv:/home/utente/Documenti/Magistrale/SecondoAnno/EXP_RO/EXP_Ws/install/erl1:/home/utente/Documenti/Magistrale/SecondoAnno/EXP_RO/EXP_Ws/install/bme_gazebo_sensors:/home/utente/Documenti/Magistrale/SecondoAnno/EXP_RO/EXP_Ws/install/aruco_opencv:/opt/ros/jazzy/opt/gz_sim_vendor:/opt/ros/jazzy/opt/gz_sensors_vendor:/opt/ros/jazzy/opt/gz_physics_vendor:/opt/ros/jazzy/opt/sdformat_vendor:/opt/ros/jazzy/opt/gz_gui_vendor:/opt/ros/jazzy/opt/gz_transport_vendor:/opt/ros/jazzy/opt/gz_rendering_vendor:/opt/ros/jazzy/opt/gz_plugin_vendor:/opt/ros/jazzy/opt/gz_fuel_tools_vendor:/opt/ros/jazzy/opt/gz_msgs_vendor:/opt/ros/jazzy/opt/gz_common_vendor:/opt/ros/jazzy/opt/gz_math_vendor:/opt/ros/jazzy/opt/gz_utils_vendor:/opt/ros/jazzy/opt/gz_tools_vendor:/opt/ros/jazzy/opt/gz_ogre_next_vendor:/opt/ros/jazzy/opt/gz_dartsim_vendor:/opt/ros/jazzy/opt/gz_cmake_vendor:/home/utente/Documenti/Magistrale/SecondoAnno/EXP_RO/EXP_Ws/install/brain:/opt/ros/jazzy DEBUGINFOD_URLS=https://debuginfod.ubuntu.com LD_LIBRARY_PATH=/home/utente/Documenti/Magistrale/SecondoAnno/EXP_RO/EXP_Ws/install/aruco_opencv_msgs/lib:/home/utente/Documenti/Magistrale/SecondoAnno/EXP_RO/EXP_Ws/install/aruco_opencv/lib:/opt/ros/jazzy/opt/gz_sim_vendor/lib:/opt/ros/jazzy/opt/gz_sensors_vendor/lib:/opt/ros/jazzy/opt/gz_physics_vendor/lib:/opt/ros/jazzy/opt/sdformat_vendor/lib:/opt/ros/jazzy/opt/rviz_ogre_vendor/lib:/opt/ros/jazzy/lib/x86_64-linux-gnu:/opt/ros/jazzy/opt/gz_gui_vendor/lib:/opt/ros/jazzy/opt/gz_transport_vendor/lib:/opt/ros/jazzy/opt/gz_rendering_vendor/lib:/opt/ros/jazzy/opt/gz_plugin_vendor/lib:/opt/ros/jazzy/opt/gz_fuel_tools_vendor/lib:/opt/ros/jazzy/opt/gz_msgs_vendor/lib:/opt/ros/jazzy/opt/gz_common_vendor/lib:/opt/ros/jazzy/opt/gz_math_vendor/lib:/opt/ros/jazzy/opt/gz_utils_vendor/lib:/opt/ros/jazzy/opt/gz_tools_vendor/lib:/opt/ros/jazzy/opt/gz_ogre_next_vendor/lib:/opt/ros/jazzy/opt/gz_dartsim_vendor/lib:/opt/ros/jazzy/opt/gz_cmake_vendor/lib:/opt/ros/jazzy/lib PYTHONPATH=/home/utente/Documenti/Magistrale/SecondoAnno/EXP_RO/EXP_Ws/install/aruco_opencv_msgs/lib/python3.12/site-packages:/home/utente/Documenti/Magistrale/SecondoAnno/EXP_RO/EXP_Ws/install/brain/lib/python3.12/site-packages:/opt/ros/jazzy/lib/python3.12/site-packages /usr/bin/cmake --build /home/utente/Documenti/Magistrale/SecondoAnno/EXP_RO/EXP_Ws/build/aruco_opencv -- -j8 -l8
[1.116s] DEBUG:colcon.colcon_core.event_handler.log_command:Invoking command in '/home/utente/Documenti/Magistrale/SecondoAnno/EXP_RO/EXP_Ws/build/aruco_opencv': CMAKE_PREFIX_PATH=/home/utente/Documenti/Magistrale/SecondoAnno/EXP_RO/EXP_Ws/install/aruco_opencv_msgs:/home/utente/Documenti/Magistrale/SecondoAnno/EXP_RO/EXP_Ws/install/my_opencv:/home/utente/Documenti/Magistrale/SecondoAnno/EXP_RO/EXP_Ws/install/erl1:/home/utente/Documenti/Magistrale/SecondoAnno/EXP_RO/EXP_Ws/install/bme_gazebo_sensors:/home/utente/Documenti/Magistrale/SecondoAnno/EXP_RO/EXP_Ws/install/aruco_opencv:/opt/ros/jazzy/opt/gz_sim_vendor:/opt/ros/jazzy/opt/gz_sensors_vendor:/opt/ros/jazzy/opt/gz_physics_vendor:/opt/ros/jazzy/opt/sdformat_vendor:/opt/ros/jazzy/opt/gz_gui_vendor:/opt/ros/jazzy/opt/gz_transport_vendor:/opt/ros/jazzy/opt/gz_rendering_vendor:/opt/ros/jazzy/opt/gz_plugin_vendor:/opt/ros/jazzy/opt/gz_fuel_tools_vendor:/opt/ros/jazzy/opt/gz_msgs_vendor:/opt/ros/jazzy/opt/gz_common_vendor:/opt/ros/jazzy/opt/gz_math_vendor:/opt/ros/jazzy/opt/gz_utils_vendor:/opt/ros/jazzy/opt/gz_tools_vendor:/opt/ros/jazzy/opt/gz_ogre_next_vendor:/opt/ros/jazzy/opt/gz_dartsim_vendor:/opt/ros/jazzy/opt/gz_cmake_vendor:/home/utente/Documenti/Magistrale/SecondoAnno/EXP_RO/EXP_Ws/install/brain:/opt/ros/jazzy DEBUGINFOD_URLS=https://debuginfod.ubuntu.com LD_LIBRARY_PATH=/home/utente/Documenti/Magistrale/SecondoAnno/EXP_RO/EXP_Ws/install/aruco_opencv_msgs/lib:/home/utente/Documenti/Magistrale/SecondoAnno/EXP_RO/EXP_Ws/install/aruco_opencv/lib:/opt/ros/jazzy/opt/gz_sim_vendor/lib:/opt/ros/jazzy/opt/gz_sensors_vendor/lib:/opt/ros/jazzy/opt/gz_physics_vendor/lib:/opt/ros/jazzy/opt/sdformat_vendor/lib:/opt/ros/jazzy/opt/rviz_ogre_vendor/lib:/opt/ros/jazzy/lib/x86_64-linux-gnu:/opt/ros/jazzy/opt/gz_gui_vendor/lib:/opt/ros/jazzy/opt/gz_transport_vendor/lib:/opt/ros/jazzy/opt/gz_rendering_vendor/lib:/opt/ros/jazzy/opt/gz_plugin_vendor/lib:/opt/ros/jazzy/opt/gz_fuel_tools_vendor/lib:/opt/ros/jazzy/opt/gz_msgs_vendor/lib:/opt/ros/jazzy/opt/gz_common_vendor/lib:/opt/ros/jazzy/opt/gz_math_vendor/lib:/opt/ros/jazzy/opt/gz_utils_vendor/lib:/opt/ros/jazzy/opt/gz_tools_vendor/lib:/opt/ros/jazzy/opt/gz_ogre_next_vendor/lib:/opt/ros/jazzy/opt/gz_dartsim_vendor/lib:/opt/ros/jazzy/opt/gz_cmake_vendor/lib:/opt/ros/jazzy/lib PYTHONPATH=/home/utente/Documenti/Magistrale/SecondoAnno/EXP_RO/EXP_Ws/install/aruco_opencv_msgs/lib/python3.12/site-packages:/home/utente/Documenti/Magistrale/SecondoAnno/EXP_RO/EXP_Ws/install/brain/lib/python3.12/site-packages:/opt/ros/jazzy/lib/python3.12/site-packages /usr/bin/cmake --install /home/utente/Documenti/Magistrale/SecondoAnno/EXP_RO/EXP_Ws/build/aruco_opencv
[1.133s] Level 1:colcon.colcon_core.environment:create_environment_scripts_only(aruco_opencv)
[1.133s] Level 1:colcon.colcon_core.environment:checking '/home/utente/Documenti/Magistrale/SecondoAnno/EXP_RO/EXP_Ws/install/aruco_opencv' for CMake module files
[1.134s] DEBUG:colcon.colcon_core.event_handler.log_command:Invoked command in '/home/utente/Documenti/Magistrale/SecondoAnno/EXP_RO/EXP_Ws/build/aruco_opencv' returned '0': CMAKE_PREFIX_PATH=/home/utente/Documenti/Magistrale/SecondoAnno/EXP_RO/EXP_Ws/install/aruco_opencv_msgs:/home/utente/Documenti/Magistrale/SecondoAnno/EXP_RO/EXP_Ws/install/my_opencv:/home/utente/Documenti/Magistrale/SecondoAnno/EXP_RO/EXP_Ws/install/erl1:/home/utente/Documenti/Magistrale/SecondoAnno/EXP_RO/EXP_Ws/install/bme_gazebo_sensors:/home/utente/Documenti/Magistrale/SecondoAnno/EXP_RO/EXP_Ws/install/aruco_opencv:/opt/ros/jazzy/opt/gz_sim_vendor:/opt/ros/jazzy/opt/gz_sensors_vendor:/opt/ros/jazzy/opt/gz_physics_vendor:/opt/ros/jazzy/opt/sdformat_vendor:/opt/ros/jazzy/opt/gz_gui_vendor:/opt/ros/jazzy/opt/gz_transport_vendor:/opt/ros/jazzy/opt/gz_rendering_vendor:/opt/ros/jazzy/opt/gz_plugin_vendor:/opt/ros/jazzy/opt/gz_fuel_tools_vendor:/opt/ros/jazzy/opt/gz_msgs_vendor:/opt/ros/jazzy/opt/gz_common_vendor:/opt/ros/jazzy/opt/gz_math_vendor:/opt/ros/jazzy/opt/gz_utils_vendor:/opt/ros/jazzy/opt/gz_tools_vendor:/opt/ros/jazzy/opt/gz_ogre_next_vendor:/opt/ros/jazzy/opt/gz_dartsim_vendor:/opt/ros/jazzy/opt/gz_cmake_vendor:/home/utente/Documenti/Magistrale/SecondoAnno/EXP_RO/EXP_Ws/install/brain:/opt/ros/jazzy DEBUGINFOD_URLS=https://debuginfod.ubuntu.com LD_LIBRARY_PATH=/home/utente/Documenti/Magistrale/SecondoAnno/EXP_RO/EXP_Ws/install/aruco_opencv_msgs/lib:/home/utente/Documenti/Magistrale/SecondoAnno/EXP_RO/EXP_Ws/install/aruco_opencv/lib:/opt/ros/jazzy/opt/gz_sim_vendor/lib:/opt/ros/jazzy/opt/gz_sensors_vendor/lib:/opt/ros/jazzy/opt/gz_physics_vendor/lib:/opt/ros/jazzy/opt/sdformat_vendor/lib:/opt/ros/jazzy/opt/rviz_ogre_vendor/lib:/opt/ros/jazzy/lib/x86_64-linux-gnu:/opt/ros/jazzy/opt/gz_gui_vendor/lib:/opt/ros/jazzy/opt/gz_transport_vendor/lib:/opt/ros/jazzy/opt/gz_rendering_vendor/lib:/opt/ros/jazzy/opt/gz_plugin_vendor/lib:/opt/ros/jazzy/opt/gz_fuel_tools_vendor/lib:/opt/ros/jazzy/opt/gz_msgs_vendor/lib:/opt/ros/jazzy/opt/gz_common_vendor/lib:/opt/ros/jazzy/opt/gz_math_vendor/lib:/opt/ros/jazzy/opt/gz_utils_vendor/lib:/opt/ros/jazzy/opt/gz_tools_vendor/lib:/opt/ros/jazzy/opt/gz_ogre_next_vendor/lib:/opt/ros/jazzy/opt/gz_dartsim_vendor/lib:/opt/ros/jazzy/opt/gz_cmake_vendor/lib:/opt/ros/jazzy/lib PYTHONPATH=/home/utente/Documenti/Magistrale/SecondoAnno/EXP_RO/EXP_Ws/install/aruco_opencv_msgs/lib/python3.12/site-packages:/home/utente/Documenti/Magistrale/SecondoAnno/EXP_RO/EXP_Ws/install/brain/lib/python3.12/site-packages:/opt/ros/jazzy/lib/python3.12/site-packages /usr/bin/cmake --install /home/utente/Documenti/Magistrale/SecondoAnno/EXP_RO/EXP_Ws/build/aruco_opencv
[1.134s] Level 1:colcon.colcon_core.environment:checking '/home/utente/Documenti/Magistrale/SecondoAnno/EXP_RO/EXP_Ws/install/aruco_opencv' for CMake config files
[1.138s] Level 1:colcon.colcon_core.shell:create_environment_hook('aruco_opencv', 'cmake_prefix_path')
[1.138s] INFO:colcon.colcon_core.shell:Creating environment hook '/home/utente/Documenti/Magistrale/SecondoAnno/EXP_RO/EXP_Ws/install/aruco_opencv/share/aruco_opencv/hook/cmake_prefix_path.ps1'
[1.139s] INFO:colcon.colcon_core.shell:Creating environment descriptor '/home/utente/Documenti/Magistrale/SecondoAnno/EXP_RO/EXP_Ws/install/aruco_opencv/share/aruco_opencv/hook/cmake_prefix_path.dsv'
[1.139s] INFO:colcon.colcon_core.shell:Creating environment hook '/home/utente/Documenti/Magistrale/SecondoAnno/EXP_RO/EXP_Ws/install/aruco_opencv/share/aruco_opencv/hook/cmake_prefix_path.sh'
[1.140s] Level 1:colcon.colcon_core.environment:checking '/home/utente/Documenti/Magistrale/SecondoAnno/EXP_RO/EXP_Ws/install/aruco_opencv/lib'
[1.140s] Level 1:colcon.colcon_core.shell:create_environment_hook('aruco_opencv', 'ld_library_path_lib')
[1.144s] INFO:colcon.colcon_core.shell:Creating environment hook '/home/utente/Documenti/Magistrale/SecondoAnno/EXP_RO/EXP_Ws/install/aruco_opencv/share/aruco_opencv/hook/ld_library_path_lib.ps1'
[1.144s] INFO:colcon.colcon_core.shell:Creating environment descriptor '/home/utente/Documenti/Magistrale/SecondoAnno/EXP_RO/EXP_Ws/install/aruco_opencv/share/aruco_opencv/hook/ld_library_path_lib.dsv'
[1.145s] INFO:colcon.colcon_core.shell:Creating environment hook '/home/utente/Documenti/Magistrale/SecondoAnno/EXP_RO/EXP_Ws/install/aruco_opencv/share/aruco_opencv/hook/ld_library_path_lib.sh'
[1.145s] Level 1:colcon.colcon_core.environment:checking '/home/utente/Documenti/Magistrale/SecondoAnno/EXP_RO/EXP_Ws/install/aruco_opencv/bin'
[1.145s] Level 1:colcon.colcon_core.environment:checking '/home/utente/Documenti/Magistrale/SecondoAnno/EXP_RO/EXP_Ws/install/aruco_opencv/lib/pkgconfig/aruco_opencv.pc'
[1.146s] Level 1:colcon.colcon_core.environment:checking '/home/utente/Documenti/Magistrale/SecondoAnno/EXP_RO/EXP_Ws/install/aruco_opencv/lib/python3.12/site-packages'
[1.146s] Level 1:colcon.colcon_core.environment:checking '/home/utente/Documenti/Magistrale/SecondoAnno/EXP_RO/EXP_Ws/install/aruco_opencv/bin'
[1.147s] INFO:colcon.colcon_core.shell:Creating package script '/home/utente/Documenti/Magistrale/SecondoAnno/EXP_RO/EXP_Ws/install/aruco_opencv/share/aruco_opencv/package.ps1'
[1.147s] INFO:colcon.colcon_core.shell:Creating package descriptor '/home/utente/Documenti/Magistrale/SecondoAnno/EXP_RO/EXP_Ws/install/aruco_opencv/share/aruco_opencv/package.dsv'
[1.148s] INFO:colcon.colcon_core.shell:Creating package script '/home/utente/Documenti/Magistrale/SecondoAnno/EXP_RO/EXP_Ws/install/aruco_opencv/share/aruco_opencv/package.sh'
[1.149s] INFO:colcon.colcon_core.shell:Creating package script '/home/utente/Documenti/Magistrale/SecondoAnno/EXP_RO/EXP_Ws/install/aruco_opencv/share/aruco_opencv/package.bash'
[1.149s] INFO:colcon.colcon_core.shell:Creating package script '/home/utente/Documenti/Magistrale/SecondoAnno/EXP_RO/EXP_Ws/install/aruco_opencv/share/aruco_opencv/package.zsh'
[1.150s] Level 1:colcon.colcon_core.environment:create_file_with_runtime_dependencies(/home/utente/Documenti/Magistrale/SecondoAnno/EXP_RO/EXP_Ws/install/aruco_opencv/share/colcon-core/packages/aruco_opencv)
[1.151s] Level 1:colcon.colcon_core.environment:create_environment_scripts_only(aruco_opencv)
[1.151s] Level 1:colcon.colcon_core.environment:checking '/home/utente/Documenti/Magistrale/SecondoAnno/EXP_RO/EXP_Ws/install/aruco_opencv' for CMake module files
[1.152s] Level 1:colcon.colcon_core.environment:checking '/home/utente/Documenti/Magistrale/SecondoAnno/EXP_RO/EXP_Ws/install/aruco_opencv' for CMake config files
[1.153s] Level 1:colcon.colcon_core.shell:create_environment_hook('aruco_opencv', 'cmake_prefix_path')
[1.153s] INFO:colcon.colcon_core.shell:Creating environment hook '/home/utente/Documenti/Magistrale/SecondoAnno/EXP_RO/EXP_Ws/install/aruco_opencv/share/aruco_opencv/hook/cmake_prefix_path.ps1'
[1.153s] INFO:colcon.colcon_core.shell:Creating environment descriptor '/home/utente/Documenti/Magistrale/SecondoAnno/EXP_RO/EXP_Ws/install/aruco_opencv/share/aruco_opencv/hook/cmake_prefix_path.dsv'
[1.154s] INFO:colcon.colcon_core.shell:Creating environment hook '/home/utente/Documenti/Magistrale/SecondoAnno/EXP_RO/EXP_Ws/install/aruco_opencv/share/aruco_opencv/hook/cmake_prefix_path.sh'
[1.155s] Level 1:colcon.colcon_core.environment:checking '/home/utente/Documenti/Magistrale/SecondoAnno/EXP_RO/EXP_Ws/install/aruco_opencv/lib'
[1.155s] Level 1:colcon.colcon_core.shell:create_environment_hook('aruco_opencv', 'ld_library_path_lib')
[1.155s] INFO:colcon.colcon_core.shell:Creating environment hook '/home/utente/Documenti/Magistrale/SecondoAnno/EXP_RO/EXP_Ws/install/aruco_opencv/share/aruco_opencv/hook/ld_library_path_lib.ps1'
[1.155s] INFO:colcon.colcon_core.shell:Creating environment descriptor '/home/utente/Documenti/Magistrale/SecondoAnno/EXP_RO/EXP_Ws/install/aruco_opencv/share/aruco_opencv/hook/ld_library_path_lib.dsv'
[1.156s] INFO:colcon.colcon_core.shell:Creating environment hook '/home/utente/Documenti/Magistrale/SecondoAnno/EXP_RO/EXP_Ws/install/aruco_opencv/share/aruco_opencv/hook/ld_library_path_lib.sh'
[1.156s] Level 1:colcon.colcon_core.environment:checking '/home/utente/Documenti/Magistrale/SecondoAnno/EXP_RO/EXP_Ws/install/aruco_opencv/bin'
[1.156s] Level 1:colcon.colcon_core.environment:checking '/home/utente/Documenti/Magistrale/SecondoAnno/EXP_RO/EXP_Ws/install/aruco_opencv/lib/pkgconfig/aruco_opencv.pc'
[1.157s] Level 1:colcon.colcon_core.environment:checking '/home/utente/Documenti/Magistrale/SecondoAnno/EXP_RO/EXP_Ws/install/aruco_opencv/lib/python3.12/site-packages'
[1.157s] Level 1:colcon.colcon_core.environment:checking '/home/utente/Documenti/Magistrale/SecondoAnno/EXP_RO/EXP_Ws/install/aruco_opencv/bin'
[1.158s] INFO:colcon.colcon_core.shell:Creating package script '/home/utente/Documenti/Magistrale/SecondoAnno/EXP_RO/EXP_Ws/install/aruco_opencv/share/aruco_opencv/package.ps1'
[1.159s] INFO:colcon.colcon_core.shell:Creating package descriptor '/home/utente/Documenti/Magistrale/SecondoAnno/EXP_RO/EXP_Ws/install/aruco_opencv/share/aruco_opencv/package.dsv'
[1.159s] INFO:colcon.colcon_core.shell:Creating package script '/home/utente/Documenti/Magistrale/SecondoAnno/EXP_RO/EXP_Ws/install/aruco_opencv/share/aruco_opencv/package.sh'
[1.160s] INFO:colcon.colcon_core.shell:Creating package script '/home/utente/Documenti/Magistrale/SecondoAnno/EXP_RO/EXP_Ws/install/aruco_opencv/share/aruco_opencv/package.bash'
[1.160s] INFO:colcon.colcon_core.shell:Creating package script '/home/utente/Documenti/Magistrale/SecondoAnno/EXP_RO/EXP_Ws/install/aruco_opencv/share/aruco_opencv/package.zsh'
[1.161s] Level 1:colcon.colcon_core.environment:create_file_with_runtime_dependencies(/home/utente/Documenti/Magistrale/SecondoAnno/EXP_RO/EXP_Ws/install/aruco_opencv/share/colcon-core/packages/aruco_opencv)
[1.415s] DEBUG:colcon.colcon_core.event_handler.log_command:Invoking command in '/home/utente/Documenti/Magistrale/SecondoAnno/EXP_RO/EXP_Ws/src/brain': DEBUGINFOD_URLS=https://debuginfod.ubuntu.com PYTHONPATH=/home/utente/Documenti/Magistrale/SecondoAnno/EXP_RO/EXP_Ws/build/brain/prefix_override:/usr/lib/python3/dist-packages/colcon_core/task/python/colcon_distutils_commands:/home/utente/Documenti/Magistrale/SecondoAnno/EXP_RO/EXP_Ws/install/brain/lib/python3.12/site-packages:${PYTHONPATH} /usr/bin/python3 -W ignore:setup.py install is deprecated -W ignore:easy_install command is deprecated setup.py egg_info --egg-base ../../build/brain build --build-base /home/utente/Documenti/Magistrale/SecondoAnno/EXP_RO/EXP_Ws/build/brain/build install --record /home/utente/Documenti/Magistrale/SecondoAnno/EXP_RO/EXP_Ws/build/brain/install.log --single-version-externally-managed install_data
[2.123s] Level 1:colcon.colcon_core.environment:checking '/home/utente/Documenti/Magistrale/SecondoAnno/EXP_RO/EXP_Ws/install/brain' for CMake module files
[2.124s] DEBUG:colcon.colcon_core.event_handler.log_command:Invoked command in '/home/utente/Documenti/Magistrale/SecondoAnno/EXP_RO/EXP_Ws/src/brain' returned '0': DEBUGINFOD_URLS=https://debuginfod.ubuntu.com PYTHONPATH=/home/utente/Documenti/Magistrale/SecondoAnno/EXP_RO/EXP_Ws/build/brain/prefix_override:/usr/lib/python3/dist-packages/colcon_core/task/python/colcon_distutils_commands:/home/utente/Documenti/Magistrale/SecondoAnno/EXP_RO/EXP_Ws/install/brain/lib/python3.12/site-packages:${PYTHONPATH} /usr/bin/python3 -W ignore:setup.py install is deprecated -W ignore:easy_install command is deprecated setup.py egg_info --egg-base ../../build/brain build --build-base /home/utente/Documenti/Magistrale/SecondoAnno/EXP_RO/EXP_Ws/build/brain/build install --record /home/utente/Documenti/Magistrale/SecondoAnno/EXP_RO/EXP_Ws/build/brain/install.log --single-version-externally-managed install_data
[2.125s] Level 1:colcon.colcon_core.environment:checking '/home/utente/Documenti/Magistrale/SecondoAnno/EXP_RO/EXP_Ws/install/brain' for CMake config files
[2.126s] Level 1:colcon.colcon_core.environment:checking '/home/utente/Documenti/Magistrale/SecondoAnno/EXP_RO/EXP_Ws/install/brain/lib'
[2.126s] Level 1:colcon.colcon_core.environment:checking '/home/utente/Documenti/Magistrale/SecondoAnno/EXP_RO/EXP_Ws/install/brain/bin'
[2.126s] Level 1:colcon.colcon_core.environment:checking '/home/utente/Documenti/Magistrale/SecondoAnno/EXP_RO/EXP_Ws/install/brain/lib/pkgconfig/brain.pc'
[2.126s] Level 1:colcon.colcon_core.environment:checking '/home/utente/Documenti/Magistrale/SecondoAnno/EXP_RO/EXP_Ws/install/brain/lib/python3.12/site-packages'
[2.127s] Level 1:colcon.colcon_core.shell:create_environment_hook('brain', 'pythonpath')
[2.127s] INFO:colcon.colcon_core.shell:Creating environment hook '/home/utente/Documenti/Magistrale/SecondoAnno/EXP_RO/EXP_Ws/install/brain/share/brain/hook/pythonpath.ps1'
[2.128s] INFO:colcon.colcon_core.shell:Creating environment descriptor '/home/utente/Documenti/Magistrale/SecondoAnno/EXP_RO/EXP_Ws/install/brain/share/brain/hook/pythonpath.dsv'
[2.129s] INFO:colcon.colcon_core.shell:Creating environment hook '/home/utente/Documenti/Magistrale/SecondoAnno/EXP_RO/EXP_Ws/install/brain/share/brain/hook/pythonpath.sh'
[2.130s] Level 1:colcon.colcon_core.environment:checking '/home/utente/Documenti/Magistrale/SecondoAnno/EXP_RO/EXP_Ws/install/brain/bin'
[2.130s] Level 1:colcon.colcon_core.environment:create_environment_scripts_only(brain)
[2.130s] INFO:colcon.colcon_core.shell:Creating package script '/home/utente/Documenti/Magistrale/SecondoAnno/EXP_RO/EXP_Ws/install/brain/share/brain/package.ps1'
[2.131s] INFO:colcon.colcon_core.shell:Creating package descriptor '/home/utente/Documenti/Magistrale/SecondoAnno/EXP_RO/EXP_Ws/install/brain/share/brain/package.dsv'
[2.132s] INFO:colcon.colcon_core.shell:Creating package script '/home/utente/Documenti/Magistrale/SecondoAnno/EXP_RO/EXP_Ws/install/brain/share/brain/package.sh'
[2.132s] INFO:colcon.colcon_core.shell:Creating package script '/home/utente/Documenti/Magistrale/SecondoAnno/EXP_RO/EXP_Ws/install/brain/share/brain/package.bash'
[2.133s] INFO:colcon.colcon_core.shell:Creating package script '/home/utente/Documenti/Magistrale/SecondoAnno/EXP_RO/EXP_Ws/install/brain/share/brain/package.zsh'
[2.133s] Level 1:colcon.colcon_core.environment:create_file_with_runtime_dependencies(/home/utente/Documenti/Magistrale/SecondoAnno/EXP_RO/EXP_Ws/install/brain/share/colcon-core/packages/brain)
[2.133s] DEBUG:colcon.colcon_parallel_executor.executor.parallel:closing loop
[2.134s] DEBUG:colcon.colcon_parallel_executor.executor.parallel:loop closed
[2.134s] DEBUG:colcon.colcon_parallel_executor.executor.parallel:run_until_complete finished with '0'
[2.134s] DEBUG:colcon.colcon_core.event_reactor:joining thread
[2.142s] INFO:colcon.colcon_core.plugin_system:Skipping extension 'colcon_notification.desktop_notification.terminal_notifier': Not used on non-Darwin systems
[2.142s] INFO:colcon.colcon_core.plugin_system:Skipping extension 'colcon_notification.desktop_notification.win32': Not used on non-Windows systems
[2.142s] INFO:colcon.colcon_notification.desktop_notification:Sending desktop notification using 'notify2'
[2.158s] DEBUG:colcon.colcon_core.event_reactor:joined thread
[2.159s] INFO:colcon.colcon_core.shell:Creating prefix script '/home/utente/Documenti/Magistrale/SecondoAnno/EXP_RO/EXP_Ws/install/local_setup.ps1'
[2.160s] INFO:colcon.colcon_core.shell:Creating prefix util module '/home/utente/Documenti/Magistrale/SecondoAnno/EXP_RO/EXP_Ws/install/_local_setup_util_ps1.py'
[2.161s] INFO:colcon.colcon_core.shell:Creating prefix chain script '/home/utente/Documenti/Magistrale/SecondoAnno/EXP_RO/EXP_Ws/install/setup.ps1'
[2.162s] INFO:colcon.colcon_core.shell:Creating prefix script '/home/utente/Documenti/Magistrale/SecondoAnno/EXP_RO/EXP_Ws/install/local_setup.sh'
[2.162s] INFO:colcon.colcon_core.shell:Creating prefix util module '/home/utente/Documenti/Magistrale/SecondoAnno/EXP_RO/EXP_Ws/install/_local_setup_util_sh.py'
[2.163s] INFO:colcon.colcon_core.shell:Creating prefix chain script '/home/utente/Documenti/Magistrale/SecondoAnno/EXP_RO/EXP_Ws/install/setup.sh'
[2.164s] INFO:colcon.colcon_core.shell:Creating prefix script '/home/utente/Documenti/Magistrale/SecondoAnno/EXP_RO/EXP_Ws/install/local_setup.bash'
[2.164s] INFO:colcon.colcon_core.shell:Creating prefix chain script '/home/utente/Documenti/Magistrale/SecondoAnno/EXP_RO/EXP_Ws/install/setup.bash'
[2.165s] INFO:colcon.colcon_core.shell:Creating prefix script '/home/utente/Documenti/Magistrale/SecondoAnno/EXP_RO/EXP_Ws/install/local_setup.zsh'
[2.166s] INFO:colcon.colcon_core.shell:Creating prefix chain script '/home/utente/Documenti/Magistrale/SecondoAnno/EXP_RO/EXP_Ws/install/setup.zsh'
