[1.537s] Invoking command in '/home/utente/Documenti/Magistrale/SecondoAnno/EXP_RO/EXP_Ws/src/brain': DEBUGINFOD_URLS=https://debuginfod.ubuntu.com PYTHONPATH=/home/utente/Documenti/Magistrale/SecondoAnno/EXP_RO/EXP_Ws/build/brain/prefix_override:/usr/lib/python3/dist-packages/colcon_core/task/python/colcon_distutils_commands:/home/utente/Documenti/Magistrale/SecondoAnno/EXP_RO/EXP_Ws/install/brain/lib/python3.12/site-packages:${PYTHONPATH} /usr/bin/python3 -W ignore:setup.py install is deprecated -W ignore:easy_install command is deprecated setup.py egg_info --egg-base ../../build/brain build --build-base /home/utente/Documenti/Magistrale/SecondoAnno/EXP_RO/EXP_Ws/build/brain/build install --record /home/utente/Documenti/Magistrale/SecondoAnno/EXP_RO/EXP_Ws/build/brain/install.log --single-version-externally-managed install_data
[2.042s] running egg_info
[2.043s] creating ../../build/brain/brain.egg-info
[2.069s] writing ../../build/brain/brain.egg-info/PKG-INFO
[2.069s] writing dependency_links to ../../build/brain/brain.egg-info/dependency_links.txt
[2.070s] writing entry points to ../../build/brain/brain.egg-info/entry_points.txt
[2.070s] writing requirements to ../../build/brain/brain.egg-info/requires.txt
[2.070s] writing top-level names to ../../build/brain/brain.egg-info/top_level.txt
[2.071s] writing manifest file '../../build/brain/brain.egg-info/SOURCES.txt'
[2.127s] reading manifest file '../../build/brain/brain.egg-info/SOURCES.txt'
[2.128s] writing manifest file '../../build/brain/brain.egg-info/SOURCES.txt'
[2.128s] running build
[2.128s] running build_py
[2.128s] creating /home/utente/Documenti/Magistrale/SecondoAnno/EXP_RO/EXP_Ws/build/brain/build
[2.129s] creating /home/utente/Documenti/Magistrale/SecondoAnno/EXP_RO/EXP_Ws/build/brain/build/lib
[2.129s] creating /home/utente/Documenti/Magistrale/SecondoAnno/EXP_RO/EXP_Ws/build/brain/build/lib/brain
[2.129s] copying brain/logic.py -> /home/utente/Documenti/Magistrale/SecondoAnno/EXP_RO/EXP_Ws/build/brain/build/lib/brain
[2.129s] copying brain/logic_controller.py -> /home/utente/Documenti/Magistrale/SecondoAnno/EXP_RO/EXP_Ws/build/brain/build/lib/brain
[2.129s] copying brain/marker_processor.py -> /home/utente/Documenti/Magistrale/SecondoAnno/EXP_RO/EXP_Ws/build/brain/build/lib/brain
[2.129s] copying brain/__init__.py -> /home/utente/Documenti/Magistrale/SecondoAnno/EXP_RO/EXP_Ws/build/brain/build/lib/brain
[2.129s] running install
[2.142s] running install_lib
[2.170s] creating /home/utente/Documenti/Magistrale/SecondoAnno/EXP_RO/EXP_Ws/install/brain/lib/python3.12/site-packages/brain
[2.170s] copying /home/utente/Documenti/Magistrale/SecondoAnno/EXP_RO/EXP_Ws/build/brain/build/lib/brain/logic.py -> /home/utente/Documenti/Magistrale/SecondoAnno/EXP_RO/EXP_Ws/install/brain/lib/python3.12/site-packages/brain
[2.171s] copying /home/utente/Documenti/Magistrale/SecondoAnno/EXP_RO/EXP_Ws/build/brain/build/lib/brain/logic_controller.py -> /home/utente/Documenti/Magistrale/SecondoAnno/EXP_RO/EXP_Ws/install/brain/lib/python3.12/site-packages/brain
[2.171s] copying /home/utente/Documenti/Magistrale/SecondoAnno/EXP_RO/EXP_Ws/build/brain/build/lib/brain/marker_processor.py -> /home/utente/Documenti/Magistrale/SecondoAnno/EXP_RO/EXP_Ws/install/brain/lib/python3.12/site-packages/brain
[2.171s] copying /home/utente/Documenti/Magistrale/SecondoAnno/EXP_RO/EXP_Ws/build/brain/build/lib/brain/__init__.py -> /home/utente/Documenti/Magistrale/SecondoAnno/EXP_RO/EXP_Ws/install/brain/lib/python3.12/site-packages/brain
[2.172s] byte-compiling /home/utente/Documenti/Magistrale/SecondoAnno/EXP_RO/EXP_Ws/install/brain/lib/python3.12/site-packages/brain/logic.py to logic.cpython-312.pyc
[2.174s] byte-compiling /home/utente/Documenti/Magistrale/SecondoAnno/EXP_RO/EXP_Ws/install/brain/lib/python3.12/site-packages/brain/logic_controller.py to logic_controller.cpython-312.pyc
[2.175s] byte-compiling /home/utente/Documenti/Magistrale/SecondoAnno/EXP_RO/EXP_Ws/install/brain/lib/python3.12/site-packages/brain/marker_processor.py to marker_processor.cpython-312.pyc
[2.176s] byte-compiling /home/utente/Documenti/Magistrale/SecondoAnno/EXP_RO/EXP_Ws/install/brain/lib/python3.12/site-packages/brain/__init__.py to __init__.cpython-312.pyc
[2.176s] running install_data
[2.176s] creating /home/utente/Documenti/Magistrale/SecondoAnno/EXP_RO/EXP_Ws/install/brain/share/ament_index
[2.177s] creating /home/utente/Documenti/Magistrale/SecondoAnno/EXP_RO/EXP_Ws/install/brain/share/ament_index/resource_index
[2.177s] creating /home/utente/Documenti/Magistrale/SecondoAnno/EXP_RO/EXP_Ws/install/brain/share/ament_index/resource_index/packages
[2.177s] copying resource/brain -> /home/utente/Documenti/Magistrale/SecondoAnno/EXP_RO/EXP_Ws/install/brain/share/ament_index/resource_index/packages
[2.177s] copying package.xml -> /home/utente/Documenti/Magistrale/SecondoAnno/EXP_RO/EXP_Ws/install/brain/share/brain
[2.177s] creating /home/utente/Documenti/Magistrale/SecondoAnno/EXP_RO/EXP_Ws/install/brain/share/brain/launch
[2.177s] running install_egg_info
[2.207s] Copying ../../build/brain/brain.egg-info to /home/utente/Documenti/Magistrale/SecondoAnno/EXP_RO/EXP_Ws/install/brain/lib/python3.12/site-packages/brain-0.0.0-py3.12.egg-info
[2.208s] running install_scripts
[2.448s] Installing logic_node script to /home/utente/Documenti/Magistrale/SecondoAnno/EXP_RO/EXP_Ws/install/brain/lib/brain
[2.448s] writing list of installed files to '/home/utente/Documenti/Magistrale/SecondoAnno/EXP_RO/EXP_Ws/build/brain/install.log'
[2.496s] Invoked command in '/home/utente/Documenti/Magistrale/SecondoAnno/EXP_RO/EXP_Ws/src/brain' returned '0': DEBUGINFOD_URLS=https://debuginfod.ubuntu.com PYTHONPATH=/home/utente/Documenti/Magistrale/SecondoAnno/EXP_RO/EXP_Ws/build/brain/prefix_override:/usr/lib/python3/dist-packages/colcon_core/task/python/colcon_distutils_commands:/home/utente/Documenti/Magistrale/SecondoAnno/EXP_RO/EXP_Ws/install/brain/lib/python3.12/site-packages:${PYTHONPATH} /usr/bin/python3 -W ignore:setup.py install is deprecated -W ignore:easy_install command is deprecated setup.py egg_info --egg-base ../../build/brain build --build-base /home/utente/Documenti/Magistrale/SecondoAnno/EXP_RO/EXP_Ws/build/brain/build install --record /home/utente/Documenti/Magistrale/SecondoAnno/EXP_RO/EXP_Ws/build/brain/install.log --single-version-externally-managed install_data
