[0.192s] Invoking command in '/home/utente/Documenti/Magistrale/SecondoAnno/EXP_RO/EXP_Ws/build/erl1': CMAKE_PREFIX_PATH=${CMAKE_PREFIX_PATH}:/home/utente/Documenti/Magistrale/SecondoAnno/EXP_RO/EXP_Ws/install/brain:/opt/ros/jazzy DEBUGINFOD_URLS=https://debuginfod.ubuntu.com /usr/bin/cmake /home/utente/Documenti/Magistrale/SecondoAnno/EXP_RO/EXP_Ws/src/erl1 -DCMAKE_INSTALL_PREFIX=/home/utente/Documenti/Magistrale/SecondoAnno/EXP_RO/EXP_Ws/install/erl1
[0.237s] -- The C compiler identification is GNU 13.3.0
[0.286s] -- The CXX compiler identification is GNU 13.3.0
[0.302s] -- Detecting C compiler ABI info
[0.385s] -- Detecting C compiler ABI info - done
[0.396s] -- Check for working C compiler: /usr/bin/cc - skipped
[0.396s] -- Detecting C compile features
[0.396s] -- Detecting C compile features - done
[0.405s] -- Detecting CXX compiler ABI info
[0.505s] -- Detecting CXX compiler ABI info - done
[0.518s] -- Check for working CXX compiler: /usr/bin/c++ - skipped
[0.519s] -- Detecting CXX compile features
[0.519s] -- Detecting CXX compile features - done
[0.524s] -- Found ament_cmake: 2.5.4 (/opt/ros/jazzy/share/ament_cmake/cmake)
[0.689s] -- Found Python3: /usr/bin/python3 (found version "3.12.3") found components: Interpreter 
[0.827s] -- Found ament_lint_auto: 0.17.3 (/opt/ros/jazzy/share/ament_lint_auto/cmake)
[0.934s] -- Added test 'flake8' to check Python code syntax and style conventions
[0.934s] -- Configured 'flake8' exclude dirs and/or files: 
[0.936s] -- Added test 'lint_cmake' to check CMake code style
[0.936s] -- Added test 'pep257' to check Python code against some of the docstring style conventions in PEP 257
[0.939s] -- Added test 'xmllint' to check XML markup files
[0.941s] -- Configuring done (0.7s)
[0.945s] -- Generating done (0.0s)
[0.947s] -- Build files have been written to: /home/utente/Documenti/Magistrale/SecondoAnno/EXP_RO/EXP_Ws/build/erl1
[0.953s] Invoked command in '/home/utente/Documenti/Magistrale/SecondoAnno/EXP_RO/EXP_Ws/build/erl1' returned '0': CMAKE_PREFIX_PATH=${CMAKE_PREFIX_PATH}:/home/utente/Documenti/Magistrale/SecondoAnno/EXP_RO/EXP_Ws/install/brain:/opt/ros/jazzy DEBUGINFOD_URLS=https://debuginfod.ubuntu.com /usr/bin/cmake /home/utente/Documenti/Magistrale/SecondoAnno/EXP_RO/EXP_Ws/src/erl1 -DCMAKE_INSTALL_PREFIX=/home/utente/Documenti/Magistrale/SecondoAnno/EXP_RO/EXP_Ws/install/erl1
[0.954s] Invoking command in '/home/utente/Documenti/Magistrale/SecondoAnno/EXP_RO/EXP_Ws/build/erl1': CMAKE_PREFIX_PATH=${CMAKE_PREFIX_PATH}:/home/utente/Documenti/Magistrale/SecondoAnno/EXP_RO/EXP_Ws/install/brain:/opt/ros/jazzy DEBUGINFOD_URLS=https://debuginfod.ubuntu.com /usr/bin/cmake --build /home/utente/Documenti/Magistrale/SecondoAnno/EXP_RO/EXP_Ws/build/erl1 -- -j8 -l8
[0.986s] Invoked command in '/home/utente/Documenti/Magistrale/SecondoAnno/EXP_RO/EXP_Ws/build/erl1' returned '0': CMAKE_PREFIX_PATH=${CMAKE_PREFIX_PATH}:/home/utente/Documenti/Magistrale/SecondoAnno/EXP_RO/EXP_Ws/install/brain:/opt/ros/jazzy DEBUGINFOD_URLS=https://debuginfod.ubuntu.com /usr/bin/cmake --build /home/utente/Documenti/Magistrale/SecondoAnno/EXP_RO/EXP_Ws/build/erl1 -- -j8 -l8
[0.995s] Invoking command in '/home/utente/Documenti/Magistrale/SecondoAnno/EXP_RO/EXP_Ws/build/erl1': CMAKE_PREFIX_PATH=${CMAKE_PREFIX_PATH}:/home/utente/Documenti/Magistrale/SecondoAnno/EXP_RO/EXP_Ws/install/brain:/opt/ros/jazzy DEBUGINFOD_URLS=https://debuginfod.ubuntu.com /usr/bin/cmake --install /home/utente/Documenti/Magistrale/SecondoAnno/EXP_RO/EXP_Ws/build/erl1
[1.004s] -- Install configuration: ""
[1.004s] -- Installing: /home/utente/Documenti/Magistrale/SecondoAnno/EXP_RO/EXP_Ws/install/erl1/share/erl1/launch
[1.004s] -- Installing: /home/utente/Documenti/Magistrale/SecondoAnno/EXP_RO/EXP_Ws/install/erl1/share/erl1/launch/spawn_robot.launch.py
[1.004s] -- Installing: /home/utente/Documenti/Magistrale/SecondoAnno/EXP_RO/EXP_Ws/install/erl1/share/erl1/launch/my_launch.py
[1.004s] -- Installing: /home/utente/Documenti/Magistrale/SecondoAnno/EXP_RO/EXP_Ws/install/erl1/share/erl1/launch/rviz_launch.py
[1.004s] -- Installing: /home/utente/Documenti/Magistrale/SecondoAnno/EXP_RO/EXP_Ws/install/erl1/share/erl1/worlds
[1.004s] -- Installing: /home/utente/Documenti/Magistrale/SecondoAnno/EXP_RO/EXP_Ws/install/erl1/share/erl1/worlds/empty.sdf
[1.004s] -- Installing: /home/utente/Documenti/Magistrale/SecondoAnno/EXP_RO/EXP_Ws/install/erl1/share/erl1/worlds/my_world.sdf
[1.005s] -- Installing: /home/utente/Documenti/Magistrale/SecondoAnno/EXP_RO/EXP_Ws/install/erl1/share/erl1/rviz
[1.005s] -- Installing: /home/utente/Documenti/Magistrale/SecondoAnno/EXP_RO/EXP_Ws/install/erl1/share/erl1/rviz/urdf.rviz
[1.005s] -- Installing: /home/utente/Documenti/Magistrale/SecondoAnno/EXP_RO/EXP_Ws/install/erl1/share/erl1/urdf
[1.005s] -- Installing: /home/utente/Documenti/Magistrale/SecondoAnno/EXP_RO/EXP_Ws/install/erl1/share/erl1/urdf/erl1.urdf
[1.005s] -- Installing: /home/utente/Documenti/Magistrale/SecondoAnno/EXP_RO/EXP_Ws/install/erl1/share/erl1/urdf/erl1.gazebo
[1.006s] -- Installing: /home/utente/Documenti/Magistrale/SecondoAnno/EXP_RO/EXP_Ws/install/erl1/share/erl1/meshes
[1.006s] -- Installing: /home/utente/Documenti/Magistrale/SecondoAnno/EXP_RO/EXP_Ws/install/erl1/share/ament_index/resource_index/package_run_dependencies/erl1
[1.006s] -- Installing: /home/utente/Documenti/Magistrale/SecondoAnno/EXP_RO/EXP_Ws/install/erl1/share/ament_index/resource_index/parent_prefix_path/erl1
[1.007s] -- Installing: /home/utente/Documenti/Magistrale/SecondoAnno/EXP_RO/EXP_Ws/install/erl1/share/erl1/environment/ament_prefix_path.sh
[1.007s] -- Installing: /home/utente/Documenti/Magistrale/SecondoAnno/EXP_RO/EXP_Ws/install/erl1/share/erl1/environment/ament_prefix_path.dsv
[1.007s] -- Installing: /home/utente/Documenti/Magistrale/SecondoAnno/EXP_RO/EXP_Ws/install/erl1/share/erl1/environment/path.sh
[1.008s] -- Installing: /home/utente/Documenti/Magistrale/SecondoAnno/EXP_RO/EXP_Ws/install/erl1/share/erl1/environment/path.dsv
[1.008s] -- Installing: /home/utente/Documenti/Magistrale/SecondoAnno/EXP_RO/EXP_Ws/install/erl1/share/erl1/local_setup.bash
[1.008s] -- Installing: /home/utente/Documenti/Magistrale/SecondoAnno/EXP_RO/EXP_Ws/install/erl1/share/erl1/local_setup.sh
[1.008s] -- Installing: /home/utente/Documenti/Magistrale/SecondoAnno/EXP_RO/EXP_Ws/install/erl1/share/erl1/local_setup.zsh
[1.008s] -- Installing: /home/utente/Documenti/Magistrale/SecondoAnno/EXP_RO/EXP_Ws/install/erl1/share/erl1/local_setup.dsv
[1.008s] -- Installing: /home/utente/Documenti/Magistrale/SecondoAnno/EXP_RO/EXP_Ws/install/erl1/share/erl1/package.dsv
[1.008s] -- Installing: /home/utente/Documenti/Magistrale/SecondoAnno/EXP_RO/EXP_Ws/install/erl1/share/ament_index/resource_index/packages/erl1
[1.009s] -- Installing: /home/utente/Documenti/Magistrale/SecondoAnno/EXP_RO/EXP_Ws/install/erl1/share/erl1/cmake/erl1Config.cmake
[1.009s] -- Installing: /home/utente/Documenti/Magistrale/SecondoAnno/EXP_RO/EXP_Ws/install/erl1/share/erl1/cmake/erl1Config-version.cmake
[1.009s] -- Installing: /home/utente/Documenti/Magistrale/SecondoAnno/EXP_RO/EXP_Ws/install/erl1/share/erl1/package.xml
[1.011s] Invoked command in '/home/utente/Documenti/Magistrale/SecondoAnno/EXP_RO/EXP_Ws/build/erl1' returned '0': CMAKE_PREFIX_PATH=${CMAKE_PREFIX_PATH}:/home/utente/Documenti/Magistrale/SecondoAnno/EXP_RO/EXP_Ws/install/brain:/opt/ros/jazzy DEBUGINFOD_URLS=https://debuginfod.ubuntu.com /usr/bin/cmake --install /home/utente/Documenti/Magistrale/SecondoAnno/EXP_RO/EXP_Ws/build/erl1
