[0.020s] Invoking command in '/home/utente/Documenti/Magistrale/SecondoAnno/EXP_RO/EXP_Ws/build/bme_gazebo_sensors': CMAKE_PREFIX_PATH=${CMAKE_PREFIX_PATH}:/home/utente/Documenti/Magistrale/SecondoAnno/EXP_RO/EXP_Ws/install/brain:/opt/ros/jazzy DEBUGINFOD_URLS=https://debuginfod.ubuntu.com /usr/bin/cmake /home/utente/Documenti/Magistrale/SecondoAnno/EXP_RO/EXP_Ws/src/erl1_sensors/bme_gazebo_sensors -DCMAKE_INSTALL_PREFIX=/home/utente/Documenti/Magistrale/SecondoAnno/EXP_RO/EXP_Ws/install/bme_gazebo_sensors
[0.232s] -- The C compiler identification is GNU 13.3.0
[0.297s] -- The CXX compiler identification is GNU 13.3.0
[0.320s] -- Detecting C compiler ABI info
[0.450s] -- Detecting C compiler ABI info - done
[0.472s] -- Check for working C compiler: /usr/bin/cc - skipped
[0.473s] -- Detecting C compile features
[0.474s] -- Detecting C compile features - done
[0.486s] -- Detecting CXX compiler ABI info
[0.626s] -- Detecting CXX compiler ABI info - done
[0.642s] -- Check for working CXX compiler: /usr/bin/c++ - skipped
[0.642s] -- Detecting CXX compile features
[0.642s] -- Detecting CXX compile features - done
[0.660s] -- Found ament_cmake: 2.5.4 (/opt/ros/jazzy/share/ament_cmake/cmake)
[0.902s] -- Found Python3: /usr/bin/python3 (found version "3.12.3") found components: Interpreter 
[1.123s] -- Found ament_lint_auto: 0.17.3 (/opt/ros/jazzy/share/ament_lint_auto/cmake)
[1.283s] -- Added test 'flake8' to check Python code syntax and style conventions
[1.283s] -- Configured 'flake8' exclude dirs and/or files: 
[1.286s] -- Added test 'lint_cmake' to check CMake code style
[1.290s] -- Added test 'pep257' to check Python code against some of the docstring style conventions in PEP 257
[1.292s] -- Added test 'xmllint' to check XML markup files
[1.297s] -- Configuring done (1.3s)
[1.304s] -- Generating done (0.0s)
[1.307s] -- Build files have been written to: /home/utente/Documenti/Magistrale/SecondoAnno/EXP_RO/EXP_Ws/build/bme_gazebo_sensors
[1.315s] Invoked command in '/home/utente/Documenti/Magistrale/SecondoAnno/EXP_RO/EXP_Ws/build/bme_gazebo_sensors' returned '0': CMAKE_PREFIX_PATH=${CMAKE_PREFIX_PATH}:/home/utente/Documenti/Magistrale/SecondoAnno/EXP_RO/EXP_Ws/install/brain:/opt/ros/jazzy DEBUGINFOD_URLS=https://debuginfod.ubuntu.com /usr/bin/cmake /home/utente/Documenti/Magistrale/SecondoAnno/EXP_RO/EXP_Ws/src/erl1_sensors/bme_gazebo_sensors -DCMAKE_INSTALL_PREFIX=/home/utente/Documenti/Magistrale/SecondoAnno/EXP_RO/EXP_Ws/install/bme_gazebo_sensors
[1.318s] Invoking command in '/home/utente/Documenti/Magistrale/SecondoAnno/EXP_RO/EXP_Ws/build/bme_gazebo_sensors': CMAKE_PREFIX_PATH=${CMAKE_PREFIX_PATH}:/home/utente/Documenti/Magistrale/SecondoAnno/EXP_RO/EXP_Ws/install/brain:/opt/ros/jazzy DEBUGINFOD_URLS=https://debuginfod.ubuntu.com /usr/bin/cmake --build /home/utente/Documenti/Magistrale/SecondoAnno/EXP_RO/EXP_Ws/build/bme_gazebo_sensors -- -j8 -l8
[1.368s] Invoked command in '/home/utente/Documenti/Magistrale/SecondoAnno/EXP_RO/EXP_Ws/build/bme_gazebo_sensors' returned '0': CMAKE_PREFIX_PATH=${CMAKE_PREFIX_PATH}:/home/utente/Documenti/Magistrale/SecondoAnno/EXP_RO/EXP_Ws/install/brain:/opt/ros/jazzy DEBUGINFOD_URLS=https://debuginfod.ubuntu.com /usr/bin/cmake --build /home/utente/Documenti/Magistrale/SecondoAnno/EXP_RO/EXP_Ws/build/bme_gazebo_sensors -- -j8 -l8
[1.385s] Invoking command in '/home/utente/Documenti/Magistrale/SecondoAnno/EXP_RO/EXP_Ws/build/bme_gazebo_sensors': CMAKE_PREFIX_PATH=${CMAKE_PREFIX_PATH}:/home/utente/Documenti/Magistrale/SecondoAnno/EXP_RO/EXP_Ws/install/brain:/opt/ros/jazzy DEBUGINFOD_URLS=https://debuginfod.ubuntu.com /usr/bin/cmake --install /home/utente/Documenti/Magistrale/SecondoAnno/EXP_RO/EXP_Ws/build/bme_gazebo_sensors
[1.397s] -- Install configuration: ""
[1.397s] -- Installing: /home/utente/Documenti/Magistrale/SecondoAnno/EXP_RO/EXP_Ws/install/bme_gazebo_sensors/share/bme_gazebo_sensors/launch
[1.398s] -- Installing: /home/utente/Documenti/Magistrale/SecondoAnno/EXP_RO/EXP_Ws/install/bme_gazebo_sensors/share/bme_gazebo_sensors/launch/spawn_robot.launch.py
[1.398s] -- Installing: /home/utente/Documenti/Magistrale/SecondoAnno/EXP_RO/EXP_Ws/install/bme_gazebo_sensors/share/bme_gazebo_sensors/launch/check_urdf.launch.py
[1.399s] -- Installing: /home/utente/Documenti/Magistrale/SecondoAnno/EXP_RO/EXP_Ws/install/bme_gazebo_sensors/share/bme_gazebo_sensors/launch/world.launch.py
[1.400s] -- Installing: /home/utente/Documenti/Magistrale/SecondoAnno/EXP_RO/EXP_Ws/install/bme_gazebo_sensors/share/bme_gazebo_sensors/worlds
[1.400s] -- Installing: /home/utente/Documenti/Magistrale/SecondoAnno/EXP_RO/EXP_Ws/install/bme_gazebo_sensors/share/bme_gazebo_sensors/worlds/home.sdf
[1.401s] -- Installing: /home/utente/Documenti/Magistrale/SecondoAnno/EXP_RO/EXP_Ws/install/bme_gazebo_sensors/share/bme_gazebo_sensors/worlds/empty.sdf
[1.401s] -- Installing: /home/utente/Documenti/Magistrale/SecondoAnno/EXP_RO/EXP_Ws/install/bme_gazebo_sensors/share/bme_gazebo_sensors/worlds/my_world.sdf
[1.401s] -- Installing: /home/utente/Documenti/Magistrale/SecondoAnno/EXP_RO/EXP_Ws/install/bme_gazebo_sensors/share/bme_gazebo_sensors/worlds/world.sdf
[1.402s] -- Installing: /home/utente/Documenti/Magistrale/SecondoAnno/EXP_RO/EXP_Ws/install/bme_gazebo_sensors/share/bme_gazebo_sensors/worlds/asd.sdf
[1.403s] -- Installing: /home/utente/Documenti/Magistrale/SecondoAnno/EXP_RO/EXP_Ws/install/bme_gazebo_sensors/share/bme_gazebo_sensors/worlds/try.sdf
[1.403s] -- Installing: /home/utente/Documenti/Magistrale/SecondoAnno/EXP_RO/EXP_Ws/install/bme_gazebo_sensors/share/bme_gazebo_sensors/rviz
[1.403s] -- Installing: /home/utente/Documenti/Magistrale/SecondoAnno/EXP_RO/EXP_Ws/install/bme_gazebo_sensors/share/bme_gazebo_sensors/rviz/gps.rviz
[1.404s] -- Installing: /home/utente/Documenti/Magistrale/SecondoAnno/EXP_RO/EXP_Ws/install/bme_gazebo_sensors/share/bme_gazebo_sensors/rviz/urdf.rviz
[1.404s] -- Installing: /home/utente/Documenti/Magistrale/SecondoAnno/EXP_RO/EXP_Ws/install/bme_gazebo_sensors/share/bme_gazebo_sensors/rviz/rviz.rviz
[1.404s] -- Installing: /home/utente/Documenti/Magistrale/SecondoAnno/EXP_RO/EXP_Ws/install/bme_gazebo_sensors/share/bme_gazebo_sensors/urdf
[1.404s] -- Installing: /home/utente/Documenti/Magistrale/SecondoAnno/EXP_RO/EXP_Ws/install/bme_gazebo_sensors/share/bme_gazebo_sensors/urdf/mogi_bot.urdf
[1.405s] -- Installing: /home/utente/Documenti/Magistrale/SecondoAnno/EXP_RO/EXP_Ws/install/bme_gazebo_sensors/share/bme_gazebo_sensors/urdf/mogi_bot.gazebo
[1.405s] -- Installing: /home/utente/Documenti/Magistrale/SecondoAnno/EXP_RO/EXP_Ws/install/bme_gazebo_sensors/share/bme_gazebo_sensors/urdf/materials.xacro
[1.406s] -- Installing: /home/utente/Documenti/Magistrale/SecondoAnno/EXP_RO/EXP_Ws/install/bme_gazebo_sensors/share/bme_gazebo_sensors/meshes
[1.406s] -- Installing: /home/utente/Documenti/Magistrale/SecondoAnno/EXP_RO/EXP_Ws/install/bme_gazebo_sensors/share/bme_gazebo_sensors/meshes/wheel.dae
[1.407s] -- Installing: /home/utente/Documenti/Magistrale/SecondoAnno/EXP_RO/EXP_Ws/install/bme_gazebo_sensors/share/bme_gazebo_sensors/meshes/lidar.dae
[1.408s] -- Installing: /home/utente/Documenti/Magistrale/SecondoAnno/EXP_RO/EXP_Ws/install/bme_gazebo_sensors/share/bme_gazebo_sensors/meshes/mogi_bot.dae
[1.408s] -- Installing: /home/utente/Documenti/Magistrale/SecondoAnno/EXP_RO/EXP_Ws/install/bme_gazebo_sensors/share/bme_gazebo_sensors/config
[1.408s] -- Installing: /home/utente/Documenti/Magistrale/SecondoAnno/EXP_RO/EXP_Ws/install/bme_gazebo_sensors/share/bme_gazebo_sensors/config/ekf.yaml
[1.409s] -- Installing: /home/utente/Documenti/Magistrale/SecondoAnno/EXP_RO/EXP_Ws/install/bme_gazebo_sensors/share/ament_index/resource_index/package_run_dependencies/bme_gazebo_sensors
[1.409s] -- Installing: /home/utente/Documenti/Magistrale/SecondoAnno/EXP_RO/EXP_Ws/install/bme_gazebo_sensors/share/ament_index/resource_index/parent_prefix_path/bme_gazebo_sensors
[1.410s] -- Installing: /home/utente/Documenti/Magistrale/SecondoAnno/EXP_RO/EXP_Ws/install/bme_gazebo_sensors/share/bme_gazebo_sensors/environment/ament_prefix_path.sh
[1.410s] -- Installing: /home/utente/Documenti/Magistrale/SecondoAnno/EXP_RO/EXP_Ws/install/bme_gazebo_sensors/share/bme_gazebo_sensors/environment/ament_prefix_path.dsv
[1.410s] -- Installing: /home/utente/Documenti/Magistrale/SecondoAnno/EXP_RO/EXP_Ws/install/bme_gazebo_sensors/share/bme_gazebo_sensors/environment/path.sh
[1.410s] -- Installing: /home/utente/Documenti/Magistrale/SecondoAnno/EXP_RO/EXP_Ws/install/bme_gazebo_sensors/share/bme_gazebo_sensors/environment/path.dsv
[1.410s] -- Installing: /home/utente/Documenti/Magistrale/SecondoAnno/EXP_RO/EXP_Ws/install/bme_gazebo_sensors/share/bme_gazebo_sensors/local_setup.bash
[1.411s] -- Installing: /home/utente/Documenti/Magistrale/SecondoAnno/EXP_RO/EXP_Ws/install/bme_gazebo_sensors/share/bme_gazebo_sensors/local_setup.sh
[1.411s] -- Installing: /home/utente/Documenti/Magistrale/SecondoAnno/EXP_RO/EXP_Ws/install/bme_gazebo_sensors/share/bme_gazebo_sensors/local_setup.zsh
[1.411s] -- Installing: /home/utente/Documenti/Magistrale/SecondoAnno/EXP_RO/EXP_Ws/install/bme_gazebo_sensors/share/bme_gazebo_sensors/local_setup.dsv
[1.411s] -- Installing: /home/utente/Documenti/Magistrale/SecondoAnno/EXP_RO/EXP_Ws/install/bme_gazebo_sensors/share/bme_gazebo_sensors/package.dsv
[1.412s] -- Installing: /home/utente/Documenti/Magistrale/SecondoAnno/EXP_RO/EXP_Ws/install/bme_gazebo_sensors/share/ament_index/resource_index/packages/bme_gazebo_sensors
[1.412s] -- Installing: /home/utente/Documenti/Magistrale/SecondoAnno/EXP_RO/EXP_Ws/install/bme_gazebo_sensors/share/bme_gazebo_sensors/cmake/bme_gazebo_sensorsConfig.cmake
[1.412s] -- Installing: /home/utente/Documenti/Magistrale/SecondoAnno/EXP_RO/EXP_Ws/install/bme_gazebo_sensors/share/bme_gazebo_sensors/cmake/bme_gazebo_sensorsConfig-version.cmake
[1.412s] -- Installing: /home/utente/Documenti/Magistrale/SecondoAnno/EXP_RO/EXP_Ws/install/bme_gazebo_sensors/share/bme_gazebo_sensors/package.xml
[1.415s] Invoked command in '/home/utente/Documenti/Magistrale/SecondoAnno/EXP_RO/EXP_Ws/build/bme_gazebo_sensors' returned '0': CMAKE_PREFIX_PATH=${CMAKE_PREFIX_PATH}:/home/utente/Documenti/Magistrale/SecondoAnno/EXP_RO/EXP_Ws/install/brain:/opt/ros/jazzy DEBUGINFOD_URLS=https://debuginfod.ubuntu.com /usr/bin/cmake --install /home/utente/Documenti/Magistrale/SecondoAnno/EXP_RO/EXP_Ws/build/bme_gazebo_sensors
