[0.882s] Invoking command in '/home/utente/Documenti/Magistrale/SecondoAnno/EXP_RO/EXP_Ws/build/erl1': CMAKE_PREFIX_PATH=${CMAKE_PREFIX_PATH}:/home/utente/Documenti/Magistrale/SecondoAnno/EXP_RO/EXP_Ws/install/brain:/opt/ros/jazzy DEBUGINFOD_URLS=https://debuginfod.ubuntu.com /usr/bin/cmake /home/utente/Documenti/Magistrale/SecondoAnno/EXP_RO/EXP_Ws/src/erl1 -DCMAKE_INSTALL_PREFIX=/home/utente/Documenti/Magistrale/SecondoAnno/EXP_RO/EXP_Ws/install/erl1
[1.179s] -- The C compiler identification is GNU 13.3.0
[1.524s] -- The CXX compiler identification is GNU 13.3.0
[1.611s] -- Detecting C compiler ABI info
[1.958s] -- Detecting C compiler ABI info - done
[2.024s] -- Check for working C compiler: /usr/bin/cc - skipped
[2.024s] -- Detecting C compile features
[2.028s] -- Detecting C compile features - done
[2.083s] -- Detecting CXX compiler ABI info
[2.549s] -- Detecting CXX compiler ABI info - done
[2.662s] -- Check for working CXX compiler: /usr/bin/c++ - skipped
[2.662s] -- Detecting CXX compile features
[2.665s] -- Detecting CXX compile features - done
[2.677s] -- Found ament_cmake: 2.5.4 (/opt/ros/jazzy/share/ament_cmake/cmake)
[3.359s] -- Found Python3: /usr/bin/python3 (found version "3.12.3") found components: Interpreter 
[3.900s] -- Found ament_lint_auto: 0.17.3 (/opt/ros/jazzy/share/ament_lint_auto/cmake)
[4.412s] -- Added test 'flake8' to check Python code syntax and style conventions
[4.414s] -- Configured 'flake8' exclude dirs and/or files: 
[4.419s] -- Added test 'lint_cmake' to check CMake code style
[4.427s] -- Added test 'pep257' to check Python code against some of the docstring style conventions in PEP 257
[4.448s] -- Added test 'xmllint' to check XML markup files
[4.460s] -- Configuring done (3.5s)
[4.465s] -- Generating done (0.0s)
[4.471s] -- Build files have been written to: /home/utente/Documenti/Magistrale/SecondoAnno/EXP_RO/EXP_Ws/build/erl1
[4.490s] Invoked command in '/home/utente/Documenti/Magistrale/SecondoAnno/EXP_RO/EXP_Ws/build/erl1' returned '0': CMAKE_PREFIX_PATH=${CMAKE_PREFIX_PATH}:/home/utente/Documenti/Magistrale/SecondoAnno/EXP_RO/EXP_Ws/install/brain:/opt/ros/jazzy DEBUGINFOD_URLS=https://debuginfod.ubuntu.com /usr/bin/cmake /home/utente/Documenti/Magistrale/SecondoAnno/EXP_RO/EXP_Ws/src/erl1 -DCMAKE_INSTALL_PREFIX=/home/utente/Documenti/Magistrale/SecondoAnno/EXP_RO/EXP_Ws/install/erl1
[4.491s] Invoking command in '/home/utente/Documenti/Magistrale/SecondoAnno/EXP_RO/EXP_Ws/build/erl1': CMAKE_PREFIX_PATH=${CMAKE_PREFIX_PATH}:/home/utente/Documenti/Magistrale/SecondoAnno/EXP_RO/EXP_Ws/install/brain:/opt/ros/jazzy DEBUGINFOD_URLS=https://debuginfod.ubuntu.com /usr/bin/cmake --build /home/utente/Documenti/Magistrale/SecondoAnno/EXP_RO/EXP_Ws/build/erl1 -- -j8 -l8
[4.663s] Invoked command in '/home/utente/Documenti/Magistrale/SecondoAnno/EXP_RO/EXP_Ws/build/erl1' returned '0': CMAKE_PREFIX_PATH=${CMAKE_PREFIX_PATH}:/home/utente/Documenti/Magistrale/SecondoAnno/EXP_RO/EXP_Ws/install/brain:/opt/ros/jazzy DEBUGINFOD_URLS=https://debuginfod.ubuntu.com /usr/bin/cmake --build /home/utente/Documenti/Magistrale/SecondoAnno/EXP_RO/EXP_Ws/build/erl1 -- -j8 -l8
[4.671s] Invoking command in '/home/utente/Documenti/Magistrale/SecondoAnno/EXP_RO/EXP_Ws/build/erl1': CMAKE_PREFIX_PATH=${CMAKE_PREFIX_PATH}:/home/utente/Documenti/Magistrale/SecondoAnno/EXP_RO/EXP_Ws/install/brain:/opt/ros/jazzy DEBUGINFOD_URLS=https://debuginfod.ubuntu.com /usr/bin/cmake --install /home/utente/Documenti/Magistrale/SecondoAnno/EXP_RO/EXP_Ws/build/erl1
[4.694s] -- Install configuration: ""
[4.696s] -- Installing: /home/utente/Documenti/Magistrale/SecondoAnno/EXP_RO/EXP_Ws/install/erl1/share/erl1/launch
[4.698s] -- Installing: /home/utente/Documenti/Magistrale/SecondoAnno/EXP_RO/EXP_Ws/install/erl1/share/erl1/launch/spawn_robot.launch.py
[4.698s] -- Installing: /home/utente/Documenti/Magistrale/SecondoAnno/EXP_RO/EXP_Ws/install/erl1/share/erl1/launch/my_launch.py
[4.699s] -- Installing: /home/utente/Documenti/Magistrale/SecondoAnno/EXP_RO/EXP_Ws/install/erl1/share/erl1/launch/rviz_launch.py
[4.699s] -- Installing: /home/utente/Documenti/Magistrale/SecondoAnno/EXP_RO/EXP_Ws/install/erl1/share/erl1/worlds
[4.699s] -- Installing: /home/utente/Documenti/Magistrale/SecondoAnno/EXP_RO/EXP_Ws/install/erl1/share/erl1/worlds/empty.sdf
[4.700s] -- Installing: /home/utente/Documenti/Magistrale/SecondoAnno/EXP_RO/EXP_Ws/install/erl1/share/erl1/worlds/my_world.sdf
[4.700s] -- Installing: /home/utente/Documenti/Magistrale/SecondoAnno/EXP_RO/EXP_Ws/install/erl1/share/erl1/rviz
[4.701s] -- Installing: /home/utente/Documenti/Magistrale/SecondoAnno/EXP_RO/EXP_Ws/install/erl1/share/erl1/rviz/urdf.rviz
[4.701s] -- Installing: /home/utente/Documenti/Magistrale/SecondoAnno/EXP_RO/EXP_Ws/install/erl1/share/erl1/urdf
[4.702s] -- Installing: /home/utente/Documenti/Magistrale/SecondoAnno/EXP_RO/EXP_Ws/install/erl1/share/erl1/urdf/erl1.urdf
[4.702s] -- Installing: /home/utente/Documenti/Magistrale/SecondoAnno/EXP_RO/EXP_Ws/install/erl1/share/erl1/urdf/erl1.gazebo
[4.703s] -- Installing: /home/utente/Documenti/Magistrale/SecondoAnno/EXP_RO/EXP_Ws/install/erl1/share/erl1/meshes
[4.704s] -- Installing: /home/utente/Documenti/Magistrale/SecondoAnno/EXP_RO/EXP_Ws/install/erl1/share/ament_index/resource_index/package_run_dependencies/erl1
[4.705s] -- Installing: /home/utente/Documenti/Magistrale/SecondoAnno/EXP_RO/EXP_Ws/install/erl1/share/ament_index/resource_index/parent_prefix_path/erl1
[4.706s] -- Installing: /home/utente/Documenti/Magistrale/SecondoAnno/EXP_RO/EXP_Ws/install/erl1/share/erl1/environment/ament_prefix_path.sh
[4.707s] -- Installing: /home/utente/Documenti/Magistrale/SecondoAnno/EXP_RO/EXP_Ws/install/erl1/share/erl1/environment/ament_prefix_path.dsv
[4.708s] -- Installing: /home/utente/Documenti/Magistrale/SecondoAnno/EXP_RO/EXP_Ws/install/erl1/share/erl1/environment/path.sh
[4.709s] -- Installing: /home/utente/Documenti/Magistrale/SecondoAnno/EXP_RO/EXP_Ws/install/erl1/share/erl1/environment/path.dsv
[4.710s] -- Installing: /home/utente/Documenti/Magistrale/SecondoAnno/EXP_RO/EXP_Ws/install/erl1/share/erl1/local_setup.bash
[4.711s] -- Installing: /home/utente/Documenti/Magistrale/SecondoAnno/EXP_RO/EXP_Ws/install/erl1/share/erl1/local_setup.sh
[4.712s] -- Installing: /home/utente/Documenti/Magistrale/SecondoAnno/EXP_RO/EXP_Ws/install/erl1/share/erl1/local_setup.zsh
[4.713s] -- Installing: /home/utente/Documenti/Magistrale/SecondoAnno/EXP_RO/EXP_Ws/install/erl1/share/erl1/local_setup.dsv
[4.713s] -- Installing: /home/utente/Documenti/Magistrale/SecondoAnno/EXP_RO/EXP_Ws/install/erl1/share/erl1/package.dsv
[4.714s] -- Installing: /home/utente/Documenti/Magistrale/SecondoAnno/EXP_RO/EXP_Ws/install/erl1/share/ament_index/resource_index/packages/erl1
[4.715s] -- Installing: /home/utente/Documenti/Magistrale/SecondoAnno/EXP_RO/EXP_Ws/install/erl1/share/erl1/cmake/erl1Config.cmake
[4.716s] -- Installing: /home/utente/Documenti/Magistrale/SecondoAnno/EXP_RO/EXP_Ws/install/erl1/share/erl1/cmake/erl1Config-version.cmake
[4.717s] -- Installing: /home/utente/Documenti/Magistrale/SecondoAnno/EXP_RO/EXP_Ws/install/erl1/share/erl1/package.xml
[4.722s] Invoked command in '/home/utente/Documenti/Magistrale/SecondoAnno/EXP_RO/EXP_Ws/build/erl1' returned '0': CMAKE_PREFIX_PATH=${CMAKE_PREFIX_PATH}:/home/utente/Documenti/Magistrale/SecondoAnno/EXP_RO/EXP_Ws/install/brain:/opt/ros/jazzy DEBUGINFOD_URLS=https://debuginfod.ubuntu.com /usr/bin/cmake --install /home/utente/Documenti/Magistrale/SecondoAnno/EXP_RO/EXP_Ws/build/erl1
