[2.985s] Invoking command in '/home/utente/Documenti/Magistrale/SecondoAnno/EXP_RO/EXP_Ws/src/brain': DEBUGINFOD_URLS=https://debuginfod.ubuntu.com PYTHONPATH=/home/utente/Documenti/Magistrale/SecondoAnno/EXP_RO/EXP_Ws/build/brain/prefix_override:/usr/lib/python3/dist-packages/colcon_core/task/python/colcon_distutils_commands:/home/utente/Documenti/Magistrale/SecondoAnno/EXP_RO/EXP_Ws/install/brain/lib/python3.12/site-packages:${PYTHONPATH} /usr/bin/python3 -W ignore:setup.py install is deprecated -W ignore:easy_install command is deprecated setup.py egg_info --egg-base ../../build/brain build --build-base /home/utente/Documenti/Magistrale/SecondoAnno/EXP_RO/EXP_Ws/build/brain/build install --record /home/utente/Documenti/Magistrale/SecondoAnno/EXP_RO/EXP_Ws/build/brain/install.log --single-version-externally-managed install_data
[3.714s] running egg_info
[3.768s] writing ../../build/brain/brain.egg-info/PKG-INFO
[3.768s] writing dependency_links to ../../build/brain/brain.egg-info/dependency_links.txt
[3.768s] writing entry points to ../../build/brain/brain.egg-info/entry_points.txt
[3.769s] writing requirements to ../../build/brain/brain.egg-info/requires.txt
[3.769s] writing top-level names to ../../build/brain/brain.egg-info/top_level.txt
[3.870s] reading manifest file '../../build/brain/brain.egg-info/SOURCES.txt'
[3.872s] writing manifest file '../../build/brain/brain.egg-info/SOURCES.txt'
[3.873s] running build
[3.873s] running build_py
[3.873s] copying brain/logic_controller.py -> /home/utente/Documenti/Magistrale/SecondoAnno/EXP_RO/EXP_Ws/build/brain/build/lib/brain
[3.875s] running install
[3.890s] running install_lib
[3.944s] copying /home/utente/Documenti/Magistrale/SecondoAnno/EXP_RO/EXP_Ws/build/brain/build/lib/brain/logic_controller.py -> /home/utente/Documenti/Magistrale/SecondoAnno/EXP_RO/EXP_Ws/install/brain/lib/python3.12/site-packages/brain
[3.946s] byte-compiling /home/utente/Documenti/Magistrale/SecondoAnno/EXP_RO/EXP_Ws/install/brain/lib/python3.12/site-packages/brain/logic_controller.py to logic_controller.cpython-312.pyc
[3.951s] running install_data
[3.951s] running install_egg_info
[4.007s] removing '/home/utente/Documenti/Magistrale/SecondoAnno/EXP_RO/EXP_Ws/install/brain/lib/python3.12/site-packages/brain-0.0.0-py3.12.egg-info' (and everything under it)
[4.008s] Copying ../../build/brain/brain.egg-info to /home/utente/Documenti/Magistrale/SecondoAnno/EXP_RO/EXP_Ws/install/brain/lib/python3.12/site-packages/brain-0.0.0-py3.12.egg-info
[4.010s] running install_scripts
[4.346s] Installing logic_node script to /home/utente/Documenti/Magistrale/SecondoAnno/EXP_RO/EXP_Ws/install/brain/lib/brain
[4.347s] writing list of installed files to '/home/utente/Documenti/Magistrale/SecondoAnno/EXP_RO/EXP_Ws/build/brain/install.log'
[4.423s] Invoked command in '/home/utente/Documenti/Magistrale/SecondoAnno/EXP_RO/EXP_Ws/src/brain' returned '0': DEBUGINFOD_URLS=https://debuginfod.ubuntu.com PYTHONPATH=/home/utente/Documenti/Magistrale/SecondoAnno/EXP_RO/EXP_Ws/build/brain/prefix_override:/usr/lib/python3/dist-packages/colcon_core/task/python/colcon_distutils_commands:/home/utente/Documenti/Magistrale/SecondoAnno/EXP_RO/EXP_Ws/install/brain/lib/python3.12/site-packages:${PYTHONPATH} /usr/bin/python3 -W ignore:setup.py install is deprecated -W ignore:easy_install command is deprecated setup.py egg_info --egg-base ../../build/brain build --build-base /home/utente/Documenti/Magistrale/SecondoAnno/EXP_RO/EXP_Ws/build/brain/build install --record /home/utente/Documenti/Magistrale/SecondoAnno/EXP_RO/EXP_Ws/build/brain/install.log --single-version-externally-managed install_data
