[0.068s] Invoking command in '/home/utente/Documenti/Magistrale/SecondoAnno/EXP_RO/EXP_Ws/build/bme_gazebo_sensors': CMAKE_PREFIX_PATH=${CMAKE_PREFIX_PATH}:/home/utente/Documenti/Magistrale/SecondoAnno/EXP_RO/EXP_Ws/install/brain:/opt/ros/jazzy DEBUGINFOD_URLS=https://debuginfod.ubuntu.com /usr/bin/cmake --build /home/utente/Documenti/Magistrale/SecondoAnno/EXP_RO/EXP_Ws/build/bme_gazebo_sensors -- -j8 -l8
[0.795s] Invoked command in '/home/utente/Documenti/Magistrale/SecondoAnno/EXP_RO/EXP_Ws/build/bme_gazebo_sensors' returned '0': CMAKE_PREFIX_PATH=${CMAKE_PREFIX_PATH}:/home/utente/Documenti/Magistrale/SecondoAnno/EXP_RO/EXP_Ws/install/brain:/opt/ros/jazzy DEBUGINFOD_URLS=https://debuginfod.ubuntu.com /usr/bin/cmake --build /home/utente/Documenti/Magistrale/SecondoAnno/EXP_RO/EXP_Ws/build/bme_gazebo_sensors -- -j8 -l8
[0.821s] Invoking command in '/home/utente/Documenti/Magistrale/SecondoAnno/EXP_RO/EXP_Ws/build/bme_gazebo_sensors': CMAKE_PREFIX_PATH=${CMAKE_PREFIX_PATH}:/home/utente/Documenti/Magistrale/SecondoAnno/EXP_RO/EXP_Ws/install/brain:/opt/ros/jazzy DEBUGINFOD_URLS=https://debuginfod.ubuntu.com /usr/bin/cmake --install /home/utente/Documenti/Magistrale/SecondoAnno/EXP_RO/EXP_Ws/build/bme_gazebo_sensors
[0.846s] -- Install configuration: ""
[0.847s] -- Up-to-date: /home/utente/Documenti/Magistrale/SecondoAnno/EXP_RO/EXP_Ws/install/bme_gazebo_sensors/share/bme_gazebo_sensors/launch
[0.848s] -- Up-to-date: /home/utente/Documenti/Magistrale/SecondoAnno/EXP_RO/EXP_Ws/install/bme_gazebo_sensors/share/bme_gazebo_sensors/launch/spawn_robot.launch.py
[0.848s] -- Up-to-date: /home/utente/Documenti/Magistrale/SecondoAnno/EXP_RO/EXP_Ws/install/bme_gazebo_sensors/share/bme_gazebo_sensors/launch/check_urdf.launch.py
[0.851s] -- Up-to-date: /home/utente/Documenti/Magistrale/SecondoAnno/EXP_RO/EXP_Ws/install/bme_gazebo_sensors/share/bme_gazebo_sensors/launch/world.launch.py
[0.851s] -- Up-to-date: /home/utente/Documenti/Magistrale/SecondoAnno/EXP_RO/EXP_Ws/install/bme_gazebo_sensors/share/bme_gazebo_sensors/worlds
[0.854s] -- Up-to-date: /home/utente/Documenti/Magistrale/SecondoAnno/EXP_RO/EXP_Ws/install/bme_gazebo_sensors/share/bme_gazebo_sensors/worlds/home.sdf
[0.855s] -- Up-to-date: /home/utente/Documenti/Magistrale/SecondoAnno/EXP_RO/EXP_Ws/install/bme_gazebo_sensors/share/bme_gazebo_sensors/worlds/empty.sdf
[0.855s] -- Up-to-date: /home/utente/Documenti/Magistrale/SecondoAnno/EXP_RO/EXP_Ws/install/bme_gazebo_sensors/share/bme_gazebo_sensors/worlds/my_world.sdf
[0.855s] -- Up-to-date: /home/utente/Documenti/Magistrale/SecondoAnno/EXP_RO/EXP_Ws/install/bme_gazebo_sensors/share/bme_gazebo_sensors/worlds/world.sdf
[0.855s] -- Up-to-date: /home/utente/Documenti/Magistrale/SecondoAnno/EXP_RO/EXP_Ws/install/bme_gazebo_sensors/share/bme_gazebo_sensors/worlds/asd.sdf
[0.855s] -- Up-to-date: /home/utente/Documenti/Magistrale/SecondoAnno/EXP_RO/EXP_Ws/install/bme_gazebo_sensors/share/bme_gazebo_sensors/worlds/try.sdf
[0.856s] -- Up-to-date: /home/utente/Documenti/Magistrale/SecondoAnno/EXP_RO/EXP_Ws/install/bme_gazebo_sensors/share/bme_gazebo_sensors/rviz
[0.857s] -- Up-to-date: /home/utente/Documenti/Magistrale/SecondoAnno/EXP_RO/EXP_Ws/install/bme_gazebo_sensors/share/bme_gazebo_sensors/rviz/gps.rviz
[0.859s] -- Up-to-date: /home/utente/Documenti/Magistrale/SecondoAnno/EXP_RO/EXP_Ws/install/bme_gazebo_sensors/share/bme_gazebo_sensors/rviz/urdf.rviz
[0.860s] -- Up-to-date: /home/utente/Documenti/Magistrale/SecondoAnno/EXP_RO/EXP_Ws/install/bme_gazebo_sensors/share/bme_gazebo_sensors/rviz/rviz.rviz
[0.860s] -- Up-to-date: /home/utente/Documenti/Magistrale/SecondoAnno/EXP_RO/EXP_Ws/install/bme_gazebo_sensors/share/bme_gazebo_sensors/urdf
[0.861s] -- Up-to-date: /home/utente/Documenti/Magistrale/SecondoAnno/EXP_RO/EXP_Ws/install/bme_gazebo_sensors/share/bme_gazebo_sensors/urdf/mogi_bot.urdf
[0.861s] -- Up-to-date: /home/utente/Documenti/Magistrale/SecondoAnno/EXP_RO/EXP_Ws/install/bme_gazebo_sensors/share/bme_gazebo_sensors/urdf/mogi_bot.gazebo
[0.861s] -- Up-to-date: /home/utente/Documenti/Magistrale/SecondoAnno/EXP_RO/EXP_Ws/install/bme_gazebo_sensors/share/bme_gazebo_sensors/urdf/materials.xacro
[0.861s] -- Up-to-date: /home/utente/Documenti/Magistrale/SecondoAnno/EXP_RO/EXP_Ws/install/bme_gazebo_sensors/share/bme_gazebo_sensors/meshes
[0.862s] -- Up-to-date: /home/utente/Documenti/Magistrale/SecondoAnno/EXP_RO/EXP_Ws/install/bme_gazebo_sensors/share/bme_gazebo_sensors/meshes/wheel.dae
[0.862s] -- Up-to-date: /home/utente/Documenti/Magistrale/SecondoAnno/EXP_RO/EXP_Ws/install/bme_gazebo_sensors/share/bme_gazebo_sensors/meshes/lidar.dae
[0.862s] -- Up-to-date: /home/utente/Documenti/Magistrale/SecondoAnno/EXP_RO/EXP_Ws/install/bme_gazebo_sensors/share/bme_gazebo_sensors/meshes/mogi_bot.dae
[0.862s] -- Up-to-date: /home/utente/Documenti/Magistrale/SecondoAnno/EXP_RO/EXP_Ws/install/bme_gazebo_sensors/share/bme_gazebo_sensors/config
[0.862s] -- Up-to-date: /home/utente/Documenti/Magistrale/SecondoAnno/EXP_RO/EXP_Ws/install/bme_gazebo_sensors/share/bme_gazebo_sensors/config/ekf.yaml
[0.863s] -- Up-to-date: /home/utente/Documenti/Magistrale/SecondoAnno/EXP_RO/EXP_Ws/install/bme_gazebo_sensors/share/ament_index/resource_index/package_run_dependencies/bme_gazebo_sensors
[0.863s] -- Up-to-date: /home/utente/Documenti/Magistrale/SecondoAnno/EXP_RO/EXP_Ws/install/bme_gazebo_sensors/share/ament_index/resource_index/parent_prefix_path/bme_gazebo_sensors
[0.863s] -- Up-to-date: /home/utente/Documenti/Magistrale/SecondoAnno/EXP_RO/EXP_Ws/install/bme_gazebo_sensors/share/bme_gazebo_sensors/environment/ament_prefix_path.sh
[0.865s] -- Up-to-date: /home/utente/Documenti/Magistrale/SecondoAnno/EXP_RO/EXP_Ws/install/bme_gazebo_sensors/share/bme_gazebo_sensors/environment/ament_prefix_path.dsv
[0.866s] -- Up-to-date: /home/utente/Documenti/Magistrale/SecondoAnno/EXP_RO/EXP_Ws/install/bme_gazebo_sensors/share/bme_gazebo_sensors/environment/path.sh
[0.867s] -- Up-to-date: /home/utente/Documenti/Magistrale/SecondoAnno/EXP_RO/EXP_Ws/install/bme_gazebo_sensors/share/bme_gazebo_sensors/environment/path.dsv
[0.868s] -- Up-to-date: /home/utente/Documenti/Magistrale/SecondoAnno/EXP_RO/EXP_Ws/install/bme_gazebo_sensors/share/bme_gazebo_sensors/local_setup.bash
[0.868s] -- Up-to-date: /home/utente/Documenti/Magistrale/SecondoAnno/EXP_RO/EXP_Ws/install/bme_gazebo_sensors/share/bme_gazebo_sensors/local_setup.sh
[0.868s] -- Up-to-date: /home/utente/Documenti/Magistrale/SecondoAnno/EXP_RO/EXP_Ws/install/bme_gazebo_sensors/share/bme_gazebo_sensors/local_setup.zsh
[0.869s] -- Up-to-date: /home/utente/Documenti/Magistrale/SecondoAnno/EXP_RO/EXP_Ws/install/bme_gazebo_sensors/share/bme_gazebo_sensors/local_setup.dsv
[0.869s] -- Up-to-date: /home/utente/Documenti/Magistrale/SecondoAnno/EXP_RO/EXP_Ws/install/bme_gazebo_sensors/share/bme_gazebo_sensors/package.dsv
[0.869s] -- Up-to-date: /home/utente/Documenti/Magistrale/SecondoAnno/EXP_RO/EXP_Ws/install/bme_gazebo_sensors/share/ament_index/resource_index/packages/bme_gazebo_sensors
[0.869s] -- Up-to-date: /home/utente/Documenti/Magistrale/SecondoAnno/EXP_RO/EXP_Ws/install/bme_gazebo_sensors/share/bme_gazebo_sensors/cmake/bme_gazebo_sensorsConfig.cmake
[0.869s] -- Up-to-date: /home/utente/Documenti/Magistrale/SecondoAnno/EXP_RO/EXP_Ws/install/bme_gazebo_sensors/share/bme_gazebo_sensors/cmake/bme_gazebo_sensorsConfig-version.cmake
[0.870s] -- Up-to-date: /home/utente/Documenti/Magistrale/SecondoAnno/EXP_RO/EXP_Ws/install/bme_gazebo_sensors/share/bme_gazebo_sensors/package.xml
[0.870s] Invoked command in '/home/utente/Documenti/Magistrale/SecondoAnno/EXP_RO/EXP_Ws/build/bme_gazebo_sensors' returned '0': CMAKE_PREFIX_PATH=${CMAKE_PREFIX_PATH}:/home/utente/Documenti/Magistrale/SecondoAnno/EXP_RO/EXP_Ws/install/brain:/opt/ros/jazzy DEBUGINFOD_URLS=https://debuginfod.ubuntu.com /usr/bin/cmake --install /home/utente/Documenti/Magistrale/SecondoAnno/EXP_RO/EXP_Ws/build/bme_gazebo_sensors
