[0.905s] Invoking command in '/home/utente/Documenti/Magistrale/SecondoAnno/EXP_RO/EXP_Ws/build/my_opencv': CMAKE_PREFIX_PATH=${CMAKE_PREFIX_PATH}:/home/utente/Documenti/Magistrale/SecondoAnno/EXP_RO/EXP_Ws/install/brain:/opt/ros/jazzy DEBUGINFOD_URLS=https://debuginfod.ubuntu.com /usr/bin/cmake /home/utente/Documenti/Magistrale/SecondoAnno/EXP_RO/EXP_Ws/src/my_opencv -DCMAKE_INSTALL_PREFIX=/home/utente/Documenti/Magistrale/SecondoAnno/EXP_RO/EXP_Ws/install/my_opencv
[1.207s] -- The C compiler identification is GNU 13.3.0
[1.577s] -- The CXX compiler identification is GNU 13.3.0
[1.686s] -- Detecting C compiler ABI info
[2.020s] -- Detecting C compiler ABI info - done
[2.057s] -- Check for working C compiler: /usr/bin/cc - skipped
[2.059s] -- Detecting C compile features
[2.060s] -- Detecting C compile features - done
[2.091s] -- Detecting CXX compiler ABI info
[2.541s] -- Detecting CXX compiler ABI info - done
[2.583s] -- Check for working CXX compiler: /usr/bin/c++ - skipped
[2.584s] -- Detecting CXX compile features
[2.587s] -- Detecting CXX compile features - done
[2.607s] -- Found ament_cmake: 2.5.4 (/opt/ros/jazzy/share/ament_cmake/cmake)
[3.227s] -- Found Python3: /usr/bin/python3 (found version "3.12.3") found components: Interpreter 
[3.851s] -- Found rclcpp: 28.1.13 (/opt/ros/jazzy/share/rclcpp/cmake)
[4.133s] -- Found rosidl_generator_c: 4.6.6 (/opt/ros/jazzy/share/rosidl_generator_c/cmake)
[4.199s] -- Found rosidl_generator_cpp: 4.6.6 (/opt/ros/jazzy/share/rosidl_generator_cpp/cmake)
[4.290s] -- Using all available rosidl_typesupport_c: rosidl_typesupport_fastrtps_c;rosidl_typesupport_introspection_c
[4.360s] -- Using all available rosidl_typesupport_cpp: rosidl_typesupport_fastrtps_cpp;rosidl_typesupport_introspection_cpp
[4.890s] -- Found rmw_implementation_cmake: 7.3.2 (/opt/ros/jazzy/share/rmw_implementation_cmake/cmake)
[4.911s] -- Found rmw_fastrtps_cpp: 8.4.3 (/opt/ros/jazzy/share/rmw_fastrtps_cpp/cmake)
[5.416s] -- Found OpenSSL: /usr/lib/x86_64-linux-gnu/libcrypto.so (found version "3.0.13")  
[5.497s] -- Found FastRTPS: /opt/ros/jazzy/include (Required is at least version "2.13") 
[5.581s] -- Using RMW implementation 'rmw_fastrtps_cpp' as default
[6.153s] -- Found sensor_msgs: 5.3.6 (/opt/ros/jazzy/share/sensor_msgs/cmake)
[6.410s] -- Found cv_bridge: 4.1.0 (/opt/ros/jazzy/share/cv_bridge/cmake)
[6.488s] -- Found OpenCV: /usr (found version "4.6.0") 
[6.504s] -- Found image_transport: 5.1.7 (/opt/ros/jazzy/share/image_transport/cmake)
[6.777s] -- Found ament_lint_auto: 0.17.3 (/opt/ros/jazzy/share/ament_lint_auto/cmake)
[7.161s] -- Added test 'cppcheck' to perform static code analysis on C / C++ code
[7.161s] -- Configured cppcheck include dirs: 
[7.162s] -- Configured cppcheck exclude dirs and/or files: 
[7.168s] -- Added test 'lint_cmake' to check CMake code style
[7.179s] -- Added test 'uncrustify' to check C / C++ code style
[7.179s] -- Configured uncrustify additional arguments: 
[7.184s] -- Added test 'xmllint' to check XML markup files
[7.190s] -- Configuring done (6.3s)
[7.284s] -- Generating done (0.1s)
[7.312s] -- Build files have been written to: /home/utente/Documenti/Magistrale/SecondoAnno/EXP_RO/EXP_Ws/build/my_opencv
[7.348s] Invoked command in '/home/utente/Documenti/Magistrale/SecondoAnno/EXP_RO/EXP_Ws/build/my_opencv' returned '0': CMAKE_PREFIX_PATH=${CMAKE_PREFIX_PATH}:/home/utente/Documenti/Magistrale/SecondoAnno/EXP_RO/EXP_Ws/install/brain:/opt/ros/jazzy DEBUGINFOD_URLS=https://debuginfod.ubuntu.com /usr/bin/cmake /home/utente/Documenti/Magistrale/SecondoAnno/EXP_RO/EXP_Ws/src/my_opencv -DCMAKE_INSTALL_PREFIX=/home/utente/Documenti/Magistrale/SecondoAnno/EXP_RO/EXP_Ws/install/my_opencv
[7.350s] Invoking command in '/home/utente/Documenti/Magistrale/SecondoAnno/EXP_RO/EXP_Ws/build/my_opencv': CMAKE_PREFIX_PATH=${CMAKE_PREFIX_PATH}:/home/utente/Documenti/Magistrale/SecondoAnno/EXP_RO/EXP_Ws/install/brain:/opt/ros/jazzy DEBUGINFOD_URLS=https://debuginfod.ubuntu.com /usr/bin/cmake --build /home/utente/Documenti/Magistrale/SecondoAnno/EXP_RO/EXP_Ws/build/my_opencv -- -j8 -l8
[7.503s] [ 16%] [32mBuilding CXX object CMakeFiles/image_subscriber.dir/src/subscriber.cpp.o[0m
[33.557s] [ 33%] [32m[1mLinking CXX executable image_subscriber[0m
[35.633s] [ 33%] Built target image_subscriber
[35.690s] [ 50%] [32mBuilding CXX object CMakeFiles/it_modifier.dir/src/modifier_it.cpp.o[0m
[50.237s] [ 66%] [32m[1mLinking CXX executable it_modifier[0m
[51.654s] [ 66%] Built target it_modifier
[51.707s] [ 83%] [32mBuilding CXX object CMakeFiles/it_subscriber.dir/src/subscriber_it.cpp.o[0m
[66.248s] [100%] [32m[1mLinking CXX executable it_subscriber[0m
[68.048s] [100%] Built target it_subscriber
[68.121s] Invoked command in '/home/utente/Documenti/Magistrale/SecondoAnno/EXP_RO/EXP_Ws/build/my_opencv' returned '0': CMAKE_PREFIX_PATH=${CMAKE_PREFIX_PATH}:/home/utente/Documenti/Magistrale/SecondoAnno/EXP_RO/EXP_Ws/install/brain:/opt/ros/jazzy DEBUGINFOD_URLS=https://debuginfod.ubuntu.com /usr/bin/cmake --build /home/utente/Documenti/Magistrale/SecondoAnno/EXP_RO/EXP_Ws/build/my_opencv -- -j8 -l8
[68.131s] Invoking command in '/home/utente/Documenti/Magistrale/SecondoAnno/EXP_RO/EXP_Ws/build/my_opencv': CMAKE_PREFIX_PATH=${CMAKE_PREFIX_PATH}:/home/utente/Documenti/Magistrale/SecondoAnno/EXP_RO/EXP_Ws/install/brain:/opt/ros/jazzy DEBUGINFOD_URLS=https://debuginfod.ubuntu.com /usr/bin/cmake --install /home/utente/Documenti/Magistrale/SecondoAnno/EXP_RO/EXP_Ws/build/my_opencv
[68.156s] -- Install configuration: ""
[68.156s] -- Installing: /home/utente/Documenti/Magistrale/SecondoAnno/EXP_RO/EXP_Ws/install/my_opencv/lib/my_opencv/image_subscriber
[68.170s] -- Set non-toolchain portion of runtime path of "/home/utente/Documenti/Magistrale/SecondoAnno/EXP_RO/EXP_Ws/install/my_opencv/lib/my_opencv/image_subscriber" to ""
[68.170s] -- Installing: /home/utente/Documenti/Magistrale/SecondoAnno/EXP_RO/EXP_Ws/install/my_opencv/lib/my_opencv/it_subscriber
[68.172s] -- Set non-toolchain portion of runtime path of "/home/utente/Documenti/Magistrale/SecondoAnno/EXP_RO/EXP_Ws/install/my_opencv/lib/my_opencv/it_subscriber" to ""
[68.172s] -- Installing: /home/utente/Documenti/Magistrale/SecondoAnno/EXP_RO/EXP_Ws/install/my_opencv/lib/my_opencv/it_modifier
[68.175s] -- Set non-toolchain portion of runtime path of "/home/utente/Documenti/Magistrale/SecondoAnno/EXP_RO/EXP_Ws/install/my_opencv/lib/my_opencv/it_modifier" to ""
[68.176s] -- Installing: /home/utente/Documenti/Magistrale/SecondoAnno/EXP_RO/EXP_Ws/install/my_opencv/share/ament_index/resource_index/package_run_dependencies/my_opencv
[68.176s] -- Installing: /home/utente/Documenti/Magistrale/SecondoAnno/EXP_RO/EXP_Ws/install/my_opencv/share/ament_index/resource_index/parent_prefix_path/my_opencv
[68.177s] -- Installing: /home/utente/Documenti/Magistrale/SecondoAnno/EXP_RO/EXP_Ws/install/my_opencv/share/my_opencv/environment/ament_prefix_path.sh
[68.179s] -- Installing: /home/utente/Documenti/Magistrale/SecondoAnno/EXP_RO/EXP_Ws/install/my_opencv/share/my_opencv/environment/ament_prefix_path.dsv
[68.179s] -- Installing: /home/utente/Documenti/Magistrale/SecondoAnno/EXP_RO/EXP_Ws/install/my_opencv/share/my_opencv/environment/path.sh
[68.180s] -- Installing: /home/utente/Documenti/Magistrale/SecondoAnno/EXP_RO/EXP_Ws/install/my_opencv/share/my_opencv/environment/path.dsv
[68.180s] -- Installing: /home/utente/Documenti/Magistrale/SecondoAnno/EXP_RO/EXP_Ws/install/my_opencv/share/my_opencv/local_setup.bash
[68.180s] -- Installing: /home/utente/Documenti/Magistrale/SecondoAnno/EXP_RO/EXP_Ws/install/my_opencv/share/my_opencv/local_setup.sh
[68.181s] -- Installing: /home/utente/Documenti/Magistrale/SecondoAnno/EXP_RO/EXP_Ws/install/my_opencv/share/my_opencv/local_setup.zsh
[68.181s] -- Installing: /home/utente/Documenti/Magistrale/SecondoAnno/EXP_RO/EXP_Ws/install/my_opencv/share/my_opencv/local_setup.dsv
[68.182s] -- Installing: /home/utente/Documenti/Magistrale/SecondoAnno/EXP_RO/EXP_Ws/install/my_opencv/share/my_opencv/package.dsv
[68.184s] -- Installing: /home/utente/Documenti/Magistrale/SecondoAnno/EXP_RO/EXP_Ws/install/my_opencv/share/ament_index/resource_index/packages/my_opencv
[68.184s] -- Installing: /home/utente/Documenti/Magistrale/SecondoAnno/EXP_RO/EXP_Ws/install/my_opencv/share/my_opencv/cmake/my_opencvConfig.cmake
[68.186s] -- Installing: /home/utente/Documenti/Magistrale/SecondoAnno/EXP_RO/EXP_Ws/install/my_opencv/share/my_opencv/cmake/my_opencvConfig-version.cmake
[68.186s] -- Installing: /home/utente/Documenti/Magistrale/SecondoAnno/EXP_RO/EXP_Ws/install/my_opencv/share/my_opencv/package.xml
[68.194s] Invoked command in '/home/utente/Documenti/Magistrale/SecondoAnno/EXP_RO/EXP_Ws/build/my_opencv' returned '0': CMAKE_PREFIX_PATH=${CMAKE_PREFIX_PATH}:/home/utente/Documenti/Magistrale/SecondoAnno/EXP_RO/EXP_Ws/install/brain:/opt/ros/jazzy DEBUGINFOD_URLS=https://debuginfod.ubuntu.com /usr/bin/cmake --install /home/utente/Documenti/Magistrale/SecondoAnno/EXP_RO/EXP_Ws/build/my_opencv
